2024-12-29 23:21:22,053| ========================================================================================
2024-12-29 23:21:22,053| experiment log file saved at model/IDNet_houston/20241229_232122
2024-12-29 23:21:22,053| *******************       start  args      *******************
2024-12-29 23:21:22,053| dataset_name:houston
2024-12-29 23:21:22,053| batch_size:32
2024-12-29 23:21:22,053| pca_components:30
2024-12-29 23:21:22,053| hsi_channels:30
2024-12-29 23:21:22,053| lidar_channels:1
2024-12-29 23:21:22,053| patch_size:8
2024-12-29 23:21:22,053| num_experts:10
2024-12-29 23:21:22,053| k:10
2024-12-29 23:21:22,053| dim:16
2024-12-29 23:21:22,053| epochs:1000
2024-12-29 23:21:22,053| lr:0.0004
2024-12-29 23:21:22,053| step_size:50
2024-12-29 23:21:22,053| gamma:0.9
2024-12-29 23:21:22,053| work_dirs:model/IDNet_houston/20241229_232122
2024-12-29 23:21:22,053| seed:0
2024-12-29 23:21:22,053| device:cuda:0
2024-12-29 23:21:22,053| num_classes:15
2024-12-29 23:21:22,053| time:20241229_232122
2024-12-29 23:21:22,054| log_file_name:IDNet_houston.log
2024-12-29 23:21:22,054| logger:<Logger logger (DEBUG)>
2024-12-29 23:21:22,054| *******************        end   args     *******************
2024-12-29 23:21:22,126| hsi data shape: (349, 1905, 144)
2024-12-29 23:21:22,126| Lidar data shape:(349, 1905)
2024-12-29 23:21:22,126| Label shape:(349, 1905)
2024-12-29 23:21:22,126| 
... ... PCA tranformation ... ...
2024-12-29 23:21:25,635| Data shape after PCA: (349, 1905, 30)
2024-12-29 23:21:25,653| num_classes = 15
2024-12-29 23:21:26,051| 
... ... create train & test data ... ...
2024-12-29 23:21:26,315| Train size:300
2024-12-29 23:21:26,315| Test size: 14729
2024-12-29 23:21:26,315| 
-----Selecting Small Cube from the Original Cube Data-----
2024-12-29 23:21:30,995| [Epoch: 1]   [loss avg: 25.6198]   [current loss: 2.3290]
2024-12-29 23:21:31,573| [Epoch: 2]   [loss avg: 23.7706]   [current loss: 1.9404]
2024-12-29 23:21:31,965| [Epoch: 3]   [loss avg: 22.3618]   [current loss: 1.6877]
2024-12-29 23:21:32,543| [Epoch: 4]   [loss avg: 21.4056]   [current loss: 1.9746]
2024-12-29 23:21:32,911| [Epoch: 5]   [loss avg: 20.4278]   [current loss: 1.6293]
2024-12-29 23:21:33,492| [Epoch: 6]   [loss avg: 19.5285]   [current loss: 1.3480]
2024-12-29 23:21:34,078| [Epoch: 7]   [loss avg: 18.6660]   [current loss: 1.2739]
2024-12-29 23:21:34,454| [Epoch: 8]   [loss avg: 17.8702]   [current loss: 0.9794]
2024-12-29 23:21:35,032| [Epoch: 9]   [loss avg: 17.1894]   [current loss: 1.2172]
2024-12-29 23:21:35,401| [Epoch: 10]   [loss avg: 16.5153]   [current loss: 0.9256]
2024-12-29 23:21:35,984| [Epoch: 11]   [loss avg: 15.8911]   [current loss: 0.9071]
2024-12-29 23:21:36,520| [Epoch: 12]   [loss avg: 15.3158]   [current loss: 0.7852]
2024-12-29 23:21:37,241| [Epoch: 13]   [loss avg: 14.7987]   [current loss: 0.8866]
2024-12-29 23:21:38,130| [Epoch: 14]   [loss avg: 14.2924]   [current loss: 0.7262]
2024-12-29 23:21:39,002| [Epoch: 15]   [loss avg: 13.8227]   [current loss: 0.6369]
2024-12-29 23:21:39,803| [Epoch: 16]   [loss avg: 13.4355]   [current loss: 1.0160]
2024-12-29 23:21:40,577| [Epoch: 17]   [loss avg: 13.0077]   [current loss: 0.6194]
2024-12-29 23:21:41,482| [Epoch: 18]   [loss avg: 12.6201]   [current loss: 0.5552]
2024-12-29 23:21:42,325| [Epoch: 19]   [loss avg: 12.2454]   [current loss: 0.4860]
2024-12-29 23:21:43,155| [Epoch: 20]   [loss avg: 11.9031]   [current loss: 0.6059]
2024-12-29 23:21:43,987| [Epoch: 21]   [loss avg: 11.5698]   [current loss: 0.4770]
2024-12-29 23:21:44,820| [Epoch: 22]   [loss avg: 11.2329]   [current loss: 0.3604]
2024-12-29 23:21:45,654| [Epoch: 23]   [loss avg: 10.9324]   [current loss: 0.4285]
2024-12-29 23:21:46,486| [Epoch: 24]   [loss avg: 10.6376]   [current loss: 0.4138]
2024-12-29 23:21:47,378| [Epoch: 25]   [loss avg: 10.3659]   [current loss: 0.5372]
2024-12-29 23:21:48,213| [Epoch: 26]   [loss avg: 10.1038]   [current loss: 0.4126]
2024-12-29 23:21:49,062| [Epoch: 27]   [loss avg: 9.8522]   [current loss: 0.4936]
2024-12-29 23:21:49,904| [Epoch: 28]   [loss avg: 9.6035]   [current loss: 0.2602]
2024-12-29 23:21:50,735| [Epoch: 29]   [loss avg: 9.3817]   [current loss: 0.7304]
2024-12-29 23:21:51,516| [Epoch: 30]   [loss avg: 9.1487]   [current loss: 0.3121]
2024-12-29 23:21:52,345| [Epoch: 31]   [loss avg: 8.9291]   [current loss: 0.3057]
2024-12-29 23:21:53,172| [Epoch: 32]   [loss avg: 8.7183]   [current loss: 0.3473]
2024-12-29 23:21:54,002| [Epoch: 33]   [loss avg: 8.5155]   [current loss: 0.2327]
2024-12-29 23:21:54,830| [Epoch: 34]   [loss avg: 8.3315]   [current loss: 0.4504]
2024-12-29 23:21:55,668| [Epoch: 35]   [loss avg: 8.1541]   [current loss: 0.3739]
2024-12-29 23:21:56,499| [Epoch: 36]   [loss avg: 7.9735]   [current loss: 0.1273]
2024-12-29 23:21:57,330| [Epoch: 37]   [loss avg: 7.8001]   [current loss: 0.1507]
2024-12-29 23:21:58,157| [Epoch: 38]   [loss avg: 7.6425]   [current loss: 0.2460]
2024-12-29 23:21:58,991| [Epoch: 39]   [loss avg: 7.4861]   [current loss: 0.1493]
2024-12-29 23:21:59,825| [Epoch: 40]   [loss avg: 7.3343]   [current loss: 0.2231]
2024-12-29 23:22:00,660| [Epoch: 41]   [loss avg: 7.1881]   [current loss: 0.1626]
2024-12-29 23:22:01,429| [Epoch: 42]   [loss avg: 7.0522]   [current loss: 0.3132]
2024-12-29 23:22:02,348| [Epoch: 43]   [loss avg: 6.9161]   [current loss: 0.2053]
2024-12-29 23:22:03,186| [Epoch: 44]   [loss avg: 6.7910]   [current loss: 0.3394]
2024-12-29 23:22:04,021| [Epoch: 45]   [loss avg: 6.6636]   [current loss: 0.0805]
2024-12-29 23:22:04,698| [Epoch: 46]   [loss avg: 6.5429]   [current loss: 0.1213]
2024-12-29 23:22:05,033| [Epoch: 47]   [loss avg: 6.4233]   [current loss: 0.1098]
2024-12-29 23:22:05,373| [Epoch: 48]   [loss avg: 6.3076]   [current loss: 0.1369]
2024-12-29 23:22:05,696| [Epoch: 49]   [loss avg: 6.1979]   [current loss: 0.0812]
2024-12-29 23:22:06,023| [Epoch: 50]   [loss avg: 6.0938]   [current loss: 0.1539]
2024-12-29 23:22:06,322| [Epoch: 51]   [loss avg: 5.9898]   [current loss: 0.1344]
2024-12-29 23:22:06,618| [Epoch: 52]   [loss avg: 5.8867]   [current loss: 0.0697]
2024-12-29 23:22:06,926| [Epoch: 53]   [loss avg: 5.7895]   [current loss: 0.1724]
2024-12-29 23:22:07,222| [Epoch: 54]   [loss avg: 5.6975]   [current loss: 0.2438]
2024-12-29 23:22:07,519| [Epoch: 55]   [loss avg: 5.6083]   [current loss: 0.2036]
2024-12-29 23:22:07,816| [Epoch: 56]   [loss avg: 5.5176]   [current loss: 0.0375]
2024-12-29 23:22:08,122| [Epoch: 57]   [loss avg: 5.4303]   [current loss: 0.0479]
2024-12-29 23:22:08,418| [Epoch: 58]   [loss avg: 5.3464]   [current loss: 0.0923]
2024-12-29 23:22:08,714| [Epoch: 59]   [loss avg: 5.2632]   [current loss: 0.0499]
2024-12-29 23:22:09,011| [Epoch: 60]   [loss avg: 5.1833]   [current loss: 0.0429]
2024-12-29 23:22:09,307| [Epoch: 61]   [loss avg: 5.1053]   [current loss: 0.0643]
2024-12-29 23:22:09,603| [Epoch: 62]   [loss avg: 5.0307]   [current loss: 0.0959]
2024-12-29 23:22:09,899| [Epoch: 63]   [loss avg: 4.9584]   [current loss: 0.0701]
2024-12-29 23:22:10,213| [Epoch: 64]   [loss avg: 4.8886]   [current loss: 0.1362]
2024-12-29 23:22:10,516| [Epoch: 65]   [loss avg: 4.8200]   [current loss: 0.1610]
2024-12-29 23:22:10,840| [Epoch: 66]   [loss avg: 4.7522]   [current loss: 0.0339]
2024-12-29 23:22:11,169| [Epoch: 67]   [loss avg: 4.6855]   [current loss: 0.0221]
2024-12-29 23:22:11,497| [Epoch: 68]   [loss avg: 4.6225]   [current loss: 0.0825]
2024-12-29 23:22:11,820| [Epoch: 69]   [loss avg: 4.5600]   [current loss: 0.0440]
2024-12-29 23:22:12,145| [Epoch: 70]   [loss avg: 4.4985]   [current loss: 0.0205]
2024-12-29 23:22:12,509| [Epoch: 71]   [loss avg: 4.4387]   [current loss: 0.0382]
2024-12-29 23:22:12,840| [Epoch: 72]   [loss avg: 4.3813]   [current loss: 0.0696]
2024-12-29 23:22:13,177| [Epoch: 73]   [loss avg: 4.3257]   [current loss: 0.0548]
2024-12-29 23:22:13,513| [Epoch: 74]   [loss avg: 4.2709]   [current loss: 0.0206]
2024-12-29 23:22:13,854| [Epoch: 75]   [loss avg: 4.2175]   [current loss: 0.0551]
2024-12-29 23:22:14,149| [Epoch: 76]   [loss avg: 4.1659]   [current loss: 0.0911]
2024-12-29 23:22:14,443| [Epoch: 77]   [loss avg: 4.1156]   [current loss: 0.0446]
2024-12-29 23:22:14,736| [Epoch: 78]   [loss avg: 4.0657]   [current loss: 0.0495]
2024-12-29 23:22:15,028| [Epoch: 79]   [loss avg: 4.0171]   [current loss: 0.0346]
2024-12-29 23:22:15,323| [Epoch: 80]   [loss avg: 3.9713]   [current loss: 0.0178]
2024-12-29 23:22:15,627| [Epoch: 81]   [loss avg: 3.9249]   [current loss: 0.0207]
2024-12-29 23:22:15,919| [Epoch: 82]   [loss avg: 3.8796]   [current loss: 0.0145]
2024-12-29 23:22:16,225| [Epoch: 83]   [loss avg: 3.8356]   [current loss: 0.0242]
2024-12-29 23:22:16,518| [Epoch: 84]   [loss avg: 3.7936]   [current loss: 0.1276]
2024-12-29 23:22:16,812| [Epoch: 85]   [loss avg: 3.7520]   [current loss: 0.0471]
2024-12-29 23:22:17,104| [Epoch: 86]   [loss avg: 3.7108]   [current loss: 0.0212]
2024-12-29 23:22:17,400| [Epoch: 87]   [loss avg: 3.6712]   [current loss: 0.0467]
2024-12-29 23:22:17,691| [Epoch: 88]   [loss avg: 3.6314]   [current loss: 0.0153]
2024-12-29 23:22:17,985| [Epoch: 89]   [loss avg: 3.5922]   [current loss: 0.0197]
2024-12-29 23:22:18,276| [Epoch: 90]   [loss avg: 3.5573]   [current loss: 0.2963]
2024-12-29 23:22:18,571| [Epoch: 91]   [loss avg: 3.5219]   [current loss: 0.0160]
2024-12-29 23:22:18,866| [Epoch: 92]   [loss avg: 3.4851]   [current loss: 0.0196]
2024-12-29 23:22:19,160| [Epoch: 93]   [loss avg: 3.4490]   [current loss: 0.0117]
2024-12-29 23:22:19,481| [Epoch: 94]   [loss avg: 3.4135]   [current loss: 0.0127]
2024-12-29 23:22:19,827| [Epoch: 95]   [loss avg: 3.3791]   [current loss: 0.0341]
2024-12-29 23:22:20,125| [Epoch: 96]   [loss avg: 3.3463]   [current loss: 0.0102]
2024-12-29 23:22:20,428| [Epoch: 97]   [loss avg: 3.3139]   [current loss: 0.0293]
2024-12-29 23:22:20,721| [Epoch: 98]   [loss avg: 3.2819]   [current loss: 0.0395]
2024-12-29 23:22:21,015| [Epoch: 99]   [loss avg: 3.2498]   [current loss: 0.0088]
2024-12-29 23:22:21,318| [Epoch: 100]   [loss avg: 3.2187]   [current loss: 0.0551]
2024-12-29 23:22:21,611| [Epoch: 101]   [loss avg: 3.1880]   [current loss: 0.0122]
2024-12-29 23:22:21,904| [Epoch: 102]   [loss avg: 3.1584]   [current loss: 0.0959]
2024-12-29 23:22:22,199| [Epoch: 103]   [loss avg: 3.1289]   [current loss: 0.0195]
2024-12-29 23:22:22,491| [Epoch: 104]   [loss avg: 3.1022]   [current loss: 0.2304]
2024-12-29 23:22:22,785| [Epoch: 105]   [loss avg: 3.0739]   [current loss: 0.0292]
2024-12-29 23:22:23,076| [Epoch: 106]   [loss avg: 3.0457]   [current loss: 0.0103]
2024-12-29 23:22:23,370| [Epoch: 107]   [loss avg: 3.0180]   [current loss: 0.0082]
2024-12-29 23:22:23,679| [Epoch: 108]   [loss avg: 2.9908]   [current loss: 0.0164]
2024-12-29 23:22:23,968| [Epoch: 109]   [loss avg: 2.9642]   [current loss: 0.0059]
2024-12-29 23:22:24,275| [Epoch: 110]   [loss avg: 2.9382]   [current loss: 0.0067]
2024-12-29 23:22:24,566| [Epoch: 111]   [loss avg: 2.9125]   [current loss: 0.0171]
2024-12-29 23:22:24,861| [Epoch: 112]   [loss avg: 2.8872]   [current loss: 0.0124]
2024-12-29 23:22:25,153| [Epoch: 113]   [loss avg: 2.8625]   [current loss: 0.0094]
2024-12-29 23:22:25,444| [Epoch: 114]   [loss avg: 2.8380]   [current loss: 0.0122]
2024-12-29 23:22:25,739| [Epoch: 115]   [loss avg: 2.8140]   [current loss: 0.0069]
2024-12-29 23:22:26,041| [Epoch: 116]   [loss avg: 2.7908]   [current loss: 0.0078]
2024-12-29 23:22:26,339| [Epoch: 117]   [loss avg: 2.7677]   [current loss: 0.0192]
2024-12-29 23:22:26,634| [Epoch: 118]   [loss avg: 2.7464]   [current loss: 0.0096]
2024-12-29 23:22:26,928| [Epoch: 119]   [loss avg: 2.7246]   [current loss: 0.0529]
2024-12-29 23:22:27,219| [Epoch: 120]   [loss avg: 2.7027]   [current loss: 0.0138]
2024-12-29 23:22:27,566| [Epoch: 121]   [loss avg: 2.6822]   [current loss: 0.1481]
2024-12-29 23:22:27,897| [Epoch: 122]   [loss avg: 2.6619]   [current loss: 0.1123]
2024-12-29 23:22:28,250| [Epoch: 123]   [loss avg: 2.6410]   [current loss: 0.0057]
2024-12-29 23:22:28,592| [Epoch: 124]   [loss avg: 2.6219]   [current loss: 0.1467]
2024-12-29 23:22:28,945| [Epoch: 125]   [loss avg: 2.6017]   [current loss: 0.0385]
2024-12-29 23:22:29,273| [Epoch: 126]   [loss avg: 2.5817]   [current loss: 0.0065]
2024-12-29 23:22:29,627| [Epoch: 127]   [loss avg: 2.5620]   [current loss: 0.0126]
2024-12-29 23:22:29,957| [Epoch: 128]   [loss avg: 2.5424]   [current loss: 0.0055]
2024-12-29 23:22:30,320| [Epoch: 129]   [loss avg: 2.5232]   [current loss: 0.0102]
2024-12-29 23:22:30,647| [Epoch: 130]   [loss avg: 2.5042]   [current loss: 0.0104]
2024-12-29 23:22:31,001| [Epoch: 131]   [loss avg: 2.4857]   [current loss: 0.0064]
2024-12-29 23:22:31,396| [Epoch: 132]   [loss avg: 2.4675]   [current loss: 0.0042]
2024-12-29 23:22:31,755| [Epoch: 133]   [loss avg: 2.4495]   [current loss: 0.0106]
2024-12-29 23:22:32,090| [Epoch: 134]   [loss avg: 2.4320]   [current loss: 0.0505]
2024-12-29 23:22:32,442| [Epoch: 135]   [loss avg: 2.4151]   [current loss: 0.0100]
2024-12-29 23:22:32,775| [Epoch: 136]   [loss avg: 2.3982]   [current loss: 0.0118]
2024-12-29 23:22:33,124| [Epoch: 137]   [loss avg: 2.3812]   [current loss: 0.0048]
2024-12-29 23:22:33,457| [Epoch: 138]   [loss avg: 2.3644]   [current loss: 0.0043]
2024-12-29 23:22:33,808| [Epoch: 139]   [loss avg: 2.3482]   [current loss: 0.0289]
2024-12-29 23:22:34,136| [Epoch: 140]   [loss avg: 2.3330]   [current loss: 0.1640]
2024-12-29 23:22:34,487| [Epoch: 141]   [loss avg: 2.3170]   [current loss: 0.0280]
2024-12-29 23:22:34,815| [Epoch: 142]   [loss avg: 2.3010]   [current loss: 0.0109]
2024-12-29 23:22:35,164| [Epoch: 143]   [loss avg: 2.2854]   [current loss: 0.0096]
2024-12-29 23:22:35,492| [Epoch: 144]   [loss avg: 2.2699]   [current loss: 0.0162]
2024-12-29 23:22:35,825| [Epoch: 145]   [loss avg: 2.2549]   [current loss: 0.0077]
2024-12-29 23:22:36,159| [Epoch: 146]   [loss avg: 2.2400]   [current loss: 0.0180]
2024-12-29 23:22:36,492| [Epoch: 147]   [loss avg: 2.2254]   [current loss: 0.0299]
2024-12-29 23:22:36,824| [Epoch: 148]   [loss avg: 2.2162]   [current loss: 0.7754]
2024-12-29 23:22:37,156| [Epoch: 149]   [loss avg: 2.2016]   [current loss: 0.0086]
2024-12-29 23:22:37,484| [Epoch: 150]   [loss avg: 2.1874]   [current loss: 0.0052]
2024-12-29 23:22:37,820| [Epoch: 151]   [loss avg: 2.1733]   [current loss: 0.0075]
2024-12-29 23:22:38,270| [Epoch: 152]   [loss avg: 2.1596]   [current loss: 0.0130]
2024-12-29 23:22:38,642| [Epoch: 153]   [loss avg: 2.1469]   [current loss: 0.1919]
2024-12-29 23:22:39,214| [Epoch: 154]   [loss avg: 2.1336]   [current loss: 0.0072]
2024-12-29 23:22:39,716| [Epoch: 155]   [loss avg: 2.1202]   [current loss: 0.0115]
2024-12-29 23:22:40,138| [Epoch: 156]   [loss avg: 2.1068]   [current loss: 0.0070]
2024-12-29 23:22:40,722| [Epoch: 157]   [loss avg: 2.0937]   [current loss: 0.0233]
2024-12-29 23:22:41,090| [Epoch: 158]   [loss avg: 2.0807]   [current loss: 0.0048]
2024-12-29 23:22:41,660| [Epoch: 159]   [loss avg: 2.0680]   [current loss: 0.0081]
2024-12-29 23:22:42,031| [Epoch: 160]   [loss avg: 2.0553]   [current loss: 0.0076]
2024-12-29 23:22:42,600| [Epoch: 161]   [loss avg: 2.0427]   [current loss: 0.0055]
2024-12-29 23:22:42,975| [Epoch: 162]   [loss avg: 2.0303]   [current loss: 0.0052]
2024-12-29 23:22:43,555| [Epoch: 163]   [loss avg: 2.0181]   [current loss: 0.0058]
2024-12-29 23:22:43,916| [Epoch: 164]   [loss avg: 2.0059]   [current loss: 0.0049]
2024-12-29 23:22:44,492| [Epoch: 165]   [loss avg: 1.9941]   [current loss: 0.0054]
2024-12-29 23:22:45,066| [Epoch: 166]   [loss avg: 1.9830]   [current loss: 0.0080]
2024-12-29 23:22:45,431| [Epoch: 167]   [loss avg: 1.9714]   [current loss: 0.0065]
2024-12-29 23:22:46,002| [Epoch: 168]   [loss avg: 1.9600]   [current loss: 0.0048]
2024-12-29 23:22:46,367| [Epoch: 169]   [loss avg: 1.9486]   [current loss: 0.0032]
2024-12-29 23:22:46,935| [Epoch: 170]   [loss avg: 1.9377]   [current loss: 0.0198]
2024-12-29 23:22:47,298| [Epoch: 171]   [loss avg: 1.9266]   [current loss: 0.0028]
2024-12-29 23:22:47,886| [Epoch: 172]   [loss avg: 1.9155]   [current loss: 0.0027]
2024-12-29 23:22:48,464| [Epoch: 173]   [loss avg: 1.9050]   [current loss: 0.0329]
2024-12-29 23:22:48,830| [Epoch: 174]   [loss avg: 1.8943]   [current loss: 0.0113]
2024-12-29 23:22:49,398| [Epoch: 175]   [loss avg: 1.8837]   [current loss: 0.0088]
2024-12-29 23:22:49,762| [Epoch: 176]   [loss avg: 1.8735]   [current loss: 0.0419]
2024-12-29 23:22:50,331| [Epoch: 177]   [loss avg: 1.8637]   [current loss: 0.0974]
2024-12-29 23:22:50,697| [Epoch: 178]   [loss avg: 1.8535]   [current loss: 0.0031]
2024-12-29 23:22:51,266| [Epoch: 179]   [loss avg: 1.8437]   [current loss: 0.0053]
2024-12-29 23:22:51,650| [Epoch: 180]   [loss avg: 1.8337]   [current loss: 0.0049]
2024-12-29 23:22:52,202| [Epoch: 181]   [loss avg: 1.8239]   [current loss: 0.0109]
2024-12-29 23:22:52,769| [Epoch: 182]   [loss avg: 1.8142]   [current loss: 0.0153]
2024-12-29 23:22:53,135| [Epoch: 183]   [loss avg: 1.8047]   [current loss: 0.0079]
2024-12-29 23:22:53,692| [Epoch: 184]   [loss avg: 1.7952]   [current loss: 0.0037]
2024-12-29 23:22:54,059| [Epoch: 185]   [loss avg: 1.7857]   [current loss: 0.0027]
2024-12-29 23:22:54,637| [Epoch: 186]   [loss avg: 1.7763]   [current loss: 0.0033]
2024-12-29 23:22:55,002| [Epoch: 187]   [loss avg: 1.7670]   [current loss: 0.0064]
2024-12-29 23:22:55,568| [Epoch: 188]   [loss avg: 1.7577]   [current loss: 0.0023]
2024-12-29 23:22:55,943| [Epoch: 189]   [loss avg: 1.7485]   [current loss: 0.0040]
2024-12-29 23:22:56,513| [Epoch: 190]   [loss avg: 1.7394]   [current loss: 0.0018]
2024-12-29 23:22:57,095| [Epoch: 191]   [loss avg: 1.7305]   [current loss: 0.0049]
2024-12-29 23:22:57,464| [Epoch: 192]   [loss avg: 1.7216]   [current loss: 0.0044]
2024-12-29 23:22:58,030| [Epoch: 193]   [loss avg: 1.7128]   [current loss: 0.0033]
2024-12-29 23:22:58,399| [Epoch: 194]   [loss avg: 1.7042]   [current loss: 0.0115]
2024-12-29 23:22:58,968| [Epoch: 195]   [loss avg: 1.6962]   [current loss: 0.1314]
2024-12-29 23:22:59,335| [Epoch: 196]   [loss avg: 1.6877]   [current loss: 0.0043]
2024-12-29 23:22:59,902| [Epoch: 197]   [loss avg: 1.6793]   [current loss: 0.0110]
2024-12-29 23:23:00,408| [Epoch: 198]   [loss avg: 1.6709]   [current loss: 0.0027]
2024-12-29 23:23:00,827| [Epoch: 199]   [loss avg: 1.6626]   [current loss: 0.0072]
2024-12-29 23:23:01,329| [Epoch: 200]   [loss avg: 1.6545]   [current loss: 0.0037]
2024-12-29 23:23:01,760| [Epoch: 201]   [loss avg: 1.6464]   [current loss: 0.0031]
2024-12-29 23:23:02,331| [Epoch: 202]   [loss avg: 1.6384]   [current loss: 0.0060]
2024-12-29 23:23:02,699| [Epoch: 203]   [loss avg: 1.6308]   [current loss: 0.0028]
2024-12-29 23:23:03,262| [Epoch: 204]   [loss avg: 1.6229]   [current loss: 0.0037]
2024-12-29 23:23:03,629| [Epoch: 205]   [loss avg: 1.6152]   [current loss: 0.0284]
2024-12-29 23:23:04,195| [Epoch: 206]   [loss avg: 1.6081]   [current loss: 0.1128]
2024-12-29 23:23:04,560| [Epoch: 207]   [loss avg: 1.6008]   [current loss: 0.0014]
2024-12-29 23:23:05,140| [Epoch: 208]   [loss avg: 1.5932]   [current loss: 0.0037]
2024-12-29 23:23:05,710| [Epoch: 209]   [loss avg: 1.5861]   [current loss: 0.0826]
2024-12-29 23:23:06,077| [Epoch: 210]   [loss avg: 1.5786]   [current loss: 0.0026]
2024-12-29 23:23:06,645| [Epoch: 211]   [loss avg: 1.5713]   [current loss: 0.0035]
2024-12-29 23:23:07,014| [Epoch: 212]   [loss avg: 1.5640]   [current loss: 0.0026]
2024-12-29 23:23:07,571| [Epoch: 213]   [loss avg: 1.5568]   [current loss: 0.0043]
2024-12-29 23:23:07,938| [Epoch: 214]   [loss avg: 1.5497]   [current loss: 0.0160]
2024-12-29 23:23:08,507| [Epoch: 215]   [loss avg: 1.5426]   [current loss: 0.0097]
2024-12-29 23:23:08,873| [Epoch: 216]   [loss avg: 1.5355]   [current loss: 0.0064]
2024-12-29 23:23:09,440| [Epoch: 217]   [loss avg: 1.5286]   [current loss: 0.0029]
2024-12-29 23:23:09,832| [Epoch: 218]   [loss avg: 1.5217]   [current loss: 0.0102]
2024-12-29 23:23:10,368| [Epoch: 219]   [loss avg: 1.5149]   [current loss: 0.0035]
2024-12-29 23:23:10,939| [Epoch: 220]   [loss avg: 1.5081]   [current loss: 0.0063]
2024-12-29 23:23:11,306| [Epoch: 221]   [loss avg: 1.5013]   [current loss: 0.0011]
2024-12-29 23:23:11,887| [Epoch: 222]   [loss avg: 1.4947]   [current loss: 0.0024]
2024-12-29 23:23:12,253| [Epoch: 223]   [loss avg: 1.4880]   [current loss: 0.0016]
2024-12-29 23:23:12,823| [Epoch: 224]   [loss avg: 1.4814]   [current loss: 0.0023]
2024-12-29 23:23:13,190| [Epoch: 225]   [loss avg: 1.4749]   [current loss: 0.0015]
2024-12-29 23:23:13,756| [Epoch: 226]   [loss avg: 1.4687]   [current loss: 0.0545]
2024-12-29 23:23:14,258| [Epoch: 227]   [loss avg: 1.4623]   [current loss: 0.0014]
2024-12-29 23:23:14,683| [Epoch: 228]   [loss avg: 1.4560]   [current loss: 0.0017]
2024-12-29 23:23:15,186| [Epoch: 229]   [loss avg: 1.4498]   [current loss: 0.0019]
2024-12-29 23:23:15,618| [Epoch: 230]   [loss avg: 1.4436]   [current loss: 0.0060]
2024-12-29 23:23:16,186| [Epoch: 231]   [loss avg: 1.4374]   [current loss: 0.0110]
2024-12-29 23:23:16,554| [Epoch: 232]   [loss avg: 1.4313]   [current loss: 0.0017]
2024-12-29 23:23:17,128| [Epoch: 233]   [loss avg: 1.4253]   [current loss: 0.0031]
2024-12-29 23:23:17,495| [Epoch: 234]   [loss avg: 1.4193]   [current loss: 0.0042]
2024-12-29 23:23:18,058| [Epoch: 235]   [loss avg: 1.4134]   [current loss: 0.0316]
2024-12-29 23:23:18,452| [Epoch: 236]   [loss avg: 1.4075]   [current loss: 0.0044]
2024-12-29 23:23:18,989| [Epoch: 237]   [loss avg: 1.4018]   [current loss: 0.0015]
2024-12-29 23:23:19,616| [Epoch: 238]   [loss avg: 1.3960]   [current loss: 0.0012]
2024-12-29 23:23:19,983| [Epoch: 239]   [loss avg: 1.3902]   [current loss: 0.0017]
2024-12-29 23:23:20,547| [Epoch: 240]   [loss avg: 1.3845]   [current loss: 0.0035]
2024-12-29 23:23:21,050| [Epoch: 241]   [loss avg: 1.3789]   [current loss: 0.0147]
2024-12-29 23:23:21,485| [Epoch: 242]   [loss avg: 1.3734]   [current loss: 0.0012]
2024-12-29 23:23:22,059| [Epoch: 243]   [loss avg: 1.3679]   [current loss: 0.0039]
2024-12-29 23:23:22,427| [Epoch: 244]   [loss avg: 1.3623]   [current loss: 0.0014]
2024-12-29 23:23:22,988| [Epoch: 245]   [loss avg: 1.3570]   [current loss: 0.0532]
2024-12-29 23:23:23,375| [Epoch: 246]   [loss avg: 1.3518]   [current loss: 0.0085]
2024-12-29 23:23:23,939| [Epoch: 247]   [loss avg: 1.3464]   [current loss: 0.0043]
2024-12-29 23:23:24,305| [Epoch: 248]   [loss avg: 1.3411]   [current loss: 0.0044]
2024-12-29 23:23:24,868| [Epoch: 249]   [loss avg: 1.3358]   [current loss: 0.0046]
2024-12-29 23:23:25,372| [Epoch: 250]   [loss avg: 1.3306]   [current loss: 0.0094]
2024-12-29 23:23:25,804| [Epoch: 251]   [loss avg: 1.3258]   [current loss: 0.0075]
2024-12-29 23:23:26,377| [Epoch: 252]   [loss avg: 1.3206]   [current loss: 0.0028]
2024-12-29 23:23:26,742| [Epoch: 253]   [loss avg: 1.3154]   [current loss: 0.0025]
2024-12-29 23:23:27,313| [Epoch: 254]   [loss avg: 1.3107]   [current loss: 0.0047]
2024-12-29 23:23:27,682| [Epoch: 255]   [loss avg: 1.3056]   [current loss: 0.0033]
2024-12-29 23:23:28,238| [Epoch: 256]   [loss avg: 1.3006]   [current loss: 0.0019]
2024-12-29 23:23:28,605| [Epoch: 257]   [loss avg: 1.2956]   [current loss: 0.0022]
2024-12-29 23:23:29,172| [Epoch: 258]   [loss avg: 1.2907]   [current loss: 0.0015]
2024-12-29 23:23:29,538| [Epoch: 259]   [loss avg: 1.2857]   [current loss: 0.0032]
2024-12-29 23:23:30,101| [Epoch: 260]   [loss avg: 1.2809]   [current loss: 0.0020]
2024-12-29 23:23:30,605| [Epoch: 261]   [loss avg: 1.2763]   [current loss: 0.0793]
2024-12-29 23:23:31,033| [Epoch: 262]   [loss avg: 1.2715]   [current loss: 0.0071]
2024-12-29 23:23:31,605| [Epoch: 263]   [loss avg: 1.2667]   [current loss: 0.0010]
2024-12-29 23:23:31,983| [Epoch: 264]   [loss avg: 1.2620]   [current loss: 0.0017]
2024-12-29 23:23:32,543| [Epoch: 265]   [loss avg: 1.2573]   [current loss: 0.0278]
2024-12-29 23:23:32,908| [Epoch: 266]   [loss avg: 1.2527]   [current loss: 0.0041]
2024-12-29 23:23:33,478| [Epoch: 267]   [loss avg: 1.2480]   [current loss: 0.0066]
2024-12-29 23:23:33,845| [Epoch: 268]   [loss avg: 1.2435]   [current loss: 0.0055]
2024-12-29 23:23:34,414| [Epoch: 269]   [loss avg: 1.2389]   [current loss: 0.0015]
2024-12-29 23:23:34,912| [Epoch: 270]   [loss avg: 1.2345]   [current loss: 0.0520]
2024-12-29 23:23:35,334| [Epoch: 271]   [loss avg: 1.2300]   [current loss: 0.0016]
2024-12-29 23:23:35,904| [Epoch: 272]   [loss avg: 1.2256]   [current loss: 0.0014]
2024-12-29 23:23:36,270| [Epoch: 273]   [loss avg: 1.2213]   [current loss: 0.0346]
2024-12-29 23:23:36,840| [Epoch: 274]   [loss avg: 1.2169]   [current loss: 0.0017]
2024-12-29 23:23:37,204| [Epoch: 275]   [loss avg: 1.2126]   [current loss: 0.0021]
2024-12-29 23:23:37,774| [Epoch: 276]   [loss avg: 1.2083]   [current loss: 0.0025]
2024-12-29 23:23:38,140| [Epoch: 277]   [loss avg: 1.2041]   [current loss: 0.0045]
2024-12-29 23:23:38,707| [Epoch: 278]   [loss avg: 1.1998]   [current loss: 0.0024]
2024-12-29 23:23:39,075| [Epoch: 279]   [loss avg: 1.1957]   [current loss: 0.0046]
2024-12-29 23:23:39,636| [Epoch: 280]   [loss avg: 1.1915]   [current loss: 0.0059]
2024-12-29 23:23:40,207| [Epoch: 281]   [loss avg: 1.1876]   [current loss: 0.0019]
2024-12-29 23:23:40,573| [Epoch: 282]   [loss avg: 1.1840]   [current loss: 0.1304]
2024-12-29 23:23:41,141| [Epoch: 283]   [loss avg: 1.1798]   [current loss: 0.0083]
2024-12-29 23:23:41,506| [Epoch: 284]   [loss avg: 1.1765]   [current loss: 0.2075]
2024-12-29 23:23:42,063| [Epoch: 285]   [loss avg: 1.1724]   [current loss: 0.0047]
2024-12-29 23:23:42,427| [Epoch: 286]   [loss avg: 1.1684]   [current loss: 0.0031]
2024-12-29 23:23:42,997| [Epoch: 287]   [loss avg: 1.1644]   [current loss: 0.0018]
2024-12-29 23:23:43,363| [Epoch: 288]   [loss avg: 1.1607]   [current loss: 0.0904]
2024-12-29 23:23:43,925| [Epoch: 289]   [loss avg: 1.1572]   [current loss: 0.1139]
2024-12-29 23:23:44,291| [Epoch: 290]   [loss avg: 1.1533]   [current loss: 0.0036]
2024-12-29 23:23:44,859| [Epoch: 291]   [loss avg: 1.1495]   [current loss: 0.0232]
2024-12-29 23:23:45,425| [Epoch: 292]   [loss avg: 1.1463]   [current loss: 0.0458]
2024-12-29 23:23:45,789| [Epoch: 293]   [loss avg: 1.1425]   [current loss: 0.0037]
2024-12-29 23:23:46,356| [Epoch: 294]   [loss avg: 1.1387]   [current loss: 0.0014]
2024-12-29 23:23:46,721| [Epoch: 295]   [loss avg: 1.1351]   [current loss: 0.0245]
2024-12-29 23:23:47,286| [Epoch: 296]   [loss avg: 1.1314]   [current loss: 0.0148]
2024-12-29 23:23:47,652| [Epoch: 297]   [loss avg: 1.1276]   [current loss: 0.0020]
2024-12-29 23:23:48,220| [Epoch: 298]   [loss avg: 1.1239]   [current loss: 0.0084]
2024-12-29 23:23:48,595| [Epoch: 299]   [loss avg: 1.1203]   [current loss: 0.0041]
2024-12-29 23:23:49,153| [Epoch: 300]   [loss avg: 1.1166]   [current loss: 0.0012]
2024-12-29 23:23:49,545| [Epoch: 301]   [loss avg: 1.1130]   [current loss: 0.0033]
2024-12-29 23:23:50,083| [Epoch: 302]   [loss avg: 1.1093]   [current loss: 0.0017]
2024-12-29 23:23:50,649| [Epoch: 303]   [loss avg: 1.1057]   [current loss: 0.0012]
2024-12-29 23:23:51,013| [Epoch: 304]   [loss avg: 1.1021]   [current loss: 0.0020]
2024-12-29 23:23:51,582| [Epoch: 305]   [loss avg: 1.0986]   [current loss: 0.0007]
2024-12-29 23:23:51,960| [Epoch: 306]   [loss avg: 1.0950]   [current loss: 0.0033]
2024-12-29 23:23:52,527| [Epoch: 307]   [loss avg: 1.0932]   [current loss: 0.5020]
2024-12-29 23:23:52,892| [Epoch: 308]   [loss avg: 1.0897]   [current loss: 0.0033]
2024-12-29 23:23:53,457| [Epoch: 309]   [loss avg: 1.0862]   [current loss: 0.0016]
2024-12-29 23:23:53,959| [Epoch: 310]   [loss avg: 1.0827]   [current loss: 0.0014]
2024-12-29 23:23:54,390| [Epoch: 311]   [loss avg: 1.0792]   [current loss: 0.0018]
2024-12-29 23:23:54,958| [Epoch: 312]   [loss avg: 1.0758]   [current loss: 0.0034]
2024-12-29 23:23:55,322| [Epoch: 313]   [loss avg: 1.0725]   [current loss: 0.0236]
2024-12-29 23:23:55,877| [Epoch: 314]   [loss avg: 1.0691]   [current loss: 0.0014]
2024-12-29 23:23:56,245| [Epoch: 315]   [loss avg: 1.0658]   [current loss: 0.0010]
2024-12-29 23:23:56,813| [Epoch: 316]   [loss avg: 1.0625]   [current loss: 0.0018]
2024-12-29 23:23:57,179| [Epoch: 317]   [loss avg: 1.0592]   [current loss: 0.0012]
2024-12-29 23:23:57,743| [Epoch: 318]   [loss avg: 1.0559]   [current loss: 0.0050]
2024-12-29 23:23:58,110| [Epoch: 319]   [loss avg: 1.0526]   [current loss: 0.0017]
2024-12-29 23:23:58,673| [Epoch: 320]   [loss avg: 1.0494]   [current loss: 0.0025]
2024-12-29 23:23:59,176| [Epoch: 321]   [loss avg: 1.0461]   [current loss: 0.0007]
2024-12-29 23:23:59,606| [Epoch: 322]   [loss avg: 1.0429]   [current loss: 0.0095]
2024-12-29 23:24:00,178| [Epoch: 323]   [loss avg: 1.0398]   [current loss: 0.0028]
2024-12-29 23:24:00,545| [Epoch: 324]   [loss avg: 1.0366]   [current loss: 0.0011]
2024-12-29 23:24:01,114| [Epoch: 325]   [loss avg: 1.0335]   [current loss: 0.0047]
2024-12-29 23:24:01,480| [Epoch: 326]   [loss avg: 1.0303]   [current loss: 0.0007]
2024-12-29 23:24:02,049| [Epoch: 327]   [loss avg: 1.0272]   [current loss: 0.0013]
2024-12-29 23:24:02,421| [Epoch: 328]   [loss avg: 1.0241]   [current loss: 0.0006]
2024-12-29 23:24:02,985| [Epoch: 329]   [loss avg: 1.0211]   [current loss: 0.0008]
2024-12-29 23:24:03,352| [Epoch: 330]   [loss avg: 1.0180]   [current loss: 0.0007]
2024-12-29 23:24:03,917| [Epoch: 331]   [loss avg: 1.0150]   [current loss: 0.0009]
2024-12-29 23:24:04,488| [Epoch: 332]   [loss avg: 1.0120]   [current loss: 0.0067]
2024-12-29 23:24:04,870| [Epoch: 333]   [loss avg: 1.0090]   [current loss: 0.0013]
2024-12-29 23:24:05,442| [Epoch: 334]   [loss avg: 1.0060]   [current loss: 0.0101]
2024-12-29 23:24:05,807| [Epoch: 335]   [loss avg: 1.0030]   [current loss: 0.0015]
2024-12-29 23:24:06,373| [Epoch: 336]   [loss avg: 1.0002]   [current loss: 0.0450]
2024-12-29 23:24:06,806| [Epoch: 337]   [loss avg: 0.9983]   [current loss: 0.3596]
2024-12-29 23:24:07,322| [Epoch: 338]   [loss avg: 0.9954]   [current loss: 0.0058]
2024-12-29 23:24:07,896| [Epoch: 339]   [loss avg: 0.9929]   [current loss: 0.0006]
2024-12-29 23:24:08,270| [Epoch: 340]   [loss avg: 0.9901]   [current loss: 0.0023]
2024-12-29 23:24:08,847| [Epoch: 341]   [loss avg: 0.9872]   [current loss: 0.0071]
2024-12-29 23:24:09,211| [Epoch: 342]   [loss avg: 0.9844]   [current loss: 0.0040]
2024-12-29 23:24:09,766| [Epoch: 343]   [loss avg: 0.9816]   [current loss: 0.0018]
2024-12-29 23:24:10,136| [Epoch: 344]   [loss avg: 0.9787]   [current loss: 0.0006]
2024-12-29 23:24:10,697| [Epoch: 345]   [loss avg: 0.9759]   [current loss: 0.0043]
2024-12-29 23:24:11,060| [Epoch: 346]   [loss avg: 0.9731]   [current loss: 0.0060]
2024-12-29 23:24:11,627| [Epoch: 347]   [loss avg: 0.9704]   [current loss: 0.0055]
2024-12-29 23:24:12,130| [Epoch: 348]   [loss avg: 0.9676]   [current loss: 0.0017]
2024-12-29 23:24:12,560| [Epoch: 349]   [loss avg: 0.9649]   [current loss: 0.0011]
2024-12-29 23:24:13,131| [Epoch: 350]   [loss avg: 0.9621]   [current loss: 0.0007]
2024-12-29 23:24:13,573| [Epoch: 351]   [loss avg: 0.9594]   [current loss: 0.0007]
2024-12-29 23:24:14,112| [Epoch: 352]   [loss avg: 0.9567]   [current loss: 0.0023]
2024-12-29 23:24:14,683| [Epoch: 353]   [loss avg: 0.9540]   [current loss: 0.0012]
2024-12-29 23:24:15,050| [Epoch: 354]   [loss avg: 0.9513]   [current loss: 0.0055]
2024-12-29 23:24:15,620| [Epoch: 355]   [loss avg: 0.9487]   [current loss: 0.0008]
2024-12-29 23:24:15,986| [Epoch: 356]   [loss avg: 0.9460]   [current loss: 0.0008]
2024-12-29 23:24:16,551| [Epoch: 357]   [loss avg: 0.9436]   [current loss: 0.0015]
2024-12-29 23:24:16,921| [Epoch: 358]   [loss avg: 0.9410]   [current loss: 0.0014]
2024-12-29 23:24:17,490| [Epoch: 359]   [loss avg: 0.9385]   [current loss: 0.0010]
2024-12-29 23:24:17,856| [Epoch: 360]   [loss avg: 0.9359]   [current loss: 0.0012]
2024-12-29 23:24:18,423| [Epoch: 361]   [loss avg: 0.9334]   [current loss: 0.0089]
2024-12-29 23:24:18,787| [Epoch: 362]   [loss avg: 0.9308]   [current loss: 0.0008]
2024-12-29 23:24:19,352| [Epoch: 363]   [loss avg: 0.9283]   [current loss: 0.0015]
2024-12-29 23:24:19,921| [Epoch: 364]   [loss avg: 0.9257]   [current loss: 0.0005]
2024-12-29 23:24:20,298| [Epoch: 365]   [loss avg: 0.9232]   [current loss: 0.0006]
2024-12-29 23:24:20,867| [Epoch: 366]   [loss avg: 0.9207]   [current loss: 0.0007]
2024-12-29 23:24:21,234| [Epoch: 367]   [loss avg: 0.9182]   [current loss: 0.0013]
2024-12-29 23:24:21,804| [Epoch: 368]   [loss avg: 0.9157]   [current loss: 0.0006]
2024-12-29 23:24:22,171| [Epoch: 369]   [loss avg: 0.9133]   [current loss: 0.0005]
2024-12-29 23:24:22,750| [Epoch: 370]   [loss avg: 0.9108]   [current loss: 0.0020]
2024-12-29 23:24:23,252| [Epoch: 371]   [loss avg: 0.9084]   [current loss: 0.0012]
2024-12-29 23:24:23,676| [Epoch: 372]   [loss avg: 0.9060]   [current loss: 0.0020]
2024-12-29 23:24:24,244| [Epoch: 373]   [loss avg: 0.9035]   [current loss: 0.0014]
2024-12-29 23:24:24,612| [Epoch: 374]   [loss avg: 0.9011]   [current loss: 0.0009]
2024-12-29 23:24:25,182| [Epoch: 375]   [loss avg: 0.8988]   [current loss: 0.0029]
2024-12-29 23:24:25,549| [Epoch: 376]   [loss avg: 0.8964]   [current loss: 0.0013]
2024-12-29 23:24:26,113| [Epoch: 377]   [loss avg: 0.8940]   [current loss: 0.0016]
2024-12-29 23:24:26,476| [Epoch: 378]   [loss avg: 0.8917]   [current loss: 0.0039]
2024-12-29 23:24:27,049| [Epoch: 379]   [loss avg: 0.8894]   [current loss: 0.0031]
2024-12-29 23:24:27,438| [Epoch: 380]   [loss avg: 0.8870]   [current loss: 0.0007]
2024-12-29 23:24:27,980| [Epoch: 381]   [loss avg: 0.8847]   [current loss: 0.0007]
2024-12-29 23:24:28,551| [Epoch: 382]   [loss avg: 0.8824]   [current loss: 0.0007]
2024-12-29 23:24:28,916| [Epoch: 383]   [loss avg: 0.8801]   [current loss: 0.0035]
2024-12-29 23:24:29,484| [Epoch: 384]   [loss avg: 0.8778]   [current loss: 0.0014]
2024-12-29 23:24:29,849| [Epoch: 385]   [loss avg: 0.8756]   [current loss: 0.0012]
2024-12-29 23:24:30,406| [Epoch: 386]   [loss avg: 0.8733]   [current loss: 0.0030]
2024-12-29 23:24:30,771| [Epoch: 387]   [loss avg: 0.8711]   [current loss: 0.0014]
2024-12-29 23:24:31,341| [Epoch: 388]   [loss avg: 0.8689]   [current loss: 0.0032]
2024-12-29 23:24:31,707| [Epoch: 389]   [loss avg: 0.8666]   [current loss: 0.0003]
2024-12-29 23:24:32,281| [Epoch: 390]   [loss avg: 0.8644]   [current loss: 0.0006]
2024-12-29 23:24:32,782| [Epoch: 391]   [loss avg: 0.8623]   [current loss: 0.0011]
2024-12-29 23:24:33,210| [Epoch: 392]   [loss avg: 0.8601]   [current loss: 0.0006]
2024-12-29 23:24:33,779| [Epoch: 393]   [loss avg: 0.8580]   [current loss: 0.0007]
2024-12-29 23:24:34,146| [Epoch: 394]   [loss avg: 0.8558]   [current loss: 0.0066]
2024-12-29 23:24:34,714| [Epoch: 395]   [loss avg: 0.8537]   [current loss: 0.0005]
2024-12-29 23:24:35,078| [Epoch: 396]   [loss avg: 0.8515]   [current loss: 0.0008]
2024-12-29 23:24:35,646| [Epoch: 397]   [loss avg: 0.8494]   [current loss: 0.0038]
2024-12-29 23:24:36,011| [Epoch: 398]   [loss avg: 0.8473]   [current loss: 0.0007]
2024-12-29 23:24:36,578| [Epoch: 399]   [loss avg: 0.8452]   [current loss: 0.0013]
2024-12-29 23:24:37,082| [Epoch: 400]   [loss avg: 0.8431]   [current loss: 0.0012]
2024-12-29 23:24:37,503| [Epoch: 401]   [loss avg: 0.8410]   [current loss: 0.0010]
2024-12-29 23:24:38,006| [Epoch: 402]   [loss avg: 0.8390]   [current loss: 0.0033]
2024-12-29 23:24:38,433| [Epoch: 403]   [loss avg: 0.8369]   [current loss: 0.0007]
2024-12-29 23:24:39,002| [Epoch: 404]   [loss avg: 0.8349]   [current loss: 0.0056]
2024-12-29 23:24:39,367| [Epoch: 405]   [loss avg: 0.8328]   [current loss: 0.0005]
2024-12-29 23:24:39,934| [Epoch: 406]   [loss avg: 0.8308]   [current loss: 0.0009]
2024-12-29 23:24:40,298| [Epoch: 407]   [loss avg: 0.8288]   [current loss: 0.0072]
2024-12-29 23:24:40,868| [Epoch: 408]   [loss avg: 0.8268]   [current loss: 0.0064]
2024-12-29 23:24:41,233| [Epoch: 409]   [loss avg: 0.8248]   [current loss: 0.0023]
2024-12-29 23:24:41,800| [Epoch: 410]   [loss avg: 0.8230]   [current loss: 0.0104]
2024-12-29 23:24:42,298| [Epoch: 411]   [loss avg: 0.8211]   [current loss: 0.0014]
2024-12-29 23:24:42,728| [Epoch: 412]   [loss avg: 0.8191]   [current loss: 0.0063]
2024-12-29 23:24:43,296| [Epoch: 413]   [loss avg: 0.8172]   [current loss: 0.0016]
2024-12-29 23:24:43,661| [Epoch: 414]   [loss avg: 0.8152]   [current loss: 0.0062]
2024-12-29 23:24:44,217| [Epoch: 415]   [loss avg: 0.8133]   [current loss: 0.0059]
2024-12-29 23:24:44,581| [Epoch: 416]   [loss avg: 0.8114]   [current loss: 0.0014]
2024-12-29 23:24:45,146| [Epoch: 417]   [loss avg: 0.8094]   [current loss: 0.0006]
2024-12-29 23:24:45,510| [Epoch: 418]   [loss avg: 0.8075]   [current loss: 0.0006]
2024-12-29 23:24:46,081| [Epoch: 419]   [loss avg: 0.8057]   [current loss: 0.0005]
2024-12-29 23:24:46,446| [Epoch: 420]   [loss avg: 0.8044]   [current loss: 0.2583]
2024-12-29 23:24:47,011| [Epoch: 421]   [loss avg: 0.8025]   [current loss: 0.0019]
2024-12-29 23:24:47,514| [Epoch: 422]   [loss avg: 0.8006]   [current loss: 0.0005]
2024-12-29 23:24:47,960| [Epoch: 423]   [loss avg: 0.7987]   [current loss: 0.0007]
2024-12-29 23:24:48,534| [Epoch: 424]   [loss avg: 0.7969]   [current loss: 0.0140]
2024-12-29 23:24:48,899| [Epoch: 425]   [loss avg: 0.7951]   [current loss: 0.0007]
2024-12-29 23:24:49,472| [Epoch: 426]   [loss avg: 0.7932]   [current loss: 0.0007]
2024-12-29 23:24:49,857| [Epoch: 427]   [loss avg: 0.7914]   [current loss: 0.0005]
2024-12-29 23:24:50,421| [Epoch: 428]   [loss avg: 0.7895]   [current loss: 0.0026]
2024-12-29 23:24:50,927| [Epoch: 429]   [loss avg: 0.7877]   [current loss: 0.0008]
2024-12-29 23:24:51,347| [Epoch: 430]   [loss avg: 0.7868]   [current loss: 0.3954]
2024-12-29 23:24:51,849| [Epoch: 431]   [loss avg: 0.7850]   [current loss: 0.0013]
2024-12-29 23:24:52,277| [Epoch: 432]   [loss avg: 0.7847]   [current loss: 0.6373]
2024-12-29 23:24:52,845| [Epoch: 433]   [loss avg: 0.7829]   [current loss: 0.0007]
2024-12-29 23:24:53,209| [Epoch: 434]   [loss avg: 0.7812]   [current loss: 0.0022]
2024-12-29 23:24:53,777| [Epoch: 435]   [loss avg: 0.7794]   [current loss: 0.0043]
2024-12-29 23:24:54,139| [Epoch: 436]   [loss avg: 0.7776]   [current loss: 0.0011]
2024-12-29 23:24:54,710| [Epoch: 437]   [loss avg: 0.7759]   [current loss: 0.0032]
2024-12-29 23:24:55,074| [Epoch: 438]   [loss avg: 0.7741]   [current loss: 0.0009]
2024-12-29 23:24:55,639| [Epoch: 439]   [loss avg: 0.7724]   [current loss: 0.0005]
2024-12-29 23:24:56,140| [Epoch: 440]   [loss avg: 0.7706]   [current loss: 0.0008]
2024-12-29 23:24:56,570| [Epoch: 441]   [loss avg: 0.7689]   [current loss: 0.0016]
2024-12-29 23:24:57,144| [Epoch: 442]   [loss avg: 0.7672]   [current loss: 0.0013]
2024-12-29 23:24:57,511| [Epoch: 443]   [loss avg: 0.7655]   [current loss: 0.0022]
2024-12-29 23:24:58,073| [Epoch: 444]   [loss avg: 0.7638]   [current loss: 0.0029]
2024-12-29 23:24:58,444| [Epoch: 445]   [loss avg: 0.7621]   [current loss: 0.0007]
2024-12-29 23:24:59,009| [Epoch: 446]   [loss avg: 0.7604]   [current loss: 0.0005]
2024-12-29 23:24:59,373| [Epoch: 447]   [loss avg: 0.7587]   [current loss: 0.0013]
2024-12-29 23:24:59,943| [Epoch: 448]   [loss avg: 0.7570]   [current loss: 0.0007]
2024-12-29 23:25:00,311| [Epoch: 449]   [loss avg: 0.7553]   [current loss: 0.0020]
2024-12-29 23:25:00,878| [Epoch: 450]   [loss avg: 0.7537]   [current loss: 0.0004]
2024-12-29 23:25:01,380| [Epoch: 451]   [loss avg: 0.7520]   [current loss: 0.0015]
2024-12-29 23:25:01,813| [Epoch: 452]   [loss avg: 0.7503]   [current loss: 0.0011]
2024-12-29 23:25:02,381| [Epoch: 453]   [loss avg: 0.7487]   [current loss: 0.0009]
2024-12-29 23:25:02,747| [Epoch: 454]   [loss avg: 0.7470]   [current loss: 0.0004]
2024-12-29 23:25:03,316| [Epoch: 455]   [loss avg: 0.7454]   [current loss: 0.0006]
2024-12-29 23:25:03,680| [Epoch: 456]   [loss avg: 0.7438]   [current loss: 0.0006]
2024-12-29 23:25:04,245| [Epoch: 457]   [loss avg: 0.7422]   [current loss: 0.0005]
2024-12-29 23:25:04,608| [Epoch: 458]   [loss avg: 0.7406]   [current loss: 0.0054]
2024-12-29 23:25:05,167| [Epoch: 459]   [loss avg: 0.7390]   [current loss: 0.0009]
2024-12-29 23:25:05,531| [Epoch: 460]   [loss avg: 0.7374]   [current loss: 0.0005]
2024-12-29 23:25:06,096| [Epoch: 461]   [loss avg: 0.7358]   [current loss: 0.0017]
2024-12-29 23:25:06,596| [Epoch: 462]   [loss avg: 0.7342]   [current loss: 0.0014]
2024-12-29 23:25:07,081| [Epoch: 463]   [loss avg: 0.7326]   [current loss: 0.0012]
2024-12-29 23:25:07,645| [Epoch: 464]   [loss avg: 0.7311]   [current loss: 0.0024]
2024-12-29 23:25:08,033| [Epoch: 465]   [loss avg: 0.7295]   [current loss: 0.0060]
2024-12-29 23:25:08,579| [Epoch: 466]   [loss avg: 0.7280]   [current loss: 0.0007]
2024-12-29 23:25:09,146| [Epoch: 467]   [loss avg: 0.7264]   [current loss: 0.0003]
2024-12-29 23:25:09,514| [Epoch: 468]   [loss avg: 0.7249]   [current loss: 0.0018]
2024-12-29 23:25:10,084| [Epoch: 469]   [loss avg: 0.7235]   [current loss: 0.0011]
2024-12-29 23:25:10,451| [Epoch: 470]   [loss avg: 0.7222]   [current loss: 0.0991]
2024-12-29 23:25:11,017| [Epoch: 471]   [loss avg: 0.7207]   [current loss: 0.0030]
2024-12-29 23:25:11,381| [Epoch: 472]   [loss avg: 0.7193]   [current loss: 0.0681]
2024-12-29 23:25:11,940| [Epoch: 473]   [loss avg: 0.7178]   [current loss: 0.0006]
2024-12-29 23:25:12,308| [Epoch: 474]   [loss avg: 0.7163]   [current loss: 0.0007]
2024-12-29 23:25:12,870| [Epoch: 475]   [loss avg: 0.7148]   [current loss: 0.0008]
2024-12-29 23:25:13,264| [Epoch: 476]   [loss avg: 0.7134]   [current loss: 0.0007]
2024-12-29 23:25:13,803| [Epoch: 477]   [loss avg: 0.7119]   [current loss: 0.0006]
2024-12-29 23:25:14,371| [Epoch: 478]   [loss avg: 0.7104]   [current loss: 0.0006]
2024-12-29 23:25:14,740| [Epoch: 479]   [loss avg: 0.7089]   [current loss: 0.0080]
2024-12-29 23:25:15,307| [Epoch: 480]   [loss avg: 0.7075]   [current loss: 0.0010]
2024-12-29 23:25:15,674| [Epoch: 481]   [loss avg: 0.7060]   [current loss: 0.0009]
2024-12-29 23:25:16,242| [Epoch: 482]   [loss avg: 0.7046]   [current loss: 0.0009]
2024-12-29 23:25:16,609| [Epoch: 483]   [loss avg: 0.7050]   [current loss: 0.9179]
2024-12-29 23:25:17,178| [Epoch: 484]   [loss avg: 0.7036]   [current loss: 0.0178]
2024-12-29 23:25:17,566| [Epoch: 485]   [loss avg: 0.7022]   [current loss: 0.0005]
2024-12-29 23:25:18,111| [Epoch: 486]   [loss avg: 0.7009]   [current loss: 0.0026]
2024-12-29 23:25:18,610| [Epoch: 487]   [loss avg: 0.6995]   [current loss: 0.0024]
2024-12-29 23:25:19,035| [Epoch: 488]   [loss avg: 0.6981]   [current loss: 0.0008]
2024-12-29 23:25:19,603| [Epoch: 489]   [loss avg: 0.6967]   [current loss: 0.0058]
2024-12-29 23:25:19,970| [Epoch: 490]   [loss avg: 0.6954]   [current loss: 0.0007]
2024-12-29 23:25:20,538| [Epoch: 491]   [loss avg: 0.6940]   [current loss: 0.0021]
2024-12-29 23:25:20,901| [Epoch: 492]   [loss avg: 0.6926]   [current loss: 0.0013]
2024-12-29 23:25:21,472| [Epoch: 493]   [loss avg: 0.6912]   [current loss: 0.0007]
2024-12-29 23:25:21,842| [Epoch: 494]   [loss avg: 0.6898]   [current loss: 0.0004]
2024-12-29 23:25:22,405| [Epoch: 495]   [loss avg: 0.6884]   [current loss: 0.0009]
2024-12-29 23:25:22,839| [Epoch: 496]   [loss avg: 0.6871]   [current loss: 0.0043]
2024-12-29 23:25:23,340| [Epoch: 497]   [loss avg: 0.6857]   [current loss: 0.0015]
2024-12-29 23:25:23,910| [Epoch: 498]   [loss avg: 0.6843]   [current loss: 0.0008]
2024-12-29 23:25:24,276| [Epoch: 499]   [loss avg: 0.6830]   [current loss: 0.0010]
2024-12-29 23:25:24,846| [Epoch: 500]   [loss avg: 0.6816]   [current loss: 0.0007]
2024-12-29 23:25:25,211| [Epoch: 501]   [loss avg: 0.6803]   [current loss: 0.0049]
2024-12-29 23:25:25,777| [Epoch: 502]   [loss avg: 0.6790]   [current loss: 0.0004]
2024-12-29 23:25:26,141| [Epoch: 503]   [loss avg: 0.6777]   [current loss: 0.0008]
2024-12-29 23:25:26,709| [Epoch: 504]   [loss avg: 0.6763]   [current loss: 0.0005]
2024-12-29 23:25:27,077| [Epoch: 505]   [loss avg: 0.6750]   [current loss: 0.0009]
2024-12-29 23:25:27,642| [Epoch: 506]   [loss avg: 0.6737]   [current loss: 0.0139]
2024-12-29 23:25:28,033| [Epoch: 507]   [loss avg: 0.6724]   [current loss: 0.0018]
2024-12-29 23:25:28,575| [Epoch: 508]   [loss avg: 0.6711]   [current loss: 0.0006]
2024-12-29 23:25:29,142| [Epoch: 509]   [loss avg: 0.6700]   [current loss: 0.0005]
2024-12-29 23:25:29,506| [Epoch: 510]   [loss avg: 0.6687]   [current loss: 0.0006]
2024-12-29 23:25:30,073| [Epoch: 511]   [loss avg: 0.6674]   [current loss: 0.0009]
2024-12-29 23:25:30,441| [Epoch: 512]   [loss avg: 0.6661]   [current loss: 0.0007]
2024-12-29 23:25:31,031| [Epoch: 513]   [loss avg: 0.6649]   [current loss: 0.0004]
2024-12-29 23:25:31,401| [Epoch: 514]   [loss avg: 0.6636]   [current loss: 0.0004]
2024-12-29 23:25:31,985| [Epoch: 515]   [loss avg: 0.6623]   [current loss: 0.0004]
2024-12-29 23:25:32,482| [Epoch: 516]   [loss avg: 0.6610]   [current loss: 0.0006]
2024-12-29 23:25:32,918| [Epoch: 517]   [loss avg: 0.6597]   [current loss: 0.0005]
2024-12-29 23:25:33,492| [Epoch: 518]   [loss avg: 0.6585]   [current loss: 0.0006]
2024-12-29 23:25:33,859| [Epoch: 519]   [loss avg: 0.6572]   [current loss: 0.0006]
2024-12-29 23:25:34,426| [Epoch: 520]   [loss avg: 0.6560]   [current loss: 0.0004]
2024-12-29 23:25:34,792| [Epoch: 521]   [loss avg: 0.6547]   [current loss: 0.0008]
2024-12-29 23:25:35,360| [Epoch: 522]   [loss avg: 0.6535]   [current loss: 0.0008]
2024-12-29 23:25:35,726| [Epoch: 523]   [loss avg: 0.6526]   [current loss: 0.2048]
2024-12-29 23:25:36,291| [Epoch: 524]   [loss avg: 0.6514]   [current loss: 0.0007]
2024-12-29 23:25:36,680| [Epoch: 525]   [loss avg: 0.6502]   [current loss: 0.0014]
2024-12-29 23:25:37,223| [Epoch: 526]   [loss avg: 0.6489]   [current loss: 0.0020]
2024-12-29 23:25:37,799| [Epoch: 527]   [loss avg: 0.6477]   [current loss: 0.0012]
2024-12-29 23:25:38,164| [Epoch: 528]   [loss avg: 0.6465]   [current loss: 0.0003]
2024-12-29 23:25:38,733| [Epoch: 529]   [loss avg: 0.6453]   [current loss: 0.0054]
2024-12-29 23:25:39,098| [Epoch: 530]   [loss avg: 0.6441]   [current loss: 0.0008]
2024-12-29 23:25:39,657| [Epoch: 531]   [loss avg: 0.6429]   [current loss: 0.0002]
2024-12-29 23:25:40,030| [Epoch: 532]   [loss avg: 0.6417]   [current loss: 0.0004]
2024-12-29 23:25:40,602| [Epoch: 533]   [loss avg: 0.6406]   [current loss: 0.0004]
2024-12-29 23:25:40,967| [Epoch: 534]   [loss avg: 0.6394]   [current loss: 0.0004]
2024-12-29 23:25:41,534| [Epoch: 535]   [loss avg: 0.6382]   [current loss: 0.0009]
2024-12-29 23:25:42,037| [Epoch: 536]   [loss avg: 0.6370]   [current loss: 0.0002]
2024-12-29 23:25:42,466| [Epoch: 537]   [loss avg: 0.6358]   [current loss: 0.0003]
2024-12-29 23:25:43,034| [Epoch: 538]   [loss avg: 0.6346]   [current loss: 0.0023]
2024-12-29 23:25:43,400| [Epoch: 539]   [loss avg: 0.6335]   [current loss: 0.0014]
2024-12-29 23:25:43,967| [Epoch: 540]   [loss avg: 0.6323]   [current loss: 0.0003]
2024-12-29 23:25:44,332| [Epoch: 541]   [loss avg: 0.6311]   [current loss: 0.0009]
2024-12-29 23:25:44,900| [Epoch: 542]   [loss avg: 0.6300]   [current loss: 0.0006]
2024-12-29 23:25:45,265| [Epoch: 543]   [loss avg: 0.6288]   [current loss: 0.0007]
2024-12-29 23:25:45,830| [Epoch: 544]   [loss avg: 0.6289]   [current loss: 0.6959]
2024-12-29 23:25:46,332| [Epoch: 545]   [loss avg: 0.6278]   [current loss: 0.0008]
2024-12-29 23:25:46,751| [Epoch: 546]   [loss avg: 0.6267]   [current loss: 0.0020]
2024-12-29 23:25:47,254| [Epoch: 547]   [loss avg: 0.6255]   [current loss: 0.0007]
2024-12-29 23:25:47,685| [Epoch: 548]   [loss avg: 0.6244]   [current loss: 0.0004]
2024-12-29 23:25:48,253| [Epoch: 549]   [loss avg: 0.6233]   [current loss: 0.0003]
2024-12-29 23:25:48,616| [Epoch: 550]   [loss avg: 0.6221]   [current loss: 0.0012]
2024-12-29 23:25:49,188| [Epoch: 551]   [loss avg: 0.6210]   [current loss: 0.0010]
2024-12-29 23:25:49,552| [Epoch: 552]   [loss avg: 0.6199]   [current loss: 0.0005]
2024-12-29 23:25:50,121| [Epoch: 553]   [loss avg: 0.6188]   [current loss: 0.0005]
2024-12-29 23:25:50,488| [Epoch: 554]   [loss avg: 0.6177]   [current loss: 0.0006]
2024-12-29 23:25:51,046| [Epoch: 555]   [loss avg: 0.6166]   [current loss: 0.0060]
2024-12-29 23:25:51,551| [Epoch: 556]   [loss avg: 0.6155]   [current loss: 0.0003]
2024-12-29 23:25:51,981| [Epoch: 557]   [loss avg: 0.6145]   [current loss: 0.0104]
2024-12-29 23:25:52,549| [Epoch: 558]   [loss avg: 0.6134]   [current loss: 0.0008]
2024-12-29 23:25:52,913| [Epoch: 559]   [loss avg: 0.6124]   [current loss: 0.0114]
2024-12-29 23:25:53,475| [Epoch: 560]   [loss avg: 0.6114]   [current loss: 0.0008]
2024-12-29 23:25:53,842| [Epoch: 561]   [loss avg: 0.6103]   [current loss: 0.0056]
2024-12-29 23:25:54,401| [Epoch: 562]   [loss avg: 0.6092]   [current loss: 0.0003]
2024-12-29 23:25:54,764| [Epoch: 563]   [loss avg: 0.6083]   [current loss: 0.0745]
2024-12-29 23:25:55,335| [Epoch: 564]   [loss avg: 0.6072]   [current loss: 0.0038]
2024-12-29 23:25:55,700| [Epoch: 565]   [loss avg: 0.6064]   [current loss: 0.0004]
2024-12-29 23:25:56,264| [Epoch: 566]   [loss avg: 0.6056]   [current loss: 0.1136]
2024-12-29 23:25:56,767| [Epoch: 567]   [loss avg: 0.6045]   [current loss: 0.0003]
2024-12-29 23:25:57,194| [Epoch: 568]   [loss avg: 0.6035]   [current loss: 0.0003]
2024-12-29 23:25:57,764| [Epoch: 569]   [loss avg: 0.6025]   [current loss: 0.0004]
2024-12-29 23:25:58,130| [Epoch: 570]   [loss avg: 0.6014]   [current loss: 0.0009]
2024-12-29 23:25:58,699| [Epoch: 571]   [loss avg: 0.6004]   [current loss: 0.0006]
2024-12-29 23:25:59,063| [Epoch: 572]   [loss avg: 0.5993]   [current loss: 0.0050]
2024-12-29 23:25:59,634| [Epoch: 573]   [loss avg: 0.5983]   [current loss: 0.0010]
2024-12-29 23:26:00,000| [Epoch: 574]   [loss avg: 0.5974]   [current loss: 0.0004]
2024-12-29 23:26:00,555| [Epoch: 575]   [loss avg: 0.5964]   [current loss: 0.0006]
2024-12-29 23:26:00,923| [Epoch: 576]   [loss avg: 0.5954]   [current loss: 0.0003]
2024-12-29 23:26:01,483| [Epoch: 577]   [loss avg: 0.5943]   [current loss: 0.0005]
2024-12-29 23:26:02,093| [Epoch: 578]   [loss avg: 0.5933]   [current loss: 0.0006]
2024-12-29 23:26:02,459| [Epoch: 579]   [loss avg: 0.5923]   [current loss: 0.0034]
2024-12-29 23:26:03,026| [Epoch: 580]   [loss avg: 0.5913]   [current loss: 0.0003]
2024-12-29 23:26:03,393| [Epoch: 581]   [loss avg: 0.5903]   [current loss: 0.0011]
2024-12-29 23:26:04,013| [Epoch: 582]   [loss avg: 0.5893]   [current loss: 0.0214]
2024-12-29 23:26:04,574| [Epoch: 583]   [loss avg: 0.5883]   [current loss: 0.0011]
2024-12-29 23:26:04,941| [Epoch: 584]   [loss avg: 0.5873]   [current loss: 0.0007]
2024-12-29 23:26:05,510| [Epoch: 585]   [loss avg: 0.5865]   [current loss: 0.1199]
2024-12-29 23:26:05,876| [Epoch: 586]   [loss avg: 0.5857]   [current loss: 0.1409]
2024-12-29 23:26:06,441| [Epoch: 587]   [loss avg: 0.5848]   [current loss: 0.0010]
2024-12-29 23:26:06,808| [Epoch: 588]   [loss avg: 0.5838]   [current loss: 0.0007]
2024-12-29 23:26:07,376| [Epoch: 589]   [loss avg: 0.5828]   [current loss: 0.0006]
2024-12-29 23:26:07,811| [Epoch: 590]   [loss avg: 0.5819]   [current loss: 0.0353]
2024-12-29 23:26:08,311| [Epoch: 591]   [loss avg: 0.5810]   [current loss: 0.0009]
2024-12-29 23:26:08,878| [Epoch: 592]   [loss avg: 0.5800]   [current loss: 0.0017]
2024-12-29 23:26:09,246| [Epoch: 593]   [loss avg: 0.5790]   [current loss: 0.0074]
2024-12-29 23:26:09,812| [Epoch: 594]   [loss avg: 0.5781]   [current loss: 0.0008]
2024-12-29 23:26:10,181| [Epoch: 595]   [loss avg: 0.5771]   [current loss: 0.0005]
2024-12-29 23:26:10,742| [Epoch: 596]   [loss avg: 0.5761]   [current loss: 0.0025]
2024-12-29 23:26:11,105| [Epoch: 597]   [loss avg: 0.5752]   [current loss: 0.0009]
2024-12-29 23:26:11,676| [Epoch: 598]   [loss avg: 0.5742]   [current loss: 0.0017]
2024-12-29 23:26:12,091| [Epoch: 599]   [loss avg: 0.5733]   [current loss: 0.0005]
2024-12-29 23:26:12,609| [Epoch: 600]   [loss avg: 0.5723]   [current loss: 0.0058]
2024-12-29 23:26:13,177| [Epoch: 601]   [loss avg: 0.5714]   [current loss: 0.0018]
2024-12-29 23:26:13,545| [Epoch: 602]   [loss avg: 0.5704]   [current loss: 0.0002]
2024-12-29 23:26:14,105| [Epoch: 603]   [loss avg: 0.5695]   [current loss: 0.0007]
2024-12-29 23:26:14,484| [Epoch: 604]   [loss avg: 0.5686]   [current loss: 0.0048]
2024-12-29 23:26:15,060| [Epoch: 605]   [loss avg: 0.5676]   [current loss: 0.0004]
2024-12-29 23:26:15,425| [Epoch: 606]   [loss avg: 0.5667]   [current loss: 0.0006]
2024-12-29 23:26:16,007| [Epoch: 607]   [loss avg: 0.5658]   [current loss: 0.0002]
2024-12-29 23:26:16,526| [Epoch: 608]   [loss avg: 0.5648]   [current loss: 0.0007]
2024-12-29 23:26:16,958| [Epoch: 609]   [loss avg: 0.5639]   [current loss: 0.0002]
2024-12-29 23:26:17,525| [Epoch: 610]   [loss avg: 0.5632]   [current loss: 0.0982]
2024-12-29 23:26:17,889| [Epoch: 611]   [loss avg: 0.5625]   [current loss: 0.0007]
2024-12-29 23:26:18,458| [Epoch: 612]   [loss avg: 0.5616]   [current loss: 0.0012]
2024-12-29 23:26:18,822| [Epoch: 613]   [loss avg: 0.5607]   [current loss: 0.0002]
2024-12-29 23:26:19,406| [Epoch: 614]   [loss avg: 0.5598]   [current loss: 0.0009]
2024-12-29 23:26:19,794| [Epoch: 615]   [loss avg: 0.5589]   [current loss: 0.0004]
2024-12-29 23:26:20,339| [Epoch: 616]   [loss avg: 0.5580]   [current loss: 0.0009]
2024-12-29 23:26:20,838| [Epoch: 617]   [loss avg: 0.5571]   [current loss: 0.0004]
2024-12-29 23:26:21,264| [Epoch: 618]   [loss avg: 0.5563]   [current loss: 0.0002]
2024-12-29 23:26:21,843| [Epoch: 619]   [loss avg: 0.5554]   [current loss: 0.0003]
2024-12-29 23:26:22,208| [Epoch: 620]   [loss avg: 0.5545]   [current loss: 0.0005]
2024-12-29 23:26:22,774| [Epoch: 621]   [loss avg: 0.5537]   [current loss: 0.0256]
2024-12-29 23:26:23,140| [Epoch: 622]   [loss avg: 0.5528]   [current loss: 0.0004]
2024-12-29 23:26:23,705| [Epoch: 623]   [loss avg: 0.5520]   [current loss: 0.0623]
2024-12-29 23:26:24,069| [Epoch: 624]   [loss avg: 0.5511]   [current loss: 0.0004]
2024-12-29 23:26:24,634| [Epoch: 625]   [loss avg: 0.5503]   [current loss: 0.0005]
2024-12-29 23:26:25,140| [Epoch: 626]   [loss avg: 0.5494]   [current loss: 0.0003]
2024-12-29 23:26:25,572| [Epoch: 627]   [loss avg: 0.5486]   [current loss: 0.0372]
2024-12-29 23:26:26,143| [Epoch: 628]   [loss avg: 0.5477]   [current loss: 0.0004]
2024-12-29 23:26:26,507| [Epoch: 629]   [loss avg: 0.5468]   [current loss: 0.0021]
2024-12-29 23:26:27,081| [Epoch: 630]   [loss avg: 0.5460]   [current loss: 0.0006]
2024-12-29 23:26:27,447| [Epoch: 631]   [loss avg: 0.5451]   [current loss: 0.0007]
2024-12-29 23:26:28,005| [Epoch: 632]   [loss avg: 0.5443]   [current loss: 0.0002]
2024-12-29 23:26:28,372| [Epoch: 633]   [loss avg: 0.5434]   [current loss: 0.0006]
2024-12-29 23:26:28,937| [Epoch: 634]   [loss avg: 0.5426]   [current loss: 0.0202]
2024-12-29 23:26:29,304| [Epoch: 635]   [loss avg: 0.5417]   [current loss: 0.0005]
2024-12-29 23:26:29,867| [Epoch: 636]   [loss avg: 0.5409]   [current loss: 0.0004]
2024-12-29 23:26:30,371| [Epoch: 637]   [loss avg: 0.5401]   [current loss: 0.0004]
2024-12-29 23:26:30,799| [Epoch: 638]   [loss avg: 0.5393]   [current loss: 0.0020]
2024-12-29 23:26:31,370| [Epoch: 639]   [loss avg: 0.5384]   [current loss: 0.0003]
2024-12-29 23:26:31,737| [Epoch: 640]   [loss avg: 0.5376]   [current loss: 0.0029]
2024-12-29 23:26:32,305| [Epoch: 641]   [loss avg: 0.5368]   [current loss: 0.0003]
2024-12-29 23:26:32,671| [Epoch: 642]   [loss avg: 0.5359]   [current loss: 0.0004]
2024-12-29 23:26:33,239| [Epoch: 643]   [loss avg: 0.5351]   [current loss: 0.0007]
2024-12-29 23:26:33,604| [Epoch: 644]   [loss avg: 0.5343]   [current loss: 0.0005]
2024-12-29 23:26:34,176| [Epoch: 645]   [loss avg: 0.5335]   [current loss: 0.0003]
2024-12-29 23:26:34,674| [Epoch: 646]   [loss avg: 0.5326]   [current loss: 0.0007]
2024-12-29 23:26:35,093| [Epoch: 647]   [loss avg: 0.5318]   [current loss: 0.0050]
2024-12-29 23:26:35,595| [Epoch: 648]   [loss avg: 0.5310]   [current loss: 0.0002]
2024-12-29 23:26:36,025| [Epoch: 649]   [loss avg: 0.5302]   [current loss: 0.0016]
2024-12-29 23:26:36,597| [Epoch: 650]   [loss avg: 0.5295]   [current loss: 0.1072]
2024-12-29 23:26:36,965| [Epoch: 651]   [loss avg: 0.5287]   [current loss: 0.0057]
2024-12-29 23:26:37,531| [Epoch: 652]   [loss avg: 0.5279]   [current loss: 0.0005]
2024-12-29 23:26:37,898| [Epoch: 653]   [loss avg: 0.5271]   [current loss: 0.0002]
2024-12-29 23:26:38,464| [Epoch: 654]   [loss avg: 0.5263]   [current loss: 0.0004]
2024-12-29 23:26:38,828| [Epoch: 655]   [loss avg: 0.5255]   [current loss: 0.0007]
2024-12-29 23:26:39,394| [Epoch: 656]   [loss avg: 0.5247]   [current loss: 0.0005]
2024-12-29 23:26:39,896| [Epoch: 657]   [loss avg: 0.5239]   [current loss: 0.0004]
2024-12-29 23:26:40,326| [Epoch: 658]   [loss avg: 0.5231]   [current loss: 0.0004]
2024-12-29 23:26:40,893| [Epoch: 659]   [loss avg: 0.5224]   [current loss: 0.0002]
2024-12-29 23:26:41,259| [Epoch: 660]   [loss avg: 0.5216]   [current loss: 0.0004]
2024-12-29 23:26:41,817| [Epoch: 661]   [loss avg: 0.5210]   [current loss: 0.1682]
2024-12-29 23:26:42,183| [Epoch: 662]   [loss avg: 0.5202]   [current loss: 0.0004]
2024-12-29 23:26:42,748| [Epoch: 663]   [loss avg: 0.5195]   [current loss: 0.0007]
2024-12-29 23:26:43,114| [Epoch: 664]   [loss avg: 0.5187]   [current loss: 0.0002]
2024-12-29 23:26:43,690| [Epoch: 665]   [loss avg: 0.5179]   [current loss: 0.0012]
2024-12-29 23:26:44,078| [Epoch: 666]   [loss avg: 0.5171]   [current loss: 0.0014]
2024-12-29 23:26:44,622| [Epoch: 667]   [loss avg: 0.5164]   [current loss: 0.0010]
2024-12-29 23:26:45,191| [Epoch: 668]   [loss avg: 0.5156]   [current loss: 0.0002]
2024-12-29 23:26:45,558| [Epoch: 669]   [loss avg: 0.5148]   [current loss: 0.0004]
2024-12-29 23:26:46,126| [Epoch: 670]   [loss avg: 0.5141]   [current loss: 0.0002]
2024-12-29 23:26:46,506| [Epoch: 671]   [loss avg: 0.5133]   [current loss: 0.0005]
2024-12-29 23:26:47,076| [Epoch: 672]   [loss avg: 0.5125]   [current loss: 0.0004]
2024-12-29 23:26:47,446| [Epoch: 673]   [loss avg: 0.5118]   [current loss: 0.0004]
2024-12-29 23:26:48,022| [Epoch: 674]   [loss avg: 0.5110]   [current loss: 0.0002]
2024-12-29 23:26:48,520| [Epoch: 675]   [loss avg: 0.5103]   [current loss: 0.0020]
2024-12-29 23:26:48,942| [Epoch: 676]   [loss avg: 0.5095]   [current loss: 0.0005]
2024-12-29 23:26:49,511| [Epoch: 677]   [loss avg: 0.5088]   [current loss: 0.0023]
2024-12-29 23:26:49,878| [Epoch: 678]   [loss avg: 0.5080]   [current loss: 0.0003]
2024-12-29 23:26:50,447| [Epoch: 679]   [loss avg: 0.5073]   [current loss: 0.0003]
2024-12-29 23:26:50,813| [Epoch: 680]   [loss avg: 0.5068]   [current loss: 0.0025]
2024-12-29 23:26:51,382| [Epoch: 681]   [loss avg: 0.5061]   [current loss: 0.0001]
2024-12-29 23:26:51,757| [Epoch: 682]   [loss avg: 0.5053]   [current loss: 0.0004]
2024-12-29 23:26:52,322| [Epoch: 683]   [loss avg: 0.5046]   [current loss: 0.0012]
2024-12-29 23:26:52,824| [Epoch: 684]   [loss avg: 0.5038]   [current loss: 0.0002]
2024-12-29 23:26:53,253| [Epoch: 685]   [loss avg: 0.5031]   [current loss: 0.0002]
2024-12-29 23:26:53,824| [Epoch: 686]   [loss avg: 0.5024]   [current loss: 0.0001]
2024-12-29 23:26:54,240| [Epoch: 687]   [loss avg: 0.5017]   [current loss: 0.0013]
2024-12-29 23:26:54,807| [Epoch: 688]   [loss avg: 0.5009]   [current loss: 0.0003]
2024-12-29 23:26:55,305| [Epoch: 689]   [loss avg: 0.5002]   [current loss: 0.0002]
2024-12-29 23:26:55,730| [Epoch: 690]   [loss avg: 0.4995]   [current loss: 0.0019]
2024-12-29 23:26:56,297| [Epoch: 691]   [loss avg: 0.4988]   [current loss: 0.0003]
2024-12-29 23:26:56,664| [Epoch: 692]   [loss avg: 0.4981]   [current loss: 0.0002]
2024-12-29 23:26:57,245| [Epoch: 693]   [loss avg: 0.4973]   [current loss: 0.0004]
2024-12-29 23:26:57,623| [Epoch: 694]   [loss avg: 0.4967]   [current loss: 0.0720]
2024-12-29 23:26:58,192| [Epoch: 695]   [loss avg: 0.4961]   [current loss: 0.0009]
2024-12-29 23:26:58,560| [Epoch: 696]   [loss avg: 0.4954]   [current loss: 0.0012]
2024-12-29 23:26:59,123| [Epoch: 697]   [loss avg: 0.4947]   [current loss: 0.0035]
2024-12-29 23:26:59,708| [Epoch: 698]   [loss avg: 0.4940]   [current loss: 0.0008]
2024-12-29 23:27:00,077| [Epoch: 699]   [loss avg: 0.4933]   [current loss: 0.0008]
2024-12-29 23:27:00,650| [Epoch: 700]   [loss avg: 0.4926]   [current loss: 0.0001]
2024-12-29 23:27:01,022| [Epoch: 701]   [loss avg: 0.4919]   [current loss: 0.0014]
2024-12-29 23:27:01,593| [Epoch: 702]   [loss avg: 0.4912]   [current loss: 0.0002]
2024-12-29 23:27:01,963| [Epoch: 703]   [loss avg: 0.4905]   [current loss: 0.0003]
2024-12-29 23:27:02,517| [Epoch: 704]   [loss avg: 0.4898]   [current loss: 0.0003]
2024-12-29 23:27:02,883| [Epoch: 705]   [loss avg: 0.4891]   [current loss: 0.0002]
2024-12-29 23:27:03,448| [Epoch: 706]   [loss avg: 0.4885]   [current loss: 0.0010]
2024-12-29 23:27:03,949| [Epoch: 707]   [loss avg: 0.4878]   [current loss: 0.0010]
2024-12-29 23:27:04,377| [Epoch: 708]   [loss avg: 0.4871]   [current loss: 0.0002]
2024-12-29 23:27:04,945| [Epoch: 709]   [loss avg: 0.4864]   [current loss: 0.0002]
2024-12-29 23:27:05,310| [Epoch: 710]   [loss avg: 0.4857]   [current loss: 0.0014]
2024-12-29 23:27:05,882| [Epoch: 711]   [loss avg: 0.4850]   [current loss: 0.0006]
2024-12-29 23:27:06,247| [Epoch: 712]   [loss avg: 0.4844]   [current loss: 0.0021]
2024-12-29 23:27:06,813| [Epoch: 713]   [loss avg: 0.4837]   [current loss: 0.0001]
2024-12-29 23:27:07,182| [Epoch: 714]   [loss avg: 0.4830]   [current loss: 0.0002]
2024-12-29 23:27:07,748| [Epoch: 715]   [loss avg: 0.4823]   [current loss: 0.0001]
2024-12-29 23:27:08,323| [Epoch: 716]   [loss avg: 0.4817]   [current loss: 0.0002]
2024-12-29 23:27:08,690| [Epoch: 717]   [loss avg: 0.4810]   [current loss: 0.0001]
2024-12-29 23:27:09,247| [Epoch: 718]   [loss avg: 0.4803]   [current loss: 0.0005]
2024-12-29 23:27:09,613| [Epoch: 719]   [loss avg: 0.4797]   [current loss: 0.0006]
2024-12-29 23:27:10,178| [Epoch: 720]   [loss avg: 0.4790]   [current loss: 0.0006]
2024-12-29 23:27:10,541| [Epoch: 721]   [loss avg: 0.4783]   [current loss: 0.0008]
2024-12-29 23:27:11,109| [Epoch: 722]   [loss avg: 0.4777]   [current loss: 0.0004]
2024-12-29 23:27:11,474| [Epoch: 723]   [loss avg: 0.4770]   [current loss: 0.0002]
2024-12-29 23:27:12,042| [Epoch: 724]   [loss avg: 0.4764]   [current loss: 0.0002]
2024-12-29 23:27:12,406| [Epoch: 725]   [loss avg: 0.4757]   [current loss: 0.0023]
2024-12-29 23:27:12,975| [Epoch: 726]   [loss avg: 0.4750]   [current loss: 0.0007]
2024-12-29 23:27:13,360| [Epoch: 727]   [loss avg: 0.4744]   [current loss: 0.0004]
2024-12-29 23:27:13,900| [Epoch: 728]   [loss avg: 0.4737]   [current loss: 0.0001]
2024-12-29 23:27:14,475| [Epoch: 729]   [loss avg: 0.4731]   [current loss: 0.0010]
2024-12-29 23:27:14,840| [Epoch: 730]   [loss avg: 0.4725]   [current loss: 0.0001]
2024-12-29 23:27:15,407| [Epoch: 731]   [loss avg: 0.4718]   [current loss: 0.0005]
2024-12-29 23:27:15,774| [Epoch: 732]   [loss avg: 0.4712]   [current loss: 0.0001]
2024-12-29 23:27:16,342| [Epoch: 733]   [loss avg: 0.4705]   [current loss: 0.0003]
2024-12-29 23:27:16,708| [Epoch: 734]   [loss avg: 0.4699]   [current loss: 0.0007]
2024-12-29 23:27:17,275| [Epoch: 735]   [loss avg: 0.4692]   [current loss: 0.0002]
2024-12-29 23:27:17,643| [Epoch: 736]   [loss avg: 0.4686]   [current loss: 0.0009]
2024-12-29 23:27:18,208| [Epoch: 737]   [loss avg: 0.4680]   [current loss: 0.0002]
2024-12-29 23:27:18,711| [Epoch: 738]   [loss avg: 0.4673]   [current loss: 0.0001]
2024-12-29 23:27:19,140| [Epoch: 739]   [loss avg: 0.4667]   [current loss: 0.0005]
2024-12-29 23:27:19,711| [Epoch: 740]   [loss avg: 0.4661]   [current loss: 0.0001]
2024-12-29 23:27:20,076| [Epoch: 741]   [loss avg: 0.4655]   [current loss: 0.0001]
2024-12-29 23:27:20,643| [Epoch: 742]   [loss avg: 0.4648]   [current loss: 0.0003]
2024-12-29 23:27:21,009| [Epoch: 743]   [loss avg: 0.4642]   [current loss: 0.0002]
2024-12-29 23:27:21,585| [Epoch: 744]   [loss avg: 0.4638]   [current loss: 0.0156]
2024-12-29 23:27:21,953| [Epoch: 745]   [loss avg: 0.4632]   [current loss: 0.0001]
2024-12-29 23:27:22,526| [Epoch: 746]   [loss avg: 0.4626]   [current loss: 0.0004]
2024-12-29 23:27:23,028| [Epoch: 747]   [loss avg: 0.4622]   [current loss: 0.2078]
2024-12-29 23:27:23,447| [Epoch: 748]   [loss avg: 0.4616]   [current loss: 0.0004]
2024-12-29 23:27:23,948| [Epoch: 749]   [loss avg: 0.4610]   [current loss: 0.0002]
2024-12-29 23:27:24,377| [Epoch: 750]   [loss avg: 0.4604]   [current loss: 0.0002]
2024-12-29 23:27:24,948| [Epoch: 751]   [loss avg: 0.4598]   [current loss: 0.0017]
2024-12-29 23:27:25,314| [Epoch: 752]   [loss avg: 0.4592]   [current loss: 0.0002]
2024-12-29 23:27:25,881| [Epoch: 753]   [loss avg: 0.4586]   [current loss: 0.0001]
2024-12-29 23:27:26,246| [Epoch: 754]   [loss avg: 0.4580]   [current loss: 0.0009]
2024-12-29 23:27:26,820| [Epoch: 755]   [loss avg: 0.4574]   [current loss: 0.0002]
2024-12-29 23:27:27,185| [Epoch: 756]   [loss avg: 0.4568]   [current loss: 0.0002]
2024-12-29 23:27:27,752| [Epoch: 757]   [loss avg: 0.4562]   [current loss: 0.0002]
2024-12-29 23:27:28,254| [Epoch: 758]   [loss avg: 0.4556]   [current loss: 0.0001]
2024-12-29 23:27:28,687| [Epoch: 759]   [loss avg: 0.4550]   [current loss: 0.0003]
2024-12-29 23:27:29,258| [Epoch: 760]   [loss avg: 0.4544]   [current loss: 0.0001]
2024-12-29 23:27:29,624| [Epoch: 761]   [loss avg: 0.4538]   [current loss: 0.0006]
2024-12-29 23:27:30,178| [Epoch: 762]   [loss avg: 0.4532]   [current loss: 0.0002]
2024-12-29 23:27:30,544| [Epoch: 763]   [loss avg: 0.4528]   [current loss: 0.1518]
2024-12-29 23:27:31,122| [Epoch: 764]   [loss avg: 0.4522]   [current loss: 0.0002]
2024-12-29 23:27:31,486| [Epoch: 765]   [loss avg: 0.4516]   [current loss: 0.0002]
2024-12-29 23:27:32,058| [Epoch: 766]   [loss avg: 0.4513]   [current loss: 0.0007]
2024-12-29 23:27:32,482| [Epoch: 767]   [loss avg: 0.4507]   [current loss: 0.0005]
2024-12-29 23:27:32,990| [Epoch: 768]   [loss avg: 0.4501]   [current loss: 0.0058]
2024-12-29 23:27:33,559| [Epoch: 769]   [loss avg: 0.4495]   [current loss: 0.0001]
2024-12-29 23:27:33,925| [Epoch: 770]   [loss avg: 0.4489]   [current loss: 0.0004]
2024-12-29 23:27:34,494| [Epoch: 771]   [loss avg: 0.4484]   [current loss: 0.0004]
2024-12-29 23:27:34,859| [Epoch: 772]   [loss avg: 0.4478]   [current loss: 0.0003]
2024-12-29 23:27:35,433| [Epoch: 773]   [loss avg: 0.4472]   [current loss: 0.0002]
2024-12-29 23:27:35,801| [Epoch: 774]   [loss avg: 0.4466]   [current loss: 0.0001]
2024-12-29 23:27:36,369| [Epoch: 775]   [loss avg: 0.4461]   [current loss: 0.0001]
2024-12-29 23:27:36,757| [Epoch: 776]   [loss avg: 0.4455]   [current loss: 0.0001]
2024-12-29 23:27:37,288| [Epoch: 777]   [loss avg: 0.4449]   [current loss: 0.0001]
2024-12-29 23:27:37,681| [Epoch: 778]   [loss avg: 0.4443]   [current loss: 0.0015]
2024-12-29 23:27:38,220| [Epoch: 779]   [loss avg: 0.4438]   [current loss: 0.0001]
2024-12-29 23:27:38,788| [Epoch: 780]   [loss avg: 0.4432]   [current loss: 0.0091]
2024-12-29 23:27:39,151| [Epoch: 781]   [loss avg: 0.4426]   [current loss: 0.0002]
2024-12-29 23:27:39,720| [Epoch: 782]   [loss avg: 0.4421]   [current loss: 0.0036]
2024-12-29 23:27:40,084| [Epoch: 783]   [loss avg: 0.4416]   [current loss: 0.0002]
2024-12-29 23:27:40,675| [Epoch: 784]   [loss avg: 0.4411]   [current loss: 0.0008]
2024-12-29 23:27:41,044| [Epoch: 785]   [loss avg: 0.4405]   [current loss: 0.0017]
2024-12-29 23:27:41,619| [Epoch: 786]   [loss avg: 0.4400]   [current loss: 0.0032]
2024-12-29 23:27:42,121| [Epoch: 787]   [loss avg: 0.4394]   [current loss: 0.0284]
2024-12-29 23:27:42,561| [Epoch: 788]   [loss avg: 0.4389]   [current loss: 0.0001]
2024-12-29 23:27:43,133| [Epoch: 789]   [loss avg: 0.4383]   [current loss: 0.0036]
2024-12-29 23:27:43,518| [Epoch: 790]   [loss avg: 0.4378]   [current loss: 0.0010]
2024-12-29 23:27:44,077| [Epoch: 791]   [loss avg: 0.4372]   [current loss: 0.0002]
2024-12-29 23:27:44,445| [Epoch: 792]   [loss avg: 0.4367]   [current loss: 0.0003]
2024-12-29 23:27:45,011| [Epoch: 793]   [loss avg: 0.4361]   [current loss: 0.0001]
2024-12-29 23:27:45,376| [Epoch: 794]   [loss avg: 0.4357]   [current loss: 0.0045]
2024-12-29 23:27:45,940| [Epoch: 795]   [loss avg: 0.4351]   [current loss: 0.0002]
2024-12-29 23:27:46,441| [Epoch: 796]   [loss avg: 0.4346]   [current loss: 0.0004]
2024-12-29 23:27:46,873| [Epoch: 797]   [loss avg: 0.4341]   [current loss: 0.0013]
2024-12-29 23:27:47,442| [Epoch: 798]   [loss avg: 0.4335]   [current loss: 0.0012]
2024-12-29 23:27:47,810| [Epoch: 799]   [loss avg: 0.4330]   [current loss: 0.0001]
2024-12-29 23:27:48,426| [Epoch: 800]   [loss avg: 0.4324]   [current loss: 0.0009]
2024-12-29 23:27:48,998| [Epoch: 801]   [loss avg: 0.4319]   [current loss: 0.0063]
2024-12-29 23:27:49,366| [Epoch: 802]   [loss avg: 0.4314]   [current loss: 0.0019]
2024-12-29 23:27:49,946| [Epoch: 803]   [loss avg: 0.4308]   [current loss: 0.0002]
2024-12-29 23:27:50,313| [Epoch: 804]   [loss avg: 0.4303]   [current loss: 0.0017]
2024-12-29 23:27:50,878| [Epoch: 805]   [loss avg: 0.4298]   [current loss: 0.0003]
2024-12-29 23:27:51,249| [Epoch: 806]   [loss avg: 0.4292]   [current loss: 0.0002]
2024-12-29 23:27:51,823| [Epoch: 807]   [loss avg: 0.4287]   [current loss: 0.0003]
2024-12-29 23:27:52,261| [Epoch: 808]   [loss avg: 0.4282]   [current loss: 0.0004]
2024-12-29 23:27:52,744| [Epoch: 809]   [loss avg: 0.4277]   [current loss: 0.0002]
2024-12-29 23:27:53,230| [Epoch: 810]   [loss avg: 0.4271]   [current loss: 0.0050]
2024-12-29 23:27:53,655| [Epoch: 811]   [loss avg: 0.4266]   [current loss: 0.0022]
2024-12-29 23:27:54,223| [Epoch: 812]   [loss avg: 0.4261]   [current loss: 0.0015]
2024-12-29 23:27:54,590| [Epoch: 813]   [loss avg: 0.4256]   [current loss: 0.0001]
2024-12-29 23:27:55,158| [Epoch: 814]   [loss avg: 0.4251]   [current loss: 0.0005]
2024-12-29 23:27:55,523| [Epoch: 815]   [loss avg: 0.4246]   [current loss: 0.0003]
2024-12-29 23:27:56,098| [Epoch: 816]   [loss avg: 0.4241]   [current loss: 0.0003]
2024-12-29 23:27:56,463| [Epoch: 817]   [loss avg: 0.4235]   [current loss: 0.0002]
2024-12-29 23:27:57,032| [Epoch: 818]   [loss avg: 0.4231]   [current loss: 0.0003]
2024-12-29 23:27:57,398| [Epoch: 819]   [loss avg: 0.4226]   [current loss: 0.0004]
2024-12-29 23:27:57,958| [Epoch: 820]   [loss avg: 0.4221]   [current loss: 0.0153]
2024-12-29 23:27:58,352| [Epoch: 821]   [loss avg: 0.4216]   [current loss: 0.0047]
2024-12-29 23:27:58,891| [Epoch: 822]   [loss avg: 0.4211]   [current loss: 0.0012]
2024-12-29 23:27:59,458| [Epoch: 823]   [loss avg: 0.4206]   [current loss: 0.0002]
2024-12-29 23:27:59,823| [Epoch: 824]   [loss avg: 0.4201]   [current loss: 0.0001]
2024-12-29 23:28:00,394| [Epoch: 825]   [loss avg: 0.4196]   [current loss: 0.0002]
2024-12-29 23:28:00,763| [Epoch: 826]   [loss avg: 0.4191]   [current loss: 0.0004]
2024-12-29 23:28:01,327| [Epoch: 827]   [loss avg: 0.4186]   [current loss: 0.0001]
2024-12-29 23:28:01,692| [Epoch: 828]   [loss avg: 0.4181]   [current loss: 0.0020]
2024-12-29 23:28:02,266| [Epoch: 829]   [loss avg: 0.4176]   [current loss: 0.0003]
2024-12-29 23:28:02,776| [Epoch: 830]   [loss avg: 0.4171]   [current loss: 0.0001]
2024-12-29 23:28:03,207| [Epoch: 831]   [loss avg: 0.4166]   [current loss: 0.0006]
2024-12-29 23:28:03,773| [Epoch: 832]   [loss avg: 0.4161]   [current loss: 0.0002]
2024-12-29 23:28:04,140| [Epoch: 833]   [loss avg: 0.4156]   [current loss: 0.0001]
2024-12-29 23:28:04,694| [Epoch: 834]   [loss avg: 0.4151]   [current loss: 0.0292]
2024-12-29 23:28:05,060| [Epoch: 835]   [loss avg: 0.4146]   [current loss: 0.0001]
2024-12-29 23:28:05,620| [Epoch: 836]   [loss avg: 0.4141]   [current loss: 0.0001]
2024-12-29 23:28:05,986| [Epoch: 837]   [loss avg: 0.4136]   [current loss: 0.0003]
2024-12-29 23:28:06,551| [Epoch: 838]   [loss avg: 0.4131]   [current loss: 0.0001]
2024-12-29 23:28:06,975| [Epoch: 839]   [loss avg: 0.4127]   [current loss: 0.0002]
2024-12-29 23:28:07,498| [Epoch: 840]   [loss avg: 0.4122]   [current loss: 0.0002]
2024-12-29 23:28:08,064| [Epoch: 841]   [loss avg: 0.4117]   [current loss: 0.0002]
2024-12-29 23:28:08,430| [Epoch: 842]   [loss avg: 0.4112]   [current loss: 0.0008]
2024-12-29 23:28:08,999| [Epoch: 843]   [loss avg: 0.4107]   [current loss: 0.0002]
2024-12-29 23:28:09,366| [Epoch: 844]   [loss avg: 0.4102]   [current loss: 0.0002]
2024-12-29 23:28:09,937| [Epoch: 845]   [loss avg: 0.4097]   [current loss: 0.0002]
2024-12-29 23:28:10,307| [Epoch: 846]   [loss avg: 0.4093]   [current loss: 0.0002]
2024-12-29 23:28:10,871| [Epoch: 847]   [loss avg: 0.4088]   [current loss: 0.0003]
2024-12-29 23:28:11,237| [Epoch: 848]   [loss avg: 0.4083]   [current loss: 0.0001]
2024-12-29 23:28:11,796| [Epoch: 849]   [loss avg: 0.4078]   [current loss: 0.0006]
2024-12-29 23:28:12,239| [Epoch: 850]   [loss avg: 0.4073]   [current loss: 0.0002]
2024-12-29 23:28:12,717| [Epoch: 851]   [loss avg: 0.4069]   [current loss: 0.0002]
2024-12-29 23:28:13,095| [Epoch: 852]   [loss avg: 0.4064]   [current loss: 0.0002]
2024-12-29 23:28:13,647| [Epoch: 853]   [loss avg: 0.4059]   [current loss: 0.0001]
2024-12-29 23:28:14,217| [Epoch: 854]   [loss avg: 0.4054]   [current loss: 0.0003]
2024-12-29 23:28:14,584| [Epoch: 855]   [loss avg: 0.4050]   [current loss: 0.0003]
2024-12-29 23:28:15,152| [Epoch: 856]   [loss avg: 0.4045]   [current loss: 0.0004]
2024-12-29 23:28:15,520| [Epoch: 857]   [loss avg: 0.4040]   [current loss: 0.0001]
2024-12-29 23:28:16,085| [Epoch: 858]   [loss avg: 0.4036]   [current loss: 0.0001]
2024-12-29 23:28:16,453| [Epoch: 859]   [loss avg: 0.4031]   [current loss: 0.0001]
2024-12-29 23:28:17,020| [Epoch: 860]   [loss avg: 0.4026]   [current loss: 0.0019]
2024-12-29 23:28:17,409| [Epoch: 861]   [loss avg: 0.4021]   [current loss: 0.0002]
2024-12-29 23:28:17,950| [Epoch: 862]   [loss avg: 0.4017]   [current loss: 0.0001]
2024-12-29 23:28:18,448| [Epoch: 863]   [loss avg: 0.4012]   [current loss: 0.0003]
2024-12-29 23:28:18,872| [Epoch: 864]   [loss avg: 0.4008]   [current loss: 0.0001]
2024-12-29 23:28:19,439| [Epoch: 865]   [loss avg: 0.4003]   [current loss: 0.0003]
2024-12-29 23:28:19,804| [Epoch: 866]   [loss avg: 0.3998]   [current loss: 0.0002]
2024-12-29 23:28:20,368| [Epoch: 867]   [loss avg: 0.3994]   [current loss: 0.0006]
2024-12-29 23:28:20,733| [Epoch: 868]   [loss avg: 0.3989]   [current loss: 0.0005]
2024-12-29 23:28:21,293| [Epoch: 869]   [loss avg: 0.3985]   [current loss: 0.0007]
2024-12-29 23:28:21,659| [Epoch: 870]   [loss avg: 0.3980]   [current loss: 0.0010]
2024-12-29 23:28:22,228| [Epoch: 871]   [loss avg: 0.3975]   [current loss: 0.0001]
2024-12-29 23:28:22,595| [Epoch: 872]   [loss avg: 0.3971]   [current loss: 0.0001]
2024-12-29 23:28:23,158| [Epoch: 873]   [loss avg: 0.3966]   [current loss: 0.0003]
2024-12-29 23:28:23,663| [Epoch: 874]   [loss avg: 0.3962]   [current loss: 0.0001]
2024-12-29 23:28:24,113| [Epoch: 875]   [loss avg: 0.3957]   [current loss: 0.0001]
2024-12-29 23:28:24,683| [Epoch: 876]   [loss avg: 0.3953]   [current loss: 0.0001]
2024-12-29 23:28:25,051| [Epoch: 877]   [loss avg: 0.3948]   [current loss: 0.0002]
2024-12-29 23:28:25,609| [Epoch: 878]   [loss avg: 0.3944]   [current loss: 0.0001]
2024-12-29 23:28:25,997| [Epoch: 879]   [loss avg: 0.3939]   [current loss: 0.0001]
2024-12-29 23:28:26,563| [Epoch: 880]   [loss avg: 0.3935]   [current loss: 0.0001]
2024-12-29 23:28:26,932| [Epoch: 881]   [loss avg: 0.3930]   [current loss: 0.0007]
2024-12-29 23:28:27,499| [Epoch: 882]   [loss avg: 0.3926]   [current loss: 0.0007]
2024-12-29 23:28:27,999| [Epoch: 883]   [loss avg: 0.3922]   [current loss: 0.0001]
2024-12-29 23:28:28,431| [Epoch: 884]   [loss avg: 0.3917]   [current loss: 0.0002]
2024-12-29 23:28:29,000| [Epoch: 885]   [loss avg: 0.3913]   [current loss: 0.0001]
2024-12-29 23:28:29,365| [Epoch: 886]   [loss avg: 0.3908]   [current loss: 0.0002]
2024-12-29 23:28:29,933| [Epoch: 887]   [loss avg: 0.3904]   [current loss: 0.0002]
2024-12-29 23:28:30,298| [Epoch: 888]   [loss avg: 0.3900]   [current loss: 0.0003]
2024-12-29 23:28:30,864| [Epoch: 889]   [loss avg: 0.3895]   [current loss: 0.0002]
2024-12-29 23:28:31,230| [Epoch: 890]   [loss avg: 0.3891]   [current loss: 0.0004]
2024-12-29 23:28:31,797| [Epoch: 891]   [loss avg: 0.3886]   [current loss: 0.0001]
2024-12-29 23:28:32,305| [Epoch: 892]   [loss avg: 0.3882]   [current loss: 0.0002]
2024-12-29 23:28:32,729| [Epoch: 893]   [loss avg: 0.3878]   [current loss: 0.0002]
2024-12-29 23:28:33,296| [Epoch: 894]   [loss avg: 0.3873]   [current loss: 0.0003]
2024-12-29 23:28:33,664| [Epoch: 895]   [loss avg: 0.3869]   [current loss: 0.0002]
2024-12-29 23:28:34,236| [Epoch: 896]   [loss avg: 0.3865]   [current loss: 0.0007]
2024-12-29 23:28:34,603| [Epoch: 897]   [loss avg: 0.3861]   [current loss: 0.0007]
2024-12-29 23:28:35,168| [Epoch: 898]   [loss avg: 0.3856]   [current loss: 0.0019]
2024-12-29 23:28:35,536| [Epoch: 899]   [loss avg: 0.3852]   [current loss: 0.0002]
2024-12-29 23:28:36,101| [Epoch: 900]   [loss avg: 0.3848]   [current loss: 0.0038]
2024-12-29 23:28:36,469| [Epoch: 901]   [loss avg: 0.3844]   [current loss: 0.0001]
2024-12-29 23:28:37,033| [Epoch: 902]   [loss avg: 0.3839]   [current loss: 0.0002]
2024-12-29 23:28:37,607| [Epoch: 903]   [loss avg: 0.3835]   [current loss: 0.0141]
2024-12-29 23:28:37,975| [Epoch: 904]   [loss avg: 0.3832]   [current loss: 0.0552]
2024-12-29 23:28:38,543| [Epoch: 905]   [loss avg: 0.3827]   [current loss: 0.0002]
2024-12-29 23:28:38,908| [Epoch: 906]   [loss avg: 0.3823]   [current loss: 0.0014]
2024-12-29 23:28:39,464| [Epoch: 907]   [loss avg: 0.3819]   [current loss: 0.0001]
2024-12-29 23:28:39,827| [Epoch: 908]   [loss avg: 0.3815]   [current loss: 0.0014]
2024-12-29 23:28:40,398| [Epoch: 909]   [loss avg: 0.3811]   [current loss: 0.0002]
2024-12-29 23:28:40,764| [Epoch: 910]   [loss avg: 0.3806]   [current loss: 0.0001]
2024-12-29 23:28:41,332| [Epoch: 911]   [loss avg: 0.3802]   [current loss: 0.0004]
2024-12-29 23:28:41,727| [Epoch: 912]   [loss avg: 0.3798]   [current loss: 0.0003]
2024-12-29 23:28:42,264| [Epoch: 913]   [loss avg: 0.3794]   [current loss: 0.0002]
2024-12-29 23:28:42,874| [Epoch: 914]   [loss avg: 0.3790]   [current loss: 0.0011]
2024-12-29 23:28:43,241| [Epoch: 915]   [loss avg: 0.3786]   [current loss: 0.0002]
2024-12-29 23:28:43,805| [Epoch: 916]   [loss avg: 0.3782]   [current loss: 0.0003]
2024-12-29 23:28:44,192| [Epoch: 917]   [loss avg: 0.3778]   [current loss: 0.0004]
2024-12-29 23:28:44,740| [Epoch: 918]   [loss avg: 0.3773]   [current loss: 0.0028]
2024-12-29 23:28:45,309| [Epoch: 919]   [loss avg: 0.3770]   [current loss: 0.0558]
2024-12-29 23:28:45,675| [Epoch: 920]   [loss avg: 0.3766]   [current loss: 0.0001]
2024-12-29 23:28:46,230| [Epoch: 921]   [loss avg: 0.3762]   [current loss: 0.0002]
2024-12-29 23:28:46,597| [Epoch: 922]   [loss avg: 0.3758]   [current loss: 0.0001]
2024-12-29 23:28:47,166| [Epoch: 923]   [loss avg: 0.3754]   [current loss: 0.0061]
2024-12-29 23:28:47,538| [Epoch: 924]   [loss avg: 0.3750]   [current loss: 0.0000]
2024-12-29 23:28:48,114| [Epoch: 925]   [loss avg: 0.3746]   [current loss: 0.0002]
2024-12-29 23:28:48,481| [Epoch: 926]   [loss avg: 0.3742]   [current loss: 0.0008]
2024-12-29 23:28:49,046| [Epoch: 927]   [loss avg: 0.3738]   [current loss: 0.0002]
2024-12-29 23:28:49,548| [Epoch: 928]   [loss avg: 0.3734]   [current loss: 0.0001]
2024-12-29 23:28:49,977| [Epoch: 929]   [loss avg: 0.3730]   [current loss: 0.0002]
2024-12-29 23:28:50,546| [Epoch: 930]   [loss avg: 0.3726]   [current loss: 0.0004]
2024-12-29 23:28:50,911| [Epoch: 931]   [loss avg: 0.3722]   [current loss: 0.0002]
2024-12-29 23:28:51,480| [Epoch: 932]   [loss avg: 0.3718]   [current loss: 0.0080]
2024-12-29 23:28:51,846| [Epoch: 933]   [loss avg: 0.3714]   [current loss: 0.0001]
2024-12-29 23:28:52,415| [Epoch: 934]   [loss avg: 0.3711]   [current loss: 0.1072]
2024-12-29 23:28:52,780| [Epoch: 935]   [loss avg: 0.3707]   [current loss: 0.0010]
2024-12-29 23:28:53,333| [Epoch: 936]   [loss avg: 0.3703]   [current loss: 0.0001]
2024-12-29 23:28:53,699| [Epoch: 937]   [loss avg: 0.3700]   [current loss: 0.0494]
2024-12-29 23:28:54,264| [Epoch: 938]   [loss avg: 0.3696]   [current loss: 0.0001]
2024-12-29 23:28:54,766| [Epoch: 939]   [loss avg: 0.3692]   [current loss: 0.0005]
2024-12-29 23:28:55,194| [Epoch: 940]   [loss avg: 0.3688]   [current loss: 0.0002]
2024-12-29 23:28:55,765| [Epoch: 941]   [loss avg: 0.3684]   [current loss: 0.0001]
2024-12-29 23:28:56,129| [Epoch: 942]   [loss avg: 0.3680]   [current loss: 0.0002]
2024-12-29 23:28:56,698| [Epoch: 943]   [loss avg: 0.3676]   [current loss: 0.0016]
2024-12-29 23:28:57,064| [Epoch: 944]   [loss avg: 0.3672]   [current loss: 0.0001]
2024-12-29 23:28:57,629| [Epoch: 945]   [loss avg: 0.3668]   [current loss: 0.0001]
2024-12-29 23:28:57,995| [Epoch: 946]   [loss avg: 0.3665]   [current loss: 0.0003]
2024-12-29 23:28:58,563| [Epoch: 947]   [loss avg: 0.3661]   [current loss: 0.0001]
2024-12-29 23:28:59,068| [Epoch: 948]   [loss avg: 0.3657]   [current loss: 0.0002]
2024-12-29 23:28:59,497| [Epoch: 949]   [loss avg: 0.3653]   [current loss: 0.0002]
2024-12-29 23:29:00,002| [Epoch: 950]   [loss avg: 0.3649]   [current loss: 0.0001]
2024-12-29 23:29:00,431| [Epoch: 951]   [loss avg: 0.3645]   [current loss: 0.0001]
2024-12-29 23:29:01,008| [Epoch: 952]   [loss avg: 0.3641]   [current loss: 0.0002]
2024-12-29 23:29:01,368| [Epoch: 953]   [loss avg: 0.3638]   [current loss: 0.0003]
2024-12-29 23:29:01,926| [Epoch: 954]   [loss avg: 0.3634]   [current loss: 0.0001]
2024-12-29 23:29:02,292| [Epoch: 955]   [loss avg: 0.3630]   [current loss: 0.0001]
2024-12-29 23:29:02,861| [Epoch: 956]   [loss avg: 0.3626]   [current loss: 0.0002]
2024-12-29 23:29:03,226| [Epoch: 957]   [loss avg: 0.3622]   [current loss: 0.0001]
2024-12-29 23:29:03,789| [Epoch: 958]   [loss avg: 0.3619]   [current loss: 0.0105]
2024-12-29 23:29:04,182| [Epoch: 959]   [loss avg: 0.3615]   [current loss: 0.0004]
2024-12-29 23:29:04,717| [Epoch: 960]   [loss avg: 0.3611]   [current loss: 0.0001]
2024-12-29 23:29:05,287| [Epoch: 961]   [loss avg: 0.3608]   [current loss: 0.0001]
2024-12-29 23:29:05,653| [Epoch: 962]   [loss avg: 0.3604]   [current loss: 0.0001]
2024-12-29 23:29:06,220| [Epoch: 963]   [loss avg: 0.3600]   [current loss: 0.0005]
2024-12-29 23:29:06,586| [Epoch: 964]   [loss avg: 0.3597]   [current loss: 0.0002]
2024-12-29 23:29:07,154| [Epoch: 965]   [loss avg: 0.3593]   [current loss: 0.0001]
2024-12-29 23:29:07,527| [Epoch: 966]   [loss avg: 0.3589]   [current loss: 0.0001]
2024-12-29 23:29:08,104| [Epoch: 967]   [loss avg: 0.3586]   [current loss: 0.0002]
2024-12-29 23:29:08,472| [Epoch: 968]   [loss avg: 0.3582]   [current loss: 0.0001]
2024-12-29 23:29:09,044| [Epoch: 969]   [loss avg: 0.3578]   [current loss: 0.0002]
2024-12-29 23:29:09,623| [Epoch: 970]   [loss avg: 0.3574]   [current loss: 0.0001]
2024-12-29 23:29:09,991| [Epoch: 971]   [loss avg: 0.3571]   [current loss: 0.0001]
2024-12-29 23:29:10,559| [Epoch: 972]   [loss avg: 0.3567]   [current loss: 0.0001]
2024-12-29 23:29:10,924| [Epoch: 973]   [loss avg: 0.3563]   [current loss: 0.0001]
2024-12-29 23:29:11,497| [Epoch: 974]   [loss avg: 0.3560]   [current loss: 0.0004]
2024-12-29 23:29:11,865| [Epoch: 975]   [loss avg: 0.3556]   [current loss: 0.0002]
2024-12-29 23:29:12,433| [Epoch: 976]   [loss avg: 0.3553]   [current loss: 0.0004]
2024-12-29 23:29:12,815| [Epoch: 977]   [loss avg: 0.3549]   [current loss: 0.0001]
2024-12-29 23:29:13,365| [Epoch: 978]   [loss avg: 0.3545]   [current loss: 0.0008]
2024-12-29 23:29:13,867| [Epoch: 979]   [loss avg: 0.3542]   [current loss: 0.0556]
2024-12-29 23:29:14,291| [Epoch: 980]   [loss avg: 0.3539]   [current loss: 0.0002]
2024-12-29 23:29:14,859| [Epoch: 981]   [loss avg: 0.3535]   [current loss: 0.0002]
2024-12-29 23:29:15,224| [Epoch: 982]   [loss avg: 0.3531]   [current loss: 0.0003]
2024-12-29 23:29:15,793| [Epoch: 983]   [loss avg: 0.3528]   [current loss: 0.0001]
2024-12-29 23:29:16,158| [Epoch: 984]   [loss avg: 0.3524]   [current loss: 0.0002]
2024-12-29 23:29:16,721| [Epoch: 985]   [loss avg: 0.3521]   [current loss: 0.0002]
2024-12-29 23:29:17,091| [Epoch: 986]   [loss avg: 0.3517]   [current loss: 0.0001]
2024-12-29 23:29:17,671| [Epoch: 987]   [loss avg: 0.3514]   [current loss: 0.0002]
2024-12-29 23:29:18,039| [Epoch: 988]   [loss avg: 0.3510]   [current loss: 0.0001]
2024-12-29 23:29:18,605| [Epoch: 989]   [loss avg: 0.3507]   [current loss: 0.0002]
2024-12-29 23:29:19,107| [Epoch: 990]   [loss avg: 0.3503]   [current loss: 0.0004]
2024-12-29 23:29:19,539| [Epoch: 991]   [loss avg: 0.3499]   [current loss: 0.0005]
2024-12-29 23:29:20,107| [Epoch: 992]   [loss avg: 0.3496]   [current loss: 0.0003]
2024-12-29 23:29:20,475| [Epoch: 993]   [loss avg: 0.3492]   [current loss: 0.0002]
2024-12-29 23:29:21,029| [Epoch: 994]   [loss avg: 0.3489]   [current loss: 0.0005]
2024-12-29 23:29:21,393| [Epoch: 995]   [loss avg: 0.3485]   [current loss: 0.0003]
2024-12-29 23:29:21,963| [Epoch: 996]   [loss avg: 0.3482]   [current loss: 0.0002]
2024-12-29 23:29:22,329| [Epoch: 997]   [loss avg: 0.3478]   [current loss: 0.0001]
2024-12-29 23:29:22,892| [Epoch: 998]   [loss avg: 0.3475]   [current loss: 0.0003]
2024-12-29 23:29:23,260| [Epoch: 999]   [loss avg: 0.3472]   [current loss: 0.0001]
2024-12-29 23:29:23,825| [Epoch: 1000]   [loss avg: 0.3468]   [current loss: 0.0003]
2024-12-29 23:29:23,825| Finished Training
2024-12-29 23:29:36,343| 474.32053160795476 Training_Time (s)
2024-12-29 23:29:36,343| 12.498983570025302 Test_time (s)
2024-12-29 23:29:36,343| 
              precision    recall  f1-score   support

           0     0.9349    0.9805    0.9572      1231
           1     1.0000    0.9319    0.9648      1234
           2     1.0000    0.9956    0.9978       677
           3     0.9783    0.9943    0.9862      1224
           4     0.9584    0.9992    0.9784      1222
           5     0.9871    1.0000    0.9935       305
           6     0.9363    0.9543    0.9452      1248
           7     0.9964    0.9044    0.9482      1224
           8     0.9890    0.8791    0.9308      1232
           9     0.9748    0.9934    0.9840      1207
          10     0.9353    1.0000    0.9666      1215
          11     0.9258    0.9868    0.9553      1213
          12     0.9977    0.9688    0.9831       449
          13     1.0000    1.0000    1.0000       408
          14     0.9953    1.0000    0.9977       640

    accuracy                         0.9674     14729
   macro avg     0.9740    0.9726    0.9726     14729
weighted avg     0.9686    0.9674    0.9672     14729

2024-12-29 23:29:36,343| 
[[1207    0    0   24    0    0    0    0    0    0    0    0    0    0
     0]
 [  84 1150    0    0    0    0    0    0    0    0    0    0    0    0
     0]
 [   0    0  674    0    0    0    0    0    0    0    0    0    0    0
     3]
 [   0    0    0 1217    0    0    7    0    0    0    0    0    0    0
     0]
 [   0    0    0    0 1221    0    0    0    1    0    0    0    0    0
     0]
 [   0    0    0    0    0  305    0    0    0    0    0    0    0    0
     0]
 [   0    0    0    2    0    0 1191    4    1    0   19   31    0    0
     0]
 [   0    0    0    1   34    0   63 1107    0    4    0   15    0    0
     0]
 [   0    0    0    0   19    3   10    0 1083   22   60   35    0    0
     0]
 [   0    0    0    0    0    0    0    0    1 1199    0    7    0    0
     0]
 [   0    0    0    0    0    0    0    0    0    0 1215    0    0    0
     0]
 [   0    0    0    0    0    1    1    0    9    4    0 1197    1    0
     0]
 [   0    0    0    0    0    0    0    0    0    1    5    8  435    0
     0]
 [   0    0    0    0    0    0    0    0    0    0    0    0    0  408
     0]
 [   0    0    0    0    0    0    0    0    0    0    0    0    0    0
   640]]
2024-12-29 23:29:36,343| 96.74112295471518 Overall accuracy (%)
2024-12-29 23:29:36,343| 97.2550802099105 Average accuracy (%)
2024-12-29 23:29:36,343| 96.47567783165455 Kappa accuracy (%)
2024-12-29 23:29:36,343| 
[ 98.05036556  93.19286872  99.55686854  99.42810458  99.91816694
 100.          95.43269231  90.44117647  87.90584416  99.33719967
 100.          98.68095631  96.88195991 100.         100.        ] Each accuracy (%)
2024-12-29 23:29:36,343| Total running time: 494.29 s
