2024-12-29 20:31:17,367| ========================================================================================
2024-12-29 20:31:17,367| experiment log file saved at model/IDNet_trento/20241229_203117
2024-12-29 20:31:17,367| *******************       start  args      *******************
2024-12-29 20:31:17,367| dataset_name:trento
2024-12-29 20:31:17,367| batch_size:32
2024-12-29 20:31:17,367| pca_components:30
2024-12-29 20:31:17,367| hsi_channels:30
2024-12-29 20:31:17,367| lidar_channels:1
2024-12-29 20:31:17,367| patch_size:8
2024-12-29 20:31:17,367| num_experts:10
2024-12-29 20:31:17,367| k:10
2024-12-29 20:31:17,367| dim:16
2024-12-29 20:31:17,367| epochs:1000
2024-12-29 20:31:17,367| lr:0.0004
2024-12-29 20:31:17,367| step_size:50
2024-12-29 20:31:17,367| gamma:0.9
2024-12-29 20:31:17,367| work_dirs:model/IDNet_trento/20241229_203117
2024-12-29 20:31:17,367| seed:0
2024-12-29 20:31:17,367| device:cuda:0
2024-12-29 20:31:17,367| num_classes:6
2024-12-29 20:31:17,367| time:20241229_203117
2024-12-29 20:31:17,367| log_file_name:IDNet_trento.log
2024-12-29 20:31:17,367| logger:<Logger logger (DEBUG)>
2024-12-29 20:31:17,367| *******************        end   args     *******************
2024-12-29 20:31:17,377| hsi data shape: (166, 600, 63)
2024-12-29 20:31:17,377| Lidar data shape:(166, 600)
2024-12-29 20:31:17,377| Label shape:(166, 600)
2024-12-29 20:31:17,377| 
... ... PCA tranformation ... ...
2024-12-29 20:31:17,572| Data shape after PCA: (166, 600, 30)
2024-12-29 20:31:17,575| num_classes = 6
2024-12-29 20:31:17,606| 
... ... create train & test data ... ...
2024-12-29 20:31:17,625| Train size:120
2024-12-29 20:31:17,625| Test size: 30094
2024-12-29 20:31:17,625| 
-----Selecting Small Cube from the Original Cube Data-----
2024-12-29 20:31:19,879| [Epoch: 1]   [loss avg: 6.9577]   [current loss: 1.5289]
2024-12-29 20:31:20,325| [Epoch: 2]   [loss avg: 6.5564]   [current loss: 1.4943]
2024-12-29 20:31:20,485| [Epoch: 3]   [loss avg: 6.2108]   [current loss: 1.4194]
2024-12-29 20:31:20,644| [Epoch: 4]   [loss avg: 5.9324]   [current loss: 1.2705]
2024-12-29 20:31:20,856| [Epoch: 5]   [loss avg: 5.6771]   [current loss: 1.0278]
2024-12-29 20:31:21,249| [Epoch: 6]   [loss avg: 5.4626]   [current loss: 0.9850]
2024-12-29 20:31:21,406| [Epoch: 7]   [loss avg: 5.2357]   [current loss: 0.8543]
2024-12-29 20:31:21,563| [Epoch: 8]   [loss avg: 5.0091]   [current loss: 0.8441]
2024-12-29 20:31:21,879| [Epoch: 9]   [loss avg: 4.7768]   [current loss: 0.7231]
2024-12-29 20:31:22,153| [Epoch: 10]   [loss avg: 4.5557]   [current loss: 0.6870]
2024-12-29 20:31:22,314| [Epoch: 11]   [loss avg: 4.3528]   [current loss: 0.6637]
2024-12-29 20:31:22,474| [Epoch: 12]   [loss avg: 4.1619]   [current loss: 0.6257]
2024-12-29 20:31:22,808| [Epoch: 13]   [loss avg: 3.9881]   [current loss: 0.3821]
2024-12-29 20:31:23,051| [Epoch: 14]   [loss avg: 3.8117]   [current loss: 0.3639]
2024-12-29 20:31:23,210| [Epoch: 15]   [loss avg: 3.6562]   [current loss: 0.3686]
2024-12-29 20:31:23,358| [Epoch: 16]   [loss avg: 3.5115]   [current loss: 0.4414]
2024-12-29 20:31:23,507| [Epoch: 17]   [loss avg: 3.3693]   [current loss: 0.2304]
2024-12-29 20:31:23,856| [Epoch: 18]   [loss avg: 3.2378]   [current loss: 0.2442]
2024-12-29 20:31:24,093| [Epoch: 19]   [loss avg: 3.1188]   [current loss: 0.2059]
2024-12-29 20:31:24,252| [Epoch: 20]   [loss avg: 3.0124]   [current loss: 0.2836]
2024-12-29 20:31:24,399| [Epoch: 21]   [loss avg: 2.9079]   [current loss: 0.1761]
2024-12-29 20:31:24,716| [Epoch: 22]   [loss avg: 2.8093]   [current loss: 0.2142]
2024-12-29 20:31:24,995| [Epoch: 23]   [loss avg: 2.7131]   [current loss: 0.1284]
2024-12-29 20:31:25,157| [Epoch: 24]   [loss avg: 2.6289]   [current loss: 0.1422]
2024-12-29 20:31:25,305| [Epoch: 25]   [loss avg: 2.5456]   [current loss: 0.1364]
2024-12-29 20:31:25,454| [Epoch: 26]   [loss avg: 2.4710]   [current loss: 0.1387]
2024-12-29 20:31:25,887| [Epoch: 27]   [loss avg: 2.3975]   [current loss: 0.1116]
2024-12-29 20:31:26,046| [Epoch: 28]   [loss avg: 2.3292]   [current loss: 0.1048]
2024-12-29 20:31:26,203| [Epoch: 29]   [loss avg: 2.2633]   [current loss: 0.0939]
2024-12-29 20:31:26,360| [Epoch: 30]   [loss avg: 2.2041]   [current loss: 0.1408]
2024-12-29 20:31:26,788| [Epoch: 31]   [loss avg: 2.1466]   [current loss: 0.1417]
2024-12-29 20:31:26,934| [Epoch: 32]   [loss avg: 2.0914]   [current loss: 0.1004]
2024-12-29 20:31:27,080| [Epoch: 33]   [loss avg: 2.0390]   [current loss: 0.0989]
2024-12-29 20:31:27,230| [Epoch: 34]   [loss avg: 1.9885]   [current loss: 0.1023]
2024-12-29 20:31:27,389| [Epoch: 35]   [loss avg: 1.9417]   [current loss: 0.1243]
2024-12-29 20:31:27,806| [Epoch: 36]   [loss avg: 1.8966]   [current loss: 0.0949]
2024-12-29 20:31:27,954| [Epoch: 37]   [loss avg: 1.8520]   [current loss: 0.0575]
2024-12-29 20:31:28,112| [Epoch: 38]   [loss avg: 1.8099]   [current loss: 0.0719]
2024-12-29 20:31:28,260| [Epoch: 39]   [loss avg: 1.7700]   [current loss: 0.0727]
2024-12-29 20:31:28,602| [Epoch: 40]   [loss avg: 1.7311]   [current loss: 0.0599]
2024-12-29 20:31:28,834| [Epoch: 41]   [loss avg: 1.6939]   [current loss: 0.0593]
2024-12-29 20:31:28,980| [Epoch: 42]   [loss avg: 1.6593]   [current loss: 0.0788]
2024-12-29 20:31:29,126| [Epoch: 43]   [loss avg: 1.6279]   [current loss: 0.1331]
2024-12-29 20:31:29,273| [Epoch: 44]   [loss avg: 1.5952]   [current loss: 0.0469]
2024-12-29 20:31:29,720| [Epoch: 45]   [loss avg: 1.5638]   [current loss: 0.0458]
2024-12-29 20:31:29,877| [Epoch: 46]   [loss avg: 1.5341]   [current loss: 0.0411]
2024-12-29 20:31:30,034| [Epoch: 47]   [loss avg: 1.5054]   [current loss: 0.0360]
2024-12-29 20:31:30,191| [Epoch: 48]   [loss avg: 1.4772]   [current loss: 0.0344]
2024-12-29 20:31:30,599| [Epoch: 49]   [loss avg: 1.4507]   [current loss: 0.0510]
2024-12-29 20:31:30,766| [Epoch: 50]   [loss avg: 1.4253]   [current loss: 0.0530]
2024-12-29 20:31:30,912| [Epoch: 51]   [loss avg: 1.4006]   [current loss: 0.0427]
2024-12-29 20:31:31,059| [Epoch: 52]   [loss avg: 1.3766]   [current loss: 0.0433]
2024-12-29 20:31:31,206| [Epoch: 53]   [loss avg: 1.3537]   [current loss: 0.0681]
2024-12-29 20:31:31,631| [Epoch: 54]   [loss avg: 1.3315]   [current loss: 0.0572]
2024-12-29 20:31:31,778| [Epoch: 55]   [loss avg: 1.3098]   [current loss: 0.0445]
2024-12-29 20:31:31,924| [Epoch: 56]   [loss avg: 1.2894]   [current loss: 0.0281]
2024-12-29 20:31:32,082| [Epoch: 57]   [loss avg: 1.2698]   [current loss: 0.0653]
2024-12-29 20:31:32,386| [Epoch: 58]   [loss avg: 1.2500]   [current loss: 0.0285]
2024-12-29 20:31:32,659| [Epoch: 59]   [loss avg: 1.2313]   [current loss: 0.0544]
2024-12-29 20:31:32,809| [Epoch: 60]   [loss avg: 1.2127]   [current loss: 0.0316]
2024-12-29 20:31:32,956| [Epoch: 61]   [loss avg: 1.1947]   [current loss: 0.0237]
2024-12-29 20:31:33,114| [Epoch: 62]   [loss avg: 1.1772]   [current loss: 0.0338]
2024-12-29 20:31:33,523| [Epoch: 63]   [loss avg: 1.1603]   [current loss: 0.0281]
2024-12-29 20:31:33,695| [Epoch: 64]   [loss avg: 1.1437]   [current loss: 0.0262]
2024-12-29 20:31:33,842| [Epoch: 65]   [loss avg: 1.1278]   [current loss: 0.0241]
2024-12-29 20:31:33,988| [Epoch: 66]   [loss avg: 1.1124]   [current loss: 0.0281]
2024-12-29 20:31:34,140| [Epoch: 67]   [loss avg: 1.0975]   [current loss: 0.0282]
2024-12-29 20:31:34,567| [Epoch: 68]   [loss avg: 1.0831]   [current loss: 0.0374]
2024-12-29 20:31:34,713| [Epoch: 69]   [loss avg: 1.0687]   [current loss: 0.0255]
2024-12-29 20:31:34,859| [Epoch: 70]   [loss avg: 1.0549]   [current loss: 0.0367]
2024-12-29 20:31:35,005| [Epoch: 71]   [loss avg: 1.0415]   [current loss: 0.0467]
2024-12-29 20:31:35,309| [Epoch: 72]   [loss avg: 1.0282]   [current loss: 0.0195]
2024-12-29 20:31:35,578| [Epoch: 73]   [loss avg: 1.0152]   [current loss: 0.0189]
2024-12-29 20:31:35,733| [Epoch: 74]   [loss avg: 1.0026]   [current loss: 0.0210]
2024-12-29 20:31:35,879| [Epoch: 75]   [loss avg: 0.9903]   [current loss: 0.0152]
2024-12-29 20:31:36,033| [Epoch: 76]   [loss avg: 0.9787]   [current loss: 0.0269]
2024-12-29 20:31:36,474| [Epoch: 77]   [loss avg: 0.9669]   [current loss: 0.0189]
2024-12-29 20:31:36,621| [Epoch: 78]   [loss avg: 0.9556]   [current loss: 0.0260]
2024-12-29 20:31:36,768| [Epoch: 79]   [loss avg: 0.9445]   [current loss: 0.0198]
2024-12-29 20:31:36,914| [Epoch: 80]   [loss avg: 0.9336]   [current loss: 0.0225]
2024-12-29 20:31:37,220| [Epoch: 81]   [loss avg: 0.9232]   [current loss: 0.0203]
2024-12-29 20:31:37,491| [Epoch: 82]   [loss avg: 0.9127]   [current loss: 0.0160]
2024-12-29 20:31:37,638| [Epoch: 83]   [loss avg: 0.9027]   [current loss: 0.0254]
2024-12-29 20:31:37,787| [Epoch: 84]   [loss avg: 0.8926]   [current loss: 0.0146]
2024-12-29 20:31:37,945| [Epoch: 85]   [loss avg: 0.8830]   [current loss: 0.0157]
2024-12-29 20:31:38,328| [Epoch: 86]   [loss avg: 0.8736]   [current loss: 0.0179]
2024-12-29 20:31:38,526| [Epoch: 87]   [loss avg: 0.8644]   [current loss: 0.0183]
2024-12-29 20:31:38,672| [Epoch: 88]   [loss avg: 0.8553]   [current loss: 0.0176]
2024-12-29 20:31:38,820| [Epoch: 89]   [loss avg: 0.8463]   [current loss: 0.0135]
2024-12-29 20:31:38,987| [Epoch: 90]   [loss avg: 0.8376]   [current loss: 0.0161]
2024-12-29 20:31:39,401| [Epoch: 91]   [loss avg: 0.8290]   [current loss: 0.0184]
2024-12-29 20:31:39,548| [Epoch: 92]   [loss avg: 0.8206]   [current loss: 0.0184]
2024-12-29 20:31:39,694| [Epoch: 93]   [loss avg: 0.8123]   [current loss: 0.0133]
2024-12-29 20:31:39,851| [Epoch: 94]   [loss avg: 0.8043]   [current loss: 0.0142]
2024-12-29 20:31:40,192| [Epoch: 95]   [loss avg: 0.7965]   [current loss: 0.0174]
2024-12-29 20:31:40,443| [Epoch: 96]   [loss avg: 0.7887]   [current loss: 0.0123]
2024-12-29 20:31:40,602| [Epoch: 97]   [loss avg: 0.7811]   [current loss: 0.0118]
2024-12-29 20:31:40,759| [Epoch: 98]   [loss avg: 0.7739]   [current loss: 0.0248]
2024-12-29 20:31:41,107| [Epoch: 99]   [loss avg: 0.7666]   [current loss: 0.0150]
2024-12-29 20:31:41,339| [Epoch: 100]   [loss avg: 0.7595]   [current loss: 0.0279]
2024-12-29 20:31:41,484| [Epoch: 101]   [loss avg: 0.7525]   [current loss: 0.0125]
2024-12-29 20:31:41,630| [Epoch: 102]   [loss avg: 0.7457]   [current loss: 0.0173]
2024-12-29 20:31:41,777| [Epoch: 103]   [loss avg: 0.7390]   [current loss: 0.0134]
2024-12-29 20:31:42,218| [Epoch: 104]   [loss avg: 0.7325]   [current loss: 0.0267]
2024-12-29 20:31:42,380| [Epoch: 105]   [loss avg: 0.7260]   [current loss: 0.0195]
2024-12-29 20:31:42,531| [Epoch: 106]   [loss avg: 0.7196]   [current loss: 0.0145]
2024-12-29 20:31:42,679| [Epoch: 107]   [loss avg: 0.7133]   [current loss: 0.0176]
2024-12-29 20:31:43,032| [Epoch: 108]   [loss avg: 0.7071]   [current loss: 0.0118]
2024-12-29 20:31:43,272| [Epoch: 109]   [loss avg: 0.7011]   [current loss: 0.0162]
2024-12-29 20:31:43,418| [Epoch: 110]   [loss avg: 0.6951]   [current loss: 0.0106]
2024-12-29 20:31:43,575| [Epoch: 111]   [loss avg: 0.6893]   [current loss: 0.0162]
2024-12-29 20:31:43,771| [Epoch: 112]   [loss avg: 0.6835]   [current loss: 0.0127]
2024-12-29 20:31:44,152| [Epoch: 113]   [loss avg: 0.6779]   [current loss: 0.0086]
2024-12-29 20:31:44,308| [Epoch: 114]   [loss avg: 0.6724]   [current loss: 0.0135]
2024-12-29 20:31:44,454| [Epoch: 115]   [loss avg: 0.6669]   [current loss: 0.0091]
2024-12-29 20:31:44,599| [Epoch: 116]   [loss avg: 0.6615]   [current loss: 0.0100]
2024-12-29 20:31:44,940| [Epoch: 117]   [loss avg: 0.6562]   [current loss: 0.0120]
2024-12-29 20:31:45,171| [Epoch: 118]   [loss avg: 0.6510]   [current loss: 0.0102]
2024-12-29 20:31:45,317| [Epoch: 119]   [loss avg: 0.6458]   [current loss: 0.0065]
2024-12-29 20:31:45,473| [Epoch: 120]   [loss avg: 0.6407]   [current loss: 0.0090]
2024-12-29 20:31:45,623| [Epoch: 121]   [loss avg: 0.6357]   [current loss: 0.0068]
2024-12-29 20:31:46,010| [Epoch: 122]   [loss avg: 0.6307]   [current loss: 0.0099]
2024-12-29 20:31:46,186| [Epoch: 123]   [loss avg: 0.6260]   [current loss: 0.0081]
2024-12-29 20:31:46,333| [Epoch: 124]   [loss avg: 0.6213]   [current loss: 0.0101]
2024-12-29 20:31:46,479| [Epoch: 125]   [loss avg: 0.6165]   [current loss: 0.0076]
2024-12-29 20:31:46,628| [Epoch: 126]   [loss avg: 0.6119]   [current loss: 0.0096]
2024-12-29 20:31:47,074| [Epoch: 127]   [loss avg: 0.6074]   [current loss: 0.0078]
2024-12-29 20:31:47,222| [Epoch: 128]   [loss avg: 0.6029]   [current loss: 0.0065]
2024-12-29 20:31:47,371| [Epoch: 129]   [loss avg: 0.5984]   [current loss: 0.0073]
2024-12-29 20:31:47,517| [Epoch: 130]   [loss avg: 0.5941]   [current loss: 0.0117]
2024-12-29 20:31:47,849| [Epoch: 131]   [loss avg: 0.5898]   [current loss: 0.0108]
2024-12-29 20:31:48,089| [Epoch: 132]   [loss avg: 0.5856]   [current loss: 0.0086]
2024-12-29 20:31:48,237| [Epoch: 133]   [loss avg: 0.5814]   [current loss: 0.0100]
2024-12-29 20:31:48,383| [Epoch: 134]   [loss avg: 0.5774]   [current loss: 0.0125]
2024-12-29 20:31:48,530| [Epoch: 135]   [loss avg: 0.5733]   [current loss: 0.0070]
2024-12-29 20:31:48,867| [Epoch: 136]   [loss avg: 0.5694]   [current loss: 0.0092]
2024-12-29 20:31:49,109| [Epoch: 137]   [loss avg: 0.5655]   [current loss: 0.0062]
2024-12-29 20:31:49,264| [Epoch: 138]   [loss avg: 0.5616]   [current loss: 0.0077]
2024-12-29 20:31:49,411| [Epoch: 139]   [loss avg: 0.5577]   [current loss: 0.0084]
2024-12-29 20:31:49,560| [Epoch: 140]   [loss avg: 0.5539]   [current loss: 0.0097]
2024-12-29 20:31:49,990| [Epoch: 141]   [loss avg: 0.5502]   [current loss: 0.0067]
2024-12-29 20:31:50,139| [Epoch: 142]   [loss avg: 0.5466]   [current loss: 0.0070]
2024-12-29 20:31:50,287| [Epoch: 143]   [loss avg: 0.5429]   [current loss: 0.0078]
2024-12-29 20:31:50,433| [Epoch: 144]   [loss avg: 0.5394]   [current loss: 0.0073]
2024-12-29 20:31:50,772| [Epoch: 145]   [loss avg: 0.5359]   [current loss: 0.0078]
2024-12-29 20:31:51,008| [Epoch: 146]   [loss avg: 0.5325]   [current loss: 0.0219]
2024-12-29 20:31:51,157| [Epoch: 147]   [loss avg: 0.5291]   [current loss: 0.0090]
2024-12-29 20:31:51,304| [Epoch: 148]   [loss avg: 0.5257]   [current loss: 0.0072]
2024-12-29 20:31:51,450| [Epoch: 149]   [loss avg: 0.5225]   [current loss: 0.0237]
2024-12-29 20:31:51,788| [Epoch: 150]   [loss avg: 0.5193]   [current loss: 0.0330]
2024-12-29 20:31:52,022| [Epoch: 151]   [loss avg: 0.5163]   [current loss: 0.0061]
2024-12-29 20:31:52,179| [Epoch: 152]   [loss avg: 0.5132]   [current loss: 0.0255]
2024-12-29 20:31:52,328| [Epoch: 153]   [loss avg: 0.5102]   [current loss: 0.0319]
2024-12-29 20:31:52,486| [Epoch: 154]   [loss avg: 0.5071]   [current loss: 0.0091]
2024-12-29 20:31:52,902| [Epoch: 155]   [loss avg: 0.5040]   [current loss: 0.0065]
2024-12-29 20:31:53,053| [Epoch: 156]   [loss avg: 0.5009]   [current loss: 0.0086]
2024-12-29 20:31:53,199| [Epoch: 157]   [loss avg: 0.4979]   [current loss: 0.0071]
2024-12-29 20:31:53,346| [Epoch: 158]   [loss avg: 0.4950]   [current loss: 0.0079]
2024-12-29 20:31:53,668| [Epoch: 159]   [loss avg: 0.4920]   [current loss: 0.0064]
2024-12-29 20:31:53,909| [Epoch: 160]   [loss avg: 0.4891]   [current loss: 0.0085]
2024-12-29 20:31:54,056| [Epoch: 161]   [loss avg: 0.4863]   [current loss: 0.0171]
2024-12-29 20:31:54,201| [Epoch: 162]   [loss avg: 0.4835]   [current loss: 0.0089]
2024-12-29 20:31:54,348| [Epoch: 163]   [loss avg: 0.4806]   [current loss: 0.0058]
2024-12-29 20:31:54,705| [Epoch: 164]   [loss avg: 0.4779]   [current loss: 0.0097]
2024-12-29 20:31:54,943| [Epoch: 165]   [loss avg: 0.4752]   [current loss: 0.0046]
2024-12-29 20:31:55,098| [Epoch: 166]   [loss avg: 0.4725]   [current loss: 0.0065]
2024-12-29 20:31:55,246| [Epoch: 167]   [loss avg: 0.4698]   [current loss: 0.0077]
2024-12-29 20:31:55,394| [Epoch: 168]   [loss avg: 0.4672]   [current loss: 0.0071]
2024-12-29 20:31:55,824| [Epoch: 169]   [loss avg: 0.4646]   [current loss: 0.0047]
2024-12-29 20:31:55,971| [Epoch: 170]   [loss avg: 0.4619]   [current loss: 0.0062]
2024-12-29 20:31:56,118| [Epoch: 171]   [loss avg: 0.4594]   [current loss: 0.0072]
2024-12-29 20:31:56,264| [Epoch: 172]   [loss avg: 0.4569]   [current loss: 0.0082]
2024-12-29 20:31:56,599| [Epoch: 173]   [loss avg: 0.4543]   [current loss: 0.0044]
2024-12-29 20:31:56,845| [Epoch: 174]   [loss avg: 0.4519]   [current loss: 0.0075]
2024-12-29 20:31:56,991| [Epoch: 175]   [loss avg: 0.4494]   [current loss: 0.0065]
2024-12-29 20:31:57,138| [Epoch: 176]   [loss avg: 0.4477]   [current loss: 0.1041]
2024-12-29 20:31:57,286| [Epoch: 177]   [loss avg: 0.4453]   [current loss: 0.0070]
2024-12-29 20:31:57,728| [Epoch: 178]   [loss avg: 0.4429]   [current loss: 0.0094]
2024-12-29 20:31:57,874| [Epoch: 179]   [loss avg: 0.4407]   [current loss: 0.0095]
2024-12-29 20:31:58,022| [Epoch: 180]   [loss avg: 0.4383]   [current loss: 0.0065]
2024-12-29 20:31:58,170| [Epoch: 181]   [loss avg: 0.4360]   [current loss: 0.0053]
2024-12-29 20:31:58,320| [Epoch: 182]   [loss avg: 0.4337]   [current loss: 0.0076]
2024-12-29 20:31:58,748| [Epoch: 183]   [loss avg: 0.4315]   [current loss: 0.0042]
2024-12-29 20:31:58,905| [Epoch: 184]   [loss avg: 0.4292]   [current loss: 0.0050]
2024-12-29 20:31:59,052| [Epoch: 185]   [loss avg: 0.4271]   [current loss: 0.0099]
2024-12-29 20:31:59,199| [Epoch: 186]   [loss avg: 0.4249]   [current loss: 0.0050]
2024-12-29 20:31:59,543| [Epoch: 187]   [loss avg: 0.4228]   [current loss: 0.0036]
2024-12-29 20:31:59,780| [Epoch: 188]   [loss avg: 0.4206]   [current loss: 0.0052]
2024-12-29 20:31:59,926| [Epoch: 189]   [loss avg: 0.4185]   [current loss: 0.0048]
2024-12-29 20:32:00,075| [Epoch: 190]   [loss avg: 0.4164]   [current loss: 0.0042]
2024-12-29 20:32:00,222| [Epoch: 191]   [loss avg: 0.4143]   [current loss: 0.0038]
2024-12-29 20:32:00,653| [Epoch: 192]   [loss avg: 0.4123]   [current loss: 0.0041]
2024-12-29 20:32:00,800| [Epoch: 193]   [loss avg: 0.4103]   [current loss: 0.0070]
2024-12-29 20:32:00,946| [Epoch: 194]   [loss avg: 0.4083]   [current loss: 0.0070]
2024-12-29 20:32:01,092| [Epoch: 195]   [loss avg: 0.4063]   [current loss: 0.0046]
2024-12-29 20:32:01,243| [Epoch: 196]   [loss avg: 0.4043]   [current loss: 0.0043]
2024-12-29 20:32:01,631| [Epoch: 197]   [loss avg: 0.4023]   [current loss: 0.0047]
2024-12-29 20:32:01,808| [Epoch: 198]   [loss avg: 0.4004]   [current loss: 0.0074]
2024-12-29 20:32:01,954| [Epoch: 199]   [loss avg: 0.3985]   [current loss: 0.0037]
2024-12-29 20:32:02,100| [Epoch: 200]   [loss avg: 0.3966]   [current loss: 0.0037]
2024-12-29 20:32:02,248| [Epoch: 201]   [loss avg: 0.3947]   [current loss: 0.0039]
2024-12-29 20:32:02,696| [Epoch: 202]   [loss avg: 0.3928]   [current loss: 0.0048]
2024-12-29 20:32:02,843| [Epoch: 203]   [loss avg: 0.3910]   [current loss: 0.0044]
2024-12-29 20:32:02,989| [Epoch: 204]   [loss avg: 0.3891]   [current loss: 0.0040]
2024-12-29 20:32:03,136| [Epoch: 205]   [loss avg: 0.3873]   [current loss: 0.0053]
2024-12-29 20:32:03,468| [Epoch: 206]   [loss avg: 0.3855]   [current loss: 0.0054]
2024-12-29 20:32:03,710| [Epoch: 207]   [loss avg: 0.3838]   [current loss: 0.0046]
2024-12-29 20:32:03,857| [Epoch: 208]   [loss avg: 0.3820]   [current loss: 0.0038]
2024-12-29 20:32:04,004| [Epoch: 209]   [loss avg: 0.3802]   [current loss: 0.0038]
2024-12-29 20:32:04,151| [Epoch: 210]   [loss avg: 0.3785]   [current loss: 0.0044]
2024-12-29 20:32:04,489| [Epoch: 211]   [loss avg: 0.3768]   [current loss: 0.0031]
2024-12-29 20:32:04,729| [Epoch: 212]   [loss avg: 0.3751]   [current loss: 0.0044]
2024-12-29 20:32:04,876| [Epoch: 213]   [loss avg: 0.3734]   [current loss: 0.0033]
2024-12-29 20:32:05,022| [Epoch: 214]   [loss avg: 0.3717]   [current loss: 0.0035]
2024-12-29 20:32:05,168| [Epoch: 215]   [loss avg: 0.3701]   [current loss: 0.0035]
2024-12-29 20:32:05,599| [Epoch: 216]   [loss avg: 0.3685]   [current loss: 0.0041]
2024-12-29 20:32:05,747| [Epoch: 217]   [loss avg: 0.3668]   [current loss: 0.0034]
2024-12-29 20:32:05,893| [Epoch: 218]   [loss avg: 0.3653]   [current loss: 0.0130]
2024-12-29 20:32:06,040| [Epoch: 219]   [loss avg: 0.3637]   [current loss: 0.0037]
2024-12-29 20:32:06,274| [Epoch: 220]   [loss avg: 0.3621]   [current loss: 0.0038]
2024-12-29 20:32:06,629| [Epoch: 221]   [loss avg: 0.3605]   [current loss: 0.0039]
2024-12-29 20:32:06,777| [Epoch: 222]   [loss avg: 0.3590]   [current loss: 0.0043]
2024-12-29 20:32:06,923| [Epoch: 223]   [loss avg: 0.3574]   [current loss: 0.0028]
2024-12-29 20:32:07,080| [Epoch: 224]   [loss avg: 0.3559]   [current loss: 0.0030]
2024-12-29 20:32:07,509| [Epoch: 225]   [loss avg: 0.3544]   [current loss: 0.0041]
2024-12-29 20:32:07,657| [Epoch: 226]   [loss avg: 0.3529]   [current loss: 0.0063]
2024-12-29 20:32:07,805| [Epoch: 227]   [loss avg: 0.3514]   [current loss: 0.0030]
2024-12-29 20:32:07,952| [Epoch: 228]   [loss avg: 0.3500]   [current loss: 0.0048]
2024-12-29 20:32:08,110| [Epoch: 229]   [loss avg: 0.3485]   [current loss: 0.0040]
2024-12-29 20:32:08,527| [Epoch: 230]   [loss avg: 0.3470]   [current loss: 0.0043]
2024-12-29 20:32:08,673| [Epoch: 231]   [loss avg: 0.3456]   [current loss: 0.0050]
2024-12-29 20:32:08,820| [Epoch: 232]   [loss avg: 0.3442]   [current loss: 0.0052]
2024-12-29 20:32:08,966| [Epoch: 233]   [loss avg: 0.3428]   [current loss: 0.0033]
2024-12-29 20:32:09,270| [Epoch: 234]   [loss avg: 0.3414]   [current loss: 0.0037]
2024-12-29 20:32:09,533| [Epoch: 235]   [loss avg: 0.3400]   [current loss: 0.0031]
2024-12-29 20:32:09,680| [Epoch: 236]   [loss avg: 0.3386]   [current loss: 0.0031]
2024-12-29 20:32:09,826| [Epoch: 237]   [loss avg: 0.3372]   [current loss: 0.0038]
2024-12-29 20:32:09,974| [Epoch: 238]   [loss avg: 0.3359]   [current loss: 0.0042]
2024-12-29 20:32:10,272| [Epoch: 239]   [loss avg: 0.3345]   [current loss: 0.0027]
2024-12-29 20:32:10,559| [Epoch: 240]   [loss avg: 0.3332]   [current loss: 0.0048]
2024-12-29 20:32:10,706| [Epoch: 241]   [loss avg: 0.3319]   [current loss: 0.0055]
2024-12-29 20:32:10,852| [Epoch: 242]   [loss avg: 0.3306]   [current loss: 0.0059]
2024-12-29 20:32:10,998| [Epoch: 243]   [loss avg: 0.3292]   [current loss: 0.0029]
2024-12-29 20:32:11,341| [Epoch: 244]   [loss avg: 0.3279]   [current loss: 0.0025]
2024-12-29 20:32:11,575| [Epoch: 245]   [loss avg: 0.3267]   [current loss: 0.0050]
2024-12-29 20:32:11,722| [Epoch: 246]   [loss avg: 0.3254]   [current loss: 0.0039]
2024-12-29 20:32:11,873| [Epoch: 247]   [loss avg: 0.3241]   [current loss: 0.0030]
2024-12-29 20:32:12,019| [Epoch: 248]   [loss avg: 0.3229]   [current loss: 0.0028]
2024-12-29 20:32:12,437| [Epoch: 249]   [loss avg: 0.3216]   [current loss: 0.0024]
2024-12-29 20:32:12,594| [Epoch: 250]   [loss avg: 0.3204]   [current loss: 0.0028]
2024-12-29 20:32:12,743| [Epoch: 251]   [loss avg: 0.3191]   [current loss: 0.0023]
2024-12-29 20:32:12,899| [Epoch: 252]   [loss avg: 0.3179]   [current loss: 0.0035]
2024-12-29 20:32:13,205| [Epoch: 253]   [loss avg: 0.3167]   [current loss: 0.0026]
2024-12-29 20:32:13,478| [Epoch: 254]   [loss avg: 0.3155]   [current loss: 0.0036]
2024-12-29 20:32:13,624| [Epoch: 255]   [loss avg: 0.3143]   [current loss: 0.0030]
2024-12-29 20:32:13,773| [Epoch: 256]   [loss avg: 0.3131]   [current loss: 0.0032]
2024-12-29 20:32:13,920| [Epoch: 257]   [loss avg: 0.3119]   [current loss: 0.0027]
2024-12-29 20:32:14,297| [Epoch: 258]   [loss avg: 0.3108]   [current loss: 0.0031]
2024-12-29 20:32:14,495| [Epoch: 259]   [loss avg: 0.3096]   [current loss: 0.0033]
2024-12-29 20:32:14,643| [Epoch: 260]   [loss avg: 0.3085]   [current loss: 0.0025]
2024-12-29 20:32:14,791| [Epoch: 261]   [loss avg: 0.3073]   [current loss: 0.0024]
2024-12-29 20:32:14,937| [Epoch: 262]   [loss avg: 0.3062]   [current loss: 0.0034]
2024-12-29 20:32:15,384| [Epoch: 263]   [loss avg: 0.3051]   [current loss: 0.0042]
2024-12-29 20:32:15,529| [Epoch: 264]   [loss avg: 0.3040]   [current loss: 0.0021]
2024-12-29 20:32:15,685| [Epoch: 265]   [loss avg: 0.3029]   [current loss: 0.0024]
2024-12-29 20:32:15,831| [Epoch: 266]   [loss avg: 0.3018]   [current loss: 0.0046]
2024-12-29 20:32:16,173| [Epoch: 267]   [loss avg: 0.3007]   [current loss: 0.0034]
2024-12-29 20:32:16,411| [Epoch: 268]   [loss avg: 0.2996]   [current loss: 0.0022]
2024-12-29 20:32:16,557| [Epoch: 269]   [loss avg: 0.2985]   [current loss: 0.0073]
2024-12-29 20:32:16,705| [Epoch: 270]   [loss avg: 0.2975]   [current loss: 0.0020]
2024-12-29 20:32:16,867| [Epoch: 271]   [loss avg: 0.2964]   [current loss: 0.0027]
2024-12-29 20:32:17,235| [Epoch: 272]   [loss avg: 0.2954]   [current loss: 0.0031]
2024-12-29 20:32:17,432| [Epoch: 273]   [loss avg: 0.2943]   [current loss: 0.0022]
2024-12-29 20:32:17,578| [Epoch: 274]   [loss avg: 0.2933]   [current loss: 0.0045]
2024-12-29 20:32:17,727| [Epoch: 275]   [loss avg: 0.2923]   [current loss: 0.0020]
2024-12-29 20:32:17,895| [Epoch: 276]   [loss avg: 0.2912]   [current loss: 0.0022]
2024-12-29 20:32:18,311| [Epoch: 277]   [loss avg: 0.2902]   [current loss: 0.0025]
2024-12-29 20:32:18,458| [Epoch: 278]   [loss avg: 0.2892]   [current loss: 0.0031]
2024-12-29 20:32:18,607| [Epoch: 279]   [loss avg: 0.2882]   [current loss: 0.0028]
2024-12-29 20:32:18,755| [Epoch: 280]   [loss avg: 0.2872]   [current loss: 0.0027]
2024-12-29 20:32:19,093| [Epoch: 281]   [loss avg: 0.2863]   [current loss: 0.0027]
2024-12-29 20:32:19,328| [Epoch: 282]   [loss avg: 0.2853]   [current loss: 0.0041]
2024-12-29 20:32:19,473| [Epoch: 283]   [loss avg: 0.2843]   [current loss: 0.0024]
2024-12-29 20:32:19,619| [Epoch: 284]   [loss avg: 0.2834]   [current loss: 0.0049]
2024-12-29 20:32:19,766| [Epoch: 285]   [loss avg: 0.2824]   [current loss: 0.0019]
2024-12-29 20:32:20,195| [Epoch: 286]   [loss avg: 0.2814]   [current loss: 0.0021]
2024-12-29 20:32:20,344| [Epoch: 287]   [loss avg: 0.2805]   [current loss: 0.0107]
2024-12-29 20:32:20,490| [Epoch: 288]   [loss avg: 0.2796]   [current loss: 0.0063]
2024-12-29 20:32:20,637| [Epoch: 289]   [loss avg: 0.2788]   [current loss: 0.0048]
2024-12-29 20:32:20,784| [Epoch: 290]   [loss avg: 0.2779]   [current loss: 0.0067]
2024-12-29 20:32:21,224| [Epoch: 291]   [loss avg: 0.2770]   [current loss: 0.0019]
2024-12-29 20:32:21,379| [Epoch: 292]   [loss avg: 0.2760]   [current loss: 0.0018]
2024-12-29 20:32:21,535| [Epoch: 293]   [loss avg: 0.2752]   [current loss: 0.0020]
2024-12-29 20:32:21,681| [Epoch: 294]   [loss avg: 0.2743]   [current loss: 0.0035]
2024-12-29 20:32:22,113| [Epoch: 295]   [loss avg: 0.2734]   [current loss: 0.0102]
2024-12-29 20:32:22,262| [Epoch: 296]   [loss avg: 0.2725]   [current loss: 0.0024]
2024-12-29 20:32:22,407| [Epoch: 297]   [loss avg: 0.2717]   [current loss: 0.0030]
2024-12-29 20:32:22,553| [Epoch: 298]   [loss avg: 0.2708]   [current loss: 0.0050]
2024-12-29 20:32:22,705| [Epoch: 299]   [loss avg: 0.2699]   [current loss: 0.0024]
2024-12-29 20:32:23,132| [Epoch: 300]   [loss avg: 0.2691]   [current loss: 0.0024]
2024-12-29 20:32:23,278| [Epoch: 301]   [loss avg: 0.2682]   [current loss: 0.0031]
2024-12-29 20:32:23,424| [Epoch: 302]   [loss avg: 0.2674]   [current loss: 0.0025]
2024-12-29 20:32:23,572| [Epoch: 303]   [loss avg: 0.2666]   [current loss: 0.0042]
2024-12-29 20:32:23,877| [Epoch: 304]   [loss avg: 0.2658]   [current loss: 0.0032]
2024-12-29 20:32:24,149| [Epoch: 305]   [loss avg: 0.2649]   [current loss: 0.0029]
2024-12-29 20:32:24,295| [Epoch: 306]   [loss avg: 0.2641]   [current loss: 0.0020]
2024-12-29 20:32:24,442| [Epoch: 307]   [loss avg: 0.2633]   [current loss: 0.0023]
2024-12-29 20:32:24,590| [Epoch: 308]   [loss avg: 0.2624]   [current loss: 0.0024]
2024-12-29 20:32:24,928| [Epoch: 309]   [loss avg: 0.2616]   [current loss: 0.0025]
2024-12-29 20:32:25,157| [Epoch: 310]   [loss avg: 0.2608]   [current loss: 0.0026]
2024-12-29 20:32:25,304| [Epoch: 311]   [loss avg: 0.2600]   [current loss: 0.0043]
2024-12-29 20:32:25,449| [Epoch: 312]   [loss avg: 0.2592]   [current loss: 0.0019]
2024-12-29 20:32:25,595| [Epoch: 313]   [loss avg: 0.2584]   [current loss: 0.0027]
2024-12-29 20:32:25,942| [Epoch: 314]   [loss avg: 0.2576]   [current loss: 0.0017]
2024-12-29 20:32:26,179| [Epoch: 315]   [loss avg: 0.2568]   [current loss: 0.0022]
2024-12-29 20:32:26,326| [Epoch: 316]   [loss avg: 0.2561]   [current loss: 0.0024]
2024-12-29 20:32:26,471| [Epoch: 317]   [loss avg: 0.2553]   [current loss: 0.0025]
2024-12-29 20:32:26,618| [Epoch: 318]   [loss avg: 0.2545]   [current loss: 0.0023]
2024-12-29 20:32:27,050| [Epoch: 319]   [loss avg: 0.2537]   [current loss: 0.0030]
2024-12-29 20:32:27,200| [Epoch: 320]   [loss avg: 0.2530]   [current loss: 0.0026]
2024-12-29 20:32:27,347| [Epoch: 321]   [loss avg: 0.2522]   [current loss: 0.0020]
2024-12-29 20:32:27,494| [Epoch: 322]   [loss avg: 0.2515]   [current loss: 0.0016]
2024-12-29 20:32:27,819| [Epoch: 323]   [loss avg: 0.2507]   [current loss: 0.0019]
2024-12-29 20:32:28,072| [Epoch: 324]   [loss avg: 0.2500]   [current loss: 0.0020]
2024-12-29 20:32:28,220| [Epoch: 325]   [loss avg: 0.2492]   [current loss: 0.0016]
2024-12-29 20:32:28,367| [Epoch: 326]   [loss avg: 0.2485]   [current loss: 0.0019]
2024-12-29 20:32:28,513| [Epoch: 327]   [loss avg: 0.2477]   [current loss: 0.0018]
2024-12-29 20:32:28,845| [Epoch: 328]   [loss avg: 0.2470]   [current loss: 0.0036]
2024-12-29 20:32:29,095| [Epoch: 329]   [loss avg: 0.2463]   [current loss: 0.0016]
2024-12-29 20:32:29,251| [Epoch: 330]   [loss avg: 0.2456]   [current loss: 0.0019]
2024-12-29 20:32:29,415| [Epoch: 331]   [loss avg: 0.2448]   [current loss: 0.0026]
2024-12-29 20:32:29,562| [Epoch: 332]   [loss avg: 0.2441]   [current loss: 0.0026]
2024-12-29 20:32:30,002| [Epoch: 333]   [loss avg: 0.2434]   [current loss: 0.0022]
2024-12-29 20:32:30,148| [Epoch: 334]   [loss avg: 0.2427]   [current loss: 0.0020]
2024-12-29 20:32:30,294| [Epoch: 335]   [loss avg: 0.2420]   [current loss: 0.0026]
2024-12-29 20:32:30,440| [Epoch: 336]   [loss avg: 0.2413]   [current loss: 0.0018]
2024-12-29 20:32:30,770| [Epoch: 337]   [loss avg: 0.2406]   [current loss: 0.0034]
2024-12-29 20:32:31,021| [Epoch: 338]   [loss avg: 0.2400]   [current loss: 0.0017]
2024-12-29 20:32:31,177| [Epoch: 339]   [loss avg: 0.2393]   [current loss: 0.0020]
2024-12-29 20:32:31,322| [Epoch: 340]   [loss avg: 0.2386]   [current loss: 0.0018]
2024-12-29 20:32:31,468| [Epoch: 341]   [loss avg: 0.2379]   [current loss: 0.0013]
2024-12-29 20:32:31,916| [Epoch: 342]   [loss avg: 0.2372]   [current loss: 0.0018]
2024-12-29 20:32:32,062| [Epoch: 343]   [loss avg: 0.2366]   [current loss: 0.0016]
2024-12-29 20:32:32,211| [Epoch: 344]   [loss avg: 0.2359]   [current loss: 0.0041]
2024-12-29 20:32:32,358| [Epoch: 345]   [loss avg: 0.2352]   [current loss: 0.0020]
2024-12-29 20:32:32,678| [Epoch: 346]   [loss avg: 0.2346]   [current loss: 0.0042]
2024-12-29 20:32:32,920| [Epoch: 347]   [loss avg: 0.2339]   [current loss: 0.0014]
2024-12-29 20:32:33,067| [Epoch: 348]   [loss avg: 0.2333]   [current loss: 0.0021]
2024-12-29 20:32:33,215| [Epoch: 349]   [loss avg: 0.2326]   [current loss: 0.0016]
2024-12-29 20:32:33,362| [Epoch: 350]   [loss avg: 0.2320]   [current loss: 0.0023]
2024-12-29 20:32:33,659| [Epoch: 351]   [loss avg: 0.2314]   [current loss: 0.0030]
2024-12-29 20:32:33,947| [Epoch: 352]   [loss avg: 0.2307]   [current loss: 0.0015]
2024-12-29 20:32:34,092| [Epoch: 353]   [loss avg: 0.2301]   [current loss: 0.0020]
2024-12-29 20:32:34,240| [Epoch: 354]   [loss avg: 0.2295]   [current loss: 0.0033]
2024-12-29 20:32:34,387| [Epoch: 355]   [loss avg: 0.2289]   [current loss: 0.0019]
2024-12-29 20:32:34,728| [Epoch: 356]   [loss avg: 0.2282]   [current loss: 0.0022]
2024-12-29 20:32:34,965| [Epoch: 357]   [loss avg: 0.2276]   [current loss: 0.0015]
2024-12-29 20:32:35,111| [Epoch: 358]   [loss avg: 0.2270]   [current loss: 0.0023]
2024-12-29 20:32:35,257| [Epoch: 359]   [loss avg: 0.2264]   [current loss: 0.0053]
2024-12-29 20:32:35,405| [Epoch: 360]   [loss avg: 0.2258]   [current loss: 0.0020]
2024-12-29 20:32:35,803| [Epoch: 361]   [loss avg: 0.2252]   [current loss: 0.0017]
2024-12-29 20:32:35,977| [Epoch: 362]   [loss avg: 0.2246]   [current loss: 0.0032]
2024-12-29 20:32:36,123| [Epoch: 363]   [loss avg: 0.2240]   [current loss: 0.0013]
2024-12-29 20:32:36,279| [Epoch: 364]   [loss avg: 0.2234]   [current loss: 0.0030]
2024-12-29 20:32:36,437| [Epoch: 365]   [loss avg: 0.2228]   [current loss: 0.0026]
2024-12-29 20:32:36,854| [Epoch: 366]   [loss avg: 0.2222]   [current loss: 0.0027]
2024-12-29 20:32:37,001| [Epoch: 367]   [loss avg: 0.2216]   [current loss: 0.0022]
2024-12-29 20:32:37,144| [Epoch: 368]   [loss avg: 0.2211]   [current loss: 0.0027]
2024-12-29 20:32:37,295| [Epoch: 369]   [loss avg: 0.2205]   [current loss: 0.0035]
2024-12-29 20:32:37,599| [Epoch: 370]   [loss avg: 0.2199]   [current loss: 0.0018]
2024-12-29 20:32:37,877| [Epoch: 371]   [loss avg: 0.2193]   [current loss: 0.0015]
2024-12-29 20:32:38,024| [Epoch: 372]   [loss avg: 0.2188]   [current loss: 0.0024]
2024-12-29 20:32:38,170| [Epoch: 373]   [loss avg: 0.2182]   [current loss: 0.0017]
2024-12-29 20:32:38,318| [Epoch: 374]   [loss avg: 0.2176]   [current loss: 0.0012]
2024-12-29 20:32:38,759| [Epoch: 375]   [loss avg: 0.2171]   [current loss: 0.0019]
2024-12-29 20:32:38,905| [Epoch: 376]   [loss avg: 0.2165]   [current loss: 0.0018]
2024-12-29 20:32:39,052| [Epoch: 377]   [loss avg: 0.2160]   [current loss: 0.0019]
2024-12-29 20:32:39,202| [Epoch: 378]   [loss avg: 0.2154]   [current loss: 0.0016]
2024-12-29 20:32:39,350| [Epoch: 379]   [loss avg: 0.2149]   [current loss: 0.0030]
2024-12-29 20:32:39,779| [Epoch: 380]   [loss avg: 0.2143]   [current loss: 0.0017]
2024-12-29 20:32:39,926| [Epoch: 381]   [loss avg: 0.2138]   [current loss: 0.0014]
2024-12-29 20:32:40,072| [Epoch: 382]   [loss avg: 0.2132]   [current loss: 0.0013]
2024-12-29 20:32:40,219| [Epoch: 383]   [loss avg: 0.2127]   [current loss: 0.0017]
2024-12-29 20:32:40,563| [Epoch: 384]   [loss avg: 0.2122]   [current loss: 0.0014]
2024-12-29 20:32:40,793| [Epoch: 385]   [loss avg: 0.2116]   [current loss: 0.0019]
2024-12-29 20:32:40,939| [Epoch: 386]   [loss avg: 0.2111]   [current loss: 0.0019]
2024-12-29 20:32:41,085| [Epoch: 387]   [loss avg: 0.2106]   [current loss: 0.0012]
2024-12-29 20:32:41,242| [Epoch: 388]   [loss avg: 0.2100]   [current loss: 0.0019]
2024-12-29 20:32:41,579| [Epoch: 389]   [loss avg: 0.2095]   [current loss: 0.0021]
2024-12-29 20:32:41,814| [Epoch: 390]   [loss avg: 0.2090]   [current loss: 0.0012]
2024-12-29 20:32:41,970| [Epoch: 391]   [loss avg: 0.2085]   [current loss: 0.0029]
2024-12-29 20:32:42,116| [Epoch: 392]   [loss avg: 0.2080]   [current loss: 0.0020]
2024-12-29 20:32:42,269| [Epoch: 393]   [loss avg: 0.2074]   [current loss: 0.0015]
2024-12-29 20:32:42,700| [Epoch: 394]   [loss avg: 0.2069]   [current loss: 0.0016]
2024-12-29 20:32:42,848| [Epoch: 395]   [loss avg: 0.2064]   [current loss: 0.0012]
2024-12-29 20:32:42,994| [Epoch: 396]   [loss avg: 0.2059]   [current loss: 0.0014]
2024-12-29 20:32:43,141| [Epoch: 397]   [loss avg: 0.2054]   [current loss: 0.0024]
2024-12-29 20:32:43,463| [Epoch: 398]   [loss avg: 0.2049]   [current loss: 0.0023]
2024-12-29 20:32:43,710| [Epoch: 399]   [loss avg: 0.2044]   [current loss: 0.0013]
2024-12-29 20:32:43,857| [Epoch: 400]   [loss avg: 0.2039]   [current loss: 0.0012]
2024-12-29 20:32:44,003| [Epoch: 401]   [loss avg: 0.2034]   [current loss: 0.0020]
2024-12-29 20:32:44,149| [Epoch: 402]   [loss avg: 0.2029]   [current loss: 0.0024]
2024-12-29 20:32:44,465| [Epoch: 403]   [loss avg: 0.2025]   [current loss: 0.0013]
2024-12-29 20:32:44,719| [Epoch: 404]   [loss avg: 0.2020]   [current loss: 0.0016]
2024-12-29 20:32:44,865| [Epoch: 405]   [loss avg: 0.2015]   [current loss: 0.0022]
2024-12-29 20:32:45,012| [Epoch: 406]   [loss avg: 0.2010]   [current loss: 0.0036]
2024-12-29 20:32:45,157| [Epoch: 407]   [loss avg: 0.2005]   [current loss: 0.0015]
2024-12-29 20:32:45,498| [Epoch: 408]   [loss avg: 0.2001]   [current loss: 0.0017]
2024-12-29 20:32:45,734| [Epoch: 409]   [loss avg: 0.1996]   [current loss: 0.0012]
2024-12-29 20:32:45,879| [Epoch: 410]   [loss avg: 0.1991]   [current loss: 0.0017]
2024-12-29 20:32:46,024| [Epoch: 411]   [loss avg: 0.1987]   [current loss: 0.0039]
2024-12-29 20:32:46,170| [Epoch: 412]   [loss avg: 0.1982]   [current loss: 0.0012]
2024-12-29 20:32:46,617| [Epoch: 413]   [loss avg: 0.1977]   [current loss: 0.0020]
2024-12-29 20:32:46,764| [Epoch: 414]   [loss avg: 0.1973]   [current loss: 0.0018]
2024-12-29 20:32:46,910| [Epoch: 415]   [loss avg: 0.1968]   [current loss: 0.0031]
2024-12-29 20:32:47,057| [Epoch: 416]   [loss avg: 0.1963]   [current loss: 0.0014]
2024-12-29 20:32:47,389| [Epoch: 417]   [loss avg: 0.1959]   [current loss: 0.0012]
2024-12-29 20:32:47,628| [Epoch: 418]   [loss avg: 0.1954]   [current loss: 0.0012]
2024-12-29 20:32:47,777| [Epoch: 419]   [loss avg: 0.1950]   [current loss: 0.0017]
2024-12-29 20:32:47,923| [Epoch: 420]   [loss avg: 0.1945]   [current loss: 0.0016]
2024-12-29 20:32:48,069| [Epoch: 421]   [loss avg: 0.1941]   [current loss: 0.0046]
2024-12-29 20:32:48,411| [Epoch: 422]   [loss avg: 0.1936]   [current loss: 0.0015]
2024-12-29 20:32:48,640| [Epoch: 423]   [loss avg: 0.1932]   [current loss: 0.0027]
2024-12-29 20:32:48,787| [Epoch: 424]   [loss avg: 0.1928]   [current loss: 0.0016]
2024-12-29 20:32:48,933| [Epoch: 425]   [loss avg: 0.1923]   [current loss: 0.0013]
2024-12-29 20:32:49,079| [Epoch: 426]   [loss avg: 0.1919]   [current loss: 0.0017]
2024-12-29 20:32:49,429| [Epoch: 427]   [loss avg: 0.1914]   [current loss: 0.0011]
2024-12-29 20:32:49,666| [Epoch: 428]   [loss avg: 0.1910]   [current loss: 0.0028]
2024-12-29 20:32:49,814| [Epoch: 429]   [loss avg: 0.1906]   [current loss: 0.0011]
2024-12-29 20:32:49,959| [Epoch: 430]   [loss avg: 0.1901]   [current loss: 0.0029]
2024-12-29 20:32:50,105| [Epoch: 431]   [loss avg: 0.1897]   [current loss: 0.0016]
2024-12-29 20:32:50,536| [Epoch: 432]   [loss avg: 0.1893]   [current loss: 0.0013]
2024-12-29 20:32:50,681| [Epoch: 433]   [loss avg: 0.1889]   [current loss: 0.0016]
2024-12-29 20:32:50,828| [Epoch: 434]   [loss avg: 0.1884]   [current loss: 0.0022]
2024-12-29 20:32:50,973| [Epoch: 435]   [loss avg: 0.1880]   [current loss: 0.0013]
2024-12-29 20:32:51,121| [Epoch: 436]   [loss avg: 0.1876]   [current loss: 0.0013]
2024-12-29 20:32:51,549| [Epoch: 437]   [loss avg: 0.1872]   [current loss: 0.0030]
2024-12-29 20:32:51,696| [Epoch: 438]   [loss avg: 0.1868]   [current loss: 0.0016]
2024-12-29 20:32:51,842| [Epoch: 439]   [loss avg: 0.1864]   [current loss: 0.0019]
2024-12-29 20:32:51,989| [Epoch: 440]   [loss avg: 0.1860]   [current loss: 0.0013]
2024-12-29 20:32:52,138| [Epoch: 441]   [loss avg: 0.1856]   [current loss: 0.0012]
2024-12-29 20:32:52,564| [Epoch: 442]   [loss avg: 0.1852]   [current loss: 0.0013]
2024-12-29 20:32:52,712| [Epoch: 443]   [loss avg: 0.1847]   [current loss: 0.0012]
2024-12-29 20:32:52,860| [Epoch: 444]   [loss avg: 0.1843]   [current loss: 0.0030]
2024-12-29 20:32:53,007| [Epoch: 445]   [loss avg: 0.1839]   [current loss: 0.0012]
2024-12-29 20:32:53,349| [Epoch: 446]   [loss avg: 0.1835]   [current loss: 0.0018]
2024-12-29 20:32:53,582| [Epoch: 447]   [loss avg: 0.1831]   [current loss: 0.0013]
2024-12-29 20:32:53,728| [Epoch: 448]   [loss avg: 0.1827]   [current loss: 0.0014]
2024-12-29 20:32:53,874| [Epoch: 449]   [loss avg: 0.1823]   [current loss: 0.0011]
2024-12-29 20:32:54,021| [Epoch: 450]   [loss avg: 0.1820]   [current loss: 0.0012]
2024-12-29 20:32:54,361| [Epoch: 451]   [loss avg: 0.1816]   [current loss: 0.0010]
2024-12-29 20:32:54,590| [Epoch: 452]   [loss avg: 0.1812]   [current loss: 0.0016]
2024-12-29 20:32:54,737| [Epoch: 453]   [loss avg: 0.1808]   [current loss: 0.0012]
2024-12-29 20:32:54,882| [Epoch: 454]   [loss avg: 0.1804]   [current loss: 0.0018]
2024-12-29 20:32:55,029| [Epoch: 455]   [loss avg: 0.1800]   [current loss: 0.0015]
2024-12-29 20:32:55,462| [Epoch: 456]   [loss avg: 0.1796]   [current loss: 0.0013]
2024-12-29 20:32:55,609| [Epoch: 457]   [loss avg: 0.1792]   [current loss: 0.0018]
2024-12-29 20:32:55,754| [Epoch: 458]   [loss avg: 0.1789]   [current loss: 0.0011]
2024-12-29 20:32:55,900| [Epoch: 459]   [loss avg: 0.1785]   [current loss: 0.0016]
2024-12-29 20:32:56,050| [Epoch: 460]   [loss avg: 0.1781]   [current loss: 0.0013]
2024-12-29 20:32:56,412| [Epoch: 461]   [loss avg: 0.1777]   [current loss: 0.0015]
2024-12-29 20:32:56,611| [Epoch: 462]   [loss avg: 0.1774]   [current loss: 0.0010]
2024-12-29 20:32:56,768| [Epoch: 463]   [loss avg: 0.1770]   [current loss: 0.0013]
2024-12-29 20:32:56,914| [Epoch: 464]   [loss avg: 0.1766]   [current loss: 0.0024]
2024-12-29 20:32:57,072| [Epoch: 465]   [loss avg: 0.1763]   [current loss: 0.0017]
2024-12-29 20:32:57,488| [Epoch: 466]   [loss avg: 0.1759]   [current loss: 0.0010]
2024-12-29 20:32:57,635| [Epoch: 467]   [loss avg: 0.1755]   [current loss: 0.0016]
2024-12-29 20:32:57,784| [Epoch: 468]   [loss avg: 0.1752]   [current loss: 0.0009]
2024-12-29 20:32:57,941| [Epoch: 469]   [loss avg: 0.1748]   [current loss: 0.0014]
2024-12-29 20:32:58,282| [Epoch: 470]   [loss avg: 0.1744]   [current loss: 0.0016]
2024-12-29 20:32:58,521| [Epoch: 471]   [loss avg: 0.1741]   [current loss: 0.0017]
2024-12-29 20:32:58,667| [Epoch: 472]   [loss avg: 0.1737]   [current loss: 0.0010]
2024-12-29 20:32:58,815| [Epoch: 473]   [loss avg: 0.1734]   [current loss: 0.0017]
2024-12-29 20:32:58,961| [Epoch: 474]   [loss avg: 0.1730]   [current loss: 0.0028]
2024-12-29 20:32:59,374| [Epoch: 475]   [loss avg: 0.1726]   [current loss: 0.0014]
2024-12-29 20:32:59,528| [Epoch: 476]   [loss avg: 0.1723]   [current loss: 0.0019]
2024-12-29 20:32:59,674| [Epoch: 477]   [loss avg: 0.1719]   [current loss: 0.0015]
2024-12-29 20:32:59,821| [Epoch: 478]   [loss avg: 0.1716]   [current loss: 0.0012]
2024-12-29 20:32:59,967| [Epoch: 479]   [loss avg: 0.1712]   [current loss: 0.0010]
2024-12-29 20:33:00,393| [Epoch: 480]   [loss avg: 0.1709]   [current loss: 0.0011]
2024-12-29 20:33:00,540| [Epoch: 481]   [loss avg: 0.1706]   [current loss: 0.0011]
2024-12-29 20:33:00,686| [Epoch: 482]   [loss avg: 0.1702]   [current loss: 0.0014]
2024-12-29 20:33:00,833| [Epoch: 483]   [loss avg: 0.1699]   [current loss: 0.0014]
2024-12-29 20:33:00,988| [Epoch: 484]   [loss avg: 0.1695]   [current loss: 0.0019]
2024-12-29 20:33:01,408| [Epoch: 485]   [loss avg: 0.1692]   [current loss: 0.0015]
2024-12-29 20:33:01,554| [Epoch: 486]   [loss avg: 0.1689]   [current loss: 0.0021]
2024-12-29 20:33:01,701| [Epoch: 487]   [loss avg: 0.1685]   [current loss: 0.0013]
2024-12-29 20:33:01,849| [Epoch: 488]   [loss avg: 0.1682]   [current loss: 0.0018]
2024-12-29 20:33:02,155| [Epoch: 489]   [loss avg: 0.1678]   [current loss: 0.0013]
2024-12-29 20:33:02,429| [Epoch: 490]   [loss avg: 0.1675]   [current loss: 0.0017]
2024-12-29 20:33:02,626| [Epoch: 491]   [loss avg: 0.1672]   [current loss: 0.0011]
2024-12-29 20:33:02,776| [Epoch: 492]   [loss avg: 0.1669]   [current loss: 0.0009]
2024-12-29 20:33:03,208| [Epoch: 493]   [loss avg: 0.1665]   [current loss: 0.0014]
2024-12-29 20:33:03,354| [Epoch: 494]   [loss avg: 0.1662]   [current loss: 0.0010]
2024-12-29 20:33:03,501| [Epoch: 495]   [loss avg: 0.1659]   [current loss: 0.0014]
2024-12-29 20:33:03,648| [Epoch: 496]   [loss avg: 0.1655]   [current loss: 0.0015]
2024-12-29 20:33:03,833| [Epoch: 497]   [loss avg: 0.1652]   [current loss: 0.0017]
2024-12-29 20:33:04,156| [Epoch: 498]   [loss avg: 0.1649]   [current loss: 0.0008]
2024-12-29 20:33:04,361| [Epoch: 499]   [loss avg: 0.1646]   [current loss: 0.0011]
2024-12-29 20:33:04,506| [Epoch: 500]   [loss avg: 0.1643]   [current loss: 0.0010]
2024-12-29 20:33:04,652| [Epoch: 501]   [loss avg: 0.1639]   [current loss: 0.0010]
2024-12-29 20:33:04,798| [Epoch: 502]   [loss avg: 0.1636]   [current loss: 0.0011]
2024-12-29 20:33:05,229| [Epoch: 503]   [loss avg: 0.1633]   [current loss: 0.0011]
2024-12-29 20:33:05,376| [Epoch: 504]   [loss avg: 0.1630]   [current loss: 0.0013]
2024-12-29 20:33:05,522| [Epoch: 505]   [loss avg: 0.1627]   [current loss: 0.0008]
2024-12-29 20:33:05,668| [Epoch: 506]   [loss avg: 0.1624]   [current loss: 0.0012]
2024-12-29 20:33:05,816| [Epoch: 507]   [loss avg: 0.1621]   [current loss: 0.0013]
2024-12-29 20:33:06,246| [Epoch: 508]   [loss avg: 0.1617]   [current loss: 0.0009]
2024-12-29 20:33:06,391| [Epoch: 509]   [loss avg: 0.1614]   [current loss: 0.0007]
2024-12-29 20:33:06,546| [Epoch: 510]   [loss avg: 0.1611]   [current loss: 0.0009]
2024-12-29 20:33:06,694| [Epoch: 511]   [loss avg: 0.1608]   [current loss: 0.0012]
2024-12-29 20:33:07,035| [Epoch: 512]   [loss avg: 0.1605]   [current loss: 0.0011]
2024-12-29 20:33:07,275| [Epoch: 513]   [loss avg: 0.1602]   [current loss: 0.0017]
2024-12-29 20:33:07,422| [Epoch: 514]   [loss avg: 0.1599]   [current loss: 0.0011]
2024-12-29 20:33:07,568| [Epoch: 515]   [loss avg: 0.1596]   [current loss: 0.0027]
2024-12-29 20:33:07,719| [Epoch: 516]   [loss avg: 0.1593]   [current loss: 0.0009]
2024-12-29 20:33:08,149| [Epoch: 517]   [loss avg: 0.1590]   [current loss: 0.0016]
2024-12-29 20:33:08,297| [Epoch: 518]   [loss avg: 0.1587]   [current loss: 0.0011]
2024-12-29 20:33:08,443| [Epoch: 519]   [loss avg: 0.1584]   [current loss: 0.0009]
2024-12-29 20:33:08,589| [Epoch: 520]   [loss avg: 0.1581]   [current loss: 0.0010]
2024-12-29 20:33:08,754| [Epoch: 521]   [loss avg: 0.1578]   [current loss: 0.0007]
2024-12-29 20:33:09,161| [Epoch: 522]   [loss avg: 0.1575]   [current loss: 0.0012]
2024-12-29 20:33:09,308| [Epoch: 523]   [loss avg: 0.1572]   [current loss: 0.0014]
2024-12-29 20:33:09,454| [Epoch: 524]   [loss avg: 0.1569]   [current loss: 0.0013]
2024-12-29 20:33:09,600| [Epoch: 525]   [loss avg: 0.1567]   [current loss: 0.0010]
2024-12-29 20:33:09,903| [Epoch: 526]   [loss avg: 0.1564]   [current loss: 0.0012]
2024-12-29 20:33:10,179| [Epoch: 527]   [loss avg: 0.1561]   [current loss: 0.0019]
2024-12-29 20:33:10,338| [Epoch: 528]   [loss avg: 0.1558]   [current loss: 0.0010]
2024-12-29 20:33:10,484| [Epoch: 529]   [loss avg: 0.1555]   [current loss: 0.0008]
2024-12-29 20:33:10,631| [Epoch: 530]   [loss avg: 0.1552]   [current loss: 0.0017]
2024-12-29 20:33:10,969| [Epoch: 531]   [loss avg: 0.1549]   [current loss: 0.0011]
2024-12-29 20:33:11,202| [Epoch: 532]   [loss avg: 0.1547]   [current loss: 0.0013]
2024-12-29 20:33:11,348| [Epoch: 533]   [loss avg: 0.1544]   [current loss: 0.0010]
2024-12-29 20:33:11,492| [Epoch: 534]   [loss avg: 0.1541]   [current loss: 0.0020]
2024-12-29 20:33:11,638| [Epoch: 535]   [loss avg: 0.1538]   [current loss: 0.0008]
2024-12-29 20:33:11,986| [Epoch: 536]   [loss avg: 0.1535]   [current loss: 0.0024]
2024-12-29 20:33:12,217| [Epoch: 537]   [loss avg: 0.1533]   [current loss: 0.0008]
2024-12-29 20:33:12,363| [Epoch: 538]   [loss avg: 0.1530]   [current loss: 0.0008]
2024-12-29 20:33:12,508| [Epoch: 539]   [loss avg: 0.1527]   [current loss: 0.0009]
2024-12-29 20:33:12,654| [Epoch: 540]   [loss avg: 0.1524]   [current loss: 0.0010]
2024-12-29 20:33:13,008| [Epoch: 541]   [loss avg: 0.1522]   [current loss: 0.0010]
2024-12-29 20:33:13,246| [Epoch: 542]   [loss avg: 0.1519]   [current loss: 0.0010]
2024-12-29 20:33:13,393| [Epoch: 543]   [loss avg: 0.1516]   [current loss: 0.0015]
2024-12-29 20:33:13,538| [Epoch: 544]   [loss avg: 0.1513]   [current loss: 0.0010]
2024-12-29 20:33:13,685| [Epoch: 545]   [loss avg: 0.1511]   [current loss: 0.0013]
2024-12-29 20:33:14,118| [Epoch: 546]   [loss avg: 0.1508]   [current loss: 0.0012]
2024-12-29 20:33:14,265| [Epoch: 547]   [loss avg: 0.1505]   [current loss: 0.0008]
2024-12-29 20:33:14,410| [Epoch: 548]   [loss avg: 0.1503]   [current loss: 0.0011]
2024-12-29 20:33:14,556| [Epoch: 549]   [loss avg: 0.1500]   [current loss: 0.0011]
2024-12-29 20:33:14,703| [Epoch: 550]   [loss avg: 0.1497]   [current loss: 0.0014]
2024-12-29 20:33:15,129| [Epoch: 551]   [loss avg: 0.1495]   [current loss: 0.0025]
2024-12-29 20:33:15,275| [Epoch: 552]   [loss avg: 0.1492]   [current loss: 0.0009]
2024-12-29 20:33:15,420| [Epoch: 553]   [loss avg: 0.1489]   [current loss: 0.0013]
2024-12-29 20:33:15,566| [Epoch: 554]   [loss avg: 0.1487]   [current loss: 0.0009]
2024-12-29 20:33:15,717| [Epoch: 555]   [loss avg: 0.1484]   [current loss: 0.0011]
2024-12-29 20:33:16,140| [Epoch: 556]   [loss avg: 0.1482]   [current loss: 0.0013]
2024-12-29 20:33:16,286| [Epoch: 557]   [loss avg: 0.1479]   [current loss: 0.0008]
2024-12-29 20:33:16,433| [Epoch: 558]   [loss avg: 0.1476]   [current loss: 0.0009]
2024-12-29 20:33:16,578| [Epoch: 559]   [loss avg: 0.1474]   [current loss: 0.0012]
2024-12-29 20:33:16,885| [Epoch: 560]   [loss avg: 0.1471]   [current loss: 0.0008]
2024-12-29 20:33:17,157| [Epoch: 561]   [loss avg: 0.1469]   [current loss: 0.0010]
2024-12-29 20:33:17,305| [Epoch: 562]   [loss avg: 0.1466]   [current loss: 0.0009]
2024-12-29 20:33:17,451| [Epoch: 563]   [loss avg: 0.1464]   [current loss: 0.0009]
2024-12-29 20:33:17,597| [Epoch: 564]   [loss avg: 0.1461]   [current loss: 0.0016]
2024-12-29 20:33:17,937| [Epoch: 565]   [loss avg: 0.1459]   [current loss: 0.0012]
2024-12-29 20:33:18,183| [Epoch: 566]   [loss avg: 0.1456]   [current loss: 0.0010]
2024-12-29 20:33:18,332| [Epoch: 567]   [loss avg: 0.1454]   [current loss: 0.0021]
2024-12-29 20:33:18,477| [Epoch: 568]   [loss avg: 0.1451]   [current loss: 0.0012]
2024-12-29 20:33:18,626| [Epoch: 569]   [loss avg: 0.1449]   [current loss: 0.0013]
2024-12-29 20:33:19,058| [Epoch: 570]   [loss avg: 0.1446]   [current loss: 0.0007]
2024-12-29 20:33:19,214| [Epoch: 571]   [loss avg: 0.1444]   [current loss: 0.0010]
2024-12-29 20:33:19,360| [Epoch: 572]   [loss avg: 0.1441]   [current loss: 0.0010]
2024-12-29 20:33:19,506| [Epoch: 573]   [loss avg: 0.1439]   [current loss: 0.0013]
2024-12-29 20:33:19,852| [Epoch: 574]   [loss avg: 0.1436]   [current loss: 0.0007]
2024-12-29 20:33:20,105| [Epoch: 575]   [loss avg: 0.1434]   [current loss: 0.0011]
2024-12-29 20:33:20,257| [Epoch: 576]   [loss avg: 0.1432]   [current loss: 0.0011]
2024-12-29 20:33:20,404| [Epoch: 577]   [loss avg: 0.1429]   [current loss: 0.0007]
2024-12-29 20:33:20,549| [Epoch: 578]   [loss avg: 0.1427]   [current loss: 0.0025]
2024-12-29 20:33:20,893| [Epoch: 579]   [loss avg: 0.1424]   [current loss: 0.0007]
2024-12-29 20:33:21,119| [Epoch: 580]   [loss avg: 0.1422]   [current loss: 0.0010]
2024-12-29 20:33:21,266| [Epoch: 581]   [loss avg: 0.1420]   [current loss: 0.0017]
2024-12-29 20:33:21,413| [Epoch: 582]   [loss avg: 0.1417]   [current loss: 0.0011]
2024-12-29 20:33:21,559| [Epoch: 583]   [loss avg: 0.1415]   [current loss: 0.0010]
2024-12-29 20:33:21,891| [Epoch: 584]   [loss avg: 0.1413]   [current loss: 0.0019]
2024-12-29 20:33:22,132| [Epoch: 585]   [loss avg: 0.1410]   [current loss: 0.0007]
2024-12-29 20:33:22,281| [Epoch: 586]   [loss avg: 0.1408]   [current loss: 0.0011]
2024-12-29 20:33:22,428| [Epoch: 587]   [loss avg: 0.1406]   [current loss: 0.0010]
2024-12-29 20:33:22,574| [Epoch: 588]   [loss avg: 0.1403]   [current loss: 0.0017]
2024-12-29 20:33:22,912| [Epoch: 589]   [loss avg: 0.1401]   [current loss: 0.0046]
2024-12-29 20:33:23,152| [Epoch: 590]   [loss avg: 0.1399]   [current loss: 0.0006]
2024-12-29 20:33:23,309| [Epoch: 591]   [loss avg: 0.1397]   [current loss: 0.0009]
2024-12-29 20:33:23,455| [Epoch: 592]   [loss avg: 0.1394]   [current loss: 0.0008]
2024-12-29 20:33:23,605| [Epoch: 593]   [loss avg: 0.1392]   [current loss: 0.0011]
2024-12-29 20:33:24,032| [Epoch: 594]   [loss avg: 0.1390]   [current loss: 0.0011]
2024-12-29 20:33:24,179| [Epoch: 595]   [loss avg: 0.1387]   [current loss: 0.0007]
2024-12-29 20:33:24,325| [Epoch: 596]   [loss avg: 0.1385]   [current loss: 0.0011]
2024-12-29 20:33:24,470| [Epoch: 597]   [loss avg: 0.1383]   [current loss: 0.0007]
2024-12-29 20:33:24,776| [Epoch: 598]   [loss avg: 0.1381]   [current loss: 0.0009]
2024-12-29 20:33:25,049| [Epoch: 599]   [loss avg: 0.1378]   [current loss: 0.0011]
2024-12-29 20:33:25,197| [Epoch: 600]   [loss avg: 0.1376]   [current loss: 0.0022]
2024-12-29 20:33:25,343| [Epoch: 601]   [loss avg: 0.1374]   [current loss: 0.0008]
2024-12-29 20:33:25,490| [Epoch: 602]   [loss avg: 0.1372]   [current loss: 0.0008]
2024-12-29 20:33:25,831| [Epoch: 603]   [loss avg: 0.1369]   [current loss: 0.0009]
2024-12-29 20:33:26,062| [Epoch: 604]   [loss avg: 0.1367]   [current loss: 0.0011]
2024-12-29 20:33:26,208| [Epoch: 605]   [loss avg: 0.1365]   [current loss: 0.0009]
2024-12-29 20:33:26,358| [Epoch: 606]   [loss avg: 0.1363]   [current loss: 0.0006]
2024-12-29 20:33:26,505| [Epoch: 607]   [loss avg: 0.1361]   [current loss: 0.0008]
2024-12-29 20:33:26,937| [Epoch: 608]   [loss avg: 0.1359]   [current loss: 0.0007]
2024-12-29 20:33:27,085| [Epoch: 609]   [loss avg: 0.1356]   [current loss: 0.0010]
2024-12-29 20:33:27,235| [Epoch: 610]   [loss avg: 0.1354]   [current loss: 0.0009]
2024-12-29 20:33:27,382| [Epoch: 611]   [loss avg: 0.1352]   [current loss: 0.0012]
2024-12-29 20:33:27,531| [Epoch: 612]   [loss avg: 0.1350]   [current loss: 0.0008]
2024-12-29 20:33:27,929| [Epoch: 613]   [loss avg: 0.1348]   [current loss: 0.0010]
2024-12-29 20:33:28,095| [Epoch: 614]   [loss avg: 0.1346]   [current loss: 0.0008]
2024-12-29 20:33:28,246| [Epoch: 615]   [loss avg: 0.1344]   [current loss: 0.0024]
2024-12-29 20:33:28,394| [Epoch: 616]   [loss avg: 0.1341]   [current loss: 0.0006]
2024-12-29 20:33:28,587| [Epoch: 617]   [loss avg: 0.1339]   [current loss: 0.0008]
2024-12-29 20:33:28,975| [Epoch: 618]   [loss avg: 0.1337]   [current loss: 0.0009]
2024-12-29 20:33:29,121| [Epoch: 619]   [loss avg: 0.1335]   [current loss: 0.0007]
2024-12-29 20:33:29,268| [Epoch: 620]   [loss avg: 0.1333]   [current loss: 0.0011]
2024-12-29 20:33:29,413| [Epoch: 621]   [loss avg: 0.1331]   [current loss: 0.0012]
2024-12-29 20:33:29,735| [Epoch: 622]   [loss avg: 0.1329]   [current loss: 0.0009]
2024-12-29 20:33:29,985| [Epoch: 623]   [loss avg: 0.1327]   [current loss: 0.0021]
2024-12-29 20:33:30,132| [Epoch: 624]   [loss avg: 0.1325]   [current loss: 0.0014]
2024-12-29 20:33:30,278| [Epoch: 625]   [loss avg: 0.1323]   [current loss: 0.0011]
2024-12-29 20:33:30,425| [Epoch: 626]   [loss avg: 0.1321]   [current loss: 0.0010]
2024-12-29 20:33:30,764| [Epoch: 627]   [loss avg: 0.1319]   [current loss: 0.0008]
2024-12-29 20:33:31,003| [Epoch: 628]   [loss avg: 0.1316]   [current loss: 0.0023]
2024-12-29 20:33:31,149| [Epoch: 629]   [loss avg: 0.1314]   [current loss: 0.0006]
2024-12-29 20:33:31,310| [Epoch: 630]   [loss avg: 0.1312]   [current loss: 0.0010]
2024-12-29 20:33:31,461| [Epoch: 631]   [loss avg: 0.1310]   [current loss: 0.0011]
2024-12-29 20:33:31,888| [Epoch: 632]   [loss avg: 0.1308]   [current loss: 0.0012]
2024-12-29 20:33:32,035| [Epoch: 633]   [loss avg: 0.1306]   [current loss: 0.0008]
2024-12-29 20:33:32,182| [Epoch: 634]   [loss avg: 0.1304]   [current loss: 0.0017]
2024-12-29 20:33:32,331| [Epoch: 635]   [loss avg: 0.1302]   [current loss: 0.0009]
2024-12-29 20:33:32,650| [Epoch: 636]   [loss avg: 0.1300]   [current loss: 0.0018]
2024-12-29 20:33:32,902| [Epoch: 637]   [loss avg: 0.1298]   [current loss: 0.0009]
2024-12-29 20:33:33,049| [Epoch: 638]   [loss avg: 0.1296]   [current loss: 0.0006]
2024-12-29 20:33:33,206| [Epoch: 639]   [loss avg: 0.1294]   [current loss: 0.0010]
2024-12-29 20:33:33,354| [Epoch: 640]   [loss avg: 0.1292]   [current loss: 0.0006]
2024-12-29 20:33:33,784| [Epoch: 641]   [loss avg: 0.1291]   [current loss: 0.0009]
2024-12-29 20:33:33,930| [Epoch: 642]   [loss avg: 0.1289]   [current loss: 0.0023]
2024-12-29 20:33:34,076| [Epoch: 643]   [loss avg: 0.1287]   [current loss: 0.0015]
2024-12-29 20:33:34,222| [Epoch: 644]   [loss avg: 0.1285]   [current loss: 0.0012]
2024-12-29 20:33:34,370| [Epoch: 645]   [loss avg: 0.1283]   [current loss: 0.0013]
2024-12-29 20:33:34,798| [Epoch: 646]   [loss avg: 0.1281]   [current loss: 0.0006]
2024-12-29 20:33:34,944| [Epoch: 647]   [loss avg: 0.1279]   [current loss: 0.0011]
2024-12-29 20:33:35,090| [Epoch: 648]   [loss avg: 0.1277]   [current loss: 0.0011]
2024-12-29 20:33:35,236| [Epoch: 649]   [loss avg: 0.1275]   [current loss: 0.0013]
2024-12-29 20:33:35,542| [Epoch: 650]   [loss avg: 0.1273]   [current loss: 0.0010]
2024-12-29 20:33:35,803| [Epoch: 651]   [loss avg: 0.1271]   [current loss: 0.0017]
2024-12-29 20:33:35,950| [Epoch: 652]   [loss avg: 0.1270]   [current loss: 0.0007]
2024-12-29 20:33:36,097| [Epoch: 653]   [loss avg: 0.1268]   [current loss: 0.0014]
2024-12-29 20:33:36,242| [Epoch: 654]   [loss avg: 0.1266]   [current loss: 0.0007]
2024-12-29 20:33:36,393| [Epoch: 655]   [loss avg: 0.1264]   [current loss: 0.0015]
2024-12-29 20:33:36,816| [Epoch: 656]   [loss avg: 0.1262]   [current loss: 0.0008]
2024-12-29 20:33:36,962| [Epoch: 657]   [loss avg: 0.1260]   [current loss: 0.0007]
2024-12-29 20:33:37,109| [Epoch: 658]   [loss avg: 0.1258]   [current loss: 0.0012]
2024-12-29 20:33:37,256| [Epoch: 659]   [loss avg: 0.1256]   [current loss: 0.0019]
2024-12-29 20:33:37,583| [Epoch: 660]   [loss avg: 0.1255]   [current loss: 0.0015]
2024-12-29 20:33:37,829| [Epoch: 661]   [loss avg: 0.1253]   [current loss: 0.0007]
2024-12-29 20:33:37,976| [Epoch: 662]   [loss avg: 0.1251]   [current loss: 0.0020]
2024-12-29 20:33:38,122| [Epoch: 663]   [loss avg: 0.1249]   [current loss: 0.0007]
2024-12-29 20:33:38,272| [Epoch: 664]   [loss avg: 0.1247]   [current loss: 0.0009]
2024-12-29 20:33:38,611| [Epoch: 665]   [loss avg: 0.1245]   [current loss: 0.0006]
2024-12-29 20:33:38,851| [Epoch: 666]   [loss avg: 0.1244]   [current loss: 0.0028]
2024-12-29 20:33:38,997| [Epoch: 667]   [loss avg: 0.1242]   [current loss: 0.0019]
2024-12-29 20:33:39,143| [Epoch: 668]   [loss avg: 0.1240]   [current loss: 0.0008]
2024-12-29 20:33:39,289| [Epoch: 669]   [loss avg: 0.1238]   [current loss: 0.0026]
2024-12-29 20:33:39,721| [Epoch: 670]   [loss avg: 0.1236]   [current loss: 0.0007]
2024-12-29 20:33:39,867| [Epoch: 671]   [loss avg: 0.1235]   [current loss: 0.0007]
2024-12-29 20:33:40,014| [Epoch: 672]   [loss avg: 0.1233]   [current loss: 0.0009]
2024-12-29 20:33:40,160| [Epoch: 673]   [loss avg: 0.1231]   [current loss: 0.0011]
2024-12-29 20:33:40,308| [Epoch: 674]   [loss avg: 0.1229]   [current loss: 0.0053]
2024-12-29 20:33:40,738| [Epoch: 675]   [loss avg: 0.1228]   [current loss: 0.0007]
2024-12-29 20:33:40,885| [Epoch: 676]   [loss avg: 0.1226]   [current loss: 0.0008]
2024-12-29 20:33:41,033| [Epoch: 677]   [loss avg: 0.1224]   [current loss: 0.0016]
2024-12-29 20:33:41,179| [Epoch: 678]   [loss avg: 0.1222]   [current loss: 0.0005]
2024-12-29 20:33:41,531| [Epoch: 679]   [loss avg: 0.1221]   [current loss: 0.0013]
2024-12-29 20:33:41,769| [Epoch: 680]   [loss avg: 0.1219]   [current loss: 0.0012]
2024-12-29 20:33:41,916| [Epoch: 681]   [loss avg: 0.1217]   [current loss: 0.0014]
2024-12-29 20:33:42,063| [Epoch: 682]   [loss avg: 0.1215]   [current loss: 0.0008]
2024-12-29 20:33:42,212| [Epoch: 683]   [loss avg: 0.1214]   [current loss: 0.0007]
2024-12-29 20:33:42,644| [Epoch: 684]   [loss avg: 0.1212]   [current loss: 0.0009]
2024-12-29 20:33:42,794| [Epoch: 685]   [loss avg: 0.1210]   [current loss: 0.0009]
2024-12-29 20:33:42,942| [Epoch: 686]   [loss avg: 0.1209]   [current loss: 0.0009]
2024-12-29 20:33:43,089| [Epoch: 687]   [loss avg: 0.1207]   [current loss: 0.0010]
2024-12-29 20:33:43,239| [Epoch: 688]   [loss avg: 0.1205]   [current loss: 0.0006]
2024-12-29 20:33:43,602| [Epoch: 689]   [loss avg: 0.1203]   [current loss: 0.0009]
2024-12-29 20:33:43,801| [Epoch: 690]   [loss avg: 0.1202]   [current loss: 0.0011]
2024-12-29 20:33:43,946| [Epoch: 691]   [loss avg: 0.1200]   [current loss: 0.0012]
2024-12-29 20:33:44,092| [Epoch: 692]   [loss avg: 0.1198]   [current loss: 0.0015]
2024-12-29 20:33:44,238| [Epoch: 693]   [loss avg: 0.1197]   [current loss: 0.0009]
2024-12-29 20:33:44,669| [Epoch: 694]   [loss avg: 0.1195]   [current loss: 0.0008]
2024-12-29 20:33:44,815| [Epoch: 695]   [loss avg: 0.1193]   [current loss: 0.0008]
2024-12-29 20:33:44,961| [Epoch: 696]   [loss avg: 0.1192]   [current loss: 0.0005]
2024-12-29 20:33:45,124| [Epoch: 697]   [loss avg: 0.1190]   [current loss: 0.0008]
2024-12-29 20:33:45,472| [Epoch: 698]   [loss avg: 0.1188]   [current loss: 0.0007]
2024-12-29 20:33:45,709| [Epoch: 699]   [loss avg: 0.1187]   [current loss: 0.0014]
2024-12-29 20:33:45,854| [Epoch: 700]   [loss avg: 0.1185]   [current loss: 0.0006]
2024-12-29 20:33:45,999| [Epoch: 701]   [loss avg: 0.1183]   [current loss: 0.0007]
2024-12-29 20:33:46,144| [Epoch: 702]   [loss avg: 0.1182]   [current loss: 0.0010]
2024-12-29 20:33:46,573| [Epoch: 703]   [loss avg: 0.1180]   [current loss: 0.0015]
2024-12-29 20:33:46,721| [Epoch: 704]   [loss avg: 0.1178]   [current loss: 0.0005]
2024-12-29 20:33:46,867| [Epoch: 705]   [loss avg: 0.1177]   [current loss: 0.0010]
2024-12-29 20:33:47,013| [Epoch: 706]   [loss avg: 0.1175]   [current loss: 0.0009]
2024-12-29 20:33:47,159| [Epoch: 707]   [loss avg: 0.1174]   [current loss: 0.0006]
2024-12-29 20:33:47,599| [Epoch: 708]   [loss avg: 0.1172]   [current loss: 0.0008]
2024-12-29 20:33:47,748| [Epoch: 709]   [loss avg: 0.1170]   [current loss: 0.0007]
2024-12-29 20:33:47,894| [Epoch: 710]   [loss avg: 0.1169]   [current loss: 0.0011]
2024-12-29 20:33:48,040| [Epoch: 711]   [loss avg: 0.1167]   [current loss: 0.0012]
2024-12-29 20:33:48,345| [Epoch: 712]   [loss avg: 0.1166]   [current loss: 0.0015]
2024-12-29 20:33:48,618| [Epoch: 713]   [loss avg: 0.1164]   [current loss: 0.0006]
2024-12-29 20:33:48,765| [Epoch: 714]   [loss avg: 0.1162]   [current loss: 0.0009]
2024-12-29 20:33:48,912| [Epoch: 715]   [loss avg: 0.1161]   [current loss: 0.0006]
2024-12-29 20:33:49,059| [Epoch: 716]   [loss avg: 0.1159]   [current loss: 0.0024]
2024-12-29 20:33:49,421| [Epoch: 717]   [loss avg: 0.1158]   [current loss: 0.0006]
2024-12-29 20:33:49,633| [Epoch: 718]   [loss avg: 0.1156]   [current loss: 0.0013]
2024-12-29 20:33:49,778| [Epoch: 719]   [loss avg: 0.1155]   [current loss: 0.0009]
2024-12-29 20:33:49,925| [Epoch: 720]   [loss avg: 0.1153]   [current loss: 0.0012]
2024-12-29 20:33:50,071| [Epoch: 721]   [loss avg: 0.1151]   [current loss: 0.0010]
2024-12-29 20:33:50,497| [Epoch: 722]   [loss avg: 0.1150]   [current loss: 0.0007]
2024-12-29 20:33:50,651| [Epoch: 723]   [loss avg: 0.1148]   [current loss: 0.0013]
2024-12-29 20:33:50,797| [Epoch: 724]   [loss avg: 0.1147]   [current loss: 0.0008]
2024-12-29 20:33:50,944| [Epoch: 725]   [loss avg: 0.1145]   [current loss: 0.0007]
2024-12-29 20:33:51,101| [Epoch: 726]   [loss avg: 0.1144]   [current loss: 0.0008]
2024-12-29 20:33:51,476| [Epoch: 727]   [loss avg: 0.1142]   [current loss: 0.0008]
2024-12-29 20:33:51,651| [Epoch: 728]   [loss avg: 0.1141]   [current loss: 0.0006]
2024-12-29 20:33:51,797| [Epoch: 729]   [loss avg: 0.1139]   [current loss: 0.0007]
2024-12-29 20:33:51,943| [Epoch: 730]   [loss avg: 0.1138]   [current loss: 0.0008]
2024-12-29 20:33:52,089| [Epoch: 731]   [loss avg: 0.1136]   [current loss: 0.0013]
2024-12-29 20:33:52,521| [Epoch: 732]   [loss avg: 0.1135]   [current loss: 0.0006]
2024-12-29 20:33:52,667| [Epoch: 733]   [loss avg: 0.1133]   [current loss: 0.0005]
2024-12-29 20:33:52,815| [Epoch: 734]   [loss avg: 0.1132]   [current loss: 0.0011]
2024-12-29 20:33:52,961| [Epoch: 735]   [loss avg: 0.1130]   [current loss: 0.0009]
2024-12-29 20:33:53,139| [Epoch: 736]   [loss avg: 0.1129]   [current loss: 0.0010]
2024-12-29 20:33:53,533| [Epoch: 737]   [loss avg: 0.1127]   [current loss: 0.0010]
2024-12-29 20:33:53,680| [Epoch: 738]   [loss avg: 0.1126]   [current loss: 0.0006]
2024-12-29 20:33:53,826| [Epoch: 739]   [loss avg: 0.1124]   [current loss: 0.0007]
2024-12-29 20:33:53,972| [Epoch: 740]   [loss avg: 0.1123]   [current loss: 0.0006]
2024-12-29 20:33:54,300| [Epoch: 741]   [loss avg: 0.1121]   [current loss: 0.0009]
2024-12-29 20:33:54,539| [Epoch: 742]   [loss avg: 0.1120]   [current loss: 0.0009]
2024-12-29 20:33:54,684| [Epoch: 743]   [loss avg: 0.1118]   [current loss: 0.0006]
2024-12-29 20:33:54,830| [Epoch: 744]   [loss avg: 0.1117]   [current loss: 0.0006]
2024-12-29 20:33:54,976| [Epoch: 745]   [loss avg: 0.1115]   [current loss: 0.0010]
2024-12-29 20:33:55,320| [Epoch: 746]   [loss avg: 0.1114]   [current loss: 0.0004]
2024-12-29 20:33:55,564| [Epoch: 747]   [loss avg: 0.1112]   [current loss: 0.0023]
2024-12-29 20:33:55,710| [Epoch: 748]   [loss avg: 0.1111]   [current loss: 0.0008]
2024-12-29 20:33:55,856| [Epoch: 749]   [loss avg: 0.1110]   [current loss: 0.0005]
2024-12-29 20:33:56,002| [Epoch: 750]   [loss avg: 0.1108]   [current loss: 0.0008]
2024-12-29 20:33:56,482| [Epoch: 751]   [loss avg: 0.1107]   [current loss: 0.0008]
2024-12-29 20:33:56,629| [Epoch: 752]   [loss avg: 0.1105]   [current loss: 0.0014]
2024-12-29 20:33:56,777| [Epoch: 753]   [loss avg: 0.1104]   [current loss: 0.0012]
2024-12-29 20:33:57,083| [Epoch: 754]   [loss avg: 0.1102]   [current loss: 0.0009]
2024-12-29 20:33:57,358| [Epoch: 755]   [loss avg: 0.1101]   [current loss: 0.0006]
2024-12-29 20:33:57,504| [Epoch: 756]   [loss avg: 0.1100]   [current loss: 0.0006]
2024-12-29 20:33:57,651| [Epoch: 757]   [loss avg: 0.1098]   [current loss: 0.0007]
2024-12-29 20:33:57,798| [Epoch: 758]   [loss avg: 0.1097]   [current loss: 0.0009]
2024-12-29 20:33:58,173| [Epoch: 759]   [loss avg: 0.1095]   [current loss: 0.0005]
2024-12-29 20:33:58,374| [Epoch: 760]   [loss avg: 0.1094]   [current loss: 0.0007]
2024-12-29 20:33:58,520| [Epoch: 761]   [loss avg: 0.1092]   [current loss: 0.0007]
2024-12-29 20:33:58,666| [Epoch: 762]   [loss avg: 0.1091]   [current loss: 0.0007]
2024-12-29 20:33:58,814| [Epoch: 763]   [loss avg: 0.1090]   [current loss: 0.0010]
2024-12-29 20:33:59,193| [Epoch: 764]   [loss avg: 0.1088]   [current loss: 0.0008]
2024-12-29 20:33:59,393| [Epoch: 765]   [loss avg: 0.1087]   [current loss: 0.0007]
2024-12-29 20:33:59,538| [Epoch: 766]   [loss avg: 0.1086]   [current loss: 0.0009]
2024-12-29 20:33:59,685| [Epoch: 767]   [loss avg: 0.1084]   [current loss: 0.0006]
2024-12-29 20:33:59,830| [Epoch: 768]   [loss avg: 0.1083]   [current loss: 0.0006]
2024-12-29 20:34:00,257| [Epoch: 769]   [loss avg: 0.1081]   [current loss: 0.0008]
2024-12-29 20:34:00,403| [Epoch: 770]   [loss avg: 0.1080]   [current loss: 0.0006]
2024-12-29 20:34:00,549| [Epoch: 771]   [loss avg: 0.1079]   [current loss: 0.0005]
2024-12-29 20:34:00,696| [Epoch: 772]   [loss avg: 0.1077]   [current loss: 0.0008]
2024-12-29 20:34:00,844| [Epoch: 773]   [loss avg: 0.1076]   [current loss: 0.0009]
2024-12-29 20:34:01,272| [Epoch: 774]   [loss avg: 0.1075]   [current loss: 0.0014]
2024-12-29 20:34:01,418| [Epoch: 775]   [loss avg: 0.1073]   [current loss: 0.0007]
2024-12-29 20:34:01,566| [Epoch: 776]   [loss avg: 0.1072]   [current loss: 0.0008]
2024-12-29 20:34:01,712| [Epoch: 777]   [loss avg: 0.1071]   [current loss: 0.0008]
2024-12-29 20:34:02,016| [Epoch: 778]   [loss avg: 0.1069]   [current loss: 0.0008]
2024-12-29 20:34:02,285| [Epoch: 779]   [loss avg: 0.1068]   [current loss: 0.0015]
2024-12-29 20:34:02,432| [Epoch: 780]   [loss avg: 0.1067]   [current loss: 0.0006]
2024-12-29 20:34:02,578| [Epoch: 781]   [loss avg: 0.1065]   [current loss: 0.0007]
2024-12-29 20:34:02,726| [Epoch: 782]   [loss avg: 0.1064]   [current loss: 0.0007]
2024-12-29 20:34:03,065| [Epoch: 783]   [loss avg: 0.1063]   [current loss: 0.0010]
2024-12-29 20:34:03,303| [Epoch: 784]   [loss avg: 0.1061]   [current loss: 0.0004]
2024-12-29 20:34:03,459| [Epoch: 785]   [loss avg: 0.1060]   [current loss: 0.0005]
2024-12-29 20:34:03,608| [Epoch: 786]   [loss avg: 0.1059]   [current loss: 0.0007]
2024-12-29 20:34:03,757| [Epoch: 787]   [loss avg: 0.1057]   [current loss: 0.0006]
2024-12-29 20:34:04,200| [Epoch: 788]   [loss avg: 0.1056]   [current loss: 0.0009]
2024-12-29 20:34:04,348| [Epoch: 789]   [loss avg: 0.1055]   [current loss: 0.0009]
2024-12-29 20:34:04,496| [Epoch: 790]   [loss avg: 0.1053]   [current loss: 0.0009]
2024-12-29 20:34:04,643| [Epoch: 791]   [loss avg: 0.1052]   [current loss: 0.0008]
2024-12-29 20:34:04,997| [Epoch: 792]   [loss avg: 0.1051]   [current loss: 0.0007]
2024-12-29 20:34:05,234| [Epoch: 793]   [loss avg: 0.1049]   [current loss: 0.0011]
2024-12-29 20:34:05,380| [Epoch: 794]   [loss avg: 0.1048]   [current loss: 0.0008]
2024-12-29 20:34:05,526| [Epoch: 795]   [loss avg: 0.1047]   [current loss: 0.0007]
2024-12-29 20:34:05,673| [Epoch: 796]   [loss avg: 0.1046]   [current loss: 0.0005]
2024-12-29 20:34:06,106| [Epoch: 797]   [loss avg: 0.1044]   [current loss: 0.0009]
2024-12-29 20:34:06,252| [Epoch: 798]   [loss avg: 0.1043]   [current loss: 0.0062]
2024-12-29 20:34:06,399| [Epoch: 799]   [loss avg: 0.1042]   [current loss: 0.0010]
2024-12-29 20:34:06,545| [Epoch: 800]   [loss avg: 0.1041]   [current loss: 0.0012]
2024-12-29 20:34:06,697| [Epoch: 801]   [loss avg: 0.1039]   [current loss: 0.0008]
2024-12-29 20:34:07,074| [Epoch: 802]   [loss avg: 0.1038]   [current loss: 0.0006]
2024-12-29 20:34:07,273| [Epoch: 803]   [loss avg: 0.1037]   [current loss: 0.0006]
2024-12-29 20:34:07,420| [Epoch: 804]   [loss avg: 0.1036]   [current loss: 0.0005]
2024-12-29 20:34:07,569| [Epoch: 805]   [loss avg: 0.1034]   [current loss: 0.0005]
2024-12-29 20:34:07,723| [Epoch: 806]   [loss avg: 0.1033]   [current loss: 0.0006]
2024-12-29 20:34:08,151| [Epoch: 807]   [loss avg: 0.1032]   [current loss: 0.0006]
2024-12-29 20:34:08,298| [Epoch: 808]   [loss avg: 0.1031]   [current loss: 0.0008]
2024-12-29 20:34:08,444| [Epoch: 809]   [loss avg: 0.1029]   [current loss: 0.0007]
2024-12-29 20:34:08,592| [Epoch: 810]   [loss avg: 0.1028]   [current loss: 0.0010]
2024-12-29 20:34:08,947| [Epoch: 811]   [loss avg: 0.1027]   [current loss: 0.0005]
2024-12-29 20:34:09,196| [Epoch: 812]   [loss avg: 0.1026]   [current loss: 0.0005]
2024-12-29 20:34:09,343| [Epoch: 813]   [loss avg: 0.1024]   [current loss: 0.0023]
2024-12-29 20:34:09,491| [Epoch: 814]   [loss avg: 0.1023]   [current loss: 0.0009]
2024-12-29 20:34:09,637| [Epoch: 815]   [loss avg: 0.1022]   [current loss: 0.0008]
2024-12-29 20:34:10,070| [Epoch: 816]   [loss avg: 0.1021]   [current loss: 0.0023]
2024-12-29 20:34:10,219| [Epoch: 817]   [loss avg: 0.1020]   [current loss: 0.0008]
2024-12-29 20:34:10,365| [Epoch: 818]   [loss avg: 0.1018]   [current loss: 0.0007]
2024-12-29 20:34:10,512| [Epoch: 819]   [loss avg: 0.1017]   [current loss: 0.0009]
2024-12-29 20:34:10,669| [Epoch: 820]   [loss avg: 0.1016]   [current loss: 0.0014]
2024-12-29 20:34:11,085| [Epoch: 821]   [loss avg: 0.1015]   [current loss: 0.0008]
2024-12-29 20:34:11,231| [Epoch: 822]   [loss avg: 0.1014]   [current loss: 0.0011]
2024-12-29 20:34:11,377| [Epoch: 823]   [loss avg: 0.1012]   [current loss: 0.0006]
2024-12-29 20:34:11,524| [Epoch: 824]   [loss avg: 0.1011]   [current loss: 0.0015]
2024-12-29 20:34:11,857| [Epoch: 825]   [loss avg: 0.1010]   [current loss: 0.0007]
2024-12-29 20:34:12,096| [Epoch: 826]   [loss avg: 0.1009]   [current loss: 0.0005]
2024-12-29 20:34:12,246| [Epoch: 827]   [loss avg: 0.1008]   [current loss: 0.0024]
2024-12-29 20:34:12,393| [Epoch: 828]   [loss avg: 0.1006]   [current loss: 0.0006]
2024-12-29 20:34:12,539| [Epoch: 829]   [loss avg: 0.1005]   [current loss: 0.0008]
2024-12-29 20:34:12,877| [Epoch: 830]   [loss avg: 0.1004]   [current loss: 0.0009]
2024-12-29 20:34:13,110| [Epoch: 831]   [loss avg: 0.1003]   [current loss: 0.0006]
2024-12-29 20:34:13,257| [Epoch: 832]   [loss avg: 0.1002]   [current loss: 0.0009]
2024-12-29 20:34:13,404| [Epoch: 833]   [loss avg: 0.1001]   [current loss: 0.0006]
2024-12-29 20:34:13,553| [Epoch: 834]   [loss avg: 0.0999]   [current loss: 0.0006]
2024-12-29 20:34:13,984| [Epoch: 835]   [loss avg: 0.0998]   [current loss: 0.0005]
2024-12-29 20:34:14,131| [Epoch: 836]   [loss avg: 0.0997]   [current loss: 0.0022]
2024-12-29 20:34:14,276| [Epoch: 837]   [loss avg: 0.0996]   [current loss: 0.0005]
2024-12-29 20:34:14,423| [Epoch: 838]   [loss avg: 0.0995]   [current loss: 0.0006]
2024-12-29 20:34:14,573| [Epoch: 839]   [loss avg: 0.0994]   [current loss: 0.0011]
2024-12-29 20:34:14,953| [Epoch: 840]   [loss avg: 0.0992]   [current loss: 0.0005]
2024-12-29 20:34:15,138| [Epoch: 841]   [loss avg: 0.0991]   [current loss: 0.0016]
2024-12-29 20:34:15,284| [Epoch: 842]   [loss avg: 0.0990]   [current loss: 0.0010]
2024-12-29 20:34:15,430| [Epoch: 843]   [loss avg: 0.0989]   [current loss: 0.0007]
2024-12-29 20:34:15,577| [Epoch: 844]   [loss avg: 0.0988]   [current loss: 0.0006]
2024-12-29 20:34:16,009| [Epoch: 845]   [loss avg: 0.0987]   [current loss: 0.0005]
2024-12-29 20:34:16,155| [Epoch: 846]   [loss avg: 0.0986]   [current loss: 0.0006]
2024-12-29 20:34:16,301| [Epoch: 847]   [loss avg: 0.0984]   [current loss: 0.0010]
2024-12-29 20:34:16,447| [Epoch: 848]   [loss avg: 0.0983]   [current loss: 0.0005]
2024-12-29 20:34:16,596| [Epoch: 849]   [loss avg: 0.0982]   [current loss: 0.0012]
2024-12-29 20:34:17,025| [Epoch: 850]   [loss avg: 0.0981]   [current loss: 0.0007]
2024-12-29 20:34:17,174| [Epoch: 851]   [loss avg: 0.0980]   [current loss: 0.0006]
2024-12-29 20:34:17,324| [Epoch: 852]   [loss avg: 0.0979]   [current loss: 0.0006]
2024-12-29 20:34:17,471| [Epoch: 853]   [loss avg: 0.0978]   [current loss: 0.0007]
2024-12-29 20:34:17,777| [Epoch: 854]   [loss avg: 0.0977]   [current loss: 0.0004]
2024-12-29 20:34:18,044| [Epoch: 855]   [loss avg: 0.0975]   [current loss: 0.0020]
2024-12-29 20:34:18,191| [Epoch: 856]   [loss avg: 0.0974]   [current loss: 0.0004]
2024-12-29 20:34:18,337| [Epoch: 857]   [loss avg: 0.0973]   [current loss: 0.0018]
2024-12-29 20:34:18,482| [Epoch: 858]   [loss avg: 0.0972]   [current loss: 0.0005]
2024-12-29 20:34:18,830| [Epoch: 859]   [loss avg: 0.0971]   [current loss: 0.0004]
2024-12-29 20:34:19,067| [Epoch: 860]   [loss avg: 0.0970]   [current loss: 0.0009]
2024-12-29 20:34:19,213| [Epoch: 861]   [loss avg: 0.0969]   [current loss: 0.0009]
2024-12-29 20:34:19,357| [Epoch: 862]   [loss avg: 0.0968]   [current loss: 0.0008]
2024-12-29 20:34:19,503| [Epoch: 863]   [loss avg: 0.0967]   [current loss: 0.0005]
2024-12-29 20:34:19,942| [Epoch: 864]   [loss avg: 0.0966]   [current loss: 0.0005]
2024-12-29 20:34:20,088| [Epoch: 865]   [loss avg: 0.0964]   [current loss: 0.0011]
2024-12-29 20:34:20,233| [Epoch: 866]   [loss avg: 0.0963]   [current loss: 0.0012]
2024-12-29 20:34:20,379| [Epoch: 867]   [loss avg: 0.0962]   [current loss: 0.0007]
2024-12-29 20:34:20,527| [Epoch: 868]   [loss avg: 0.0961]   [current loss: 0.0005]
2024-12-29 20:34:20,957| [Epoch: 869]   [loss avg: 0.0960]   [current loss: 0.0006]
2024-12-29 20:34:21,103| [Epoch: 870]   [loss avg: 0.0959]   [current loss: 0.0007]
2024-12-29 20:34:21,248| [Epoch: 871]   [loss avg: 0.0958]   [current loss: 0.0006]
2024-12-29 20:34:21,393| [Epoch: 872]   [loss avg: 0.0957]   [current loss: 0.0006]
2024-12-29 20:34:21,696| [Epoch: 873]   [loss avg: 0.0956]   [current loss: 0.0013]
2024-12-29 20:34:21,971| [Epoch: 874]   [loss avg: 0.0955]   [current loss: 0.0004]
2024-12-29 20:34:22,128| [Epoch: 875]   [loss avg: 0.0954]   [current loss: 0.0005]
2024-12-29 20:34:22,276| [Epoch: 876]   [loss avg: 0.0953]   [current loss: 0.0004]
2024-12-29 20:34:22,423| [Epoch: 877]   [loss avg: 0.0952]   [current loss: 0.0004]
2024-12-29 20:34:22,852| [Epoch: 878]   [loss avg: 0.0951]   [current loss: 0.0004]
2024-12-29 20:34:23,002| [Epoch: 879]   [loss avg: 0.0949]   [current loss: 0.0005]
2024-12-29 20:34:23,148| [Epoch: 880]   [loss avg: 0.0948]   [current loss: 0.0007]
2024-12-29 20:34:23,295| [Epoch: 881]   [loss avg: 0.0947]   [current loss: 0.0014]
2024-12-29 20:34:23,440| [Epoch: 882]   [loss avg: 0.0946]   [current loss: 0.0004]
2024-12-29 20:34:23,879| [Epoch: 883]   [loss avg: 0.0945]   [current loss: 0.0005]
2024-12-29 20:34:24,025| [Epoch: 884]   [loss avg: 0.0944]   [current loss: 0.0005]
2024-12-29 20:34:24,170| [Epoch: 885]   [loss avg: 0.0943]   [current loss: 0.0005]
2024-12-29 20:34:24,316| [Epoch: 886]   [loss avg: 0.0942]   [current loss: 0.0007]
2024-12-29 20:34:24,619| [Epoch: 887]   [loss avg: 0.0941]   [current loss: 0.0005]
2024-12-29 20:34:24,894| [Epoch: 888]   [loss avg: 0.0940]   [current loss: 0.0006]
2024-12-29 20:34:25,039| [Epoch: 889]   [loss avg: 0.0939]   [current loss: 0.0004]
2024-12-29 20:34:25,185| [Epoch: 890]   [loss avg: 0.0938]   [current loss: 0.0004]
2024-12-29 20:34:25,330| [Epoch: 891]   [loss avg: 0.0937]   [current loss: 0.0005]
2024-12-29 20:34:25,672| [Epoch: 892]   [loss avg: 0.0936]   [current loss: 0.0010]
2024-12-29 20:34:25,911| [Epoch: 893]   [loss avg: 0.0935]   [current loss: 0.0006]
2024-12-29 20:34:26,058| [Epoch: 894]   [loss avg: 0.0934]   [current loss: 0.0004]
2024-12-29 20:34:26,203| [Epoch: 895]   [loss avg: 0.0933]   [current loss: 0.0005]
2024-12-29 20:34:26,350| [Epoch: 896]   [loss avg: 0.0932]   [current loss: 0.0004]
2024-12-29 20:34:26,782| [Epoch: 897]   [loss avg: 0.0931]   [current loss: 0.0006]
2024-12-29 20:34:26,927| [Epoch: 898]   [loss avg: 0.0930]   [current loss: 0.0005]
2024-12-29 20:34:27,074| [Epoch: 899]   [loss avg: 0.0929]   [current loss: 0.0005]
2024-12-29 20:34:27,225| [Epoch: 900]   [loss avg: 0.0928]   [current loss: 0.0009]
2024-12-29 20:34:27,383| [Epoch: 901]   [loss avg: 0.0928]   [current loss: 0.0006]
2024-12-29 20:34:27,797| [Epoch: 902]   [loss avg: 0.0927]   [current loss: 0.0027]
2024-12-29 20:34:27,943| [Epoch: 903]   [loss avg: 0.0926]   [current loss: 0.0006]
2024-12-29 20:34:28,091| [Epoch: 904]   [loss avg: 0.0925]   [current loss: 0.0007]
2024-12-29 20:34:28,238| [Epoch: 905]   [loss avg: 0.0924]   [current loss: 0.0018]
2024-12-29 20:34:28,544| [Epoch: 906]   [loss avg: 0.0923]   [current loss: 0.0007]
2024-12-29 20:34:28,817| [Epoch: 907]   [loss avg: 0.0923]   [current loss: 0.0008]
2024-12-29 20:34:28,963| [Epoch: 908]   [loss avg: 0.0922]   [current loss: 0.0007]
2024-12-29 20:34:29,110| [Epoch: 909]   [loss avg: 0.0921]   [current loss: 0.0008]
2024-12-29 20:34:29,255| [Epoch: 910]   [loss avg: 0.0920]   [current loss: 0.0004]
2024-12-29 20:34:29,597| [Epoch: 911]   [loss avg: 0.0919]   [current loss: 0.0009]
2024-12-29 20:34:29,828| [Epoch: 912]   [loss avg: 0.0918]   [current loss: 0.0006]
2024-12-29 20:34:29,974| [Epoch: 913]   [loss avg: 0.0917]   [current loss: 0.0005]
2024-12-29 20:34:30,120| [Epoch: 914]   [loss avg: 0.0916]   [current loss: 0.0010]
2024-12-29 20:34:30,266| [Epoch: 915]   [loss avg: 0.0915]   [current loss: 0.0013]
2024-12-29 20:34:30,602| [Epoch: 916]   [loss avg: 0.0914]   [current loss: 0.0006]
2024-12-29 20:34:30,830| [Epoch: 917]   [loss avg: 0.0913]   [current loss: 0.0005]
2024-12-29 20:34:30,977| [Epoch: 918]   [loss avg: 0.0912]   [current loss: 0.0011]
2024-12-29 20:34:31,124| [Epoch: 919]   [loss avg: 0.0911]   [current loss: 0.0005]
2024-12-29 20:34:31,270| [Epoch: 920]   [loss avg: 0.0910]   [current loss: 0.0008]
2024-12-29 20:34:31,566| [Epoch: 921]   [loss avg: 0.0909]   [current loss: 0.0014]
2024-12-29 20:34:31,857| [Epoch: 922]   [loss avg: 0.0908]   [current loss: 0.0005]
2024-12-29 20:34:32,002| [Epoch: 923]   [loss avg: 0.0907]   [current loss: 0.0007]
2024-12-29 20:34:32,149| [Epoch: 924]   [loss avg: 0.0906]   [current loss: 0.0004]
2024-12-29 20:34:32,297| [Epoch: 925]   [loss avg: 0.0905]   [current loss: 0.0005]
2024-12-29 20:34:32,636| [Epoch: 926]   [loss avg: 0.0904]   [current loss: 0.0007]
2024-12-29 20:34:32,870| [Epoch: 927]   [loss avg: 0.0903]   [current loss: 0.0007]
2024-12-29 20:34:33,016| [Epoch: 928]   [loss avg: 0.0902]   [current loss: 0.0007]
2024-12-29 20:34:33,163| [Epoch: 929]   [loss avg: 0.0901]   [current loss: 0.0007]
2024-12-29 20:34:33,310| [Epoch: 930]   [loss avg: 0.0900]   [current loss: 0.0013]
2024-12-29 20:34:33,742| [Epoch: 931]   [loss avg: 0.0899]   [current loss: 0.0004]
2024-12-29 20:34:33,890| [Epoch: 932]   [loss avg: 0.0898]   [current loss: 0.0005]
2024-12-29 20:34:34,036| [Epoch: 933]   [loss avg: 0.0897]   [current loss: 0.0006]
2024-12-29 20:34:34,182| [Epoch: 934]   [loss avg: 0.0897]   [current loss: 0.0004]
2024-12-29 20:34:34,499| [Epoch: 935]   [loss avg: 0.0896]   [current loss: 0.0005]
2024-12-29 20:34:34,768| [Epoch: 936]   [loss avg: 0.0895]   [current loss: 0.0015]
2024-12-29 20:34:34,914| [Epoch: 937]   [loss avg: 0.0894]   [current loss: 0.0007]
2024-12-29 20:34:35,060| [Epoch: 938]   [loss avg: 0.0893]   [current loss: 0.0005]
2024-12-29 20:34:35,206| [Epoch: 939]   [loss avg: 0.0892]   [current loss: 0.0004]
2024-12-29 20:34:35,544| [Epoch: 940]   [loss avg: 0.0891]   [current loss: 0.0009]
2024-12-29 20:34:35,783| [Epoch: 941]   [loss avg: 0.0890]   [current loss: 0.0008]
2024-12-29 20:34:35,930| [Epoch: 942]   [loss avg: 0.0889]   [current loss: 0.0006]
2024-12-29 20:34:36,076| [Epoch: 943]   [loss avg: 0.0888]   [current loss: 0.0010]
2024-12-29 20:34:36,222| [Epoch: 944]   [loss avg: 0.0887]   [current loss: 0.0007]
2024-12-29 20:34:36,654| [Epoch: 945]   [loss avg: 0.0886]   [current loss: 0.0005]
2024-12-29 20:34:36,803| [Epoch: 946]   [loss avg: 0.0885]   [current loss: 0.0005]
2024-12-29 20:34:36,948| [Epoch: 947]   [loss avg: 0.0884]   [current loss: 0.0005]
2024-12-29 20:34:37,094| [Epoch: 948]   [loss avg: 0.0884]   [current loss: 0.0004]
2024-12-29 20:34:37,247| [Epoch: 949]   [loss avg: 0.0883]   [current loss: 0.0007]
2024-12-29 20:34:37,675| [Epoch: 950]   [loss avg: 0.0882]   [current loss: 0.0006]
2024-12-29 20:34:37,822| [Epoch: 951]   [loss avg: 0.0881]   [current loss: 0.0010]
2024-12-29 20:34:37,969| [Epoch: 952]   [loss avg: 0.0880]   [current loss: 0.0007]
2024-12-29 20:34:38,115| [Epoch: 953]   [loss avg: 0.0879]   [current loss: 0.0005]
2024-12-29 20:34:38,447| [Epoch: 954]   [loss avg: 0.0878]   [current loss: 0.0007]
2024-12-29 20:34:38,678| [Epoch: 955]   [loss avg: 0.0877]   [current loss: 0.0005]
2024-12-29 20:34:38,825| [Epoch: 956]   [loss avg: 0.0876]   [current loss: 0.0008]
2024-12-29 20:34:38,972| [Epoch: 957]   [loss avg: 0.0875]   [current loss: 0.0007]
2024-12-29 20:34:39,119| [Epoch: 958]   [loss avg: 0.0875]   [current loss: 0.0006]
2024-12-29 20:34:39,349| [Epoch: 959]   [loss avg: 0.0874]   [current loss: 0.0004]
2024-12-29 20:34:39,708| [Epoch: 960]   [loss avg: 0.0873]   [current loss: 0.0007]
2024-12-29 20:34:39,855| [Epoch: 961]   [loss avg: 0.0872]   [current loss: 0.0004]
2024-12-29 20:34:40,003| [Epoch: 962]   [loss avg: 0.0871]   [current loss: 0.0004]
2024-12-29 20:34:40,151| [Epoch: 963]   [loss avg: 0.0870]   [current loss: 0.0005]
2024-12-29 20:34:40,597| [Epoch: 964]   [loss avg: 0.0869]   [current loss: 0.0008]
2024-12-29 20:34:40,743| [Epoch: 965]   [loss avg: 0.0868]   [current loss: 0.0005]
2024-12-29 20:34:40,889| [Epoch: 966]   [loss avg: 0.0868]   [current loss: 0.0003]
2024-12-29 20:34:41,046| [Epoch: 967]   [loss avg: 0.0867]   [current loss: 0.0006]
2024-12-29 20:34:41,352| [Epoch: 968]   [loss avg: 0.0866]   [current loss: 0.0009]
2024-12-29 20:34:41,624| [Epoch: 969]   [loss avg: 0.0865]   [current loss: 0.0007]
2024-12-29 20:34:41,769| [Epoch: 970]   [loss avg: 0.0864]   [current loss: 0.0006]
2024-12-29 20:34:41,915| [Epoch: 971]   [loss avg: 0.0863]   [current loss: 0.0004]
2024-12-29 20:34:42,062| [Epoch: 972]   [loss avg: 0.0862]   [current loss: 0.0006]
2024-12-29 20:34:42,410| [Epoch: 973]   [loss avg: 0.0861]   [current loss: 0.0004]
2024-12-29 20:34:42,647| [Epoch: 974]   [loss avg: 0.0861]   [current loss: 0.0004]
2024-12-29 20:34:42,797| [Epoch: 975]   [loss avg: 0.0860]   [current loss: 0.0004]
2024-12-29 20:34:42,943| [Epoch: 976]   [loss avg: 0.0859]   [current loss: 0.0004]
2024-12-29 20:34:43,090| [Epoch: 977]   [loss avg: 0.0858]   [current loss: 0.0006]
2024-12-29 20:34:43,507| [Epoch: 978]   [loss avg: 0.0857]   [current loss: 0.0005]
2024-12-29 20:34:43,658| [Epoch: 979]   [loss avg: 0.0856]   [current loss: 0.0006]
2024-12-29 20:34:43,805| [Epoch: 980]   [loss avg: 0.0855]   [current loss: 0.0017]
2024-12-29 20:34:43,951| [Epoch: 981]   [loss avg: 0.0855]   [current loss: 0.0004]
2024-12-29 20:34:44,096| [Epoch: 982]   [loss avg: 0.0854]   [current loss: 0.0004]
2024-12-29 20:34:44,536| [Epoch: 983]   [loss avg: 0.0853]   [current loss: 0.0006]
2024-12-29 20:34:44,682| [Epoch: 984]   [loss avg: 0.0852]   [current loss: 0.0005]
2024-12-29 20:34:44,828| [Epoch: 985]   [loss avg: 0.0851]   [current loss: 0.0011]
2024-12-29 20:34:44,975| [Epoch: 986]   [loss avg: 0.0850]   [current loss: 0.0008]
2024-12-29 20:34:45,281| [Epoch: 987]   [loss avg: 0.0850]   [current loss: 0.0008]
2024-12-29 20:34:45,554| [Epoch: 988]   [loss avg: 0.0849]   [current loss: 0.0006]
2024-12-29 20:34:45,700| [Epoch: 989]   [loss avg: 0.0848]   [current loss: 0.0007]
2024-12-29 20:34:45,846| [Epoch: 990]   [loss avg: 0.0847]   [current loss: 0.0005]
2024-12-29 20:34:45,993| [Epoch: 991]   [loss avg: 0.0846]   [current loss: 0.0004]
2024-12-29 20:34:46,332| [Epoch: 992]   [loss avg: 0.0845]   [current loss: 0.0010]
2024-12-29 20:34:46,568| [Epoch: 993]   [loss avg: 0.0845]   [current loss: 0.0005]
2024-12-29 20:34:46,717| [Epoch: 994]   [loss avg: 0.0844]   [current loss: 0.0004]
2024-12-29 20:34:46,864| [Epoch: 995]   [loss avg: 0.0843]   [current loss: 0.0007]
2024-12-29 20:34:47,012| [Epoch: 996]   [loss avg: 0.0842]   [current loss: 0.0005]
2024-12-29 20:34:47,350| [Epoch: 997]   [loss avg: 0.0841]   [current loss: 0.0003]
2024-12-29 20:34:47,583| [Epoch: 998]   [loss avg: 0.0840]   [current loss: 0.0005]
2024-12-29 20:34:47,732| [Epoch: 999]   [loss avg: 0.0840]   [current loss: 0.0014]
2024-12-29 20:34:47,878| [Epoch: 1000]   [loss avg: 0.0839]   [current loss: 0.0005]
2024-12-29 20:34:47,878| Finished Training
2024-12-29 20:35:15,898| 209.13830632099416 Training_Time (s)
2024-12-29 20:35:15,898| 27.991462449077517 Test_time (s)
2024-12-29 20:35:15,898| 
              precision    recall  f1-score   support

           0     0.9985    0.9978    0.9981      4014
           1     0.9854    0.9840    0.9847      2883
           2     0.9786    0.9978    0.9881       459
           3     1.0000    1.0000    1.0000      9103
           4     0.9991    0.9996    0.9994     10481
           5     0.9854    0.9832    0.9843      3154

    accuracy                         0.9962     30094
   macro avg     0.9912    0.9937    0.9924     30094
weighted avg     0.9962    0.9962    0.9962     30094

2024-12-29 20:35:15,898| 
[[ 4005     0     6     0     3     0]
 [    0  2837     0     0     0    46]
 [    1     0   458     0     0     0]
 [    0     0     0  9103     0     0]
 [    0     0     4     0 10477     0]
 [    5    42     0     0     6  3101]]
2024-12-29 20:35:15,898| 99.62450986907689 Overall accuracy (%)
2024-12-29 20:35:15,898| 99.3739649196811 Average accuracy (%)
2024-12-29 20:35:15,898| 99.49868450866137 Kappa accuracy (%)
2024-12-29 20:35:15,898| 
[ 99.77578475  98.40443982  99.78213508 100.          99.9618357
  98.31959417] Each accuracy (%)
2024-12-29 20:35:15,898| Total running time: 238.53 s
