2024-12-29 21:39:32,568| ========================================================================================
2024-12-29 21:39:32,568| experiment log file saved at model/IDNet_augsburg/20241229_213932
2024-12-29 21:39:32,568| *******************       start  args      *******************
2024-12-29 21:39:32,568| dataset_name:augsburg
2024-12-29 21:39:32,568| batch_size:32
2024-12-29 21:39:32,568| pca_components:30
2024-12-29 21:39:32,568| hsi_channels:30
2024-12-29 21:39:32,568| lidar_channels:1
2024-12-29 21:39:32,568| patch_size:12
2024-12-29 21:39:32,568| num_experts:10
2024-12-29 21:39:32,568| k:10
2024-12-29 21:39:32,568| dim:16
2024-12-29 21:39:32,568| epochs:1000
2024-12-29 21:39:32,568| lr:0.0004
2024-12-29 21:39:32,568| step_size:50
2024-12-29 21:39:32,568| gamma:0.9
2024-12-29 21:39:32,568| work_dirs:model/IDNet_augsburg/20241229_213932
2024-12-29 21:39:32,568| seed:0
2024-12-29 21:39:32,568| device:cuda:0
2024-12-29 21:39:32,568| num_classes:7
2024-12-29 21:39:32,568| time:20241229_213932
2024-12-29 21:39:32,568| log_file_name:IDNet_augsburg.log
2024-12-29 21:39:32,568| logger:<Logger logger (DEBUG)>
2024-12-29 21:39:32,568| *******************        end   args     *******************
2024-12-29 21:39:32,840| hsi data shape: (332, 485, 180)
2024-12-29 21:39:32,840| Lidar data shape:(332, 485)
2024-12-29 21:39:32,840| Label shape:(332, 485)
2024-12-29 21:39:32,840| 
... ... PCA tranformation ... ...
2024-12-29 21:39:33,537| Data shape after PCA: (332, 485, 30)
2024-12-29 21:39:33,541| num_classes = 7
2024-12-29 21:39:33,633| 
... ... create train & test data ... ...
2024-12-29 21:39:33,671| Train size:140
2024-12-29 21:39:33,671| Test size: 78154
2024-12-29 21:39:33,671| 
-----Selecting Small Cube from the Original Cube Data-----
2024-12-29 21:39:41,023| [Epoch: 1]   [loss avg: 9.4362]   [current loss: 1.6581]
2024-12-29 21:39:41,184| [Epoch: 2]   [loss avg: 9.2889]   [current loss: 2.2717]
2024-12-29 21:39:41,334| [Epoch: 3]   [loss avg: 8.8323]   [current loss: 1.7117]
2024-12-29 21:39:41,483| [Epoch: 4]   [loss avg: 8.4379]   [current loss: 1.5135]
2024-12-29 21:39:41,643| [Epoch: 5]   [loss avg: 8.0968]   [current loss: 1.2759]
2024-12-29 21:39:41,802| [Epoch: 6]   [loss avg: 7.7628]   [current loss: 1.1113]
2024-12-29 21:39:41,982| [Epoch: 7]   [loss avg: 7.4082]   [current loss: 0.9620]
2024-12-29 21:39:42,162| [Epoch: 8]   [loss avg: 7.0555]   [current loss: 0.7587]
2024-12-29 21:39:42,331| [Epoch: 9]   [loss avg: 6.7816]   [current loss: 1.0747]
2024-12-29 21:39:42,490| [Epoch: 10]   [loss avg: 6.4776]   [current loss: 0.6677]
2024-12-29 21:39:42,658| [Epoch: 11]   [loss avg: 6.2214]   [current loss: 0.9873]
2024-12-29 21:39:42,818| [Epoch: 12]   [loss avg: 6.0096]   [current loss: 1.1760]
2024-12-29 21:39:42,979| [Epoch: 13]   [loss avg: 5.7586]   [current loss: 0.4670]
2024-12-29 21:39:43,169| [Epoch: 14]   [loss avg: 5.5141]   [current loss: 0.4143]
2024-12-29 21:39:43,363| [Epoch: 15]   [loss avg: 5.2795]   [current loss: 0.3570]
2024-12-29 21:39:43,546| [Epoch: 16]   [loss avg: 5.0613]   [current loss: 0.3652]
2024-12-29 21:39:43,717| [Epoch: 17]   [loss avg: 4.8563]   [current loss: 0.3270]
2024-12-29 21:39:43,891| [Epoch: 18]   [loss avg: 4.6485]   [current loss: 0.1609]
2024-12-29 21:39:44,070| [Epoch: 19]   [loss avg: 4.4607]   [current loss: 0.2504]
2024-12-29 21:39:44,231| [Epoch: 20]   [loss avg: 4.2887]   [current loss: 0.1488]
2024-12-29 21:39:44,417| [Epoch: 21]   [loss avg: 4.1338]   [current loss: 0.3475]
2024-12-29 21:39:44,594| [Epoch: 22]   [loss avg: 3.9767]   [current loss: 0.1244]
2024-12-29 21:39:44,793| [Epoch: 23]   [loss avg: 3.8304]   [current loss: 0.1577]
2024-12-29 21:39:44,993| [Epoch: 24]   [loss avg: 3.6963]   [current loss: 0.1565]
2024-12-29 21:39:45,182| [Epoch: 25]   [loss avg: 3.5684]   [current loss: 0.1293]
2024-12-29 21:39:45,370| [Epoch: 26]   [loss avg: 3.4515]   [current loss: 0.1891]
2024-12-29 21:39:45,556| [Epoch: 27]   [loss avg: 3.3387]   [current loss: 0.1049]
2024-12-29 21:39:45,730| [Epoch: 28]   [loss avg: 3.2368]   [current loss: 0.1431]
2024-12-29 21:39:45,901| [Epoch: 29]   [loss avg: 3.1359]   [current loss: 0.0773]
2024-12-29 21:39:46,101| [Epoch: 30]   [loss avg: 3.0400]   [current loss: 0.0651]
2024-12-29 21:39:46,314| [Epoch: 31]   [loss avg: 2.9506]   [current loss: 0.0559]
2024-12-29 21:39:46,577| [Epoch: 32]   [loss avg: 2.8684]   [current loss: 0.0456]
2024-12-29 21:39:46,776| [Epoch: 33]   [loss avg: 2.7920]   [current loss: 0.1416]
2024-12-29 21:39:46,998| [Epoch: 34]   [loss avg: 2.7174]   [current loss: 0.1299]
2024-12-29 21:39:47,197| [Epoch: 35]   [loss avg: 2.6460]   [current loss: 0.0785]
2024-12-29 21:39:47,391| [Epoch: 36]   [loss avg: 2.5768]   [current loss: 0.0249]
2024-12-29 21:39:47,666| [Epoch: 37]   [loss avg: 2.5147]   [current loss: 0.1188]
2024-12-29 21:39:47,958| [Epoch: 38]   [loss avg: 2.4526]   [current loss: 0.0401]
2024-12-29 21:39:48,153| [Epoch: 39]   [loss avg: 2.3931]   [current loss: 0.0158]
2024-12-29 21:39:48,356| [Epoch: 40]   [loss avg: 2.3388]   [current loss: 0.1024]
2024-12-29 21:39:48,560| [Epoch: 41]   [loss avg: 2.2880]   [current loss: 0.1392]
2024-12-29 21:39:48,964| [Epoch: 42]   [loss avg: 2.2376]   [current loss: 0.0635]
2024-12-29 21:39:49,158| [Epoch: 43]   [loss avg: 2.1902]   [current loss: 0.0978]
2024-12-29 21:39:49,351| [Epoch: 44]   [loss avg: 2.1433]   [current loss: 0.0216]
2024-12-29 21:39:49,680| [Epoch: 45]   [loss avg: 2.0977]   [current loss: 0.0303]
2024-12-29 21:39:49,939| [Epoch: 46]   [loss avg: 2.0540]   [current loss: 0.0278]
2024-12-29 21:39:50,132| [Epoch: 47]   [loss avg: 2.0143]   [current loss: 0.1017]
2024-12-29 21:39:50,326| [Epoch: 48]   [loss avg: 1.9747]   [current loss: 0.0100]
2024-12-29 21:39:50,735| [Epoch: 49]   [loss avg: 1.9377]   [current loss: 0.1134]
2024-12-29 21:39:50,927| [Epoch: 50]   [loss avg: 1.9002]   [current loss: 0.0090]
2024-12-29 21:39:51,133| [Epoch: 51]   [loss avg: 1.8668]   [current loss: 0.1173]
2024-12-29 21:39:51,342| [Epoch: 52]   [loss avg: 1.8329]   [current loss: 0.0067]
2024-12-29 21:39:51,720| [Epoch: 53]   [loss avg: 1.7997]   [current loss: 0.0128]
2024-12-29 21:39:51,913| [Epoch: 54]   [loss avg: 1.7674]   [current loss: 0.0103]
2024-12-29 21:39:52,107| [Epoch: 55]   [loss avg: 1.7370]   [current loss: 0.0435]
2024-12-29 21:39:52,440| [Epoch: 56]   [loss avg: 1.7084]   [current loss: 0.0552]
2024-12-29 21:39:52,699| [Epoch: 57]   [loss avg: 1.6808]   [current loss: 0.0556]
2024-12-29 21:39:52,891| [Epoch: 58]   [loss avg: 1.6530]   [current loss: 0.0137]
2024-12-29 21:39:53,082| [Epoch: 59]   [loss avg: 1.6260]   [current loss: 0.0120]
2024-12-29 21:39:53,482| [Epoch: 60]   [loss avg: 1.6004]   [current loss: 0.0191]
2024-12-29 21:39:53,677| [Epoch: 61]   [loss avg: 1.5794]   [current loss: 0.2900]
2024-12-29 21:39:53,870| [Epoch: 62]   [loss avg: 1.5551]   [current loss: 0.0233]
2024-12-29 21:39:54,063| [Epoch: 63]   [loss avg: 1.5311]   [current loss: 0.0073]
2024-12-29 21:39:54,449| [Epoch: 64]   [loss avg: 1.5081]   [current loss: 0.0104]
2024-12-29 21:39:54,644| [Epoch: 65]   [loss avg: 1.4858]   [current loss: 0.0262]
2024-12-29 21:39:54,837| [Epoch: 66]   [loss avg: 1.4640]   [current loss: 0.0168]
2024-12-29 21:39:55,027| [Epoch: 67]   [loss avg: 1.4427]   [current loss: 0.0127]
2024-12-29 21:39:55,419| [Epoch: 68]   [loss avg: 1.4221]   [current loss: 0.0109]
2024-12-29 21:39:55,612| [Epoch: 69]   [loss avg: 1.4022]   [current loss: 0.0111]
2024-12-29 21:39:55,805| [Epoch: 70]   [loss avg: 1.3826]   [current loss: 0.0106]
2024-12-29 21:39:55,998| [Epoch: 71]   [loss avg: 1.3655]   [current loss: 0.0850]
2024-12-29 21:39:56,395| [Epoch: 72]   [loss avg: 1.3477]   [current loss: 0.0581]
2024-12-29 21:39:56,588| [Epoch: 73]   [loss avg: 1.3306]   [current loss: 0.0800]
2024-12-29 21:39:56,780| [Epoch: 74]   [loss avg: 1.3130]   [current loss: 0.0050]
2024-12-29 21:39:56,985| [Epoch: 75]   [loss avg: 1.2963]   [current loss: 0.0098]
2024-12-29 21:39:57,381| [Epoch: 76]   [loss avg: 1.2798]   [current loss: 0.0259]
2024-12-29 21:39:57,572| [Epoch: 77]   [loss avg: 1.2643]   [current loss: 0.0550]
2024-12-29 21:39:57,765| [Epoch: 78]   [loss avg: 1.2485]   [current loss: 0.0126]
2024-12-29 21:39:58,096| [Epoch: 79]   [loss avg: 1.2331]   [current loss: 0.0075]
2024-12-29 21:39:58,354| [Epoch: 80]   [loss avg: 1.2183]   [current loss: 0.0166]
2024-12-29 21:39:58,548| [Epoch: 81]   [loss avg: 1.2044]   [current loss: 0.0735]
2024-12-29 21:39:58,740| [Epoch: 82]   [loss avg: 1.1900]   [current loss: 0.0063]
2024-12-29 21:39:59,141| [Epoch: 83]   [loss avg: 1.1762]   [current loss: 0.0121]
2024-12-29 21:39:59,334| [Epoch: 84]   [loss avg: 1.1628]   [current loss: 0.0078]
2024-12-29 21:39:59,526| [Epoch: 85]   [loss avg: 1.1501]   [current loss: 0.0685]
2024-12-29 21:39:59,718| [Epoch: 86]   [loss avg: 1.1374]   [current loss: 0.0244]
2024-12-29 21:40:00,116| [Epoch: 87]   [loss avg: 1.1247]   [current loss: 0.0116]
2024-12-29 21:40:00,311| [Epoch: 88]   [loss avg: 1.1124]   [current loss: 0.0066]
2024-12-29 21:40:00,502| [Epoch: 89]   [loss avg: 1.1002]   [current loss: 0.0048]
2024-12-29 21:40:00,706| [Epoch: 90]   [loss avg: 1.0883]   [current loss: 0.0080]
2024-12-29 21:40:01,099| [Epoch: 91]   [loss avg: 1.0769]   [current loss: 0.0308]
2024-12-29 21:40:01,291| [Epoch: 92]   [loss avg: 1.0655]   [current loss: 0.0070]
2024-12-29 21:40:01,483| [Epoch: 93]   [loss avg: 1.0543]   [current loss: 0.0041]
2024-12-29 21:40:01,861| [Epoch: 94]   [loss avg: 1.0436]   [current loss: 0.0114]
2024-12-29 21:40:02,080| [Epoch: 95]   [loss avg: 1.0329]   [current loss: 0.0050]
2024-12-29 21:40:02,277| [Epoch: 96]   [loss avg: 1.0226]   [current loss: 0.0194]
2024-12-29 21:40:02,470| [Epoch: 97]   [loss avg: 1.0124]   [current loss: 0.0233]
2024-12-29 21:40:02,805| [Epoch: 98]   [loss avg: 1.0053]   [current loss: 0.2999]
2024-12-29 21:40:03,056| [Epoch: 99]   [loss avg: 0.9964]   [current loss: 0.1127]
2024-12-29 21:40:03,251| [Epoch: 100]   [loss avg: 0.9867]   [current loss: 0.0091]
2024-12-29 21:40:03,445| [Epoch: 101]   [loss avg: 0.9782]   [current loss: 0.0473]
2024-12-29 21:40:03,849| [Epoch: 102]   [loss avg: 0.9688]   [current loss: 0.0049]
2024-12-29 21:40:04,042| [Epoch: 103]   [loss avg: 0.9596]   [current loss: 0.0153]
2024-12-29 21:40:04,237| [Epoch: 104]   [loss avg: 0.9506]   [current loss: 0.0082]
2024-12-29 21:40:04,430| [Epoch: 105]   [loss avg: 0.9417]   [current loss: 0.0058]
2024-12-29 21:40:04,828| [Epoch: 106]   [loss avg: 0.9330]   [current loss: 0.0020]
2024-12-29 21:40:05,031| [Epoch: 107]   [loss avg: 0.9244]   [current loss: 0.0079]
2024-12-29 21:40:05,224| [Epoch: 108]   [loss avg: 0.9162]   [current loss: 0.0264]
2024-12-29 21:40:05,421| [Epoch: 109]   [loss avg: 0.9080]   [current loss: 0.0061]
2024-12-29 21:40:05,814| [Epoch: 110]   [loss avg: 0.9000]   [current loss: 0.0090]
2024-12-29 21:40:06,005| [Epoch: 111]   [loss avg: 0.8920]   [current loss: 0.0037]
2024-12-29 21:40:06,197| [Epoch: 112]   [loss avg: 0.8842]   [current loss: 0.0084]
2024-12-29 21:40:06,525| [Epoch: 113]   [loss avg: 0.8765]   [current loss: 0.0043]
2024-12-29 21:40:06,781| [Epoch: 114]   [loss avg: 0.8691]   [current loss: 0.0134]
2024-12-29 21:40:06,976| [Epoch: 115]   [loss avg: 0.8616]   [current loss: 0.0022]
2024-12-29 21:40:07,172| [Epoch: 116]   [loss avg: 0.8543]   [current loss: 0.0056]
2024-12-29 21:40:07,505| [Epoch: 117]   [loss avg: 0.8471]   [current loss: 0.0017]
2024-12-29 21:40:07,766| [Epoch: 118]   [loss avg: 0.8404]   [current loss: 0.0041]
2024-12-29 21:40:07,961| [Epoch: 119]   [loss avg: 0.8336]   [current loss: 0.0153]
2024-12-29 21:40:08,158| [Epoch: 120]   [loss avg: 0.8268]   [current loss: 0.0015]
2024-12-29 21:40:08,562| [Epoch: 121]   [loss avg: 0.8201]   [current loss: 0.0034]
2024-12-29 21:40:08,754| [Epoch: 122]   [loss avg: 0.8142]   [current loss: 0.0729]
2024-12-29 21:40:08,940| [Epoch: 123]   [loss avg: 0.8077]   [current loss: 0.0134]
2024-12-29 21:40:09,135| [Epoch: 124]   [loss avg: 0.8014]   [current loss: 0.0096]
2024-12-29 21:40:09,487| [Epoch: 125]   [loss avg: 0.7953]   [current loss: 0.0144]
2024-12-29 21:40:09,719| [Epoch: 126]   [loss avg: 0.7891]   [current loss: 0.0053]
2024-12-29 21:40:09,918| [Epoch: 127]   [loss avg: 0.7831]   [current loss: 0.0013]
2024-12-29 21:40:10,123| [Epoch: 128]   [loss avg: 0.7772]   [current loss: 0.0147]
2024-12-29 21:40:10,508| [Epoch: 129]   [loss avg: 0.7714]   [current loss: 0.0233]
2024-12-29 21:40:10,702| [Epoch: 130]   [loss avg: 0.7657]   [current loss: 0.0112]
2024-12-29 21:40:10,898| [Epoch: 131]   [loss avg: 0.7602]   [current loss: 0.0296]
2024-12-29 21:40:11,090| [Epoch: 132]   [loss avg: 0.7547]   [current loss: 0.0280]
2024-12-29 21:40:11,488| [Epoch: 133]   [loss avg: 0.7497]   [current loss: 0.0754]
2024-12-29 21:40:11,679| [Epoch: 134]   [loss avg: 0.7442]   [current loss: 0.0028]
2024-12-29 21:40:11,873| [Epoch: 135]   [loss avg: 0.7390]   [current loss: 0.0217]
2024-12-29 21:40:12,068| [Epoch: 136]   [loss avg: 0.7336]   [current loss: 0.0029]
2024-12-29 21:40:12,469| [Epoch: 137]   [loss avg: 0.7283]   [current loss: 0.0016]
2024-12-29 21:40:12,662| [Epoch: 138]   [loss avg: 0.7233]   [current loss: 0.0081]
2024-12-29 21:40:12,855| [Epoch: 139]   [loss avg: 0.7184]   [current loss: 0.0148]
2024-12-29 21:40:13,050| [Epoch: 140]   [loss avg: 0.7134]   [current loss: 0.0165]
2024-12-29 21:40:13,448| [Epoch: 141]   [loss avg: 0.7085]   [current loss: 0.0032]
2024-12-29 21:40:13,641| [Epoch: 142]   [loss avg: 0.7035]   [current loss: 0.0008]
2024-12-29 21:40:13,845| [Epoch: 143]   [loss avg: 0.6987]   [current loss: 0.0071]
2024-12-29 21:40:14,246| [Epoch: 144]   [loss avg: 0.6939]   [current loss: 0.0032]
2024-12-29 21:40:14,438| [Epoch: 145]   [loss avg: 0.6892]   [current loss: 0.0066]
2024-12-29 21:40:14,633| [Epoch: 146]   [loss avg: 0.6846]   [current loss: 0.0074]
2024-12-29 21:40:14,825| [Epoch: 147]   [loss avg: 0.6800]   [current loss: 0.0030]
2024-12-29 21:40:15,226| [Epoch: 148]   [loss avg: 0.6755]   [current loss: 0.0011]
2024-12-29 21:40:15,415| [Epoch: 149]   [loss avg: 0.6710]   [current loss: 0.0060]
2024-12-29 21:40:15,614| [Epoch: 150]   [loss avg: 0.6666]   [current loss: 0.0019]
2024-12-29 21:40:15,814| [Epoch: 151]   [loss avg: 0.6622]   [current loss: 0.0050]
2024-12-29 21:40:16,212| [Epoch: 152]   [loss avg: 0.6579]   [current loss: 0.0026]
2024-12-29 21:40:16,408| [Epoch: 153]   [loss avg: 0.6537]   [current loss: 0.0028]
2024-12-29 21:40:16,603| [Epoch: 154]   [loss avg: 0.6495]   [current loss: 0.0016]
2024-12-29 21:40:16,796| [Epoch: 155]   [loss avg: 0.6454]   [current loss: 0.0053]
2024-12-29 21:40:17,190| [Epoch: 156]   [loss avg: 0.6413]   [current loss: 0.0034]
2024-12-29 21:40:17,384| [Epoch: 157]   [loss avg: 0.6373]   [current loss: 0.0042]
2024-12-29 21:40:17,577| [Epoch: 158]   [loss avg: 0.6333]   [current loss: 0.0012]
2024-12-29 21:40:17,772| [Epoch: 159]   [loss avg: 0.6293]   [current loss: 0.0039]
2024-12-29 21:40:18,168| [Epoch: 160]   [loss avg: 0.6254]   [current loss: 0.0014]
2024-12-29 21:40:18,360| [Epoch: 161]   [loss avg: 0.6216]   [current loss: 0.0009]
2024-12-29 21:40:18,552| [Epoch: 162]   [loss avg: 0.6178]   [current loss: 0.0046]
2024-12-29 21:40:18,746| [Epoch: 163]   [loss avg: 0.6141]   [current loss: 0.0051]
2024-12-29 21:40:19,149| [Epoch: 164]   [loss avg: 0.6104]   [current loss: 0.0015]
2024-12-29 21:40:19,343| [Epoch: 165]   [loss avg: 0.6067]   [current loss: 0.0011]
2024-12-29 21:40:19,535| [Epoch: 166]   [loss avg: 0.6031]   [current loss: 0.0018]
2024-12-29 21:40:19,873| [Epoch: 167]   [loss avg: 0.5995]   [current loss: 0.0015]
2024-12-29 21:40:20,134| [Epoch: 168]   [loss avg: 0.5960]   [current loss: 0.0008]
2024-12-29 21:40:20,330| [Epoch: 169]   [loss avg: 0.5925]   [current loss: 0.0038]
2024-12-29 21:40:20,524| [Epoch: 170]   [loss avg: 0.5890]   [current loss: 0.0041]
2024-12-29 21:40:20,924| [Epoch: 171]   [loss avg: 0.5856]   [current loss: 0.0027]
2024-12-29 21:40:21,118| [Epoch: 172]   [loss avg: 0.5823]   [current loss: 0.0082]
2024-12-29 21:40:21,312| [Epoch: 173]   [loss avg: 0.5791]   [current loss: 0.0198]
2024-12-29 21:40:21,506| [Epoch: 174]   [loss avg: 0.5758]   [current loss: 0.0032]
2024-12-29 21:40:21,914| [Epoch: 175]   [loss avg: 0.5725]   [current loss: 0.0027]
2024-12-29 21:40:22,110| [Epoch: 176]   [loss avg: 0.5694]   [current loss: 0.0063]
2024-12-29 21:40:22,304| [Epoch: 177]   [loss avg: 0.5662]   [current loss: 0.0027]
2024-12-29 21:40:22,497| [Epoch: 178]   [loss avg: 0.5630]   [current loss: 0.0016]
2024-12-29 21:40:22,900| [Epoch: 179]   [loss avg: 0.5599]   [current loss: 0.0035]
2024-12-29 21:40:23,092| [Epoch: 180]   [loss avg: 0.5569]   [current loss: 0.0023]
2024-12-29 21:40:23,286| [Epoch: 181]   [loss avg: 0.5539]   [current loss: 0.0066]
2024-12-29 21:40:23,623| [Epoch: 182]   [loss avg: 0.5508]   [current loss: 0.0012]
2024-12-29 21:40:23,883| [Epoch: 183]   [loss avg: 0.5479]   [current loss: 0.0020]
2024-12-29 21:40:24,075| [Epoch: 184]   [loss avg: 0.5449]   [current loss: 0.0006]
2024-12-29 21:40:24,279| [Epoch: 185]   [loss avg: 0.5420]   [current loss: 0.0065]
2024-12-29 21:40:24,673| [Epoch: 186]   [loss avg: 0.5391]   [current loss: 0.0009]
2024-12-29 21:40:24,866| [Epoch: 187]   [loss avg: 0.5363]   [current loss: 0.0012]
2024-12-29 21:40:25,058| [Epoch: 188]   [loss avg: 0.5335]   [current loss: 0.0036]
2024-12-29 21:40:25,251| [Epoch: 189]   [loss avg: 0.5307]   [current loss: 0.0023]
2024-12-29 21:40:25,642| [Epoch: 190]   [loss avg: 0.5279]   [current loss: 0.0008]
2024-12-29 21:40:25,834| [Epoch: 191]   [loss avg: 0.5252]   [current loss: 0.0010]
2024-12-29 21:40:26,029| [Epoch: 192]   [loss avg: 0.5225]   [current loss: 0.0007]
2024-12-29 21:40:26,221| [Epoch: 193]   [loss avg: 0.5198]   [current loss: 0.0070]
2024-12-29 21:40:26,619| [Epoch: 194]   [loss avg: 0.5172]   [current loss: 0.0050]
2024-12-29 21:40:26,812| [Epoch: 195]   [loss avg: 0.5147]   [current loss: 0.0293]
2024-12-29 21:40:27,006| [Epoch: 196]   [loss avg: 0.5123]   [current loss: 0.0447]
2024-12-29 21:40:27,201| [Epoch: 197]   [loss avg: 0.5098]   [current loss: 0.0061]
2024-12-29 21:40:27,597| [Epoch: 198]   [loss avg: 0.5073]   [current loss: 0.0042]
2024-12-29 21:40:27,789| [Epoch: 199]   [loss avg: 0.5048]   [current loss: 0.0056]
2024-12-29 21:40:27,982| [Epoch: 200]   [loss avg: 0.5023]   [current loss: 0.0028]
2024-12-29 21:40:28,188| [Epoch: 201]   [loss avg: 0.4999]   [current loss: 0.0092]
2024-12-29 21:40:28,570| [Epoch: 202]   [loss avg: 0.4975]   [current loss: 0.0071]
2024-12-29 21:40:28,763| [Epoch: 203]   [loss avg: 0.4951]   [current loss: 0.0042]
2024-12-29 21:40:28,955| [Epoch: 204]   [loss avg: 0.4927]   [current loss: 0.0012]
2024-12-29 21:40:29,290| [Epoch: 205]   [loss avg: 0.4903]   [current loss: 0.0104]
2024-12-29 21:40:29,549| [Epoch: 206]   [loss avg: 0.4880]   [current loss: 0.0007]
2024-12-29 21:40:29,741| [Epoch: 207]   [loss avg: 0.4857]   [current loss: 0.0015]
2024-12-29 21:40:29,933| [Epoch: 208]   [loss avg: 0.4834]   [current loss: 0.0011]
2024-12-29 21:40:30,338| [Epoch: 209]   [loss avg: 0.4811]   [current loss: 0.0049]
2024-12-29 21:40:30,530| [Epoch: 210]   [loss avg: 0.4788]   [current loss: 0.0008]
2024-12-29 21:40:30,723| [Epoch: 211]   [loss avg: 0.4766]   [current loss: 0.0010]
2024-12-29 21:40:30,916| [Epoch: 212]   [loss avg: 0.4755]   [current loss: 0.2383]
2024-12-29 21:40:31,316| [Epoch: 213]   [loss avg: 0.4733]   [current loss: 0.0005]
2024-12-29 21:40:31,518| [Epoch: 214]   [loss avg: 0.4711]   [current loss: 0.0028]
2024-12-29 21:40:31,710| [Epoch: 215]   [loss avg: 0.4689]   [current loss: 0.0026]
2024-12-29 21:40:31,904| [Epoch: 216]   [loss avg: 0.4670]   [current loss: 0.0349]
2024-12-29 21:40:32,294| [Epoch: 217]   [loss avg: 0.4648]   [current loss: 0.0025]
2024-12-29 21:40:32,488| [Epoch: 218]   [loss avg: 0.4628]   [current loss: 0.0033]
2024-12-29 21:40:32,681| [Epoch: 219]   [loss avg: 0.4607]   [current loss: 0.0061]
2024-12-29 21:40:32,876| [Epoch: 220]   [loss avg: 0.4587]   [current loss: 0.0151]
2024-12-29 21:40:33,266| [Epoch: 221]   [loss avg: 0.4566]   [current loss: 0.0005]
2024-12-29 21:40:33,461| [Epoch: 222]   [loss avg: 0.4546]   [current loss: 0.0008]
2024-12-29 21:40:33,654| [Epoch: 223]   [loss avg: 0.4526]   [current loss: 0.0102]
2024-12-29 21:40:33,890| [Epoch: 224]   [loss avg: 0.4507]   [current loss: 0.0043]
2024-12-29 21:40:34,256| [Epoch: 225]   [loss avg: 0.4487]   [current loss: 0.0060]
2024-12-29 21:40:34,451| [Epoch: 226]   [loss avg: 0.4467]   [current loss: 0.0008]
2024-12-29 21:40:34,644| [Epoch: 227]   [loss avg: 0.4448]   [current loss: 0.0012]
2024-12-29 21:40:35,049| [Epoch: 228]   [loss avg: 0.4429]   [current loss: 0.0015]
2024-12-29 21:40:35,244| [Epoch: 229]   [loss avg: 0.4410]   [current loss: 0.0035]
2024-12-29 21:40:35,438| [Epoch: 230]   [loss avg: 0.4391]   [current loss: 0.0020]
2024-12-29 21:40:35,633| [Epoch: 231]   [loss avg: 0.4372]   [current loss: 0.0018]
2024-12-29 21:40:36,032| [Epoch: 232]   [loss avg: 0.4353]   [current loss: 0.0009]
2024-12-29 21:40:36,240| [Epoch: 233]   [loss avg: 0.4335]   [current loss: 0.0028]
2024-12-29 21:40:36,435| [Epoch: 234]   [loss avg: 0.4317]   [current loss: 0.0008]
2024-12-29 21:40:36,631| [Epoch: 235]   [loss avg: 0.4298]   [current loss: 0.0005]
2024-12-29 21:40:37,027| [Epoch: 236]   [loss avg: 0.4280]   [current loss: 0.0012]
2024-12-29 21:40:37,222| [Epoch: 237]   [loss avg: 0.4262]   [current loss: 0.0017]
2024-12-29 21:40:37,415| [Epoch: 238]   [loss avg: 0.4245]   [current loss: 0.0015]
2024-12-29 21:40:37,747| [Epoch: 239]   [loss avg: 0.4227]   [current loss: 0.0017]
2024-12-29 21:40:38,006| [Epoch: 240]   [loss avg: 0.4210]   [current loss: 0.0013]
2024-12-29 21:40:38,201| [Epoch: 241]   [loss avg: 0.4192]   [current loss: 0.0011]
2024-12-29 21:40:38,395| [Epoch: 242]   [loss avg: 0.4176]   [current loss: 0.0096]
2024-12-29 21:40:38,794| [Epoch: 243]   [loss avg: 0.4159]   [current loss: 0.0026]
2024-12-29 21:40:38,987| [Epoch: 244]   [loss avg: 0.4142]   [current loss: 0.0011]
2024-12-29 21:40:39,181| [Epoch: 245]   [loss avg: 0.4125]   [current loss: 0.0007]
2024-12-29 21:40:39,373| [Epoch: 246]   [loss avg: 0.4109]   [current loss: 0.0061]
2024-12-29 21:40:39,763| [Epoch: 247]   [loss avg: 0.4092]   [current loss: 0.0026]
2024-12-29 21:40:39,955| [Epoch: 248]   [loss avg: 0.4083]   [current loss: 0.1857]
2024-12-29 21:40:40,148| [Epoch: 249]   [loss avg: 0.4067]   [current loss: 0.0025]
2024-12-29 21:40:40,340| [Epoch: 250]   [loss avg: 0.4051]   [current loss: 0.0018]
2024-12-29 21:40:40,731| [Epoch: 251]   [loss avg: 0.4036]   [current loss: 0.0027]
2024-12-29 21:40:40,924| [Epoch: 252]   [loss avg: 0.4020]   [current loss: 0.0045]
2024-12-29 21:40:41,117| [Epoch: 253]   [loss avg: 0.4005]   [current loss: 0.0014]
2024-12-29 21:40:41,309| [Epoch: 254]   [loss avg: 0.3989]   [current loss: 0.0018]
2024-12-29 21:40:41,708| [Epoch: 255]   [loss avg: 0.3974]   [current loss: 0.0105]
2024-12-29 21:40:41,901| [Epoch: 256]   [loss avg: 0.3959]   [current loss: 0.0043]
2024-12-29 21:40:42,092| [Epoch: 257]   [loss avg: 0.3944]   [current loss: 0.0003]
2024-12-29 21:40:42,298| [Epoch: 258]   [loss avg: 0.3933]   [current loss: 0.1197]
2024-12-29 21:40:42,694| [Epoch: 259]   [loss avg: 0.3918]   [current loss: 0.0015]
2024-12-29 21:40:42,886| [Epoch: 260]   [loss avg: 0.3903]   [current loss: 0.0011]
2024-12-29 21:40:43,079| [Epoch: 261]   [loss avg: 0.3889]   [current loss: 0.0015]
2024-12-29 21:40:43,412| [Epoch: 262]   [loss avg: 0.3874]   [current loss: 0.0023]
2024-12-29 21:40:43,671| [Epoch: 263]   [loss avg: 0.3859]   [current loss: 0.0004]
2024-12-29 21:40:43,863| [Epoch: 264]   [loss avg: 0.3845]   [current loss: 0.0008]
2024-12-29 21:40:44,055| [Epoch: 265]   [loss avg: 0.3831]   [current loss: 0.0019]
2024-12-29 21:40:44,462| [Epoch: 266]   [loss avg: 0.3816]   [current loss: 0.0006]
2024-12-29 21:40:44,656| [Epoch: 267]   [loss avg: 0.3802]   [current loss: 0.0005]
2024-12-29 21:40:44,849| [Epoch: 268]   [loss avg: 0.3788]   [current loss: 0.0007]
2024-12-29 21:40:45,041| [Epoch: 269]   [loss avg: 0.3774]   [current loss: 0.0006]
2024-12-29 21:40:45,441| [Epoch: 270]   [loss avg: 0.3760]   [current loss: 0.0004]
2024-12-29 21:40:45,633| [Epoch: 271]   [loss avg: 0.3746]   [current loss: 0.0005]
2024-12-29 21:40:45,827| [Epoch: 272]   [loss avg: 0.3733]   [current loss: 0.0030]
2024-12-29 21:40:46,019| [Epoch: 273]   [loss avg: 0.3719]   [current loss: 0.0009]
2024-12-29 21:40:46,420| [Epoch: 274]   [loss avg: 0.3706]   [current loss: 0.0004]
2024-12-29 21:40:46,612| [Epoch: 275]   [loss avg: 0.3693]   [current loss: 0.0011]
2024-12-29 21:40:46,804| [Epoch: 276]   [loss avg: 0.3679]   [current loss: 0.0004]
2024-12-29 21:40:47,001| [Epoch: 277]   [loss avg: 0.3666]   [current loss: 0.0011]
2024-12-29 21:40:47,392| [Epoch: 278]   [loss avg: 0.3653]   [current loss: 0.0012]
2024-12-29 21:40:47,585| [Epoch: 279]   [loss avg: 0.3640]   [current loss: 0.0006]
2024-12-29 21:40:47,777| [Epoch: 280]   [loss avg: 0.3627]   [current loss: 0.0006]
2024-12-29 21:40:47,979| [Epoch: 281]   [loss avg: 0.3614]   [current loss: 0.0007]
2024-12-29 21:40:48,359| [Epoch: 282]   [loss avg: 0.3602]   [current loss: 0.0018]
2024-12-29 21:40:48,552| [Epoch: 283]   [loss avg: 0.3589]   [current loss: 0.0010]
2024-12-29 21:40:48,744| [Epoch: 284]   [loss avg: 0.3577]   [current loss: 0.0007]
2024-12-29 21:40:48,941| [Epoch: 285]   [loss avg: 0.3564]   [current loss: 0.0009]
2024-12-29 21:40:49,335| [Epoch: 286]   [loss avg: 0.3552]   [current loss: 0.0004]
2024-12-29 21:40:49,527| [Epoch: 287]   [loss avg: 0.3540]   [current loss: 0.0008]
2024-12-29 21:40:49,719| [Epoch: 288]   [loss avg: 0.3528]   [current loss: 0.0008]
2024-12-29 21:40:49,997| [Epoch: 289]   [loss avg: 0.3516]   [current loss: 0.0010]
2024-12-29 21:40:50,316| [Epoch: 290]   [loss avg: 0.3504]   [current loss: 0.0005]
2024-12-29 21:40:50,508| [Epoch: 291]   [loss avg: 0.3492]   [current loss: 0.0014]
2024-12-29 21:40:50,700| [Epoch: 292]   [loss avg: 0.3480]   [current loss: 0.0020]
2024-12-29 21:40:51,031| [Epoch: 293]   [loss avg: 0.3469]   [current loss: 0.0072]
2024-12-29 21:40:51,290| [Epoch: 294]   [loss avg: 0.3457]   [current loss: 0.0014]
2024-12-29 21:40:51,495| [Epoch: 295]   [loss avg: 0.3448]   [current loss: 0.0744]
2024-12-29 21:40:51,689| [Epoch: 296]   [loss avg: 0.3436]   [current loss: 0.0013]
2024-12-29 21:40:52,086| [Epoch: 297]   [loss avg: 0.3425]   [current loss: 0.0048]
2024-12-29 21:40:52,280| [Epoch: 298]   [loss avg: 0.3414]   [current loss: 0.0101]
2024-12-29 21:40:52,474| [Epoch: 299]   [loss avg: 0.3403]   [current loss: 0.0008]
2024-12-29 21:40:52,666| [Epoch: 300]   [loss avg: 0.3392]   [current loss: 0.0012]
2024-12-29 21:40:53,066| [Epoch: 301]   [loss avg: 0.3381]   [current loss: 0.0041]
2024-12-29 21:40:53,261| [Epoch: 302]   [loss avg: 0.3370]   [current loss: 0.0057]
2024-12-29 21:40:53,454| [Epoch: 303]   [loss avg: 0.3359]   [current loss: 0.0005]
2024-12-29 21:40:53,648| [Epoch: 304]   [loss avg: 0.3348]   [current loss: 0.0075]
2024-12-29 21:40:54,044| [Epoch: 305]   [loss avg: 0.3337]   [current loss: 0.0008]
2024-12-29 21:40:54,239| [Epoch: 306]   [loss avg: 0.3326]   [current loss: 0.0008]
2024-12-29 21:40:54,433| [Epoch: 307]   [loss avg: 0.3316]   [current loss: 0.0108]
2024-12-29 21:40:54,627| [Epoch: 308]   [loss avg: 0.3305]   [current loss: 0.0006]
2024-12-29 21:40:55,017| [Epoch: 309]   [loss avg: 0.3295]   [current loss: 0.0026]
2024-12-29 21:40:55,210| [Epoch: 310]   [loss avg: 0.3285]   [current loss: 0.0045]
2024-12-29 21:40:55,402| [Epoch: 311]   [loss avg: 0.3274]   [current loss: 0.0004]
2024-12-29 21:40:55,595| [Epoch: 312]   [loss avg: 0.3264]   [current loss: 0.0060]
2024-12-29 21:40:55,986| [Epoch: 313]   [loss avg: 0.3254]   [current loss: 0.0024]
2024-12-29 21:40:56,179| [Epoch: 314]   [loss avg: 0.3244]   [current loss: 0.0026]
2024-12-29 21:40:56,373| [Epoch: 315]   [loss avg: 0.3235]   [current loss: 0.0005]
2024-12-29 21:40:56,567| [Epoch: 316]   [loss avg: 0.3226]   [current loss: 0.0156]
2024-12-29 21:40:56,963| [Epoch: 317]   [loss avg: 0.3216]   [current loss: 0.0020]
2024-12-29 21:40:57,161| [Epoch: 318]   [loss avg: 0.3206]   [current loss: 0.0003]
2024-12-29 21:40:57,353| [Epoch: 319]   [loss avg: 0.3196]   [current loss: 0.0023]
2024-12-29 21:40:57,684| [Epoch: 320]   [loss avg: 0.3186]   [current loss: 0.0009]
2024-12-29 21:40:57,940| [Epoch: 321]   [loss avg: 0.3176]   [current loss: 0.0011]
2024-12-29 21:40:58,134| [Epoch: 322]   [loss avg: 0.3166]   [current loss: 0.0009]
2024-12-29 21:40:58,327| [Epoch: 323]   [loss avg: 0.3156]   [current loss: 0.0016]
2024-12-29 21:40:58,730| [Epoch: 324]   [loss avg: 0.3147]   [current loss: 0.0013]
2024-12-29 21:40:58,923| [Epoch: 325]   [loss avg: 0.3137]   [current loss: 0.0005]
2024-12-29 21:40:59,116| [Epoch: 326]   [loss avg: 0.3128]   [current loss: 0.0036]
2024-12-29 21:40:59,308| [Epoch: 327]   [loss avg: 0.3118]   [current loss: 0.0002]
2024-12-29 21:40:59,718| [Epoch: 328]   [loss avg: 0.3109]   [current loss: 0.0012]
2024-12-29 21:40:59,912| [Epoch: 329]   [loss avg: 0.3099]   [current loss: 0.0009]
2024-12-29 21:41:00,106| [Epoch: 330]   [loss avg: 0.3090]   [current loss: 0.0008]
2024-12-29 21:41:00,299| [Epoch: 331]   [loss avg: 0.3081]   [current loss: 0.0005]
2024-12-29 21:41:00,702| [Epoch: 332]   [loss avg: 0.3072]   [current loss: 0.0019]
2024-12-29 21:41:00,893| [Epoch: 333]   [loss avg: 0.3063]   [current loss: 0.0004]
2024-12-29 21:41:01,085| [Epoch: 334]   [loss avg: 0.3054]   [current loss: 0.0009]
2024-12-29 21:41:01,357| [Epoch: 335]   [loss avg: 0.3045]   [current loss: 0.0024]
2024-12-29 21:41:01,686| [Epoch: 336]   [loss avg: 0.3036]   [current loss: 0.0005]
2024-12-29 21:41:01,879| [Epoch: 337]   [loss avg: 0.3027]   [current loss: 0.0051]
2024-12-29 21:41:02,072| [Epoch: 338]   [loss avg: 0.3018]   [current loss: 0.0023]
2024-12-29 21:41:02,410| [Epoch: 339]   [loss avg: 0.3009]   [current loss: 0.0004]
2024-12-29 21:41:02,659| [Epoch: 340]   [loss avg: 0.3000]   [current loss: 0.0021]
2024-12-29 21:41:02,854| [Epoch: 341]   [loss avg: 0.2992]   [current loss: 0.0004]
2024-12-29 21:41:03,048| [Epoch: 342]   [loss avg: 0.2983]   [current loss: 0.0068]
2024-12-29 21:41:03,377| [Epoch: 343]   [loss avg: 0.2974]   [current loss: 0.0016]
2024-12-29 21:41:03,637| [Epoch: 344]   [loss avg: 0.2966]   [current loss: 0.0007]
2024-12-29 21:41:03,835| [Epoch: 345]   [loss avg: 0.2957]   [current loss: 0.0016]
2024-12-29 21:41:04,027| [Epoch: 346]   [loss avg: 0.2949]   [current loss: 0.0017]
2024-12-29 21:41:04,429| [Epoch: 347]   [loss avg: 0.2940]   [current loss: 0.0002]
2024-12-29 21:41:04,621| [Epoch: 348]   [loss avg: 0.2932]   [current loss: 0.0028]
2024-12-29 21:41:04,814| [Epoch: 349]   [loss avg: 0.2924]   [current loss: 0.0019]
2024-12-29 21:41:05,008| [Epoch: 350]   [loss avg: 0.2916]   [current loss: 0.0081]
2024-12-29 21:41:05,405| [Epoch: 351]   [loss avg: 0.2908]   [current loss: 0.0007]
2024-12-29 21:41:05,598| [Epoch: 352]   [loss avg: 0.2899]   [current loss: 0.0015]
2024-12-29 21:41:05,792| [Epoch: 353]   [loss avg: 0.2891]   [current loss: 0.0040]
2024-12-29 21:41:05,985| [Epoch: 354]   [loss avg: 0.2883]   [current loss: 0.0018]
2024-12-29 21:41:06,387| [Epoch: 355]   [loss avg: 0.2875]   [current loss: 0.0003]
2024-12-29 21:41:06,580| [Epoch: 356]   [loss avg: 0.2867]   [current loss: 0.0007]
2024-12-29 21:41:06,773| [Epoch: 357]   [loss avg: 0.2859]   [current loss: 0.0007]
2024-12-29 21:41:07,006| [Epoch: 358]   [loss avg: 0.2852]   [current loss: 0.0115]
2024-12-29 21:41:07,358| [Epoch: 359]   [loss avg: 0.2844]   [current loss: 0.0011]
2024-12-29 21:41:07,550| [Epoch: 360]   [loss avg: 0.2836]   [current loss: 0.0008]
2024-12-29 21:41:07,744| [Epoch: 361]   [loss avg: 0.2828]   [current loss: 0.0005]
2024-12-29 21:41:07,943| [Epoch: 362]   [loss avg: 0.2820]   [current loss: 0.0011]
2024-12-29 21:41:08,333| [Epoch: 363]   [loss avg: 0.2814]   [current loss: 0.0504]
2024-12-29 21:41:08,525| [Epoch: 364]   [loss avg: 0.2806]   [current loss: 0.0002]
2024-12-29 21:41:08,728| [Epoch: 365]   [loss avg: 0.2799]   [current loss: 0.0068]
2024-12-29 21:41:09,129| [Epoch: 366]   [loss avg: 0.2791]   [current loss: 0.0004]
2024-12-29 21:41:09,324| [Epoch: 367]   [loss avg: 0.2784]   [current loss: 0.0015]
2024-12-29 21:41:09,517| [Epoch: 368]   [loss avg: 0.2776]   [current loss: 0.0008]
2024-12-29 21:41:09,709| [Epoch: 369]   [loss avg: 0.2769]   [current loss: 0.0004]
2024-12-29 21:41:10,103| [Epoch: 370]   [loss avg: 0.2762]   [current loss: 0.0115]
2024-12-29 21:41:10,297| [Epoch: 371]   [loss avg: 0.2754]   [current loss: 0.0012]
2024-12-29 21:41:10,490| [Epoch: 372]   [loss avg: 0.2747]   [current loss: 0.0011]
2024-12-29 21:41:10,682| [Epoch: 373]   [loss avg: 0.2740]   [current loss: 0.0112]
2024-12-29 21:41:11,073| [Epoch: 374]   [loss avg: 0.2733]   [current loss: 0.0006]
2024-12-29 21:41:11,267| [Epoch: 375]   [loss avg: 0.2725]   [current loss: 0.0011]
2024-12-29 21:41:11,459| [Epoch: 376]   [loss avg: 0.2718]   [current loss: 0.0016]
2024-12-29 21:41:11,652| [Epoch: 377]   [loss avg: 0.2711]   [current loss: 0.0069]
2024-12-29 21:41:12,052| [Epoch: 378]   [loss avg: 0.2705]   [current loss: 0.0132]
2024-12-29 21:41:12,247| [Epoch: 379]   [loss avg: 0.2698]   [current loss: 0.0007]
2024-12-29 21:41:12,440| [Epoch: 380]   [loss avg: 0.2691]   [current loss: 0.0015]
2024-12-29 21:41:12,633| [Epoch: 381]   [loss avg: 0.2684]   [current loss: 0.0008]
2024-12-29 21:41:13,031| [Epoch: 382]   [loss avg: 0.2677]   [current loss: 0.0004]
2024-12-29 21:41:13,224| [Epoch: 383]   [loss avg: 0.2670]   [current loss: 0.0007]
2024-12-29 21:41:13,417| [Epoch: 384]   [loss avg: 0.2663]   [current loss: 0.0017]
2024-12-29 21:41:13,625| [Epoch: 385]   [loss avg: 0.2658]   [current loss: 0.0028]
2024-12-29 21:41:14,008| [Epoch: 386]   [loss avg: 0.2652]   [current loss: 0.0001]
2024-12-29 21:41:14,208| [Epoch: 387]   [loss avg: 0.2645]   [current loss: 0.0007]
2024-12-29 21:41:14,399| [Epoch: 388]   [loss avg: 0.2638]   [current loss: 0.0009]
2024-12-29 21:41:14,723| [Epoch: 389]   [loss avg: 0.2632]   [current loss: 0.0032]
2024-12-29 21:41:14,982| [Epoch: 390]   [loss avg: 0.2625]   [current loss: 0.0051]
2024-12-29 21:41:15,174| [Epoch: 391]   [loss avg: 0.2618]   [current loss: 0.0008]
2024-12-29 21:41:15,367| [Epoch: 392]   [loss avg: 0.2612]   [current loss: 0.0010]
2024-12-29 21:41:15,772| [Epoch: 393]   [loss avg: 0.2605]   [current loss: 0.0004]
2024-12-29 21:41:15,965| [Epoch: 394]   [loss avg: 0.2599]   [current loss: 0.0004]
2024-12-29 21:41:16,156| [Epoch: 395]   [loss avg: 0.2592]   [current loss: 0.0010]
2024-12-29 21:41:16,349| [Epoch: 396]   [loss avg: 0.2586]   [current loss: 0.0007]
2024-12-29 21:41:16,746| [Epoch: 397]   [loss avg: 0.2579]   [current loss: 0.0004]
2024-12-29 21:41:16,990| [Epoch: 398]   [loss avg: 0.2573]   [current loss: 0.0036]
2024-12-29 21:41:17,185| [Epoch: 399]   [loss avg: 0.2567]   [current loss: 0.0021]
2024-12-29 21:41:17,585| [Epoch: 400]   [loss avg: 0.2560]   [current loss: 0.0002]
2024-12-29 21:41:17,776| [Epoch: 401]   [loss avg: 0.2554]   [current loss: 0.0162]
2024-12-29 21:41:17,969| [Epoch: 402]   [loss avg: 0.2548]   [current loss: 0.0004]
2024-12-29 21:41:18,166| [Epoch: 403]   [loss avg: 0.2542]   [current loss: 0.0016]
2024-12-29 21:41:18,543| [Epoch: 404]   [loss avg: 0.2536]   [current loss: 0.0007]
2024-12-29 21:41:18,736| [Epoch: 405]   [loss avg: 0.2530]   [current loss: 0.0006]
2024-12-29 21:41:18,928| [Epoch: 406]   [loss avg: 0.2524]   [current loss: 0.0003]
2024-12-29 21:41:19,121| [Epoch: 407]   [loss avg: 0.2518]   [current loss: 0.0026]
2024-12-29 21:41:19,519| [Epoch: 408]   [loss avg: 0.2512]   [current loss: 0.0038]
2024-12-29 21:41:19,711| [Epoch: 409]   [loss avg: 0.2505]   [current loss: 0.0004]
2024-12-29 21:41:19,904| [Epoch: 410]   [loss avg: 0.2499]   [current loss: 0.0005]
2024-12-29 21:41:20,095| [Epoch: 411]   [loss avg: 0.2493]   [current loss: 0.0006]
2024-12-29 21:41:20,501| [Epoch: 412]   [loss avg: 0.2487]   [current loss: 0.0070]
2024-12-29 21:41:20,693| [Epoch: 413]   [loss avg: 0.2482]   [current loss: 0.0002]
2024-12-29 21:41:20,885| [Epoch: 414]   [loss avg: 0.2476]   [current loss: 0.0006]
2024-12-29 21:41:21,080| [Epoch: 415]   [loss avg: 0.2470]   [current loss: 0.0010]
2024-12-29 21:41:21,490| [Epoch: 416]   [loss avg: 0.2464]   [current loss: 0.0005]
2024-12-29 21:41:21,687| [Epoch: 417]   [loss avg: 0.2458]   [current loss: 0.0016]
2024-12-29 21:41:21,880| [Epoch: 418]   [loss avg: 0.2452]   [current loss: 0.0014]
2024-12-29 21:41:22,215| [Epoch: 419]   [loss avg: 0.2446]   [current loss: 0.0003]
2024-12-29 21:41:22,463| [Epoch: 420]   [loss avg: 0.2441]   [current loss: 0.0005]
2024-12-29 21:41:22,656| [Epoch: 421]   [loss avg: 0.2435]   [current loss: 0.0010]
2024-12-29 21:41:22,850| [Epoch: 422]   [loss avg: 0.2429]   [current loss: 0.0002]
2024-12-29 21:41:23,251| [Epoch: 423]   [loss avg: 0.2424]   [current loss: 0.0026]
2024-12-29 21:41:23,458| [Epoch: 424]   [loss avg: 0.2418]   [current loss: 0.0005]
2024-12-29 21:41:23,655| [Epoch: 425]   [loss avg: 0.2412]   [current loss: 0.0007]
2024-12-29 21:41:23,848| [Epoch: 426]   [loss avg: 0.2407]   [current loss: 0.0008]
2024-12-29 21:41:24,248| [Epoch: 427]   [loss avg: 0.2401]   [current loss: 0.0061]
2024-12-29 21:41:24,444| [Epoch: 428]   [loss avg: 0.2396]   [current loss: 0.0010]
2024-12-29 21:41:24,636| [Epoch: 429]   [loss avg: 0.2390]   [current loss: 0.0067]
2024-12-29 21:41:24,830| [Epoch: 430]   [loss avg: 0.2385]   [current loss: 0.0005]
2024-12-29 21:41:25,219| [Epoch: 431]   [loss avg: 0.2379]   [current loss: 0.0010]
2024-12-29 21:41:25,412| [Epoch: 432]   [loss avg: 0.2374]   [current loss: 0.0002]
2024-12-29 21:41:25,606| [Epoch: 433]   [loss avg: 0.2368]   [current loss: 0.0005]
2024-12-29 21:41:25,801| [Epoch: 434]   [loss avg: 0.2363]   [current loss: 0.0095]
2024-12-29 21:41:26,190| [Epoch: 435]   [loss avg: 0.2358]   [current loss: 0.0004]
2024-12-29 21:41:26,383| [Epoch: 436]   [loss avg: 0.2352]   [current loss: 0.0004]
2024-12-29 21:41:26,577| [Epoch: 437]   [loss avg: 0.2349]   [current loss: 0.0672]
2024-12-29 21:41:26,768| [Epoch: 438]   [loss avg: 0.2343]   [current loss: 0.0001]
2024-12-29 21:41:27,177| [Epoch: 439]   [loss avg: 0.2338]   [current loss: 0.0007]
2024-12-29 21:41:27,370| [Epoch: 440]   [loss avg: 0.2333]   [current loss: 0.0009]
2024-12-29 21:41:27,564| [Epoch: 441]   [loss avg: 0.2327]   [current loss: 0.0002]
2024-12-29 21:41:27,897| [Epoch: 442]   [loss avg: 0.2322]   [current loss: 0.0031]
2024-12-29 21:41:28,157| [Epoch: 443]   [loss avg: 0.2317]   [current loss: 0.0012]
2024-12-29 21:41:28,351| [Epoch: 444]   [loss avg: 0.2312]   [current loss: 0.0003]
2024-12-29 21:41:28,546| [Epoch: 445]   [loss avg: 0.2307]   [current loss: 0.0003]
2024-12-29 21:41:28,946| [Epoch: 446]   [loss avg: 0.2302]   [current loss: 0.0004]
2024-12-29 21:41:29,140| [Epoch: 447]   [loss avg: 0.2297]   [current loss: 0.0003]
2024-12-29 21:41:29,334| [Epoch: 448]   [loss avg: 0.2292]   [current loss: 0.0049]
2024-12-29 21:41:29,529| [Epoch: 449]   [loss avg: 0.2287]   [current loss: 0.0107]
2024-12-29 21:41:29,926| [Epoch: 450]   [loss avg: 0.2282]   [current loss: 0.0005]
2024-12-29 21:41:30,117| [Epoch: 451]   [loss avg: 0.2277]   [current loss: 0.0138]
2024-12-29 21:41:30,309| [Epoch: 452]   [loss avg: 0.2272]   [current loss: 0.0009]
2024-12-29 21:41:30,500| [Epoch: 453]   [loss avg: 0.2267]   [current loss: 0.0015]
2024-12-29 21:41:30,897| [Epoch: 454]   [loss avg: 0.2263]   [current loss: 0.0462]
2024-12-29 21:41:31,088| [Epoch: 455]   [loss avg: 0.2258]   [current loss: 0.0019]
2024-12-29 21:41:31,282| [Epoch: 456]   [loss avg: 0.2253]   [current loss: 0.0010]
2024-12-29 21:41:31,476| [Epoch: 457]   [loss avg: 0.2249]   [current loss: 0.0013]
2024-12-29 21:41:31,871| [Epoch: 458]   [loss avg: 0.2244]   [current loss: 0.0032]
2024-12-29 21:41:32,063| [Epoch: 459]   [loss avg: 0.2239]   [current loss: 0.0002]
2024-12-29 21:41:32,261| [Epoch: 460]   [loss avg: 0.2234]   [current loss: 0.0042]
2024-12-29 21:41:32,455| [Epoch: 461]   [loss avg: 0.2229]   [current loss: 0.0032]
2024-12-29 21:41:32,846| [Epoch: 462]   [loss avg: 0.2225]   [current loss: 0.0006]
2024-12-29 21:41:33,039| [Epoch: 463]   [loss avg: 0.2220]   [current loss: 0.0010]
2024-12-29 21:41:33,232| [Epoch: 464]   [loss avg: 0.2215]   [current loss: 0.0002]
2024-12-29 21:41:33,433| [Epoch: 465]   [loss avg: 0.2210]   [current loss: 0.0005]
2024-12-29 21:41:33,817| [Epoch: 466]   [loss avg: 0.2206]   [current loss: 0.0005]
2024-12-29 21:41:34,010| [Epoch: 467]   [loss avg: 0.2201]   [current loss: 0.0064]
2024-12-29 21:41:34,202| [Epoch: 468]   [loss avg: 0.2196]   [current loss: 0.0012]
2024-12-29 21:41:34,396| [Epoch: 469]   [loss avg: 0.2192]   [current loss: 0.0015]
2024-12-29 21:41:34,792| [Epoch: 470]   [loss avg: 0.2187]   [current loss: 0.0003]
2024-12-29 21:41:34,985| [Epoch: 471]   [loss avg: 0.2183]   [current loss: 0.0004]
2024-12-29 21:41:35,178| [Epoch: 472]   [loss avg: 0.2178]   [current loss: 0.0063]
2024-12-29 21:41:35,513| [Epoch: 473]   [loss avg: 0.2174]   [current loss: 0.0013]
2024-12-29 21:41:35,772| [Epoch: 474]   [loss avg: 0.2169]   [current loss: 0.0003]
2024-12-29 21:41:35,964| [Epoch: 475]   [loss avg: 0.2165]   [current loss: 0.0002]
2024-12-29 21:41:36,157| [Epoch: 476]   [loss avg: 0.2160]   [current loss: 0.0005]
2024-12-29 21:41:36,561| [Epoch: 477]   [loss avg: 0.2156]   [current loss: 0.0011]
2024-12-29 21:41:36,753| [Epoch: 478]   [loss avg: 0.2151]   [current loss: 0.0002]
2024-12-29 21:41:36,946| [Epoch: 479]   [loss avg: 0.2147]   [current loss: 0.0003]
2024-12-29 21:41:37,141| [Epoch: 480]   [loss avg: 0.2142]   [current loss: 0.0010]
2024-12-29 21:41:37,536| [Epoch: 481]   [loss avg: 0.2138]   [current loss: 0.0022]
2024-12-29 21:41:37,727| [Epoch: 482]   [loss avg: 0.2134]   [current loss: 0.0032]
2024-12-29 21:41:37,919| [Epoch: 483]   [loss avg: 0.2129]   [current loss: 0.0002]
2024-12-29 21:41:38,111| [Epoch: 484]   [loss avg: 0.2125]   [current loss: 0.0010]
2024-12-29 21:41:38,506| [Epoch: 485]   [loss avg: 0.2120]   [current loss: 0.0014]
2024-12-29 21:41:38,698| [Epoch: 486]   [loss avg: 0.2116]   [current loss: 0.0009]
2024-12-29 21:41:38,890| [Epoch: 487]   [loss avg: 0.2112]   [current loss: 0.0001]
2024-12-29 21:41:39,092| [Epoch: 488]   [loss avg: 0.2108]   [current loss: 0.0048]
2024-12-29 21:41:39,495| [Epoch: 489]   [loss avg: 0.2103]   [current loss: 0.0007]
2024-12-29 21:41:39,686| [Epoch: 490]   [loss avg: 0.2099]   [current loss: 0.0007]
2024-12-29 21:41:39,876| [Epoch: 491]   [loss avg: 0.2095]   [current loss: 0.0002]
2024-12-29 21:41:40,081| [Epoch: 492]   [loss avg: 0.2091]   [current loss: 0.0004]
2024-12-29 21:41:40,458| [Epoch: 493]   [loss avg: 0.2086]   [current loss: 0.0006]
2024-12-29 21:41:40,650| [Epoch: 494]   [loss avg: 0.2082]   [current loss: 0.0007]
2024-12-29 21:41:40,844| [Epoch: 495]   [loss avg: 0.2078]   [current loss: 0.0002]
2024-12-29 21:41:41,037| [Epoch: 496]   [loss avg: 0.2074]   [current loss: 0.0002]
2024-12-29 21:41:41,427| [Epoch: 497]   [loss avg: 0.2070]   [current loss: 0.0001]
2024-12-29 21:41:41,620| [Epoch: 498]   [loss avg: 0.2066]   [current loss: 0.0004]
2024-12-29 21:41:41,813| [Epoch: 499]   [loss avg: 0.2061]   [current loss: 0.0003]
2024-12-29 21:41:42,014| [Epoch: 500]   [loss avg: 0.2057]   [current loss: 0.0003]
2024-12-29 21:41:42,401| [Epoch: 501]   [loss avg: 0.2053]   [current loss: 0.0006]
2024-12-29 21:41:42,594| [Epoch: 502]   [loss avg: 0.2049]   [current loss: 0.0002]
2024-12-29 21:41:42,785| [Epoch: 503]   [loss avg: 0.2045]   [current loss: 0.0003]
2024-12-29 21:41:43,013| [Epoch: 504]   [loss avg: 0.2041]   [current loss: 0.0002]
2024-12-29 21:41:43,370| [Epoch: 505]   [loss avg: 0.2037]   [current loss: 0.0008]
2024-12-29 21:41:43,562| [Epoch: 506]   [loss avg: 0.2033]   [current loss: 0.0007]
2024-12-29 21:41:43,758| [Epoch: 507]   [loss avg: 0.2029]   [current loss: 0.0014]
2024-12-29 21:41:44,089| [Epoch: 508]   [loss avg: 0.2025]   [current loss: 0.0001]
2024-12-29 21:41:44,349| [Epoch: 509]   [loss avg: 0.2021]   [current loss: 0.0002]
2024-12-29 21:41:44,542| [Epoch: 510]   [loss avg: 0.2017]   [current loss: 0.0002]
2024-12-29 21:41:44,735| [Epoch: 511]   [loss avg: 0.2013]   [current loss: 0.0005]
2024-12-29 21:41:45,137| [Epoch: 512]   [loss avg: 0.2009]   [current loss: 0.0004]
2024-12-29 21:41:45,331| [Epoch: 513]   [loss avg: 0.2006]   [current loss: 0.0001]
2024-12-29 21:41:45,524| [Epoch: 514]   [loss avg: 0.2002]   [current loss: 0.0001]
2024-12-29 21:41:45,718| [Epoch: 515]   [loss avg: 0.1998]   [current loss: 0.0007]
2024-12-29 21:41:46,116| [Epoch: 516]   [loss avg: 0.1994]   [current loss: 0.0002]
2024-12-29 21:41:46,308| [Epoch: 517]   [loss avg: 0.1990]   [current loss: 0.0060]
2024-12-29 21:41:46,502| [Epoch: 518]   [loss avg: 0.1987]   [current loss: 0.0037]
2024-12-29 21:41:46,693| [Epoch: 519]   [loss avg: 0.1983]   [current loss: 0.0002]
2024-12-29 21:41:47,095| [Epoch: 520]   [loss avg: 0.1979]   [current loss: 0.0018]
2024-12-29 21:41:47,291| [Epoch: 521]   [loss avg: 0.1975]   [current loss: 0.0010]
2024-12-29 21:41:47,485| [Epoch: 522]   [loss avg: 0.1971]   [current loss: 0.0006]
2024-12-29 21:41:47,707| [Epoch: 523]   [loss avg: 0.1968]   [current loss: 0.0006]
2024-12-29 21:41:48,068| [Epoch: 524]   [loss avg: 0.1964]   [current loss: 0.0012]
2024-12-29 21:41:48,262| [Epoch: 525]   [loss avg: 0.1960]   [current loss: 0.0018]
2024-12-29 21:41:48,455| [Epoch: 526]   [loss avg: 0.1957]   [current loss: 0.0015]
2024-12-29 21:41:48,649| [Epoch: 527]   [loss avg: 0.1953]   [current loss: 0.0002]
2024-12-29 21:41:49,039| [Epoch: 528]   [loss avg: 0.1949]   [current loss: 0.0002]
2024-12-29 21:41:49,233| [Epoch: 529]   [loss avg: 0.1946]   [current loss: 0.0004]
2024-12-29 21:41:49,426| [Epoch: 530]   [loss avg: 0.1942]   [current loss: 0.0009]
2024-12-29 21:41:49,622| [Epoch: 531]   [loss avg: 0.1938]   [current loss: 0.0003]
2024-12-29 21:41:50,016| [Epoch: 532]   [loss avg: 0.1935]   [current loss: 0.0003]
2024-12-29 21:41:50,209| [Epoch: 533]   [loss avg: 0.1931]   [current loss: 0.0001]
2024-12-29 21:41:50,403| [Epoch: 534]   [loss avg: 0.1927]   [current loss: 0.0003]
2024-12-29 21:41:50,739| [Epoch: 535]   [loss avg: 0.1924]   [current loss: 0.0183]
2024-12-29 21:41:50,998| [Epoch: 536]   [loss avg: 0.1921]   [current loss: 0.0010]
2024-12-29 21:41:51,192| [Epoch: 537]   [loss avg: 0.1917]   [current loss: 0.0003]
2024-12-29 21:41:51,385| [Epoch: 538]   [loss avg: 0.1915]   [current loss: 0.0020]
2024-12-29 21:41:51,784| [Epoch: 539]   [loss avg: 0.1912]   [current loss: 0.0002]
2024-12-29 21:41:51,977| [Epoch: 540]   [loss avg: 0.1908]   [current loss: 0.0004]
2024-12-29 21:41:52,172| [Epoch: 541]   [loss avg: 0.1905]   [current loss: 0.0004]
2024-12-29 21:41:52,364| [Epoch: 542]   [loss avg: 0.1902]   [current loss: 0.0087]
2024-12-29 21:41:52,761| [Epoch: 543]   [loss avg: 0.1899]   [current loss: 0.0003]
2024-12-29 21:41:52,954| [Epoch: 544]   [loss avg: 0.1895]   [current loss: 0.0007]
2024-12-29 21:41:53,147| [Epoch: 545]   [loss avg: 0.1892]   [current loss: 0.0007]
2024-12-29 21:41:53,339| [Epoch: 546]   [loss avg: 0.1888]   [current loss: 0.0022]
2024-12-29 21:41:53,734| [Epoch: 547]   [loss avg: 0.1885]   [current loss: 0.0011]
2024-12-29 21:41:53,927| [Epoch: 548]   [loss avg: 0.1882]   [current loss: 0.0012]
2024-12-29 21:41:54,120| [Epoch: 549]   [loss avg: 0.1878]   [current loss: 0.0003]
2024-12-29 21:41:54,312| [Epoch: 550]   [loss avg: 0.1875]   [current loss: 0.0002]
2024-12-29 21:41:54,712| [Epoch: 551]   [loss avg: 0.1871]   [current loss: 0.0017]
2024-12-29 21:41:54,902| [Epoch: 552]   [loss avg: 0.1868]   [current loss: 0.0014]
2024-12-29 21:41:55,092| [Epoch: 553]   [loss avg: 0.1865]   [current loss: 0.0001]
2024-12-29 21:41:55,284| [Epoch: 554]   [loss avg: 0.1861]   [current loss: 0.0008]
2024-12-29 21:41:55,673| [Epoch: 555]   [loss avg: 0.1858]   [current loss: 0.0002]
2024-12-29 21:41:55,868| [Epoch: 556]   [loss avg: 0.1855]   [current loss: 0.0012]
2024-12-29 21:41:56,062| [Epoch: 557]   [loss avg: 0.1851]   [current loss: 0.0004]
2024-12-29 21:41:56,256| [Epoch: 558]   [loss avg: 0.1848]   [current loss: 0.0005]
2024-12-29 21:41:56,647| [Epoch: 559]   [loss avg: 0.1845]   [current loss: 0.0032]
2024-12-29 21:41:56,840| [Epoch: 560]   [loss avg: 0.1842]   [current loss: 0.0013]
2024-12-29 21:41:57,034| [Epoch: 561]   [loss avg: 0.1838]   [current loss: 0.0014]
2024-12-29 21:41:57,230| [Epoch: 562]   [loss avg: 0.1835]   [current loss: 0.0004]
2024-12-29 21:41:57,627| [Epoch: 563]   [loss avg: 0.1832]   [current loss: 0.0002]
2024-12-29 21:41:57,819| [Epoch: 564]   [loss avg: 0.1829]   [current loss: 0.0004]
2024-12-29 21:41:58,012| [Epoch: 565]   [loss avg: 0.1825]   [current loss: 0.0006]
2024-12-29 21:41:58,205| [Epoch: 566]   [loss avg: 0.1822]   [current loss: 0.0011]
2024-12-29 21:41:58,600| [Epoch: 567]   [loss avg: 0.1819]   [current loss: 0.0001]
2024-12-29 21:41:58,794| [Epoch: 568]   [loss avg: 0.1816]   [current loss: 0.0002]
2024-12-29 21:41:58,988| [Epoch: 569]   [loss avg: 0.1813]   [current loss: 0.0005]
2024-12-29 21:41:59,322| [Epoch: 570]   [loss avg: 0.1810]   [current loss: 0.0018]
2024-12-29 21:41:59,582| [Epoch: 571]   [loss avg: 0.1806]   [current loss: 0.0005]
2024-12-29 21:41:59,775| [Epoch: 572]   [loss avg: 0.1803]   [current loss: 0.0025]
2024-12-29 21:41:59,969| [Epoch: 573]   [loss avg: 0.1800]   [current loss: 0.0002]
2024-12-29 21:42:00,374| [Epoch: 574]   [loss avg: 0.1797]   [current loss: 0.0007]
2024-12-29 21:42:00,566| [Epoch: 575]   [loss avg: 0.1794]   [current loss: 0.0003]
2024-12-29 21:42:00,757| [Epoch: 576]   [loss avg: 0.1791]   [current loss: 0.0003]
2024-12-29 21:42:00,950| [Epoch: 577]   [loss avg: 0.1788]   [current loss: 0.0004]
2024-12-29 21:42:01,355| [Epoch: 578]   [loss avg: 0.1785]   [current loss: 0.0006]
2024-12-29 21:42:01,548| [Epoch: 579]   [loss avg: 0.1782]   [current loss: 0.0003]
2024-12-29 21:42:01,742| [Epoch: 580]   [loss avg: 0.1779]   [current loss: 0.0002]
2024-12-29 21:42:01,935| [Epoch: 581]   [loss avg: 0.1776]   [current loss: 0.0002]
2024-12-29 21:42:02,337| [Epoch: 582]   [loss avg: 0.1773]   [current loss: 0.0018]
2024-12-29 21:42:02,530| [Epoch: 583]   [loss avg: 0.1770]   [current loss: 0.0001]
2024-12-29 21:42:02,723| [Epoch: 584]   [loss avg: 0.1767]   [current loss: 0.0006]
2024-12-29 21:42:02,917| [Epoch: 585]   [loss avg: 0.1764]   [current loss: 0.0002]
2024-12-29 21:42:03,310| [Epoch: 586]   [loss avg: 0.1761]   [current loss: 0.0002]
2024-12-29 21:42:03,504| [Epoch: 587]   [loss avg: 0.1758]   [current loss: 0.0001]
2024-12-29 21:42:03,697| [Epoch: 588]   [loss avg: 0.1755]   [current loss: 0.0032]
2024-12-29 21:42:03,894| [Epoch: 589]   [loss avg: 0.1752]   [current loss: 0.0003]
2024-12-29 21:42:04,283| [Epoch: 590]   [loss avg: 0.1749]   [current loss: 0.0002]
2024-12-29 21:42:04,476| [Epoch: 591]   [loss avg: 0.1746]   [current loss: 0.0004]
2024-12-29 21:42:04,669| [Epoch: 592]   [loss avg: 0.1743]   [current loss: 0.0002]
2024-12-29 21:42:04,863| [Epoch: 593]   [loss avg: 0.1740]   [current loss: 0.0001]
2024-12-29 21:42:05,259| [Epoch: 594]   [loss avg: 0.1737]   [current loss: 0.0004]
2024-12-29 21:42:05,452| [Epoch: 595]   [loss avg: 0.1734]   [current loss: 0.0009]
2024-12-29 21:42:05,643| [Epoch: 596]   [loss avg: 0.1731]   [current loss: 0.0004]
2024-12-29 21:42:05,839| [Epoch: 597]   [loss avg: 0.1728]   [current loss: 0.0015]
2024-12-29 21:42:06,234| [Epoch: 598]   [loss avg: 0.1726]   [current loss: 0.0024]
2024-12-29 21:42:06,428| [Epoch: 599]   [loss avg: 0.1723]   [current loss: 0.0003]
2024-12-29 21:42:06,621| [Epoch: 600]   [loss avg: 0.1720]   [current loss: 0.0002]
2024-12-29 21:42:06,950| [Epoch: 601]   [loss avg: 0.1717]   [current loss: 0.0026]
2024-12-29 21:42:07,206| [Epoch: 602]   [loss avg: 0.1714]   [current loss: 0.0002]
2024-12-29 21:42:07,399| [Epoch: 603]   [loss avg: 0.1711]   [current loss: 0.0002]
2024-12-29 21:42:07,593| [Epoch: 604]   [loss avg: 0.1708]   [current loss: 0.0006]
2024-12-29 21:42:07,925| [Epoch: 605]   [loss avg: 0.1706]   [current loss: 0.0005]
2024-12-29 21:42:08,185| [Epoch: 606]   [loss avg: 0.1703]   [current loss: 0.0079]
2024-12-29 21:42:08,379| [Epoch: 607]   [loss avg: 0.1700]   [current loss: 0.0009]
2024-12-29 21:42:08,573| [Epoch: 608]   [loss avg: 0.1697]   [current loss: 0.0002]
2024-12-29 21:42:08,977| [Epoch: 609]   [loss avg: 0.1695]   [current loss: 0.0004]
2024-12-29 21:42:09,186| [Epoch: 610]   [loss avg: 0.1692]   [current loss: 0.0006]
2024-12-29 21:42:09,383| [Epoch: 611]   [loss avg: 0.1689]   [current loss: 0.0003]
2024-12-29 21:42:09,579| [Epoch: 612]   [loss avg: 0.1686]   [current loss: 0.0002]
2024-12-29 21:42:09,981| [Epoch: 613]   [loss avg: 0.1684]   [current loss: 0.0002]
2024-12-29 21:42:10,177| [Epoch: 614]   [loss avg: 0.1681]   [current loss: 0.0004]
2024-12-29 21:42:10,369| [Epoch: 615]   [loss avg: 0.1678]   [current loss: 0.0001]
2024-12-29 21:42:10,575| [Epoch: 616]   [loss avg: 0.1676]   [current loss: 0.0002]
2024-12-29 21:42:10,959| [Epoch: 617]   [loss avg: 0.1673]   [current loss: 0.0129]
2024-12-29 21:42:11,163| [Epoch: 618]   [loss avg: 0.1670]   [current loss: 0.0004]
2024-12-29 21:42:11,353| [Epoch: 619]   [loss avg: 0.1668]   [current loss: 0.0007]
2024-12-29 21:42:11,631| [Epoch: 620]   [loss avg: 0.1665]   [current loss: 0.0002]
2024-12-29 21:42:11,934| [Epoch: 621]   [loss avg: 0.1662]   [current loss: 0.0002]
2024-12-29 21:42:12,131| [Epoch: 622]   [loss avg: 0.1660]   [current loss: 0.0001]
2024-12-29 21:42:12,325| [Epoch: 623]   [loss avg: 0.1657]   [current loss: 0.0011]
2024-12-29 21:42:12,532| [Epoch: 624]   [loss avg: 0.1655]   [current loss: 0.0003]
2024-12-29 21:42:12,966| [Epoch: 625]   [loss avg: 0.1652]   [current loss: 0.0035]
2024-12-29 21:42:13,160| [Epoch: 626]   [loss avg: 0.1649]   [current loss: 0.0001]
2024-12-29 21:42:13,492| [Epoch: 627]   [loss avg: 0.1647]   [current loss: 0.0001]
2024-12-29 21:42:13,751| [Epoch: 628]   [loss avg: 0.1644]   [current loss: 0.0003]
2024-12-29 21:42:13,946| [Epoch: 629]   [loss avg: 0.1642]   [current loss: 0.0002]
2024-12-29 21:42:14,139| [Epoch: 630]   [loss avg: 0.1639]   [current loss: 0.0002]
2024-12-29 21:42:14,543| [Epoch: 631]   [loss avg: 0.1636]   [current loss: 0.0003]
2024-12-29 21:42:14,736| [Epoch: 632]   [loss avg: 0.1634]   [current loss: 0.0030]
2024-12-29 21:42:14,930| [Epoch: 633]   [loss avg: 0.1631]   [current loss: 0.0002]
2024-12-29 21:42:15,124| [Epoch: 634]   [loss avg: 0.1629]   [current loss: 0.0002]
2024-12-29 21:42:15,521| [Epoch: 635]   [loss avg: 0.1626]   [current loss: 0.0003]
2024-12-29 21:42:15,714| [Epoch: 636]   [loss avg: 0.1624]   [current loss: 0.0002]
2024-12-29 21:42:15,909| [Epoch: 637]   [loss avg: 0.1621]   [current loss: 0.0002]
2024-12-29 21:42:16,102| [Epoch: 638]   [loss avg: 0.1619]   [current loss: 0.0005]
2024-12-29 21:42:16,498| [Epoch: 639]   [loss avg: 0.1616]   [current loss: 0.0005]
2024-12-29 21:42:16,691| [Epoch: 640]   [loss avg: 0.1614]   [current loss: 0.0260]
2024-12-29 21:42:16,885| [Epoch: 641]   [loss avg: 0.1611]   [current loss: 0.0009]
2024-12-29 21:42:17,079| [Epoch: 642]   [loss avg: 0.1609]   [current loss: 0.0048]
2024-12-29 21:42:17,480| [Epoch: 643]   [loss avg: 0.1607]   [current loss: 0.0002]
2024-12-29 21:42:17,673| [Epoch: 644]   [loss avg: 0.1604]   [current loss: 0.0003]
2024-12-29 21:42:17,865| [Epoch: 645]   [loss avg: 0.1602]   [current loss: 0.0001]
2024-12-29 21:42:18,060| [Epoch: 646]   [loss avg: 0.1599]   [current loss: 0.0002]
2024-12-29 21:42:18,450| [Epoch: 647]   [loss avg: 0.1597]   [current loss: 0.0007]
2024-12-29 21:42:18,644| [Epoch: 648]   [loss avg: 0.1594]   [current loss: 0.0005]
2024-12-29 21:42:18,837| [Epoch: 649]   [loss avg: 0.1592]   [current loss: 0.0005]
2024-12-29 21:42:19,034| [Epoch: 650]   [loss avg: 0.1589]   [current loss: 0.0001]
2024-12-29 21:42:19,426| [Epoch: 651]   [loss avg: 0.1587]   [current loss: 0.0002]
2024-12-29 21:42:19,618| [Epoch: 652]   [loss avg: 0.1585]   [current loss: 0.0006]
2024-12-29 21:42:19,812| [Epoch: 653]   [loss avg: 0.1582]   [current loss: 0.0002]
2024-12-29 21:42:20,008| [Epoch: 654]   [loss avg: 0.1580]   [current loss: 0.0006]
2024-12-29 21:42:20,406| [Epoch: 655]   [loss avg: 0.1577]   [current loss: 0.0003]
2024-12-29 21:42:20,599| [Epoch: 656]   [loss avg: 0.1575]   [current loss: 0.0003]
2024-12-29 21:42:20,790| [Epoch: 657]   [loss avg: 0.1573]   [current loss: 0.0329]
2024-12-29 21:42:21,018| [Epoch: 658]   [loss avg: 0.1571]   [current loss: 0.0003]
2024-12-29 21:42:21,380| [Epoch: 659]   [loss avg: 0.1568]   [current loss: 0.0013]
2024-12-29 21:42:21,573| [Epoch: 660]   [loss avg: 0.1566]   [current loss: 0.0002]
2024-12-29 21:42:21,765| [Epoch: 661]   [loss avg: 0.1564]   [current loss: 0.0002]
2024-12-29 21:42:22,102| [Epoch: 662]   [loss avg: 0.1561]   [current loss: 0.0005]
2024-12-29 21:42:22,362| [Epoch: 663]   [loss avg: 0.1559]   [current loss: 0.0001]
2024-12-29 21:42:22,555| [Epoch: 664]   [loss avg: 0.1557]   [current loss: 0.0017]
2024-12-29 21:42:22,748| [Epoch: 665]   [loss avg: 0.1554]   [current loss: 0.0007]
2024-12-29 21:42:23,150| [Epoch: 666]   [loss avg: 0.1552]   [current loss: 0.0001]
2024-12-29 21:42:23,354| [Epoch: 667]   [loss avg: 0.1550]   [current loss: 0.0002]
2024-12-29 21:42:23,546| [Epoch: 668]   [loss avg: 0.1547]   [current loss: 0.0009]
2024-12-29 21:42:23,740| [Epoch: 669]   [loss avg: 0.1545]   [current loss: 0.0006]
2024-12-29 21:42:24,142| [Epoch: 670]   [loss avg: 0.1543]   [current loss: 0.0002]
2024-12-29 21:42:24,334| [Epoch: 671]   [loss avg: 0.1541]   [current loss: 0.0018]
2024-12-29 21:42:24,527| [Epoch: 672]   [loss avg: 0.1538]   [current loss: 0.0013]
2024-12-29 21:42:24,718| [Epoch: 673]   [loss avg: 0.1536]   [current loss: 0.0030]
2024-12-29 21:42:25,123| [Epoch: 674]   [loss avg: 0.1534]   [current loss: 0.0002]
2024-12-29 21:42:25,317| [Epoch: 675]   [loss avg: 0.1532]   [current loss: 0.0005]
2024-12-29 21:42:25,511| [Epoch: 676]   [loss avg: 0.1529]   [current loss: 0.0002]
2024-12-29 21:42:25,844| [Epoch: 677]   [loss avg: 0.1527]   [current loss: 0.0002]
2024-12-29 21:42:26,097| [Epoch: 678]   [loss avg: 0.1525]   [current loss: 0.0001]
2024-12-29 21:42:26,289| [Epoch: 679]   [loss avg: 0.1523]   [current loss: 0.0003]
2024-12-29 21:42:26,482| [Epoch: 680]   [loss avg: 0.1520]   [current loss: 0.0001]
2024-12-29 21:42:26,817| [Epoch: 681]   [loss avg: 0.1518]   [current loss: 0.0001]
2024-12-29 21:42:27,064| [Epoch: 682]   [loss avg: 0.1516]   [current loss: 0.0002]
2024-12-29 21:42:27,257| [Epoch: 683]   [loss avg: 0.1514]   [current loss: 0.0001]
2024-12-29 21:42:27,450| [Epoch: 684]   [loss avg: 0.1512]   [current loss: 0.0004]
2024-12-29 21:42:27,641| [Epoch: 685]   [loss avg: 0.1509]   [current loss: 0.0001]
2024-12-29 21:42:28,045| [Epoch: 686]   [loss avg: 0.1507]   [current loss: 0.0011]
2024-12-29 21:42:28,237| [Epoch: 687]   [loss avg: 0.1505]   [current loss: 0.0039]
2024-12-29 21:42:28,428| [Epoch: 688]   [loss avg: 0.1503]   [current loss: 0.0001]
2024-12-29 21:42:28,626| [Epoch: 689]   [loss avg: 0.1501]   [current loss: 0.0001]
2024-12-29 21:42:29,018| [Epoch: 690]   [loss avg: 0.1499]   [current loss: 0.0000]
2024-12-29 21:42:29,223| [Epoch: 691]   [loss avg: 0.1496]   [current loss: 0.0004]
2024-12-29 21:42:29,416| [Epoch: 692]   [loss avg: 0.1494]   [current loss: 0.0004]
2024-12-29 21:42:29,822| [Epoch: 693]   [loss avg: 0.1492]   [current loss: 0.0009]
2024-12-29 21:42:30,018| [Epoch: 694]   [loss avg: 0.1490]   [current loss: 0.0047]
2024-12-29 21:42:30,210| [Epoch: 695]   [loss avg: 0.1488]   [current loss: 0.0001]
2024-12-29 21:42:30,404| [Epoch: 696]   [loss avg: 0.1486]   [current loss: 0.0005]
2024-12-29 21:42:30,797| [Epoch: 697]   [loss avg: 0.1484]   [current loss: 0.0010]
2024-12-29 21:42:30,990| [Epoch: 698]   [loss avg: 0.1482]   [current loss: 0.0001]
2024-12-29 21:42:31,183| [Epoch: 699]   [loss avg: 0.1479]   [current loss: 0.0002]
2024-12-29 21:42:31,376| [Epoch: 700]   [loss avg: 0.1477]   [current loss: 0.0001]
2024-12-29 21:42:31,773| [Epoch: 701]   [loss avg: 0.1475]   [current loss: 0.0001]
2024-12-29 21:42:31,966| [Epoch: 702]   [loss avg: 0.1473]   [current loss: 0.0001]
2024-12-29 21:42:32,162| [Epoch: 703]   [loss avg: 0.1471]   [current loss: 0.0001]
2024-12-29 21:42:32,356| [Epoch: 704]   [loss avg: 0.1469]   [current loss: 0.0035]
2024-12-29 21:42:32,757| [Epoch: 705]   [loss avg: 0.1467]   [current loss: 0.0002]
2024-12-29 21:42:32,949| [Epoch: 706]   [loss avg: 0.1465]   [current loss: 0.0002]
2024-12-29 21:42:33,142| [Epoch: 707]   [loss avg: 0.1463]   [current loss: 0.0038]
2024-12-29 21:42:33,338| [Epoch: 708]   [loss avg: 0.1461]   [current loss: 0.0002]
2024-12-29 21:42:33,727| [Epoch: 709]   [loss avg: 0.1459]   [current loss: 0.0001]
2024-12-29 21:42:33,920| [Epoch: 710]   [loss avg: 0.1457]   [current loss: 0.0009]
2024-12-29 21:42:34,114| [Epoch: 711]   [loss avg: 0.1455]   [current loss: 0.0070]
2024-12-29 21:42:34,311| [Epoch: 712]   [loss avg: 0.1453]   [current loss: 0.0001]
2024-12-29 21:42:34,701| [Epoch: 713]   [loss avg: 0.1451]   [current loss: 0.0002]
2024-12-29 21:42:34,899| [Epoch: 714]   [loss avg: 0.1449]   [current loss: 0.0006]
2024-12-29 21:42:35,090| [Epoch: 715]   [loss avg: 0.1447]   [current loss: 0.0022]
2024-12-29 21:42:35,285| [Epoch: 716]   [loss avg: 0.1445]   [current loss: 0.0002]
2024-12-29 21:42:35,680| [Epoch: 717]   [loss avg: 0.1443]   [current loss: 0.0023]
2024-12-29 21:42:35,873| [Epoch: 718]   [loss avg: 0.1441]   [current loss: 0.0011]
2024-12-29 21:42:36,066| [Epoch: 719]   [loss avg: 0.1439]   [current loss: 0.0009]
2024-12-29 21:42:36,362| [Epoch: 720]   [loss avg: 0.1437]   [current loss: 0.0002]
2024-12-29 21:42:36,651| [Epoch: 721]   [loss avg: 0.1435]   [current loss: 0.0001]
2024-12-29 21:42:36,846| [Epoch: 722]   [loss avg: 0.1433]   [current loss: 0.0001]
2024-12-29 21:42:37,047| [Epoch: 723]   [loss avg: 0.1431]   [current loss: 0.0002]
2024-12-29 21:42:37,378| [Epoch: 724]   [loss avg: 0.1429]   [current loss: 0.0001]
2024-12-29 21:42:37,635| [Epoch: 725]   [loss avg: 0.1427]   [current loss: 0.0003]
2024-12-29 21:42:37,828| [Epoch: 726]   [loss avg: 0.1425]   [current loss: 0.0008]
2024-12-29 21:42:38,020| [Epoch: 727]   [loss avg: 0.1423]   [current loss: 0.0001]
2024-12-29 21:42:38,425| [Epoch: 728]   [loss avg: 0.1421]   [current loss: 0.0002]
2024-12-29 21:42:38,620| [Epoch: 729]   [loss avg: 0.1419]   [current loss: 0.0015]
2024-12-29 21:42:38,815| [Epoch: 730]   [loss avg: 0.1417]   [current loss: 0.0023]
2024-12-29 21:42:39,009| [Epoch: 731]   [loss avg: 0.1415]   [current loss: 0.0001]
2024-12-29 21:42:39,408| [Epoch: 732]   [loss avg: 0.1414]   [current loss: 0.0136]
2024-12-29 21:42:39,601| [Epoch: 733]   [loss avg: 0.1412]   [current loss: 0.0004]
2024-12-29 21:42:39,795| [Epoch: 734]   [loss avg: 0.1410]   [current loss: 0.0206]
2024-12-29 21:42:39,988| [Epoch: 735]   [loss avg: 0.1408]   [current loss: 0.0003]
2024-12-29 21:42:40,389| [Epoch: 736]   [loss avg: 0.1406]   [current loss: 0.0004]
2024-12-29 21:42:40,582| [Epoch: 737]   [loss avg: 0.1404]   [current loss: 0.0003]
2024-12-29 21:42:40,777| [Epoch: 738]   [loss avg: 0.1402]   [current loss: 0.0008]
2024-12-29 21:42:40,975| [Epoch: 739]   [loss avg: 0.1401]   [current loss: 0.0001]
2024-12-29 21:42:41,368| [Epoch: 740]   [loss avg: 0.1399]   [current loss: 0.0004]
2024-12-29 21:42:41,562| [Epoch: 741]   [loss avg: 0.1397]   [current loss: 0.0001]
2024-12-29 21:42:41,755| [Epoch: 742]   [loss avg: 0.1395]   [current loss: 0.0001]
2024-12-29 21:42:41,950| [Epoch: 743]   [loss avg: 0.1393]   [current loss: 0.0070]
2024-12-29 21:42:42,340| [Epoch: 744]   [loss avg: 0.1391]   [current loss: 0.0014]
2024-12-29 21:42:42,533| [Epoch: 745]   [loss avg: 0.1389]   [current loss: 0.0003]
2024-12-29 21:42:42,726| [Epoch: 746]   [loss avg: 0.1388]   [current loss: 0.0009]
2024-12-29 21:42:42,923| [Epoch: 747]   [loss avg: 0.1386]   [current loss: 0.0005]
2024-12-29 21:42:43,318| [Epoch: 748]   [loss avg: 0.1384]   [current loss: 0.0001]
2024-12-29 21:42:43,511| [Epoch: 749]   [loss avg: 0.1382]   [current loss: 0.0001]
2024-12-29 21:42:43,704| [Epoch: 750]   [loss avg: 0.1380]   [current loss: 0.0004]
2024-12-29 21:42:44,040| [Epoch: 751]   [loss avg: 0.1378]   [current loss: 0.0002]
2024-12-29 21:42:44,299| [Epoch: 752]   [loss avg: 0.1377]   [current loss: 0.0005]
2024-12-29 21:42:44,491| [Epoch: 753]   [loss avg: 0.1375]   [current loss: 0.0004]
2024-12-29 21:42:44,684| [Epoch: 754]   [loss avg: 0.1373]   [current loss: 0.0002]
2024-12-29 21:42:45,012| [Epoch: 755]   [loss avg: 0.1371]   [current loss: 0.0010]
2024-12-29 21:42:45,271| [Epoch: 756]   [loss avg: 0.1369]   [current loss: 0.0002]
2024-12-29 21:42:45,465| [Epoch: 757]   [loss avg: 0.1368]   [current loss: 0.0001]
2024-12-29 21:42:45,658| [Epoch: 758]   [loss avg: 0.1366]   [current loss: 0.0006]
2024-12-29 21:42:46,062| [Epoch: 759]   [loss avg: 0.1364]   [current loss: 0.0029]
2024-12-29 21:42:46,255| [Epoch: 760]   [loss avg: 0.1362]   [current loss: 0.0003]
2024-12-29 21:42:46,447| [Epoch: 761]   [loss avg: 0.1360]   [current loss: 0.0013]
2024-12-29 21:42:46,640| [Epoch: 762]   [loss avg: 0.1359]   [current loss: 0.0001]
2024-12-29 21:42:47,035| [Epoch: 763]   [loss avg: 0.1357]   [current loss: 0.0008]
2024-12-29 21:42:47,230| [Epoch: 764]   [loss avg: 0.1355]   [current loss: 0.0004]
2024-12-29 21:42:47,424| [Epoch: 765]   [loss avg: 0.1353]   [current loss: 0.0011]
2024-12-29 21:42:47,618| [Epoch: 766]   [loss avg: 0.1352]   [current loss: 0.0001]
2024-12-29 21:42:48,018| [Epoch: 767]   [loss avg: 0.1350]   [current loss: 0.0004]
2024-12-29 21:42:48,212| [Epoch: 768]   [loss avg: 0.1348]   [current loss: 0.0001]
2024-12-29 21:42:48,404| [Epoch: 769]   [loss avg: 0.1346]   [current loss: 0.0006]
2024-12-29 21:42:48,597| [Epoch: 770]   [loss avg: 0.1345]   [current loss: 0.0004]
2024-12-29 21:42:48,995| [Epoch: 771]   [loss avg: 0.1343]   [current loss: 0.0019]
2024-12-29 21:42:49,187| [Epoch: 772]   [loss avg: 0.1341]   [current loss: 0.0002]
2024-12-29 21:42:49,380| [Epoch: 773]   [loss avg: 0.1340]   [current loss: 0.0002]
2024-12-29 21:42:49,573| [Epoch: 774]   [loss avg: 0.1338]   [current loss: 0.0095]
2024-12-29 21:42:49,972| [Epoch: 775]   [loss avg: 0.1336]   [current loss: 0.0003]
2024-12-29 21:42:50,166| [Epoch: 776]   [loss avg: 0.1334]   [current loss: 0.0003]
2024-12-29 21:42:50,360| [Epoch: 777]   [loss avg: 0.1333]   [current loss: 0.0006]
2024-12-29 21:42:50,552| [Epoch: 778]   [loss avg: 0.1331]   [current loss: 0.0014]
2024-12-29 21:42:50,954| [Epoch: 779]   [loss avg: 0.1329]   [current loss: 0.0007]
2024-12-29 21:42:51,147| [Epoch: 780]   [loss avg: 0.1328]   [current loss: 0.0002]
2024-12-29 21:42:51,340| [Epoch: 781]   [loss avg: 0.1326]   [current loss: 0.0001]
2024-12-29 21:42:51,536| [Epoch: 782]   [loss avg: 0.1324]   [current loss: 0.0002]
2024-12-29 21:42:51,934| [Epoch: 783]   [loss avg: 0.1323]   [current loss: 0.0006]
2024-12-29 21:42:52,130| [Epoch: 784]   [loss avg: 0.1321]   [current loss: 0.0001]
2024-12-29 21:42:52,324| [Epoch: 785]   [loss avg: 0.1319]   [current loss: 0.0002]
2024-12-29 21:42:52,657| [Epoch: 786]   [loss avg: 0.1318]   [current loss: 0.0002]
2024-12-29 21:42:52,917| [Epoch: 787]   [loss avg: 0.1316]   [current loss: 0.0001]
2024-12-29 21:42:53,111| [Epoch: 788]   [loss avg: 0.1314]   [current loss: 0.0002]
2024-12-29 21:42:53,304| [Epoch: 789]   [loss avg: 0.1313]   [current loss: 0.0001]
2024-12-29 21:42:53,709| [Epoch: 790]   [loss avg: 0.1311]   [current loss: 0.0002]
2024-12-29 21:42:53,903| [Epoch: 791]   [loss avg: 0.1309]   [current loss: 0.0001]
2024-12-29 21:42:54,097| [Epoch: 792]   [loss avg: 0.1308]   [current loss: 0.0001]
2024-12-29 21:42:54,289| [Epoch: 793]   [loss avg: 0.1306]   [current loss: 0.0054]
2024-12-29 21:42:54,688| [Epoch: 794]   [loss avg: 0.1304]   [current loss: 0.0002]
2024-12-29 21:42:54,880| [Epoch: 795]   [loss avg: 0.1303]   [current loss: 0.0003]
2024-12-29 21:42:55,073| [Epoch: 796]   [loss avg: 0.1301]   [current loss: 0.0002]
2024-12-29 21:42:55,265| [Epoch: 797]   [loss avg: 0.1300]   [current loss: 0.0006]
2024-12-29 21:42:55,671| [Epoch: 798]   [loss avg: 0.1298]   [current loss: 0.0002]
2024-12-29 21:42:55,865| [Epoch: 799]   [loss avg: 0.1296]   [current loss: 0.0002]
2024-12-29 21:42:56,057| [Epoch: 800]   [loss avg: 0.1295]   [current loss: 0.0017]
2024-12-29 21:42:56,252| [Epoch: 801]   [loss avg: 0.1293]   [current loss: 0.0014]
2024-12-29 21:42:56,659| [Epoch: 802]   [loss avg: 0.1292]   [current loss: 0.0001]
2024-12-29 21:42:56,857| [Epoch: 803]   [loss avg: 0.1290]   [current loss: 0.0003]
2024-12-29 21:42:57,052| [Epoch: 804]   [loss avg: 0.1289]   [current loss: 0.0014]
2024-12-29 21:42:57,386| [Epoch: 805]   [loss avg: 0.1287]   [current loss: 0.0035]
2024-12-29 21:42:57,642| [Epoch: 806]   [loss avg: 0.1285]   [current loss: 0.0001]
2024-12-29 21:42:57,834| [Epoch: 807]   [loss avg: 0.1284]   [current loss: 0.0003]
2024-12-29 21:42:58,027| [Epoch: 808]   [loss avg: 0.1282]   [current loss: 0.0008]
2024-12-29 21:42:58,343| [Epoch: 809]   [loss avg: 0.1281]   [current loss: 0.0002]
2024-12-29 21:42:58,619| [Epoch: 810]   [loss avg: 0.1279]   [current loss: 0.0002]
2024-12-29 21:42:58,817| [Epoch: 811]   [loss avg: 0.1278]   [current loss: 0.0051]
2024-12-29 21:42:59,011| [Epoch: 812]   [loss avg: 0.1276]   [current loss: 0.0009]
2024-12-29 21:42:59,411| [Epoch: 813]   [loss avg: 0.1274]   [current loss: 0.0003]
2024-12-29 21:42:59,605| [Epoch: 814]   [loss avg: 0.1273]   [current loss: 0.0012]
2024-12-29 21:42:59,799| [Epoch: 815]   [loss avg: 0.1271]   [current loss: 0.0004]
2024-12-29 21:42:59,992| [Epoch: 816]   [loss avg: 0.1270]   [current loss: 0.0002]
2024-12-29 21:43:00,393| [Epoch: 817]   [loss avg: 0.1268]   [current loss: 0.0001]
2024-12-29 21:43:00,587| [Epoch: 818]   [loss avg: 0.1267]   [current loss: 0.0002]
2024-12-29 21:43:00,779| [Epoch: 819]   [loss avg: 0.1265]   [current loss: 0.0005]
2024-12-29 21:43:00,972| [Epoch: 820]   [loss avg: 0.1264]   [current loss: 0.0026]
2024-12-29 21:43:01,363| [Epoch: 821]   [loss avg: 0.1262]   [current loss: 0.0004]
2024-12-29 21:43:01,556| [Epoch: 822]   [loss avg: 0.1261]   [current loss: 0.0004]
2024-12-29 21:43:01,748| [Epoch: 823]   [loss avg: 0.1259]   [current loss: 0.0001]
2024-12-29 21:43:01,940| [Epoch: 824]   [loss avg: 0.1258]   [current loss: 0.0001]
2024-12-29 21:43:02,341| [Epoch: 825]   [loss avg: 0.1256]   [current loss: 0.0001]
2024-12-29 21:43:02,533| [Epoch: 826]   [loss avg: 0.1255]   [current loss: 0.0002]
2024-12-29 21:43:02,726| [Epoch: 827]   [loss avg: 0.1253]   [current loss: 0.0002]
2024-12-29 21:43:02,922| [Epoch: 828]   [loss avg: 0.1252]   [current loss: 0.0004]
2024-12-29 21:43:03,317| [Epoch: 829]   [loss avg: 0.1250]   [current loss: 0.0030]
2024-12-29 21:43:03,510| [Epoch: 830]   [loss avg: 0.1249]   [current loss: 0.0015]
2024-12-29 21:43:03,704| [Epoch: 831]   [loss avg: 0.1247]   [current loss: 0.0002]
2024-12-29 21:43:03,965| [Epoch: 832]   [loss avg: 0.1246]   [current loss: 0.0002]
2024-12-29 21:43:04,286| [Epoch: 833]   [loss avg: 0.1244]   [current loss: 0.0002]
2024-12-29 21:43:04,478| [Epoch: 834]   [loss avg: 0.1243]   [current loss: 0.0002]
2024-12-29 21:43:04,671| [Epoch: 835]   [loss avg: 0.1241]   [current loss: 0.0002]
2024-12-29 21:43:04,868| [Epoch: 836]   [loss avg: 0.1240]   [current loss: 0.0001]
2024-12-29 21:43:05,261| [Epoch: 837]   [loss avg: 0.1238]   [current loss: 0.0090]
2024-12-29 21:43:05,455| [Epoch: 838]   [loss avg: 0.1237]   [current loss: 0.0001]
2024-12-29 21:43:05,647| [Epoch: 839]   [loss avg: 0.1235]   [current loss: 0.0001]
2024-12-29 21:43:05,845| [Epoch: 840]   [loss avg: 0.1234]   [current loss: 0.0002]
2024-12-29 21:43:06,239| [Epoch: 841]   [loss avg: 0.1233]   [current loss: 0.0040]
2024-12-29 21:43:06,431| [Epoch: 842]   [loss avg: 0.1231]   [current loss: 0.0111]
2024-12-29 21:43:06,625| [Epoch: 843]   [loss avg: 0.1230]   [current loss: 0.0002]
2024-12-29 21:43:06,828| [Epoch: 844]   [loss avg: 0.1228]   [current loss: 0.0007]
2024-12-29 21:43:07,219| [Epoch: 845]   [loss avg: 0.1227]   [current loss: 0.0114]
2024-12-29 21:43:07,413| [Epoch: 846]   [loss avg: 0.1226]   [current loss: 0.0002]
2024-12-29 21:43:07,605| [Epoch: 847]   [loss avg: 0.1224]   [current loss: 0.0002]
2024-12-29 21:43:07,937| [Epoch: 848]   [loss avg: 0.1223]   [current loss: 0.0002]
2024-12-29 21:43:08,197| [Epoch: 849]   [loss avg: 0.1221]   [current loss: 0.0003]
2024-12-29 21:43:08,390| [Epoch: 850]   [loss avg: 0.1220]   [current loss: 0.0003]
2024-12-29 21:43:08,584| [Epoch: 851]   [loss avg: 0.1218]   [current loss: 0.0003]
2024-12-29 21:43:08,988| [Epoch: 852]   [loss avg: 0.1218]   [current loss: 0.1135]
2024-12-29 21:43:09,181| [Epoch: 853]   [loss avg: 0.1217]   [current loss: 0.0003]
2024-12-29 21:43:09,425| [Epoch: 854]   [loss avg: 0.1215]   [current loss: 0.0017]
2024-12-29 21:43:09,824| [Epoch: 855]   [loss avg: 0.1214]   [current loss: 0.0013]
2024-12-29 21:43:10,020| [Epoch: 856]   [loss avg: 0.1213]   [current loss: 0.0001]
2024-12-29 21:43:10,213| [Epoch: 857]   [loss avg: 0.1211]   [current loss: 0.0002]
2024-12-29 21:43:10,405| [Epoch: 858]   [loss avg: 0.1210]   [current loss: 0.0001]
2024-12-29 21:43:10,804| [Epoch: 859]   [loss avg: 0.1209]   [current loss: 0.0085]
2024-12-29 21:43:10,999| [Epoch: 860]   [loss avg: 0.1207]   [current loss: 0.0005]
2024-12-29 21:43:11,193| [Epoch: 861]   [loss avg: 0.1206]   [current loss: 0.0010]
2024-12-29 21:43:11,388| [Epoch: 862]   [loss avg: 0.1204]   [current loss: 0.0025]
2024-12-29 21:43:11,784| [Epoch: 863]   [loss avg: 0.1203]   [current loss: 0.0002]
2024-12-29 21:43:11,979| [Epoch: 864]   [loss avg: 0.1202]   [current loss: 0.0002]
2024-12-29 21:43:12,175| [Epoch: 865]   [loss avg: 0.1200]   [current loss: 0.0003]
2024-12-29 21:43:12,404| [Epoch: 866]   [loss avg: 0.1199]   [current loss: 0.0001]
2024-12-29 21:43:12,757| [Epoch: 867]   [loss avg: 0.1198]   [current loss: 0.0005]
2024-12-29 21:43:12,952| [Epoch: 868]   [loss avg: 0.1196]   [current loss: 0.0001]
2024-12-29 21:43:13,145| [Epoch: 869]   [loss avg: 0.1195]   [current loss: 0.0003]
2024-12-29 21:43:13,338| [Epoch: 870]   [loss avg: 0.1193]   [current loss: 0.0003]
2024-12-29 21:43:13,733| [Epoch: 871]   [loss avg: 0.1192]   [current loss: 0.0002]
2024-12-29 21:43:13,927| [Epoch: 872]   [loss avg: 0.1191]   [current loss: 0.0007]
2024-12-29 21:43:14,122| [Epoch: 873]   [loss avg: 0.1189]   [current loss: 0.0008]
2024-12-29 21:43:14,456| [Epoch: 874]   [loss avg: 0.1188]   [current loss: 0.0002]
2024-12-29 21:43:14,715| [Epoch: 875]   [loss avg: 0.1187]   [current loss: 0.0002]
2024-12-29 21:43:14,910| [Epoch: 876]   [loss avg: 0.1185]   [current loss: 0.0005]
2024-12-29 21:43:15,103| [Epoch: 877]   [loss avg: 0.1184]   [current loss: 0.0006]
2024-12-29 21:43:15,508| [Epoch: 878]   [loss avg: 0.1183]   [current loss: 0.0002]
2024-12-29 21:43:15,697| [Epoch: 879]   [loss avg: 0.1181]   [current loss: 0.0001]
2024-12-29 21:43:15,887| [Epoch: 880]   [loss avg: 0.1180]   [current loss: 0.0002]
2024-12-29 21:43:16,080| [Epoch: 881]   [loss avg: 0.1179]   [current loss: 0.0003]
2024-12-29 21:43:16,480| [Epoch: 882]   [loss avg: 0.1177]   [current loss: 0.0003]
2024-12-29 21:43:16,672| [Epoch: 883]   [loss avg: 0.1176]   [current loss: 0.0002]
2024-12-29 21:43:16,865| [Epoch: 884]   [loss avg: 0.1175]   [current loss: 0.0002]
2024-12-29 21:43:17,061| [Epoch: 885]   [loss avg: 0.1173]   [current loss: 0.0005]
2024-12-29 21:43:17,467| [Epoch: 886]   [loss avg: 0.1172]   [current loss: 0.0002]
2024-12-29 21:43:17,661| [Epoch: 887]   [loss avg: 0.1171]   [current loss: 0.0003]
2024-12-29 21:43:17,853| [Epoch: 888]   [loss avg: 0.1169]   [current loss: 0.0004]
2024-12-29 21:43:18,045| [Epoch: 889]   [loss avg: 0.1168]   [current loss: 0.0003]
2024-12-29 21:43:18,444| [Epoch: 890]   [loss avg: 0.1167]   [current loss: 0.0011]
2024-12-29 21:43:18,636| [Epoch: 891]   [loss avg: 0.1166]   [current loss: 0.0019]
2024-12-29 21:43:18,830| [Epoch: 892]   [loss avg: 0.1164]   [current loss: 0.0003]
2024-12-29 21:43:19,023| [Epoch: 893]   [loss avg: 0.1163]   [current loss: 0.0005]
2024-12-29 21:43:19,416| [Epoch: 894]   [loss avg: 0.1162]   [current loss: 0.0001]
2024-12-29 21:43:19,610| [Epoch: 895]   [loss avg: 0.1160]   [current loss: 0.0017]
2024-12-29 21:43:19,805| [Epoch: 896]   [loss avg: 0.1159]   [current loss: 0.0002]
2024-12-29 21:43:19,998| [Epoch: 897]   [loss avg: 0.1158]   [current loss: 0.0000]
2024-12-29 21:43:20,405| [Epoch: 898]   [loss avg: 0.1156]   [current loss: 0.0001]
2024-12-29 21:43:20,600| [Epoch: 899]   [loss avg: 0.1155]   [current loss: 0.0185]
2024-12-29 21:43:20,792| [Epoch: 900]   [loss avg: 0.1154]   [current loss: 0.0000]
2024-12-29 21:43:21,135| [Epoch: 901]   [loss avg: 0.1153]   [current loss: 0.0002]
2024-12-29 21:43:21,394| [Epoch: 902]   [loss avg: 0.1152]   [current loss: 0.0002]
2024-12-29 21:43:21,588| [Epoch: 903]   [loss avg: 0.1150]   [current loss: 0.0003]
2024-12-29 21:43:21,781| [Epoch: 904]   [loss avg: 0.1149]   [current loss: 0.0002]
2024-12-29 21:43:22,178| [Epoch: 905]   [loss avg: 0.1148]   [current loss: 0.0003]
2024-12-29 21:43:22,372| [Epoch: 906]   [loss avg: 0.1147]   [current loss: 0.0000]
2024-12-29 21:43:22,564| [Epoch: 907]   [loss avg: 0.1145]   [current loss: 0.0002]
2024-12-29 21:43:22,758| [Epoch: 908]   [loss avg: 0.1144]   [current loss: 0.0001]
2024-12-29 21:43:23,158| [Epoch: 909]   [loss avg: 0.1143]   [current loss: 0.0002]
2024-12-29 21:43:23,350| [Epoch: 910]   [loss avg: 0.1142]   [current loss: 0.0001]
2024-12-29 21:43:23,544| [Epoch: 911]   [loss avg: 0.1140]   [current loss: 0.0001]
2024-12-29 21:43:23,738| [Epoch: 912]   [loss avg: 0.1139]   [current loss: 0.0026]
2024-12-29 21:43:24,135| [Epoch: 913]   [loss avg: 0.1138]   [current loss: 0.0021]
2024-12-29 21:43:24,328| [Epoch: 914]   [loss avg: 0.1137]   [current loss: 0.0002]
2024-12-29 21:43:24,522| [Epoch: 915]   [loss avg: 0.1135]   [current loss: 0.0001]
2024-12-29 21:43:24,714| [Epoch: 916]   [loss avg: 0.1134]   [current loss: 0.0005]
2024-12-29 21:43:25,114| [Epoch: 917]   [loss avg: 0.1133]   [current loss: 0.0002]
2024-12-29 21:43:25,308| [Epoch: 918]   [loss avg: 0.1132]   [current loss: 0.0003]
2024-12-29 21:43:25,502| [Epoch: 919]   [loss avg: 0.1130]   [current loss: 0.0001]
2024-12-29 21:43:25,696| [Epoch: 920]   [loss avg: 0.1129]   [current loss: 0.0011]
2024-12-29 21:43:26,094| [Epoch: 921]   [loss avg: 0.1128]   [current loss: 0.0003]
2024-12-29 21:43:26,289| [Epoch: 922]   [loss avg: 0.1127]   [current loss: 0.0003]
2024-12-29 21:43:26,482| [Epoch: 923]   [loss avg: 0.1126]   [current loss: 0.0005]
2024-12-29 21:43:26,677| [Epoch: 924]   [loss avg: 0.1124]   [current loss: 0.0002]
2024-12-29 21:43:27,069| [Epoch: 925]   [loss avg: 0.1123]   [current loss: 0.0017]
2024-12-29 21:43:27,265| [Epoch: 926]   [loss avg: 0.1122]   [current loss: 0.0002]
2024-12-29 21:43:27,458| [Epoch: 927]   [loss avg: 0.1121]   [current loss: 0.0002]
2024-12-29 21:43:27,655| [Epoch: 928]   [loss avg: 0.1120]   [current loss: 0.0001]
2024-12-29 21:43:28,044| [Epoch: 929]   [loss avg: 0.1118]   [current loss: 0.0018]
2024-12-29 21:43:28,238| [Epoch: 930]   [loss avg: 0.1117]   [current loss: 0.0014]
2024-12-29 21:43:28,432| [Epoch: 931]   [loss avg: 0.1116]   [current loss: 0.0040]
2024-12-29 21:43:28,637| [Epoch: 932]   [loss avg: 0.1115]   [current loss: 0.0010]
2024-12-29 21:43:29,022| [Epoch: 933]   [loss avg: 0.1114]   [current loss: 0.0003]
2024-12-29 21:43:29,217| [Epoch: 934]   [loss avg: 0.1112]   [current loss: 0.0001]
2024-12-29 21:43:29,412| [Epoch: 935]   [loss avg: 0.1111]   [current loss: 0.0002]
2024-12-29 21:43:29,745| [Epoch: 936]   [loss avg: 0.1110]   [current loss: 0.0001]
2024-12-29 21:43:30,006| [Epoch: 937]   [loss avg: 0.1109]   [current loss: 0.0001]
2024-12-29 21:43:30,199| [Epoch: 938]   [loss avg: 0.1108]   [current loss: 0.0004]
2024-12-29 21:43:30,393| [Epoch: 939]   [loss avg: 0.1107]   [current loss: 0.0003]
2024-12-29 21:43:30,796| [Epoch: 940]   [loss avg: 0.1105]   [current loss: 0.0001]
2024-12-29 21:43:30,990| [Epoch: 941]   [loss avg: 0.1104]   [current loss: 0.0002]
2024-12-29 21:43:31,186| [Epoch: 942]   [loss avg: 0.1103]   [current loss: 0.0003]
2024-12-29 21:43:31,381| [Epoch: 943]   [loss avg: 0.1102]   [current loss: 0.0004]
2024-12-29 21:43:31,780| [Epoch: 944]   [loss avg: 0.1101]   [current loss: 0.0001]
2024-12-29 21:43:31,973| [Epoch: 945]   [loss avg: 0.1100]   [current loss: 0.0001]
2024-12-29 21:43:32,171| [Epoch: 946]   [loss avg: 0.1098]   [current loss: 0.0007]
2024-12-29 21:43:32,365| [Epoch: 947]   [loss avg: 0.1097]   [current loss: 0.0001]
2024-12-29 21:43:32,768| [Epoch: 948]   [loss avg: 0.1096]   [current loss: 0.0067]
2024-12-29 21:43:32,961| [Epoch: 949]   [loss avg: 0.1095]   [current loss: 0.0002]
2024-12-29 21:43:33,155| [Epoch: 950]   [loss avg: 0.1094]   [current loss: 0.0001]
2024-12-29 21:43:33,352| [Epoch: 951]   [loss avg: 0.1093]   [current loss: 0.0001]
2024-12-29 21:43:33,746| [Epoch: 952]   [loss avg: 0.1092]   [current loss: 0.0006]
2024-12-29 21:43:33,940| [Epoch: 953]   [loss avg: 0.1091]   [current loss: 0.0019]
2024-12-29 21:43:34,133| [Epoch: 954]   [loss avg: 0.1089]   [current loss: 0.0005]
2024-12-29 21:43:34,382| [Epoch: 955]   [loss avg: 0.1088]   [current loss: 0.0014]
2024-12-29 21:43:34,714| [Epoch: 956]   [loss avg: 0.1087]   [current loss: 0.0017]
2024-12-29 21:43:34,908| [Epoch: 957]   [loss avg: 0.1086]   [current loss: 0.0007]
2024-12-29 21:43:35,102| [Epoch: 958]   [loss avg: 0.1085]   [current loss: 0.0000]
2024-12-29 21:43:35,443| [Epoch: 959]   [loss avg: 0.1084]   [current loss: 0.0004]
2024-12-29 21:43:35,696| [Epoch: 960]   [loss avg: 0.1085]   [current loss: 0.1896]
2024-12-29 21:43:35,887| [Epoch: 961]   [loss avg: 0.1084]   [current loss: 0.0005]
2024-12-29 21:43:36,079| [Epoch: 962]   [loss avg: 0.1082]   [current loss: 0.0001]
2024-12-29 21:43:36,411| [Epoch: 963]   [loss avg: 0.1081]   [current loss: 0.0001]
2024-12-29 21:43:36,671| [Epoch: 964]   [loss avg: 0.1080]   [current loss: 0.0011]
2024-12-29 21:43:36,864| [Epoch: 965]   [loss avg: 0.1079]   [current loss: 0.0001]
2024-12-29 21:43:37,059| [Epoch: 966]   [loss avg: 0.1078]   [current loss: 0.0016]
2024-12-29 21:43:37,460| [Epoch: 967]   [loss avg: 0.1077]   [current loss: 0.0002]
2024-12-29 21:43:37,652| [Epoch: 968]   [loss avg: 0.1076]   [current loss: 0.0004]
2024-12-29 21:43:37,845| [Epoch: 969]   [loss avg: 0.1075]   [current loss: 0.0004]
2024-12-29 21:43:38,037| [Epoch: 970]   [loss avg: 0.1074]   [current loss: 0.0004]
2024-12-29 21:43:38,442| [Epoch: 971]   [loss avg: 0.1072]   [current loss: 0.0009]
2024-12-29 21:43:38,634| [Epoch: 972]   [loss avg: 0.1071]   [current loss: 0.0004]
2024-12-29 21:43:38,827| [Epoch: 973]   [loss avg: 0.1070]   [current loss: 0.0001]
2024-12-29 21:43:39,020| [Epoch: 974]   [loss avg: 0.1069]   [current loss: 0.0006]
2024-12-29 21:43:39,422| [Epoch: 975]   [loss avg: 0.1068]   [current loss: 0.0005]
2024-12-29 21:43:39,614| [Epoch: 976]   [loss avg: 0.1067]   [current loss: 0.0001]
2024-12-29 21:43:39,806| [Epoch: 977]   [loss avg: 0.1066]   [current loss: 0.0049]
2024-12-29 21:43:39,996| [Epoch: 978]   [loss avg: 0.1065]   [current loss: 0.0002]
2024-12-29 21:43:40,394| [Epoch: 979]   [loss avg: 0.1064]   [current loss: 0.0002]
2024-12-29 21:43:40,587| [Epoch: 980]   [loss avg: 0.1063]   [current loss: 0.0016]
2024-12-29 21:43:40,780| [Epoch: 981]   [loss avg: 0.1062]   [current loss: 0.0001]
2024-12-29 21:43:40,980| [Epoch: 982]   [loss avg: 0.1061]   [current loss: 0.0001]
2024-12-29 21:43:41,375| [Epoch: 983]   [loss avg: 0.1060]   [current loss: 0.0002]
2024-12-29 21:43:41,566| [Epoch: 984]   [loss avg: 0.1058]   [current loss: 0.0001]
2024-12-29 21:43:41,758| [Epoch: 985]   [loss avg: 0.1057]   [current loss: 0.0004]
2024-12-29 21:43:41,992| [Epoch: 986]   [loss avg: 0.1056]   [current loss: 0.0016]
2024-12-29 21:43:42,338| [Epoch: 987]   [loss avg: 0.1055]   [current loss: 0.0003]
2024-12-29 21:43:42,526| [Epoch: 988]   [loss avg: 0.1054]   [current loss: 0.0001]
2024-12-29 21:43:42,719| [Epoch: 989]   [loss avg: 0.1053]   [current loss: 0.0021]
2024-12-29 21:43:42,913| [Epoch: 990]   [loss avg: 0.1052]   [current loss: 0.0011]
2024-12-29 21:43:43,305| [Epoch: 991]   [loss avg: 0.1051]   [current loss: 0.0013]
2024-12-29 21:43:43,498| [Epoch: 992]   [loss avg: 0.1050]   [current loss: 0.0000]
2024-12-29 21:43:43,689| [Epoch: 993]   [loss avg: 0.1049]   [current loss: 0.0001]
2024-12-29 21:43:43,883| [Epoch: 994]   [loss avg: 0.1048]   [current loss: 0.0001]
2024-12-29 21:43:44,292| [Epoch: 995]   [loss avg: 0.1047]   [current loss: 0.0005]
2024-12-29 21:43:44,495| [Epoch: 996]   [loss avg: 0.1046]   [current loss: 0.0004]
2024-12-29 21:43:44,686| [Epoch: 997]   [loss avg: 0.1045]   [current loss: 0.0358]
2024-12-29 21:43:44,878| [Epoch: 998]   [loss avg: 0.1044]   [current loss: 0.0009]
2024-12-29 21:43:45,282| [Epoch: 999]   [loss avg: 0.1043]   [current loss: 0.0006]
2024-12-29 21:43:45,475| [Epoch: 1000]   [loss avg: 0.1042]   [current loss: 0.0001]
2024-12-29 21:43:45,475| Finished Training
2024-12-29 21:44:50,269| 245.3140592619311 Training_Time (s)
2024-12-29 21:44:50,269| 64.7262030140264 Test_time (s)
2024-12-29 21:44:50,269| 
              precision    recall  f1-score   support

           0     0.9025    0.9775    0.9385     13487
           1     0.9673    0.8922    0.9283     30309
           2     0.5299    0.8228    0.6446      3831
           3     0.9898    0.8865    0.9353     26837
           4     0.2440    0.8108    0.3752       555
           5     0.4254    0.4738    0.4483      1625
           6     0.4946    0.6391    0.5576      1510

    accuracy                         0.8874     78154
   macro avg     0.6505    0.7861    0.6897     78154
weighted avg     0.9169    0.8874    0.8975     78154

2024-12-29 21:44:50,270| 
[[13184    20     3    36    47     4   193]
 [  339 27043  1162   168   763   302   532]
 [    2    53  3152    22     0   492   110]
 [  989   478   719 23791   549   201   110]
 [    4    69     8     2   450     0    22]
 [    1    67   765     2     1   770    19]
 [   89   226   139    16    34    41   965]]
2024-12-29 21:44:50,270| 88.74145917035597 Overall accuracy (%)
2024-12-29 21:44:50,270| 78.61098034813539 Average accuracy (%)
2024-12-29 21:44:50,270| 84.3315657671867 Kappa accuracy (%)
2024-12-29 21:44:50,270| 
[97.75339216 89.22432281 82.2761681  88.64999814 81.08108108 47.38461538
 63.90728477] Each accuracy (%)
2024-12-29 21:44:50,270| Total running time: 317.70 s
