2024-12-29 21:00:05,645| ========================================================================================
2024-12-29 21:00:05,645| experiment log file saved at model/IDNet_muufl/20241229_210005
2024-12-29 21:00:05,645| *******************       start  args      *******************
2024-12-29 21:00:05,645| dataset_name:muufl
2024-12-29 21:00:05,645| batch_size:32
2024-12-29 21:00:05,645| pca_components:20
2024-12-29 21:00:05,645| hsi_channels:20
2024-12-29 21:00:05,645| lidar_channels:1
2024-12-29 21:00:05,645| patch_size:12
2024-12-29 21:00:05,645| num_experts:10
2024-12-29 21:00:05,645| k:10
2024-12-29 21:00:05,645| dim:16
2024-12-29 21:00:05,645| epochs:1000
2024-12-29 21:00:05,645| lr:0.0002
2024-12-29 21:00:05,645| step_size:50
2024-12-29 21:00:05,645| gamma:0.9
2024-12-29 21:00:05,645| work_dirs:model/IDNet_muufl/20241229_210005
2024-12-29 21:00:05,645| seed:0
2024-12-29 21:00:05,645| device:cuda:0
2024-12-29 21:00:05,645| num_classes:11
2024-12-29 21:00:05,645| time:20241229_210005
2024-12-29 21:00:05,645| log_file_name:IDNet_muufl.log
2024-12-29 21:00:05,645| logger:<Logger logger (DEBUG)>
2024-12-29 21:00:05,645| *******************        end   args     *******************
2024-12-29 21:00:05,724| hsi data shape: (325, 220, 64)
2024-12-29 21:00:05,724| Lidar data shape:(325, 220)
2024-12-29 21:00:05,724| Label shape:(325, 220)
2024-12-29 21:00:05,724| 
... ... PCA tranformation ... ...
2024-12-29 21:00:05,849| Data shape after PCA: (325, 220, 20)
2024-12-29 21:00:05,851| num_classes = 11
2024-12-29 21:00:05,869| 
... ... create train & test data ... ...
2024-12-29 21:00:05,895| Train size:660
2024-12-29 21:00:05,895| Test size: 53027
2024-12-29 21:00:05,895| 
-----Selecting Small Cube from the Original Cube Data-----
2024-12-29 21:00:09,281| [Epoch: 1]   [loss avg: 44.0967]   [current loss: 1.9809]
2024-12-29 21:00:10,404| [Epoch: 2]   [loss avg: 40.9773]   [current loss: 1.8754]
2024-12-29 21:00:11,476| [Epoch: 3]   [loss avg: 39.2713]   [current loss: 1.5734]
2024-12-29 21:00:12,535| [Epoch: 4]   [loss avg: 37.5509]   [current loss: 1.4050]
2024-12-29 21:00:13,587| [Epoch: 5]   [loss avg: 35.7854]   [current loss: 1.4042]
2024-12-29 21:00:14,648| [Epoch: 6]   [loss avg: 34.0733]   [current loss: 1.1669]
2024-12-29 21:00:15,663| [Epoch: 7]   [loss avg: 32.4521]   [current loss: 1.0100]
2024-12-29 21:00:16,736| [Epoch: 8]   [loss avg: 30.9947]   [current loss: 1.0160]
2024-12-29 21:00:17,793| [Epoch: 9]   [loss avg: 29.6674]   [current loss: 0.9315]
2024-12-29 21:00:18,847| [Epoch: 10]   [loss avg: 28.4877]   [current loss: 0.8330]
2024-12-29 21:00:19,898| [Epoch: 11]   [loss avg: 27.3227]   [current loss: 0.4194]
2024-12-29 21:00:20,967| [Epoch: 12]   [loss avg: 26.2415]   [current loss: 0.6595]
2024-12-29 21:00:22,010| [Epoch: 13]   [loss avg: 25.2819]   [current loss: 0.7911]
2024-12-29 21:00:23,086| [Epoch: 14]   [loss avg: 24.3776]   [current loss: 0.5404]
2024-12-29 21:00:24,307| [Epoch: 15]   [loss avg: 23.5550]   [current loss: 0.8049]
2024-12-29 21:00:25,368| [Epoch: 16]   [loss avg: 22.7494]   [current loss: 0.7251]
2024-12-29 21:00:26,433| [Epoch: 17]   [loss avg: 22.0332]   [current loss: 0.7015]
2024-12-29 21:00:27,492| [Epoch: 18]   [loss avg: 21.3718]   [current loss: 0.5898]
2024-12-29 21:00:28,543| [Epoch: 19]   [loss avg: 20.7062]   [current loss: 0.3689]
2024-12-29 21:00:29,608| [Epoch: 20]   [loss avg: 20.0841]   [current loss: 0.4482]
2024-12-29 21:00:30,660| [Epoch: 21]   [loss avg: 19.4994]   [current loss: 0.4900]
2024-12-29 21:00:31,707| [Epoch: 22]   [loss avg: 18.9508]   [current loss: 0.4349]
2024-12-29 21:00:32,772| [Epoch: 23]   [loss avg: 18.4301]   [current loss: 0.2485]
2024-12-29 21:00:33,849| [Epoch: 24]   [loss avg: 17.9215]   [current loss: 0.2874]
2024-12-29 21:00:34,903| [Epoch: 25]   [loss avg: 17.4613]   [current loss: 0.3990]
2024-12-29 21:00:35,959| [Epoch: 26]   [loss avg: 17.0093]   [current loss: 0.4581]
2024-12-29 21:00:37,013| [Epoch: 27]   [loss avg: 16.5954]   [current loss: 0.3245]
2024-12-29 21:00:38,083| [Epoch: 28]   [loss avg: 16.1894]   [current loss: 0.2897]
2024-12-29 21:00:39,135| [Epoch: 29]   [loss avg: 15.8042]   [current loss: 0.3204]
2024-12-29 21:00:40,188| [Epoch: 30]   [loss avg: 15.4391]   [current loss: 0.1657]
2024-12-29 21:00:41,251| [Epoch: 31]   [loss avg: 15.0899]   [current loss: 0.3679]
2024-12-29 21:00:42,310| [Epoch: 32]   [loss avg: 14.7551]   [current loss: 0.1888]
2024-12-29 21:00:43,374| [Epoch: 33]   [loss avg: 14.4329]   [current loss: 0.1117]
2024-12-29 21:00:44,438| [Epoch: 34]   [loss avg: 14.1113]   [current loss: 0.1495]
2024-12-29 21:00:45,494| [Epoch: 35]   [loss avg: 13.8212]   [current loss: 0.2467]
2024-12-29 21:00:46,549| [Epoch: 36]   [loss avg: 13.5313]   [current loss: 0.0515]
2024-12-29 21:00:47,609| [Epoch: 37]   [loss avg: 13.2575]   [current loss: 0.3600]
2024-12-29 21:00:48,659| [Epoch: 38]   [loss avg: 12.9896]   [current loss: 0.1120]
2024-12-29 21:00:49,722| [Epoch: 39]   [loss avg: 12.7283]   [current loss: 0.1239]
2024-12-29 21:00:50,790| [Epoch: 40]   [loss avg: 12.4744]   [current loss: 0.1652]
2024-12-29 21:00:51,841| [Epoch: 41]   [loss avg: 12.2386]   [current loss: 0.2567]
2024-12-29 21:00:52,899| [Epoch: 42]   [loss avg: 12.0087]   [current loss: 0.0823]
2024-12-29 21:00:53,954| [Epoch: 43]   [loss avg: 11.7831]   [current loss: 0.0549]
2024-12-29 21:00:55,009| [Epoch: 44]   [loss avg: 11.5663]   [current loss: 0.0671]
2024-12-29 21:00:56,057| [Epoch: 45]   [loss avg: 11.3583]   [current loss: 0.1590]
2024-12-29 21:00:57,096| [Epoch: 46]   [loss avg: 11.1615]   [current loss: 0.1699]
2024-12-29 21:00:58,157| [Epoch: 47]   [loss avg: 10.9680]   [current loss: 0.0744]
2024-12-29 21:00:59,213| [Epoch: 48]   [loss avg: 10.7891]   [current loss: 0.0502]
2024-12-29 21:01:00,288| [Epoch: 49]   [loss avg: 10.6100]   [current loss: 0.0729]
2024-12-29 21:01:01,342| [Epoch: 50]   [loss avg: 10.4331]   [current loss: 0.1441]
2024-12-29 21:01:02,401| [Epoch: 51]   [loss avg: 10.2650]   [current loss: 0.0986]
2024-12-29 21:01:03,458| [Epoch: 52]   [loss avg: 10.0965]   [current loss: 0.0798]
2024-12-29 21:01:04,511| [Epoch: 53]   [loss avg: 9.9401]   [current loss: 0.1362]
2024-12-29 21:01:05,563| [Epoch: 54]   [loss avg: 9.7809]   [current loss: 0.0350]
2024-12-29 21:01:06,638| [Epoch: 55]   [loss avg: 9.6330]   [current loss: 0.0254]
2024-12-29 21:01:07,707| [Epoch: 56]   [loss avg: 9.4862]   [current loss: 0.0732]
2024-12-29 21:01:08,775| [Epoch: 57]   [loss avg: 9.3454]   [current loss: 0.1163]
2024-12-29 21:01:09,827| [Epoch: 58]   [loss avg: 9.2089]   [current loss: 0.0343]
2024-12-29 21:01:10,885| [Epoch: 59]   [loss avg: 9.0764]   [current loss: 0.0861]
2024-12-29 21:01:11,939| [Epoch: 60]   [loss avg: 8.9432]   [current loss: 0.1508]
2024-12-29 21:01:12,988| [Epoch: 61]   [loss avg: 8.8179]   [current loss: 0.0459]
2024-12-29 21:01:14,045| [Epoch: 62]   [loss avg: 8.6974]   [current loss: 0.0228]
2024-12-29 21:01:15,138| [Epoch: 63]   [loss avg: 8.5780]   [current loss: 0.1421]
2024-12-29 21:01:16,196| [Epoch: 64]   [loss avg: 8.4600]   [current loss: 0.0452]
2024-12-29 21:01:17,253| [Epoch: 65]   [loss avg: 8.3463]   [current loss: 0.0980]
2024-12-29 21:01:18,322| [Epoch: 66]   [loss avg: 8.2361]   [current loss: 0.0370]
2024-12-29 21:01:19,377| [Epoch: 67]   [loss avg: 8.1284]   [current loss: 0.0285]
2024-12-29 21:01:20,434| [Epoch: 68]   [loss avg: 8.0185]   [current loss: 0.0213]
2024-12-29 21:01:21,562| [Epoch: 69]   [loss avg: 7.9143]   [current loss: 0.0504]
2024-12-29 21:01:22,603| [Epoch: 70]   [loss avg: 7.8087]   [current loss: 0.0135]
2024-12-29 21:01:23,681| [Epoch: 71]   [loss avg: 7.7078]   [current loss: 0.0490]
2024-12-29 21:01:24,733| [Epoch: 72]   [loss avg: 7.6089]   [current loss: 0.0321]
2024-12-29 21:01:25,792| [Epoch: 73]   [loss avg: 7.5168]   [current loss: 0.2435]
2024-12-29 21:01:26,851| [Epoch: 74]   [loss avg: 7.4224]   [current loss: 0.0135]
2024-12-29 21:01:27,937| [Epoch: 75]   [loss avg: 7.3353]   [current loss: 0.0745]
2024-12-29 21:01:28,962| [Epoch: 76]   [loss avg: 7.2492]   [current loss: 0.0533]
2024-12-29 21:01:30,016| [Epoch: 77]   [loss avg: 7.1630]   [current loss: 0.0410]
2024-12-29 21:01:31,059| [Epoch: 78]   [loss avg: 7.0774]   [current loss: 0.0441]
2024-12-29 21:01:32,116| [Epoch: 79]   [loss avg: 6.9974]   [current loss: 0.0056]
2024-12-29 21:01:33,183| [Epoch: 80]   [loss avg: 6.9186]   [current loss: 0.0432]
2024-12-29 21:01:34,236| [Epoch: 81]   [loss avg: 6.8400]   [current loss: 0.0143]
2024-12-29 21:01:35,294| [Epoch: 82]   [loss avg: 6.7637]   [current loss: 0.0195]
2024-12-29 21:01:36,349| [Epoch: 83]   [loss avg: 6.6895]   [current loss: 0.0147]
2024-12-29 21:01:37,408| [Epoch: 84]   [loss avg: 6.6169]   [current loss: 0.1586]
2024-12-29 21:01:38,463| [Epoch: 85]   [loss avg: 6.5442]   [current loss: 0.0396]
2024-12-29 21:01:39,505| [Epoch: 86]   [loss avg: 6.4733]   [current loss: 0.0104]
2024-12-29 21:01:40,558| [Epoch: 87]   [loss avg: 6.4041]   [current loss: 0.0330]
2024-12-29 21:01:41,613| [Epoch: 88]   [loss avg: 6.3377]   [current loss: 0.0477]
2024-12-29 21:01:42,673| [Epoch: 89]   [loss avg: 6.2726]   [current loss: 0.1616]
2024-12-29 21:01:43,737| [Epoch: 90]   [loss avg: 6.2111]   [current loss: 0.0076]
2024-12-29 21:01:44,791| [Epoch: 91]   [loss avg: 6.1494]   [current loss: 0.0852]
2024-12-29 21:01:45,847| [Epoch: 92]   [loss avg: 6.0920]   [current loss: 0.0271]
2024-12-29 21:01:46,901| [Epoch: 93]   [loss avg: 6.0328]   [current loss: 0.0378]
2024-12-29 21:01:47,953| [Epoch: 94]   [loss avg: 5.9748]   [current loss: 0.0060]
2024-12-29 21:01:49,023| [Epoch: 95]   [loss avg: 5.9156]   [current loss: 0.0093]
2024-12-29 21:01:50,075| [Epoch: 96]   [loss avg: 5.8586]   [current loss: 0.0124]
2024-12-29 21:01:51,131| [Epoch: 97]   [loss avg: 5.8015]   [current loss: 0.0094]
2024-12-29 21:01:52,186| [Epoch: 98]   [loss avg: 5.7487]   [current loss: 0.0055]
2024-12-29 21:01:53,251| [Epoch: 99]   [loss avg: 5.6954]   [current loss: 0.0053]
2024-12-29 21:01:54,316| [Epoch: 100]   [loss avg: 5.6414]   [current loss: 0.0074]
2024-12-29 21:01:55,365| [Epoch: 101]   [loss avg: 5.5896]   [current loss: 0.0843]
2024-12-29 21:01:56,412| [Epoch: 102]   [loss avg: 5.5385]   [current loss: 0.0265]
2024-12-29 21:01:57,469| [Epoch: 103]   [loss avg: 5.4881]   [current loss: 0.0316]
2024-12-29 21:01:58,525| [Epoch: 104]   [loss avg: 5.4412]   [current loss: 0.0147]
2024-12-29 21:01:59,581| [Epoch: 105]   [loss avg: 5.3920]   [current loss: 0.0149]
2024-12-29 21:02:00,638| [Epoch: 106]   [loss avg: 5.3443]   [current loss: 0.0076]
2024-12-29 21:02:01,689| [Epoch: 107]   [loss avg: 5.2976]   [current loss: 0.0121]
2024-12-29 21:02:02,746| [Epoch: 108]   [loss avg: 5.2510]   [current loss: 0.0200]
2024-12-29 21:02:03,801| [Epoch: 109]   [loss avg: 5.2062]   [current loss: 0.0173]
2024-12-29 21:02:04,852| [Epoch: 110]   [loss avg: 5.1612]   [current loss: 0.0233]
2024-12-29 21:02:05,907| [Epoch: 111]   [loss avg: 5.1180]   [current loss: 0.0658]
2024-12-29 21:02:06,963| [Epoch: 112]   [loss avg: 5.0748]   [current loss: 0.0215]
2024-12-29 21:02:08,038| [Epoch: 113]   [loss avg: 5.0320]   [current loss: 0.0306]
2024-12-29 21:02:09,095| [Epoch: 114]   [loss avg: 4.9904]   [current loss: 0.0504]
2024-12-29 21:02:10,160| [Epoch: 115]   [loss avg: 4.9498]   [current loss: 0.0021]
2024-12-29 21:02:11,230| [Epoch: 116]   [loss avg: 4.9119]   [current loss: 0.0086]
2024-12-29 21:02:12,282| [Epoch: 117]   [loss avg: 4.8743]   [current loss: 0.0045]
2024-12-29 21:02:13,335| [Epoch: 118]   [loss avg: 4.8359]   [current loss: 0.0114]
2024-12-29 21:02:14,402| [Epoch: 119]   [loss avg: 4.7987]   [current loss: 0.0022]
2024-12-29 21:02:15,459| [Epoch: 120]   [loss avg: 4.7627]   [current loss: 0.0066]
2024-12-29 21:02:16,511| [Epoch: 121]   [loss avg: 4.7276]   [current loss: 0.0053]
2024-12-29 21:02:17,570| [Epoch: 122]   [loss avg: 4.6917]   [current loss: 0.0090]
2024-12-29 21:02:18,628| [Epoch: 123]   [loss avg: 4.6561]   [current loss: 0.0058]
2024-12-29 21:02:20,039| [Epoch: 124]   [loss avg: 4.6200]   [current loss: 0.0077]
2024-12-29 21:02:21,014| [Epoch: 125]   [loss avg: 4.5852]   [current loss: 0.1638]
2024-12-29 21:02:22,054| [Epoch: 126]   [loss avg: 4.5531]   [current loss: 0.0027]
2024-12-29 21:02:23,117| [Epoch: 127]   [loss avg: 4.5206]   [current loss: 0.0045]
2024-12-29 21:02:24,169| [Epoch: 128]   [loss avg: 4.4883]   [current loss: 0.0569]
2024-12-29 21:02:25,225| [Epoch: 129]   [loss avg: 4.4562]   [current loss: 0.0471]
2024-12-29 21:02:26,286| [Epoch: 130]   [loss avg: 4.4248]   [current loss: 0.0733]
2024-12-29 21:02:27,340| [Epoch: 131]   [loss avg: 4.3964]   [current loss: 0.2651]
2024-12-29 21:02:28,393| [Epoch: 132]   [loss avg: 4.3661]   [current loss: 0.0078]
2024-12-29 21:02:29,451| [Epoch: 133]   [loss avg: 4.3362]   [current loss: 0.0094]
2024-12-29 21:02:30,303| [Epoch: 134]   [loss avg: 4.3072]   [current loss: 0.0504]
2024-12-29 21:02:31,360| [Epoch: 135]   [loss avg: 4.2768]   [current loss: 0.0014]
2024-12-29 21:02:32,419| [Epoch: 136]   [loss avg: 4.2480]   [current loss: 0.0708]
2024-12-29 21:02:33,474| [Epoch: 137]   [loss avg: 4.2187]   [current loss: 0.0031]
2024-12-29 21:02:34,526| [Epoch: 138]   [loss avg: 4.1898]   [current loss: 0.0039]
2024-12-29 21:02:35,602| [Epoch: 139]   [loss avg: 4.1620]   [current loss: 0.0495]
2024-12-29 21:02:36,659| [Epoch: 140]   [loss avg: 4.1339]   [current loss: 0.0021]
2024-12-29 21:02:37,691| [Epoch: 141]   [loss avg: 4.1067]   [current loss: 0.0557]
2024-12-29 21:02:38,764| [Epoch: 142]   [loss avg: 4.0787]   [current loss: 0.0104]
2024-12-29 21:02:39,819| [Epoch: 143]   [loss avg: 4.0513]   [current loss: 0.0073]
2024-12-29 21:02:40,876| [Epoch: 144]   [loss avg: 4.0249]   [current loss: 0.1075]
2024-12-29 21:02:41,929| [Epoch: 145]   [loss avg: 3.9987]   [current loss: 0.0044]
2024-12-29 21:02:42,984| [Epoch: 146]   [loss avg: 3.9730]   [current loss: 0.0017]
2024-12-29 21:02:44,038| [Epoch: 147]   [loss avg: 3.9472]   [current loss: 0.0335]
2024-12-29 21:02:45,092| [Epoch: 148]   [loss avg: 3.9217]   [current loss: 0.0059]
2024-12-29 21:02:46,144| [Epoch: 149]   [loss avg: 3.8962]   [current loss: 0.0096]
2024-12-29 21:02:47,192| [Epoch: 150]   [loss avg: 3.8721]   [current loss: 0.0006]
2024-12-29 21:02:48,252| [Epoch: 151]   [loss avg: 3.8477]   [current loss: 0.0052]
2024-12-29 21:02:49,306| [Epoch: 152]   [loss avg: 3.8233]   [current loss: 0.0588]
2024-12-29 21:02:50,363| [Epoch: 153]   [loss avg: 3.7989]   [current loss: 0.0015]
2024-12-29 21:02:51,415| [Epoch: 154]   [loss avg: 3.7758]   [current loss: 0.0007]
2024-12-29 21:02:52,471| [Epoch: 155]   [loss avg: 3.7532]   [current loss: 0.0094]
2024-12-29 21:02:53,525| [Epoch: 156]   [loss avg: 3.7301]   [current loss: 0.0108]
2024-12-29 21:02:54,573| [Epoch: 157]   [loss avg: 3.7091]   [current loss: 0.0063]
2024-12-29 21:02:55,631| [Epoch: 158]   [loss avg: 3.6890]   [current loss: 0.1990]
2024-12-29 21:02:56,685| [Epoch: 159]   [loss avg: 3.6672]   [current loss: 0.0011]
2024-12-29 21:02:57,743| [Epoch: 160]   [loss avg: 3.6460]   [current loss: 0.0083]
2024-12-29 21:02:58,798| [Epoch: 161]   [loss avg: 3.6243]   [current loss: 0.0048]
2024-12-29 21:02:59,850| [Epoch: 162]   [loss avg: 3.6023]   [current loss: 0.0046]
2024-12-29 21:03:00,921| [Epoch: 163]   [loss avg: 3.5831]   [current loss: 0.0039]
2024-12-29 21:03:01,976| [Epoch: 164]   [loss avg: 3.5622]   [current loss: 0.0012]
2024-12-29 21:03:03,037| [Epoch: 165]   [loss avg: 3.5414]   [current loss: 0.0012]
2024-12-29 21:03:04,084| [Epoch: 166]   [loss avg: 3.5210]   [current loss: 0.0029]
2024-12-29 21:03:05,138| [Epoch: 167]   [loss avg: 3.5013]   [current loss: 0.0008]
2024-12-29 21:03:06,185| [Epoch: 168]   [loss avg: 3.4815]   [current loss: 0.0070]
2024-12-29 21:03:07,241| [Epoch: 169]   [loss avg: 3.4625]   [current loss: 0.0016]
2024-12-29 21:03:08,295| [Epoch: 170]   [loss avg: 3.4431]   [current loss: 0.0042]
2024-12-29 21:03:09,352| [Epoch: 171]   [loss avg: 3.4238]   [current loss: 0.0073]
2024-12-29 21:03:10,416| [Epoch: 172]   [loss avg: 3.4044]   [current loss: 0.0024]
2024-12-29 21:03:11,478| [Epoch: 173]   [loss avg: 3.3857]   [current loss: 0.0186]
2024-12-29 21:03:12,531| [Epoch: 174]   [loss avg: 3.3671]   [current loss: 0.0028]
2024-12-29 21:03:13,582| [Epoch: 175]   [loss avg: 3.3485]   [current loss: 0.0016]
2024-12-29 21:03:14,635| [Epoch: 176]   [loss avg: 3.3300]   [current loss: 0.0018]
2024-12-29 21:03:15,693| [Epoch: 177]   [loss avg: 3.3116]   [current loss: 0.0017]
2024-12-29 21:03:16,749| [Epoch: 178]   [loss avg: 3.2938]   [current loss: 0.0100]
2024-12-29 21:03:17,809| [Epoch: 179]   [loss avg: 3.2770]   [current loss: 0.0314]
2024-12-29 21:03:18,862| [Epoch: 180]   [loss avg: 3.2608]   [current loss: 0.0317]
2024-12-29 21:03:19,906| [Epoch: 181]   [loss avg: 3.2445]   [current loss: 0.0005]
2024-12-29 21:03:20,963| [Epoch: 182]   [loss avg: 3.2275]   [current loss: 0.0045]
2024-12-29 21:03:22,021| [Epoch: 183]   [loss avg: 3.2112]   [current loss: 0.0476]
2024-12-29 21:03:23,078| [Epoch: 184]   [loss avg: 3.1947]   [current loss: 0.0103]
2024-12-29 21:03:24,132| [Epoch: 185]   [loss avg: 3.1787]   [current loss: 0.0014]
2024-12-29 21:03:25,187| [Epoch: 186]   [loss avg: 3.1621]   [current loss: 0.0031]
2024-12-29 21:03:26,245| [Epoch: 187]   [loss avg: 3.1461]   [current loss: 0.0011]
2024-12-29 21:03:27,301| [Epoch: 188]   [loss avg: 3.1306]   [current loss: 0.0081]
2024-12-29 21:03:28,364| [Epoch: 189]   [loss avg: 3.1149]   [current loss: 0.0076]
2024-12-29 21:03:29,410| [Epoch: 190]   [loss avg: 3.1009]   [current loss: 0.0394]
2024-12-29 21:03:30,463| [Epoch: 191]   [loss avg: 3.0852]   [current loss: 0.0015]
2024-12-29 21:03:31,513| [Epoch: 192]   [loss avg: 3.0698]   [current loss: 0.0584]
2024-12-29 21:03:32,572| [Epoch: 193]   [loss avg: 3.0546]   [current loss: 0.0019]
2024-12-29 21:03:33,623| [Epoch: 194]   [loss avg: 3.0401]   [current loss: 0.0053]
2024-12-29 21:03:34,678| [Epoch: 195]   [loss avg: 3.0255]   [current loss: 0.0010]
2024-12-29 21:03:35,736| [Epoch: 196]   [loss avg: 3.0105]   [current loss: 0.0098]
2024-12-29 21:03:36,786| [Epoch: 197]   [loss avg: 2.9959]   [current loss: 0.0031]
2024-12-29 21:03:37,840| [Epoch: 198]   [loss avg: 2.9813]   [current loss: 0.0159]
2024-12-29 21:03:38,892| [Epoch: 199]   [loss avg: 2.9672]   [current loss: 0.0055]
2024-12-29 21:03:39,947| [Epoch: 200]   [loss avg: 2.9529]   [current loss: 0.0005]
2024-12-29 21:03:41,003| [Epoch: 201]   [loss avg: 2.9385]   [current loss: 0.0132]
2024-12-29 21:03:42,058| [Epoch: 202]   [loss avg: 2.9247]   [current loss: 0.0015]
2024-12-29 21:03:43,113| [Epoch: 203]   [loss avg: 2.9107]   [current loss: 0.0023]
2024-12-29 21:03:44,166| [Epoch: 204]   [loss avg: 2.8969]   [current loss: 0.0013]
2024-12-29 21:03:45,214| [Epoch: 205]   [loss avg: 2.8847]   [current loss: 0.3032]
2024-12-29 21:03:46,261| [Epoch: 206]   [loss avg: 2.8712]   [current loss: 0.0011]
2024-12-29 21:03:47,317| [Epoch: 207]   [loss avg: 2.8576]   [current loss: 0.0313]
2024-12-29 21:03:48,373| [Epoch: 208]   [loss avg: 2.8443]   [current loss: 0.0005]
2024-12-29 21:03:49,437| [Epoch: 209]   [loss avg: 2.8311]   [current loss: 0.0198]
2024-12-29 21:03:50,493| [Epoch: 210]   [loss avg: 2.8180]   [current loss: 0.0013]
2024-12-29 21:03:51,546| [Epoch: 211]   [loss avg: 2.8050]   [current loss: 0.0003]
2024-12-29 21:03:52,607| [Epoch: 212]   [loss avg: 2.7922]   [current loss: 0.0309]
2024-12-29 21:03:53,673| [Epoch: 213]   [loss avg: 2.7795]   [current loss: 0.0007]
2024-12-29 21:03:54,729| [Epoch: 214]   [loss avg: 2.7669]   [current loss: 0.0128]
2024-12-29 21:03:55,786| [Epoch: 215]   [loss avg: 2.7543]   [current loss: 0.0188]
2024-12-29 21:03:56,838| [Epoch: 216]   [loss avg: 2.7424]   [current loss: 0.0007]
2024-12-29 21:03:57,894| [Epoch: 217]   [loss avg: 2.7310]   [current loss: 0.0023]
2024-12-29 21:03:58,947| [Epoch: 218]   [loss avg: 2.7186]   [current loss: 0.0008]
2024-12-29 21:04:00,004| [Epoch: 219]   [loss avg: 2.7063]   [current loss: 0.0025]
2024-12-29 21:04:01,073| [Epoch: 220]   [loss avg: 2.6941]   [current loss: 0.0002]
2024-12-29 21:04:02,134| [Epoch: 221]   [loss avg: 2.6825]   [current loss: 0.0005]
2024-12-29 21:04:03,188| [Epoch: 222]   [loss avg: 2.6705]   [current loss: 0.0010]
2024-12-29 21:04:04,254| [Epoch: 223]   [loss avg: 2.6590]   [current loss: 0.0006]
2024-12-29 21:04:05,307| [Epoch: 224]   [loss avg: 2.6475]   [current loss: 0.0013]
2024-12-29 21:04:06,373| [Epoch: 225]   [loss avg: 2.6359]   [current loss: 0.0132]
2024-12-29 21:04:07,427| [Epoch: 226]   [loss avg: 2.6247]   [current loss: 0.0084]
2024-12-29 21:04:08,483| [Epoch: 227]   [loss avg: 2.6134]   [current loss: 0.0006]
2024-12-29 21:04:09,538| [Epoch: 228]   [loss avg: 2.6023]   [current loss: 0.0016]
2024-12-29 21:04:10,592| [Epoch: 229]   [loss avg: 2.5912]   [current loss: 0.0032]
2024-12-29 21:04:11,640| [Epoch: 230]   [loss avg: 2.5807]   [current loss: 0.0013]
2024-12-29 21:04:12,694| [Epoch: 231]   [loss avg: 2.5698]   [current loss: 0.0015]
2024-12-29 21:04:13,803| [Epoch: 232]   [loss avg: 2.5589]   [current loss: 0.0017]
2024-12-29 21:04:14,863| [Epoch: 233]   [loss avg: 2.5489]   [current loss: 0.0090]
2024-12-29 21:04:15,919| [Epoch: 234]   [loss avg: 2.5388]   [current loss: 0.0659]
2024-12-29 21:04:16,986| [Epoch: 235]   [loss avg: 2.5288]   [current loss: 0.0025]
2024-12-29 21:04:18,055| [Epoch: 236]   [loss avg: 2.5199]   [current loss: 0.0026]
2024-12-29 21:04:19,105| [Epoch: 237]   [loss avg: 2.5096]   [current loss: 0.0030]
2024-12-29 21:04:20,151| [Epoch: 238]   [loss avg: 2.4995]   [current loss: 0.0019]
2024-12-29 21:04:21,208| [Epoch: 239]   [loss avg: 2.4896]   [current loss: 0.0009]
2024-12-29 21:04:22,266| [Epoch: 240]   [loss avg: 2.4801]   [current loss: 0.0398]
2024-12-29 21:04:23,323| [Epoch: 241]   [loss avg: 2.4713]   [current loss: 0.0796]
2024-12-29 21:04:24,376| [Epoch: 242]   [loss avg: 2.4615]   [current loss: 0.0006]
2024-12-29 21:04:25,433| [Epoch: 243]   [loss avg: 2.4519]   [current loss: 0.0131]
2024-12-29 21:04:26,485| [Epoch: 244]   [loss avg: 2.4425]   [current loss: 0.0162]
2024-12-29 21:04:27,538| [Epoch: 245]   [loss avg: 2.4327]   [current loss: 0.0051]
2024-12-29 21:04:28,594| [Epoch: 246]   [loss avg: 2.4247]   [current loss: 0.0863]
2024-12-29 21:04:29,646| [Epoch: 247]   [loss avg: 2.4152]   [current loss: 0.0028]
2024-12-29 21:04:30,705| [Epoch: 248]   [loss avg: 2.4059]   [current loss: 0.0003]
2024-12-29 21:04:31,757| [Epoch: 249]   [loss avg: 2.3965]   [current loss: 0.0008]
2024-12-29 21:04:32,811| [Epoch: 250]   [loss avg: 2.3880]   [current loss: 0.0009]
2024-12-29 21:04:33,867| [Epoch: 251]   [loss avg: 2.3794]   [current loss: 0.0002]
2024-12-29 21:04:34,931| [Epoch: 252]   [loss avg: 2.3705]   [current loss: 0.0024]
2024-12-29 21:04:35,980| [Epoch: 253]   [loss avg: 2.3614]   [current loss: 0.0001]
2024-12-29 21:04:37,037| [Epoch: 254]   [loss avg: 2.3524]   [current loss: 0.0014]
2024-12-29 21:04:38,090| [Epoch: 255]   [loss avg: 2.3435]   [current loss: 0.0437]
2024-12-29 21:04:39,142| [Epoch: 256]   [loss avg: 2.3347]   [current loss: 0.0461]
2024-12-29 21:04:40,197| [Epoch: 257]   [loss avg: 2.3259]   [current loss: 0.0032]
2024-12-29 21:04:41,251| [Epoch: 258]   [loss avg: 2.3174]   [current loss: 0.0020]
2024-12-29 21:04:42,307| [Epoch: 259]   [loss avg: 2.3087]   [current loss: 0.0004]
2024-12-29 21:04:43,379| [Epoch: 260]   [loss avg: 2.3003]   [current loss: 0.0014]
2024-12-29 21:04:44,425| [Epoch: 261]   [loss avg: 2.2924]   [current loss: 0.0010]
2024-12-29 21:04:45,471| [Epoch: 262]   [loss avg: 2.2837]   [current loss: 0.0007]
2024-12-29 21:04:46,555| [Epoch: 263]   [loss avg: 2.2753]   [current loss: 0.0005]
2024-12-29 21:04:47,619| [Epoch: 264]   [loss avg: 2.2668]   [current loss: 0.0018]
2024-12-29 21:04:48,685| [Epoch: 265]   [loss avg: 2.2586]   [current loss: 0.0001]
2024-12-29 21:04:49,761| [Epoch: 266]   [loss avg: 2.2501]   [current loss: 0.0019]
2024-12-29 21:04:50,828| [Epoch: 267]   [loss avg: 2.2420]   [current loss: 0.0004]
2024-12-29 21:04:51,882| [Epoch: 268]   [loss avg: 2.2337]   [current loss: 0.0003]
2024-12-29 21:04:52,965| [Epoch: 269]   [loss avg: 2.2256]   [current loss: 0.0204]
2024-12-29 21:04:54,018| [Epoch: 270]   [loss avg: 2.2175]   [current loss: 0.0003]
2024-12-29 21:04:55,073| [Epoch: 271]   [loss avg: 2.2095]   [current loss: 0.0019]
2024-12-29 21:04:56,130| [Epoch: 272]   [loss avg: 2.2018]   [current loss: 0.0004]
2024-12-29 21:04:57,200| [Epoch: 273]   [loss avg: 2.1939]   [current loss: 0.0008]
2024-12-29 21:04:58,259| [Epoch: 274]   [loss avg: 2.1860]   [current loss: 0.0024]
2024-12-29 21:04:59,312| [Epoch: 275]   [loss avg: 2.1783]   [current loss: 0.0002]
2024-12-29 21:05:00,371| [Epoch: 276]   [loss avg: 2.1709]   [current loss: 0.0099]
2024-12-29 21:05:01,417| [Epoch: 277]   [loss avg: 2.1632]   [current loss: 0.0006]
2024-12-29 21:05:02,472| [Epoch: 278]   [loss avg: 2.1560]   [current loss: 0.0451]
2024-12-29 21:05:03,539| [Epoch: 279]   [loss avg: 2.1493]   [current loss: 0.0038]
2024-12-29 21:05:04,594| [Epoch: 280]   [loss avg: 2.1418]   [current loss: 0.0000]
2024-12-29 21:05:05,663| [Epoch: 281]   [loss avg: 2.1346]   [current loss: 0.0372]
2024-12-29 21:05:06,718| [Epoch: 282]   [loss avg: 2.1275]   [current loss: 0.0010]
2024-12-29 21:05:07,776| [Epoch: 283]   [loss avg: 2.1203]   [current loss: 0.0003]
2024-12-29 21:05:08,828| [Epoch: 284]   [loss avg: 2.1130]   [current loss: 0.0006]
2024-12-29 21:05:09,946| [Epoch: 285]   [loss avg: 2.1058]   [current loss: 0.0035]
2024-12-29 21:05:10,946| [Epoch: 286]   [loss avg: 2.0989]   [current loss: 0.0007]
2024-12-29 21:05:12,004| [Epoch: 287]   [loss avg: 2.0920]   [current loss: 0.0002]
2024-12-29 21:05:13,063| [Epoch: 288]   [loss avg: 2.0852]   [current loss: 0.0001]
2024-12-29 21:05:14,129| [Epoch: 289]   [loss avg: 2.0791]   [current loss: 0.0012]
2024-12-29 21:05:15,185| [Epoch: 290]   [loss avg: 2.0722]   [current loss: 0.0010]
2024-12-29 21:05:16,239| [Epoch: 291]   [loss avg: 2.0651]   [current loss: 0.0002]
2024-12-29 21:05:17,295| [Epoch: 292]   [loss avg: 2.0585]   [current loss: 0.0890]
2024-12-29 21:05:18,342| [Epoch: 293]   [loss avg: 2.0517]   [current loss: 0.0088]
2024-12-29 21:05:19,395| [Epoch: 294]   [loss avg: 2.0450]   [current loss: 0.0006]
2024-12-29 21:05:20,452| [Epoch: 295]   [loss avg: 2.0383]   [current loss: 0.0003]
2024-12-29 21:05:21,504| [Epoch: 296]   [loss avg: 2.0315]   [current loss: 0.0003]
2024-12-29 21:05:22,560| [Epoch: 297]   [loss avg: 2.0247]   [current loss: 0.0015]
2024-12-29 21:05:23,621| [Epoch: 298]   [loss avg: 2.0180]   [current loss: 0.0041]
2024-12-29 21:05:24,674| [Epoch: 299]   [loss avg: 2.0114]   [current loss: 0.0004]
2024-12-29 21:05:25,728| [Epoch: 300]   [loss avg: 2.0053]   [current loss: 0.0464]
2024-12-29 21:05:26,774| [Epoch: 301]   [loss avg: 1.9988]   [current loss: 0.0000]
2024-12-29 21:05:27,833| [Epoch: 302]   [loss avg: 1.9928]   [current loss: 0.0005]
2024-12-29 21:05:28,898| [Epoch: 303]   [loss avg: 1.9863]   [current loss: 0.0010]
2024-12-29 21:05:29,962| [Epoch: 304]   [loss avg: 1.9798]   [current loss: 0.0006]
2024-12-29 21:05:31,018| [Epoch: 305]   [loss avg: 1.9735]   [current loss: 0.0012]
2024-12-29 21:05:32,074| [Epoch: 306]   [loss avg: 1.9672]   [current loss: 0.0013]
2024-12-29 21:05:33,128| [Epoch: 307]   [loss avg: 1.9611]   [current loss: 0.0081]
2024-12-29 21:05:34,181| [Epoch: 308]   [loss avg: 1.9549]   [current loss: 0.0112]
2024-12-29 21:05:35,233| [Epoch: 309]   [loss avg: 1.9493]   [current loss: 0.0015]
2024-12-29 21:05:36,283| [Epoch: 310]   [loss avg: 1.9431]   [current loss: 0.0046]
2024-12-29 21:05:37,349| [Epoch: 311]   [loss avg: 1.9369]   [current loss: 0.0029]
2024-12-29 21:05:38,405| [Epoch: 312]   [loss avg: 1.9309]   [current loss: 0.0002]
2024-12-29 21:05:39,475| [Epoch: 313]   [loss avg: 1.9248]   [current loss: 0.0001]
2024-12-29 21:05:40,530| [Epoch: 314]   [loss avg: 1.9188]   [current loss: 0.0001]
2024-12-29 21:05:41,588| [Epoch: 315]   [loss avg: 1.9129]   [current loss: 0.0017]
2024-12-29 21:05:42,655| [Epoch: 316]   [loss avg: 1.9070]   [current loss: 0.0072]
2024-12-29 21:05:43,709| [Epoch: 317]   [loss avg: 1.9015]   [current loss: 0.0009]
2024-12-29 21:05:44,759| [Epoch: 318]   [loss avg: 1.8957]   [current loss: 0.0003]
2024-12-29 21:05:45,816| [Epoch: 319]   [loss avg: 1.8901]   [current loss: 0.0001]
2024-12-29 21:05:46,869| [Epoch: 320]   [loss avg: 1.8847]   [current loss: 0.0015]
2024-12-29 21:05:47,924| [Epoch: 321]   [loss avg: 1.8791]   [current loss: 0.0002]
2024-12-29 21:05:48,975| [Epoch: 322]   [loss avg: 1.8734]   [current loss: 0.0033]
2024-12-29 21:05:50,029| [Epoch: 323]   [loss avg: 1.8677]   [current loss: 0.0025]
2024-12-29 21:05:51,086| [Epoch: 324]   [loss avg: 1.8621]   [current loss: 0.0007]
2024-12-29 21:05:52,137| [Epoch: 325]   [loss avg: 1.8565]   [current loss: 0.0009]
2024-12-29 21:05:53,188| [Epoch: 326]   [loss avg: 1.8508]   [current loss: 0.0007]
2024-12-29 21:05:54,241| [Epoch: 327]   [loss avg: 1.8454]   [current loss: 0.0002]
2024-12-29 21:05:55,300| [Epoch: 328]   [loss avg: 1.8400]   [current loss: 0.0014]
2024-12-29 21:05:56,353| [Epoch: 329]   [loss avg: 1.8349]   [current loss: 0.0002]
2024-12-29 21:05:57,408| [Epoch: 330]   [loss avg: 1.8296]   [current loss: 0.0000]
2024-12-29 21:05:58,470| [Epoch: 331]   [loss avg: 1.8242]   [current loss: 0.0007]
2024-12-29 21:05:59,523| [Epoch: 332]   [loss avg: 1.8189]   [current loss: 0.0003]
2024-12-29 21:06:00,575| [Epoch: 333]   [loss avg: 1.8135]   [current loss: 0.0001]
2024-12-29 21:06:01,620| [Epoch: 334]   [loss avg: 1.8084]   [current loss: 0.0060]
2024-12-29 21:06:02,677| [Epoch: 335]   [loss avg: 1.8030]   [current loss: 0.0004]
2024-12-29 21:06:03,730| [Epoch: 336]   [loss avg: 1.7979]   [current loss: 0.0029]
2024-12-29 21:06:04,781| [Epoch: 337]   [loss avg: 1.7926]   [current loss: 0.0011]
2024-12-29 21:06:05,837| [Epoch: 338]   [loss avg: 1.7873]   [current loss: 0.0001]
2024-12-29 21:06:06,894| [Epoch: 339]   [loss avg: 1.7821]   [current loss: 0.0002]
2024-12-29 21:06:07,999| [Epoch: 340]   [loss avg: 1.7771]   [current loss: 0.0002]
2024-12-29 21:06:09,057| [Epoch: 341]   [loss avg: 1.7721]   [current loss: 0.0025]
2024-12-29 21:06:10,114| [Epoch: 342]   [loss avg: 1.7671]   [current loss: 0.0054]
2024-12-29 21:06:11,170| [Epoch: 343]   [loss avg: 1.7621]   [current loss: 0.0007]
2024-12-29 21:06:12,224| [Epoch: 344]   [loss avg: 1.7571]   [current loss: 0.0003]
2024-12-29 21:06:13,280| [Epoch: 345]   [loss avg: 1.7521]   [current loss: 0.0115]
2024-12-29 21:06:14,332| [Epoch: 346]   [loss avg: 1.7473]   [current loss: 0.0105]
2024-12-29 21:06:15,385| [Epoch: 347]   [loss avg: 1.7428]   [current loss: 0.0015]
2024-12-29 21:06:16,438| [Epoch: 348]   [loss avg: 1.7382]   [current loss: 0.0001]
2024-12-29 21:06:17,493| [Epoch: 349]   [loss avg: 1.7337]   [current loss: 0.0016]
2024-12-29 21:06:18,538| [Epoch: 350]   [loss avg: 1.7291]   [current loss: 0.0052]
2024-12-29 21:06:19,591| [Epoch: 351]   [loss avg: 1.7244]   [current loss: 0.0036]
2024-12-29 21:06:20,647| [Epoch: 352]   [loss avg: 1.7195]   [current loss: 0.0002]
2024-12-29 21:06:21,702| [Epoch: 353]   [loss avg: 1.7148]   [current loss: 0.0015]
2024-12-29 21:06:22,756| [Epoch: 354]   [loss avg: 1.7101]   [current loss: 0.0020]
2024-12-29 21:06:23,812| [Epoch: 355]   [loss avg: 1.7053]   [current loss: 0.0008]
2024-12-29 21:06:24,867| [Epoch: 356]   [loss avg: 1.7007]   [current loss: 0.0438]
2024-12-29 21:06:25,928| [Epoch: 357]   [loss avg: 1.6963]   [current loss: 0.0004]
2024-12-29 21:06:26,975| [Epoch: 358]   [loss avg: 1.6916]   [current loss: 0.0001]
2024-12-29 21:06:28,027| [Epoch: 359]   [loss avg: 1.6874]   [current loss: 0.0008]
2024-12-29 21:06:29,084| [Epoch: 360]   [loss avg: 1.6832]   [current loss: 0.0010]
2024-12-29 21:06:30,138| [Epoch: 361]   [loss avg: 1.6786]   [current loss: 0.0025]
2024-12-29 21:06:31,192| [Epoch: 362]   [loss avg: 1.6741]   [current loss: 0.0001]
2024-12-29 21:06:32,263| [Epoch: 363]   [loss avg: 1.6695]   [current loss: 0.0017]
2024-12-29 21:06:33,317| [Epoch: 364]   [loss avg: 1.6651]   [current loss: 0.0002]
2024-12-29 21:06:34,376| [Epoch: 365]   [loss avg: 1.6606]   [current loss: 0.0389]
2024-12-29 21:06:35,425| [Epoch: 366]   [loss avg: 1.6565]   [current loss: 0.0938]
2024-12-29 21:06:36,489| [Epoch: 367]   [loss avg: 1.6522]   [current loss: 0.0001]
2024-12-29 21:06:37,546| [Epoch: 368]   [loss avg: 1.6477]   [current loss: 0.0002]
2024-12-29 21:06:38,603| [Epoch: 369]   [loss avg: 1.6433]   [current loss: 0.0001]
2024-12-29 21:06:39,659| [Epoch: 370]   [loss avg: 1.6389]   [current loss: 0.0002]
2024-12-29 21:06:40,715| [Epoch: 371]   [loss avg: 1.6347]   [current loss: 0.0509]
2024-12-29 21:06:41,771| [Epoch: 372]   [loss avg: 1.6305]   [current loss: 0.0001]
2024-12-29 21:06:42,823| [Epoch: 373]   [loss avg: 1.6264]   [current loss: 0.0006]
2024-12-29 21:06:43,872| [Epoch: 374]   [loss avg: 1.6223]   [current loss: 0.0001]
2024-12-29 21:06:44,928| [Epoch: 375]   [loss avg: 1.6182]   [current loss: 0.0122]
2024-12-29 21:06:45,982| [Epoch: 376]   [loss avg: 1.6139]   [current loss: 0.0001]
2024-12-29 21:06:47,039| [Epoch: 377]   [loss avg: 1.6099]   [current loss: 0.0002]
2024-12-29 21:06:48,096| [Epoch: 378]   [loss avg: 1.6058]   [current loss: 0.0005]
2024-12-29 21:06:49,150| [Epoch: 379]   [loss avg: 1.6016]   [current loss: 0.0000]
2024-12-29 21:06:50,200| [Epoch: 380]   [loss avg: 1.5977]   [current loss: 0.0010]
2024-12-29 21:06:51,251| [Epoch: 381]   [loss avg: 1.5940]   [current loss: 0.0026]
2024-12-29 21:06:52,311| [Epoch: 382]   [loss avg: 1.5899]   [current loss: 0.0009]
2024-12-29 21:06:53,375| [Epoch: 383]   [loss avg: 1.5858]   [current loss: 0.0007]
2024-12-29 21:06:54,429| [Epoch: 384]   [loss avg: 1.5817]   [current loss: 0.0002]
2024-12-29 21:06:55,488| [Epoch: 385]   [loss avg: 1.5780]   [current loss: 0.0003]
2024-12-29 21:06:56,555| [Epoch: 386]   [loss avg: 1.5742]   [current loss: 0.0002]
2024-12-29 21:06:57,614| [Epoch: 387]   [loss avg: 1.5701]   [current loss: 0.0020]
2024-12-29 21:06:58,683| [Epoch: 388]   [loss avg: 1.5661]   [current loss: 0.0174]
2024-12-29 21:06:59,732| [Epoch: 389]   [loss avg: 1.5621]   [current loss: 0.0005]
2024-12-29 21:07:00,790| [Epoch: 390]   [loss avg: 1.5582]   [current loss: 0.0008]
2024-12-29 21:07:01,857| [Epoch: 391]   [loss avg: 1.5543]   [current loss: 0.0047]
2024-12-29 21:07:02,915| [Epoch: 392]   [loss avg: 1.5505]   [current loss: 0.0003]
2024-12-29 21:07:03,968| [Epoch: 393]   [loss avg: 1.5466]   [current loss: 0.0004]
2024-12-29 21:07:05,022| [Epoch: 394]   [loss avg: 1.5429]   [current loss: 0.0058]
2024-12-29 21:07:06,127| [Epoch: 395]   [loss avg: 1.5391]   [current loss: 0.0008]
2024-12-29 21:07:07,211| [Epoch: 396]   [loss avg: 1.5353]   [current loss: 0.0275]
2024-12-29 21:07:08,240| [Epoch: 397]   [loss avg: 1.5316]   [current loss: 0.0001]
2024-12-29 21:07:09,292| [Epoch: 398]   [loss avg: 1.5278]   [current loss: 0.0107]
2024-12-29 21:07:10,349| [Epoch: 399]   [loss avg: 1.5240]   [current loss: 0.0009]
2024-12-29 21:07:11,411| [Epoch: 400]   [loss avg: 1.5205]   [current loss: 0.0001]
2024-12-29 21:07:12,464| [Epoch: 401]   [loss avg: 1.5168]   [current loss: 0.0002]
2024-12-29 21:07:13,518| [Epoch: 402]   [loss avg: 1.5133]   [current loss: 0.0001]
2024-12-29 21:07:14,569| [Epoch: 403]   [loss avg: 1.5097]   [current loss: 0.0625]
2024-12-29 21:07:15,627| [Epoch: 404]   [loss avg: 1.5060]   [current loss: 0.0001]
2024-12-29 21:07:16,675| [Epoch: 405]   [loss avg: 1.5024]   [current loss: 0.0004]
2024-12-29 21:07:17,728| [Epoch: 406]   [loss avg: 1.4988]   [current loss: 0.0003]
2024-12-29 21:07:18,779| [Epoch: 407]   [loss avg: 1.4951]   [current loss: 0.0001]
2024-12-29 21:07:19,831| [Epoch: 408]   [loss avg: 1.4915]   [current loss: 0.0004]
2024-12-29 21:07:20,886| [Epoch: 409]   [loss avg: 1.4879]   [current loss: 0.0002]
2024-12-29 21:07:21,941| [Epoch: 410]   [loss avg: 1.4843]   [current loss: 0.0006]
2024-12-29 21:07:22,996| [Epoch: 411]   [loss avg: 1.4807]   [current loss: 0.0011]
2024-12-29 21:07:24,051| [Epoch: 412]   [loss avg: 1.4772]   [current loss: 0.0002]
2024-12-29 21:07:25,114| [Epoch: 413]   [loss avg: 1.4737]   [current loss: 0.0117]
2024-12-29 21:07:26,160| [Epoch: 414]   [loss avg: 1.4701]   [current loss: 0.0004]
2024-12-29 21:07:27,213| [Epoch: 415]   [loss avg: 1.4666]   [current loss: 0.0000]
2024-12-29 21:07:28,288| [Epoch: 416]   [loss avg: 1.4631]   [current loss: 0.0003]
2024-12-29 21:07:29,354| [Epoch: 417]   [loss avg: 1.4597]   [current loss: 0.0011]
2024-12-29 21:07:30,410| [Epoch: 418]   [loss avg: 1.4562]   [current loss: 0.0170]
2024-12-29 21:07:31,466| [Epoch: 419]   [loss avg: 1.4530]   [current loss: 0.0000]
2024-12-29 21:07:32,531| [Epoch: 420]   [loss avg: 1.4495]   [current loss: 0.0004]
2024-12-29 21:07:33,588| [Epoch: 421]   [loss avg: 1.4461]   [current loss: 0.0001]
2024-12-29 21:07:34,638| [Epoch: 422]   [loss avg: 1.4427]   [current loss: 0.0001]
2024-12-29 21:07:35,700| [Epoch: 423]   [loss avg: 1.4394]   [current loss: 0.0001]
2024-12-29 21:07:36,762| [Epoch: 424]   [loss avg: 1.4360]   [current loss: 0.0000]
2024-12-29 21:07:37,828| [Epoch: 425]   [loss avg: 1.4327]   [current loss: 0.0056]
2024-12-29 21:07:38,881| [Epoch: 426]   [loss avg: 1.4294]   [current loss: 0.0020]
2024-12-29 21:07:39,935| [Epoch: 427]   [loss avg: 1.4263]   [current loss: 0.0411]
2024-12-29 21:07:40,988| [Epoch: 428]   [loss avg: 1.4231]   [current loss: 0.0002]
2024-12-29 21:07:42,038| [Epoch: 429]   [loss avg: 1.4200]   [current loss: 0.0102]
2024-12-29 21:07:43,087| [Epoch: 430]   [loss avg: 1.4167]   [current loss: 0.0020]
2024-12-29 21:07:44,142| [Epoch: 431]   [loss avg: 1.4138]   [current loss: 0.0001]
2024-12-29 21:07:45,199| [Epoch: 432]   [loss avg: 1.4106]   [current loss: 0.0001]
2024-12-29 21:07:46,254| [Epoch: 433]   [loss avg: 1.4074]   [current loss: 0.0014]
2024-12-29 21:07:47,310| [Epoch: 434]   [loss avg: 1.4043]   [current loss: 0.0007]
2024-12-29 21:07:48,372| [Epoch: 435]   [loss avg: 1.4011]   [current loss: 0.0032]
2024-12-29 21:07:49,431| [Epoch: 436]   [loss avg: 1.3979]   [current loss: 0.0001]
2024-12-29 21:07:50,484| [Epoch: 437]   [loss avg: 1.3948]   [current loss: 0.0001]
2024-12-29 21:07:51,534| [Epoch: 438]   [loss avg: 1.3917]   [current loss: 0.0008]
2024-12-29 21:07:52,590| [Epoch: 439]   [loss avg: 1.3886]   [current loss: 0.0002]
2024-12-29 21:07:53,651| [Epoch: 440]   [loss avg: 1.3856]   [current loss: 0.0001]
2024-12-29 21:07:54,704| [Epoch: 441]   [loss avg: 1.3825]   [current loss: 0.0000]
2024-12-29 21:07:55,762| [Epoch: 442]   [loss avg: 1.3795]   [current loss: 0.0004]
2024-12-29 21:07:56,819| [Epoch: 443]   [loss avg: 1.3768]   [current loss: 0.0001]
2024-12-29 21:07:57,871| [Epoch: 444]   [loss avg: 1.3739]   [current loss: 0.0003]
2024-12-29 21:07:58,920| [Epoch: 445]   [loss avg: 1.3709]   [current loss: 0.0104]
2024-12-29 21:07:59,974| [Epoch: 446]   [loss avg: 1.3679]   [current loss: 0.0099]
2024-12-29 21:08:01,029| [Epoch: 447]   [loss avg: 1.3649]   [current loss: 0.0013]
2024-12-29 21:08:02,079| [Epoch: 448]   [loss avg: 1.3622]   [current loss: 0.0049]
2024-12-29 21:08:03,132| [Epoch: 449]   [loss avg: 1.3592]   [current loss: 0.0002]
2024-12-29 21:08:04,210| [Epoch: 450]   [loss avg: 1.3562]   [current loss: 0.0002]
2024-12-29 21:08:05,268| [Epoch: 451]   [loss avg: 1.3532]   [current loss: 0.0098]
2024-12-29 21:08:06,323| [Epoch: 452]   [loss avg: 1.3502]   [current loss: 0.0001]
2024-12-29 21:08:07,382| [Epoch: 453]   [loss avg: 1.3473]   [current loss: 0.0003]
2024-12-29 21:08:08,436| [Epoch: 454]   [loss avg: 1.3443]   [current loss: 0.0005]
2024-12-29 21:08:09,496| [Epoch: 455]   [loss avg: 1.3414]   [current loss: 0.0000]
2024-12-29 21:08:10,558| [Epoch: 456]   [loss avg: 1.3385]   [current loss: 0.0000]
2024-12-29 21:08:11,612| [Epoch: 457]   [loss avg: 1.3356]   [current loss: 0.0003]
2024-12-29 21:08:12,669| [Epoch: 458]   [loss avg: 1.3327]   [current loss: 0.0006]
2024-12-29 21:08:13,719| [Epoch: 459]   [loss avg: 1.3298]   [current loss: 0.0000]
2024-12-29 21:08:14,771| [Epoch: 460]   [loss avg: 1.3270]   [current loss: 0.0001]
2024-12-29 21:08:15,825| [Epoch: 461]   [loss avg: 1.3242]   [current loss: 0.0004]
2024-12-29 21:08:16,877| [Epoch: 462]   [loss avg: 1.3214]   [current loss: 0.0000]
2024-12-29 21:08:17,959| [Epoch: 463]   [loss avg: 1.3185]   [current loss: 0.0001]
2024-12-29 21:08:19,019| [Epoch: 464]   [loss avg: 1.3158]   [current loss: 0.0002]
2024-12-29 21:08:20,088| [Epoch: 465]   [loss avg: 1.3130]   [current loss: 0.0000]
2024-12-29 21:08:21,143| [Epoch: 466]   [loss avg: 1.3102]   [current loss: 0.0001]
2024-12-29 21:08:22,201| [Epoch: 467]   [loss avg: 1.3075]   [current loss: 0.0001]
2024-12-29 21:08:23,261| [Epoch: 468]   [loss avg: 1.3047]   [current loss: 0.0001]
2024-12-29 21:08:24,308| [Epoch: 469]   [loss avg: 1.3020]   [current loss: 0.0003]
2024-12-29 21:08:25,360| [Epoch: 470]   [loss avg: 1.2993]   [current loss: 0.0001]
2024-12-29 21:08:26,428| [Epoch: 471]   [loss avg: 1.2967]   [current loss: 0.0001]
2024-12-29 21:08:27,488| [Epoch: 472]   [loss avg: 1.2944]   [current loss: 0.0203]
2024-12-29 21:08:28,549| [Epoch: 473]   [loss avg: 1.2920]   [current loss: 0.0002]
2024-12-29 21:08:29,614| [Epoch: 474]   [loss avg: 1.2896]   [current loss: 0.0000]
2024-12-29 21:08:30,678| [Epoch: 475]   [loss avg: 1.2870]   [current loss: 0.0000]
2024-12-29 21:08:31,731| [Epoch: 476]   [loss avg: 1.2843]   [current loss: 0.0010]
2024-12-29 21:08:32,784| [Epoch: 477]   [loss avg: 1.2816]   [current loss: 0.0014]
2024-12-29 21:08:33,836| [Epoch: 478]   [loss avg: 1.2790]   [current loss: 0.0001]
2024-12-29 21:08:34,889| [Epoch: 479]   [loss avg: 1.2763]   [current loss: 0.0002]
2024-12-29 21:08:35,943| [Epoch: 480]   [loss avg: 1.2737]   [current loss: 0.0000]
2024-12-29 21:08:37,000| [Epoch: 481]   [loss avg: 1.2711]   [current loss: 0.0022]
2024-12-29 21:08:38,053| [Epoch: 482]   [loss avg: 1.2685]   [current loss: 0.0001]
2024-12-29 21:08:39,109| [Epoch: 483]   [loss avg: 1.2664]   [current loss: 0.1169]
2024-12-29 21:08:40,164| [Epoch: 484]   [loss avg: 1.2639]   [current loss: 0.0008]
2024-12-29 21:08:41,217| [Epoch: 485]   [loss avg: 1.2613]   [current loss: 0.0000]
2024-12-29 21:08:42,268| [Epoch: 486]   [loss avg: 1.2587]   [current loss: 0.0001]
2024-12-29 21:08:43,338| [Epoch: 487]   [loss avg: 1.2562]   [current loss: 0.0044]
2024-12-29 21:08:44,392| [Epoch: 488]   [loss avg: 1.2539]   [current loss: 0.0000]
2024-12-29 21:08:45,452| [Epoch: 489]   [loss avg: 1.2514]   [current loss: 0.0001]
2024-12-29 21:08:46,520| [Epoch: 490]   [loss avg: 1.2489]   [current loss: 0.0026]
2024-12-29 21:08:47,581| [Epoch: 491]   [loss avg: 1.2464]   [current loss: 0.0002]
2024-12-29 21:08:48,636| [Epoch: 492]   [loss avg: 1.2439]   [current loss: 0.0014]
2024-12-29 21:08:49,687| [Epoch: 493]   [loss avg: 1.2414]   [current loss: 0.0001]
2024-12-29 21:08:50,738| [Epoch: 494]   [loss avg: 1.2389]   [current loss: 0.0015]
2024-12-29 21:08:51,803| [Epoch: 495]   [loss avg: 1.2365]   [current loss: 0.0003]
2024-12-29 21:08:52,865| [Epoch: 496]   [loss avg: 1.2341]   [current loss: 0.0030]
2024-12-29 21:08:53,927| [Epoch: 497]   [loss avg: 1.2317]   [current loss: 0.0002]
2024-12-29 21:08:54,988| [Epoch: 498]   [loss avg: 1.2293]   [current loss: 0.0001]
2024-12-29 21:08:56,048| [Epoch: 499]   [loss avg: 1.2269]   [current loss: 0.0000]
2024-12-29 21:08:57,103| [Epoch: 500]   [loss avg: 1.2245]   [current loss: 0.0004]
2024-12-29 21:08:58,158| [Epoch: 501]   [loss avg: 1.2220]   [current loss: 0.0001]
2024-12-29 21:08:59,207| [Epoch: 502]   [loss avg: 1.2196]   [current loss: 0.0002]
2024-12-29 21:09:00,266| [Epoch: 503]   [loss avg: 1.2173]   [current loss: 0.0003]
2024-12-29 21:09:01,331| [Epoch: 504]   [loss avg: 1.2149]   [current loss: 0.0003]
2024-12-29 21:09:02,421| [Epoch: 505]   [loss avg: 1.2125]   [current loss: 0.0001]
2024-12-29 21:09:03,493| [Epoch: 506]   [loss avg: 1.2101]   [current loss: 0.0000]
2024-12-29 21:09:04,550| [Epoch: 507]   [loss avg: 1.2077]   [current loss: 0.0001]
2024-12-29 21:09:05,600| [Epoch: 508]   [loss avg: 1.2054]   [current loss: 0.0002]
2024-12-29 21:09:06,648| [Epoch: 509]   [loss avg: 1.2031]   [current loss: 0.0000]
2024-12-29 21:09:07,691| [Epoch: 510]   [loss avg: 1.2007]   [current loss: 0.0001]
2024-12-29 21:09:08,746| [Epoch: 511]   [loss avg: 1.1984]   [current loss: 0.0001]
2024-12-29 21:09:09,801| [Epoch: 512]   [loss avg: 1.1960]   [current loss: 0.0001]
2024-12-29 21:09:10,873| [Epoch: 513]   [loss avg: 1.1940]   [current loss: 0.0012]
2024-12-29 21:09:11,929| [Epoch: 514]   [loss avg: 1.1918]   [current loss: 0.0000]
2024-12-29 21:09:12,988| [Epoch: 515]   [loss avg: 1.1898]   [current loss: 0.0001]
2024-12-29 21:09:14,039| [Epoch: 516]   [loss avg: 1.1875]   [current loss: 0.0001]
2024-12-29 21:09:15,087| [Epoch: 517]   [loss avg: 1.1852]   [current loss: 0.0009]
2024-12-29 21:09:16,141| [Epoch: 518]   [loss avg: 1.1829]   [current loss: 0.0002]
2024-12-29 21:09:17,195| [Epoch: 519]   [loss avg: 1.1807]   [current loss: 0.0001]
2024-12-29 21:09:18,249| [Epoch: 520]   [loss avg: 1.1784]   [current loss: 0.0001]
2024-12-29 21:09:19,307| [Epoch: 521]   [loss avg: 1.1762]   [current loss: 0.0001]
2024-12-29 21:09:20,363| [Epoch: 522]   [loss avg: 1.1739]   [current loss: 0.0001]
2024-12-29 21:09:21,419| [Epoch: 523]   [loss avg: 1.1717]   [current loss: 0.0000]
2024-12-29 21:09:22,477| [Epoch: 524]   [loss avg: 1.1695]   [current loss: 0.0001]
2024-12-29 21:09:23,527| [Epoch: 525]   [loss avg: 1.1673]   [current loss: 0.0006]
2024-12-29 21:09:24,574| [Epoch: 526]   [loss avg: 1.1651]   [current loss: 0.0003]
2024-12-29 21:09:25,631| [Epoch: 527]   [loss avg: 1.1629]   [current loss: 0.0002]
2024-12-29 21:09:26,686| [Epoch: 528]   [loss avg: 1.1607]   [current loss: 0.0005]
2024-12-29 21:09:27,743| [Epoch: 529]   [loss avg: 1.1585]   [current loss: 0.0001]
2024-12-29 21:09:28,798| [Epoch: 530]   [loss avg: 1.1566]   [current loss: 0.0557]
2024-12-29 21:09:29,853| [Epoch: 531]   [loss avg: 1.1544]   [current loss: 0.0015]
2024-12-29 21:09:30,909| [Epoch: 532]   [loss avg: 1.1523]   [current loss: 0.0002]
2024-12-29 21:09:31,959| [Epoch: 533]   [loss avg: 1.1501]   [current loss: 0.0000]
2024-12-29 21:09:33,013| [Epoch: 534]   [loss avg: 1.1480]   [current loss: 0.0021]
2024-12-29 21:09:34,066| [Epoch: 535]   [loss avg: 1.1459]   [current loss: 0.0001]
2024-12-29 21:09:35,118| [Epoch: 536]   [loss avg: 1.1438]   [current loss: 0.0060]
2024-12-29 21:09:36,175| [Epoch: 537]   [loss avg: 1.1418]   [current loss: 0.0003]
2024-12-29 21:09:37,233| [Epoch: 538]   [loss avg: 1.1398]   [current loss: 0.0001]
2024-12-29 21:09:38,289| [Epoch: 539]   [loss avg: 1.1377]   [current loss: 0.0004]
2024-12-29 21:09:39,350| [Epoch: 540]   [loss avg: 1.1359]   [current loss: 0.0003]
2024-12-29 21:09:40,400| [Epoch: 541]   [loss avg: 1.1339]   [current loss: 0.0002]
2024-12-29 21:09:41,457| [Epoch: 542]   [loss avg: 1.1319]   [current loss: 0.0002]
2024-12-29 21:09:42,520| [Epoch: 543]   [loss avg: 1.1299]   [current loss: 0.0003]
2024-12-29 21:09:43,571| [Epoch: 544]   [loss avg: 1.1278]   [current loss: 0.0003]
2024-12-29 21:09:44,624| [Epoch: 545]   [loss avg: 1.1258]   [current loss: 0.0000]
2024-12-29 21:09:45,679| [Epoch: 546]   [loss avg: 1.1237]   [current loss: 0.0014]
2024-12-29 21:09:46,736| [Epoch: 547]   [loss avg: 1.1217]   [current loss: 0.0003]
2024-12-29 21:09:47,792| [Epoch: 548]   [loss avg: 1.1197]   [current loss: 0.0001]
2024-12-29 21:09:48,842| [Epoch: 549]   [loss avg: 1.1177]   [current loss: 0.0383]
2024-12-29 21:09:49,891| [Epoch: 550]   [loss avg: 1.1158]   [current loss: 0.0001]
2024-12-29 21:09:50,943| [Epoch: 551]   [loss avg: 1.1138]   [current loss: 0.0001]
2024-12-29 21:09:51,998| [Epoch: 552]   [loss avg: 1.1118]   [current loss: 0.0094]
2024-12-29 21:09:53,054| [Epoch: 553]   [loss avg: 1.1098]   [current loss: 0.0001]
2024-12-29 21:09:54,112| [Epoch: 554]   [loss avg: 1.1079]   [current loss: 0.0000]
2024-12-29 21:09:55,168| [Epoch: 555]   [loss avg: 1.1059]   [current loss: 0.0000]
2024-12-29 21:09:56,224| [Epoch: 556]   [loss avg: 1.1040]   [current loss: 0.0003]
2024-12-29 21:09:57,274| [Epoch: 557]   [loss avg: 1.1020]   [current loss: 0.0000]
2024-12-29 21:09:58,326| [Epoch: 558]   [loss avg: 1.1000]   [current loss: 0.0000]
2024-12-29 21:09:59,443| [Epoch: 559]   [loss avg: 1.0981]   [current loss: 0.0000]
2024-12-29 21:10:00,503| [Epoch: 560]   [loss avg: 1.0961]   [current loss: 0.0000]
2024-12-29 21:10:01,573| [Epoch: 561]   [loss avg: 1.0942]   [current loss: 0.0003]
2024-12-29 21:10:02,632| [Epoch: 562]   [loss avg: 1.0926]   [current loss: 0.0000]
2024-12-29 21:10:03,718| [Epoch: 563]   [loss avg: 1.0907]   [current loss: 0.0033]
2024-12-29 21:10:04,774| [Epoch: 564]   [loss avg: 1.0887]   [current loss: 0.0000]
2024-12-29 21:10:05,835| [Epoch: 565]   [loss avg: 1.0869]   [current loss: 0.0208]
2024-12-29 21:10:06,882| [Epoch: 566]   [loss avg: 1.0851]   [current loss: 0.0001]
2024-12-29 21:10:07,952| [Epoch: 567]   [loss avg: 1.0832]   [current loss: 0.0015]
2024-12-29 21:10:09,007| [Epoch: 568]   [loss avg: 1.0813]   [current loss: 0.0001]
2024-12-29 21:10:10,067| [Epoch: 569]   [loss avg: 1.0794]   [current loss: 0.0000]
2024-12-29 21:10:11,125| [Epoch: 570]   [loss avg: 1.0775]   [current loss: 0.0000]
2024-12-29 21:10:12,176| [Epoch: 571]   [loss avg: 1.0757]   [current loss: 0.0005]
2024-12-29 21:10:13,235| [Epoch: 572]   [loss avg: 1.0739]   [current loss: 0.0000]
2024-12-29 21:10:14,285| [Epoch: 573]   [loss avg: 1.0721]   [current loss: 0.0001]
2024-12-29 21:10:15,329| [Epoch: 574]   [loss avg: 1.0703]   [current loss: 0.0085]
2024-12-29 21:10:16,391| [Epoch: 575]   [loss avg: 1.0685]   [current loss: 0.0000]
2024-12-29 21:10:17,450| [Epoch: 576]   [loss avg: 1.0667]   [current loss: 0.0000]
2024-12-29 21:10:18,511| [Epoch: 577]   [loss avg: 1.0650]   [current loss: 0.0003]
2024-12-29 21:10:19,567| [Epoch: 578]   [loss avg: 1.0632]   [current loss: 0.0010]
2024-12-29 21:10:20,623| [Epoch: 579]   [loss avg: 1.0614]   [current loss: 0.0000]
2024-12-29 21:10:21,679| [Epoch: 580]   [loss avg: 1.0596]   [current loss: 0.0004]
2024-12-29 21:10:22,736| [Epoch: 581]   [loss avg: 1.0579]   [current loss: 0.0000]
2024-12-29 21:10:23,790| [Epoch: 582]   [loss avg: 1.0560]   [current loss: 0.0000]
2024-12-29 21:10:24,842| [Epoch: 583]   [loss avg: 1.0543]   [current loss: 0.0001]
2024-12-29 21:10:25,898| [Epoch: 584]   [loss avg: 1.0525]   [current loss: 0.0001]
2024-12-29 21:10:27,145| [Epoch: 585]   [loss avg: 1.0507]   [current loss: 0.0016]
2024-12-29 21:10:28,963| [Epoch: 586]   [loss avg: 1.0489]   [current loss: 0.0000]
2024-12-29 21:10:30,595| [Epoch: 587]   [loss avg: 1.0471]   [current loss: 0.0001]
2024-12-29 21:10:32,353| [Epoch: 588]   [loss avg: 1.0454]   [current loss: 0.0000]
2024-12-29 21:10:34,046| [Epoch: 589]   [loss avg: 1.0436]   [current loss: 0.0001]
2024-12-29 21:10:35,806| [Epoch: 590]   [loss avg: 1.0420]   [current loss: 0.0003]
2024-12-29 21:10:37,500| [Epoch: 591]   [loss avg: 1.0403]   [current loss: 0.0022]
2024-12-29 21:10:39,229| [Epoch: 592]   [loss avg: 1.0386]   [current loss: 0.0001]
2024-12-29 21:10:40,944| [Epoch: 593]   [loss avg: 1.0368]   [current loss: 0.0030]
2024-12-29 21:10:42,560| [Epoch: 594]   [loss avg: 1.0351]   [current loss: 0.0004]
2024-12-29 21:10:44,309| [Epoch: 595]   [loss avg: 1.0334]   [current loss: 0.0001]
2024-12-29 21:10:45,941| [Epoch: 596]   [loss avg: 1.0318]   [current loss: 0.0007]
2024-12-29 21:10:47,713| [Epoch: 597]   [loss avg: 1.0309]   [current loss: 0.0000]
2024-12-29 21:10:49,383| [Epoch: 598]   [loss avg: 1.0292]   [current loss: 0.0006]
2024-12-29 21:10:51,160| [Epoch: 599]   [loss avg: 1.0275]   [current loss: 0.0001]
2024-12-29 21:10:52,831| [Epoch: 600]   [loss avg: 1.0258]   [current loss: 0.0001]
2024-12-29 21:10:54,557| [Epoch: 601]   [loss avg: 1.0241]   [current loss: 0.0000]
2024-12-29 21:10:56,095| [Epoch: 602]   [loss avg: 1.0224]   [current loss: 0.0001]
2024-12-29 21:10:57,853| [Epoch: 603]   [loss avg: 1.0208]   [current loss: 0.0001]
2024-12-29 21:10:59,538| [Epoch: 604]   [loss avg: 1.0191]   [current loss: 0.0000]
2024-12-29 21:11:01,328| [Epoch: 605]   [loss avg: 1.0174]   [current loss: 0.0001]
2024-12-29 21:11:03,001| [Epoch: 606]   [loss avg: 1.0157]   [current loss: 0.0001]
2024-12-29 21:11:04,753| [Epoch: 607]   [loss avg: 1.0141]   [current loss: 0.0049]
2024-12-29 21:11:05,817| [Epoch: 608]   [loss avg: 1.0124]   [current loss: 0.0003]
2024-12-29 21:11:06,494| [Epoch: 609]   [loss avg: 1.0108]   [current loss: 0.0000]
2024-12-29 21:11:07,117| [Epoch: 610]   [loss avg: 1.0091]   [current loss: 0.0001]
2024-12-29 21:11:07,733| [Epoch: 611]   [loss avg: 1.0075]   [current loss: 0.0000]
2024-12-29 21:11:08,349| [Epoch: 612]   [loss avg: 1.0059]   [current loss: 0.0000]
2024-12-29 21:11:08,963| [Epoch: 613]   [loss avg: 1.0042]   [current loss: 0.0001]
2024-12-29 21:11:09,625| [Epoch: 614]   [loss avg: 1.0026]   [current loss: 0.0001]
2024-12-29 21:11:10,238| [Epoch: 615]   [loss avg: 1.0010]   [current loss: 0.0000]
2024-12-29 21:11:10,871| [Epoch: 616]   [loss avg: 0.9994]   [current loss: 0.0000]
2024-12-29 21:11:11,525| [Epoch: 617]   [loss avg: 0.9977]   [current loss: 0.0003]
2024-12-29 21:11:12,179| [Epoch: 618]   [loss avg: 0.9963]   [current loss: 0.0001]
2024-12-29 21:11:12,841| [Epoch: 619]   [loss avg: 0.9947]   [current loss: 0.0001]
2024-12-29 21:11:13,553| [Epoch: 620]   [loss avg: 0.9931]   [current loss: 0.0000]
2024-12-29 21:11:14,237| [Epoch: 621]   [loss avg: 0.9915]   [current loss: 0.0000]
2024-12-29 21:11:14,935| [Epoch: 622]   [loss avg: 0.9899]   [current loss: 0.0001]
2024-12-29 21:11:15,543| [Epoch: 623]   [loss avg: 0.9884]   [current loss: 0.0014]
2024-12-29 21:11:16,147| [Epoch: 624]   [loss avg: 0.9871]   [current loss: 0.0000]
2024-12-29 21:11:16,755| [Epoch: 625]   [loss avg: 0.9860]   [current loss: 0.0000]
2024-12-29 21:11:17,368| [Epoch: 626]   [loss avg: 0.9844]   [current loss: 0.0002]
2024-12-29 21:11:17,978| [Epoch: 627]   [loss avg: 0.9828]   [current loss: 0.0002]
2024-12-29 21:11:18,588| [Epoch: 628]   [loss avg: 0.9813]   [current loss: 0.0003]
2024-12-29 21:11:19,197| [Epoch: 629]   [loss avg: 0.9798]   [current loss: 0.0000]
2024-12-29 21:11:19,803| [Epoch: 630]   [loss avg: 0.9783]   [current loss: 0.0001]
2024-12-29 21:11:20,420| [Epoch: 631]   [loss avg: 0.9768]   [current loss: 0.0003]
2024-12-29 21:11:21,095| [Epoch: 632]   [loss avg: 0.9753]   [current loss: 0.0430]
2024-12-29 21:11:21,732| [Epoch: 633]   [loss avg: 0.9738]   [current loss: 0.0000]
2024-12-29 21:11:22,373| [Epoch: 634]   [loss avg: 0.9723]   [current loss: 0.0000]
2024-12-29 21:11:23,007| [Epoch: 635]   [loss avg: 0.9708]   [current loss: 0.0006]
2024-12-29 21:11:23,712| [Epoch: 636]   [loss avg: 0.9692]   [current loss: 0.0001]
2024-12-29 21:11:24,408| [Epoch: 637]   [loss avg: 0.9677]   [current loss: 0.0017]
2024-12-29 21:11:25,116| [Epoch: 638]   [loss avg: 0.9662]   [current loss: 0.0000]
2024-12-29 21:11:25,804| [Epoch: 639]   [loss avg: 0.9647]   [current loss: 0.0000]
2024-12-29 21:11:26,491| [Epoch: 640]   [loss avg: 0.9633]   [current loss: 0.0104]
2024-12-29 21:11:27,177| [Epoch: 641]   [loss avg: 0.9618]   [current loss: 0.0008]
2024-12-29 21:11:27,892| [Epoch: 642]   [loss avg: 0.9603]   [current loss: 0.0001]
2024-12-29 21:11:28,598| [Epoch: 643]   [loss avg: 0.9588]   [current loss: 0.0003]
2024-12-29 21:11:29,303| [Epoch: 644]   [loss avg: 0.9573]   [current loss: 0.0001]
2024-12-29 21:11:30,018| [Epoch: 645]   [loss avg: 0.9558]   [current loss: 0.0001]
2024-12-29 21:11:30,711| [Epoch: 646]   [loss avg: 0.9544]   [current loss: 0.0000]
2024-12-29 21:11:31,387| [Epoch: 647]   [loss avg: 0.9530]   [current loss: 0.0003]
2024-12-29 21:11:32,214| [Epoch: 648]   [loss avg: 0.9515]   [current loss: 0.0024]
2024-12-29 21:11:33,270| [Epoch: 649]   [loss avg: 0.9501]   [current loss: 0.0003]
2024-12-29 21:11:34,332| [Epoch: 650]   [loss avg: 0.9486]   [current loss: 0.0001]
2024-12-29 21:11:35,410| [Epoch: 651]   [loss avg: 0.9472]   [current loss: 0.0000]
2024-12-29 21:11:36,473| [Epoch: 652]   [loss avg: 0.9458]   [current loss: 0.0001]
2024-12-29 21:11:37,535| [Epoch: 653]   [loss avg: 0.9443]   [current loss: 0.0000]
2024-12-29 21:11:38,586| [Epoch: 654]   [loss avg: 0.9429]   [current loss: 0.0000]
2024-12-29 21:11:39,638| [Epoch: 655]   [loss avg: 0.9415]   [current loss: 0.0000]
2024-12-29 21:11:40,689| [Epoch: 656]   [loss avg: 0.9401]   [current loss: 0.0000]
2024-12-29 21:11:41,736| [Epoch: 657]   [loss avg: 0.9387]   [current loss: 0.0000]
2024-12-29 21:11:42,802| [Epoch: 658]   [loss avg: 0.9373]   [current loss: 0.0002]
2024-12-29 21:11:43,862| [Epoch: 659]   [loss avg: 0.9359]   [current loss: 0.0000]
2024-12-29 21:11:44,908| [Epoch: 660]   [loss avg: 0.9344]   [current loss: 0.0000]
2024-12-29 21:11:45,970| [Epoch: 661]   [loss avg: 0.9331]   [current loss: 0.0001]
2024-12-29 21:11:47,027| [Epoch: 662]   [loss avg: 0.9317]   [current loss: 0.0000]
2024-12-29 21:11:48,085| [Epoch: 663]   [loss avg: 0.9303]   [current loss: 0.0001]
2024-12-29 21:11:49,135| [Epoch: 664]   [loss avg: 0.9289]   [current loss: 0.0003]
2024-12-29 21:11:50,187| [Epoch: 665]   [loss avg: 0.9275]   [current loss: 0.0001]
2024-12-29 21:11:51,253| [Epoch: 666]   [loss avg: 0.9262]   [current loss: 0.0375]
2024-12-29 21:11:52,315| [Epoch: 667]   [loss avg: 0.9248]   [current loss: 0.0029]
2024-12-29 21:11:53,424| [Epoch: 668]   [loss avg: 0.9234]   [current loss: 0.0003]
2024-12-29 21:11:54,479| [Epoch: 669]   [loss avg: 0.9220]   [current loss: 0.0010]
2024-12-29 21:11:55,541| [Epoch: 670]   [loss avg: 0.9207]   [current loss: 0.0000]
2024-12-29 21:11:56,599| [Epoch: 671]   [loss avg: 0.9194]   [current loss: 0.0000]
2024-12-29 21:11:57,658| [Epoch: 672]   [loss avg: 0.9181]   [current loss: 0.0002]
2024-12-29 21:11:58,715| [Epoch: 673]   [loss avg: 0.9167]   [current loss: 0.0003]
2024-12-29 21:11:59,778| [Epoch: 674]   [loss avg: 0.9154]   [current loss: 0.0001]
2024-12-29 21:12:00,836| [Epoch: 675]   [loss avg: 0.9140]   [current loss: 0.0017]
2024-12-29 21:12:01,887| [Epoch: 676]   [loss avg: 0.9127]   [current loss: 0.0019]
2024-12-29 21:12:02,941| [Epoch: 677]   [loss avg: 0.9113]   [current loss: 0.0009]
2024-12-29 21:12:03,994| [Epoch: 678]   [loss avg: 0.9100]   [current loss: 0.0001]
2024-12-29 21:12:05,049| [Epoch: 679]   [loss avg: 0.9087]   [current loss: 0.0001]
2024-12-29 21:12:06,098| [Epoch: 680]   [loss avg: 0.9073]   [current loss: 0.0000]
2024-12-29 21:12:07,151| [Epoch: 681]   [loss avg: 0.9060]   [current loss: 0.0000]
2024-12-29 21:12:08,205| [Epoch: 682]   [loss avg: 0.9047]   [current loss: 0.0001]
2024-12-29 21:12:09,260| [Epoch: 683]   [loss avg: 0.9034]   [current loss: 0.0093]
2024-12-29 21:12:10,315| [Epoch: 684]   [loss avg: 0.9021]   [current loss: 0.0000]
2024-12-29 21:12:11,386| [Epoch: 685]   [loss avg: 0.9008]   [current loss: 0.0005]
2024-12-29 21:12:12,446| [Epoch: 686]   [loss avg: 0.8995]   [current loss: 0.0001]
2024-12-29 21:12:13,503| [Epoch: 687]   [loss avg: 0.8982]   [current loss: 0.0000]
2024-12-29 21:12:14,555| [Epoch: 688]   [loss avg: 0.8969]   [current loss: 0.0001]
2024-12-29 21:12:15,609| [Epoch: 689]   [loss avg: 0.8956]   [current loss: 0.0004]
2024-12-29 21:12:16,662| [Epoch: 690]   [loss avg: 0.8943]   [current loss: 0.0001]
2024-12-29 21:12:17,716| [Epoch: 691]   [loss avg: 0.8932]   [current loss: 0.0036]
2024-12-29 21:12:18,771| [Epoch: 692]   [loss avg: 0.8921]   [current loss: 0.0001]
2024-12-29 21:12:19,842| [Epoch: 693]   [loss avg: 0.8909]   [current loss: 0.0000]
2024-12-29 21:12:20,895| [Epoch: 694]   [loss avg: 0.8896]   [current loss: 0.0002]
2024-12-29 21:12:21,949| [Epoch: 695]   [loss avg: 0.8883]   [current loss: 0.0001]
2024-12-29 21:12:23,006| [Epoch: 696]   [loss avg: 0.8871]   [current loss: 0.0000]
2024-12-29 21:12:24,066| [Epoch: 697]   [loss avg: 0.8858]   [current loss: 0.0001]
2024-12-29 21:12:25,135| [Epoch: 698]   [loss avg: 0.8846]   [current loss: 0.0000]
2024-12-29 21:12:26,199| [Epoch: 699]   [loss avg: 0.8833]   [current loss: 0.0001]
2024-12-29 21:12:27,270| [Epoch: 700]   [loss avg: 0.8821]   [current loss: 0.0001]
2024-12-29 21:12:28,337| [Epoch: 701]   [loss avg: 0.8809]   [current loss: 0.0000]
2024-12-29 21:12:29,399| [Epoch: 702]   [loss avg: 0.8796]   [current loss: 0.0005]
2024-12-29 21:12:30,457| [Epoch: 703]   [loss avg: 0.8785]   [current loss: 0.0001]
2024-12-29 21:12:31,504| [Epoch: 704]   [loss avg: 0.8773]   [current loss: 0.0019]
2024-12-29 21:12:32,558| [Epoch: 705]   [loss avg: 0.8761]   [current loss: 0.0000]
2024-12-29 21:12:33,613| [Epoch: 706]   [loss avg: 0.8749]   [current loss: 0.0008]
2024-12-29 21:12:34,665| [Epoch: 707]   [loss avg: 0.8737]   [current loss: 0.0000]
2024-12-29 21:12:35,719| [Epoch: 708]   [loss avg: 0.8724]   [current loss: 0.0001]
2024-12-29 21:12:36,771| [Epoch: 709]   [loss avg: 0.8712]   [current loss: 0.0000]
2024-12-29 21:12:37,821| [Epoch: 710]   [loss avg: 0.8700]   [current loss: 0.0000]
2024-12-29 21:12:38,874| [Epoch: 711]   [loss avg: 0.8689]   [current loss: 0.0000]
2024-12-29 21:12:39,919| [Epoch: 712]   [loss avg: 0.8677]   [current loss: 0.0001]
2024-12-29 21:12:40,974| [Epoch: 713]   [loss avg: 0.8665]   [current loss: 0.0000]
2024-12-29 21:12:42,034| [Epoch: 714]   [loss avg: 0.8653]   [current loss: 0.0000]
2024-12-29 21:12:43,087| [Epoch: 715]   [loss avg: 0.8641]   [current loss: 0.0001]
2024-12-29 21:12:44,150| [Epoch: 716]   [loss avg: 0.8628]   [current loss: 0.0000]
2024-12-29 21:12:45,211| [Epoch: 717]   [loss avg: 0.8616]   [current loss: 0.0000]
2024-12-29 21:12:46,263| [Epoch: 718]   [loss avg: 0.8605]   [current loss: 0.0000]
2024-12-29 21:12:47,317| [Epoch: 719]   [loss avg: 0.8593]   [current loss: 0.0000]
2024-12-29 21:12:48,368| [Epoch: 720]   [loss avg: 0.8581]   [current loss: 0.0001]
2024-12-29 21:12:49,412| [Epoch: 721]   [loss avg: 0.8569]   [current loss: 0.0000]
2024-12-29 21:12:50,467| [Epoch: 722]   [loss avg: 0.8557]   [current loss: 0.0001]
2024-12-29 21:12:51,518| [Epoch: 723]   [loss avg: 0.8546]   [current loss: 0.0010]
2024-12-29 21:12:52,633| [Epoch: 724]   [loss avg: 0.8534]   [current loss: 0.0001]
2024-12-29 21:12:53,699| [Epoch: 725]   [loss avg: 0.8522]   [current loss: 0.0000]
2024-12-29 21:12:54,753| [Epoch: 726]   [loss avg: 0.8511]   [current loss: 0.0000]
2024-12-29 21:12:55,824| [Epoch: 727]   [loss avg: 0.8499]   [current loss: 0.0062]
2024-12-29 21:12:56,889| [Epoch: 728]   [loss avg: 0.8489]   [current loss: 0.0001]
2024-12-29 21:12:57,935| [Epoch: 729]   [loss avg: 0.8477]   [current loss: 0.0000]
2024-12-29 21:12:58,987| [Epoch: 730]   [loss avg: 0.8466]   [current loss: 0.0003]
2024-12-29 21:13:00,056| [Epoch: 731]   [loss avg: 0.8455]   [current loss: 0.0002]
2024-12-29 21:13:01,111| [Epoch: 732]   [loss avg: 0.8443]   [current loss: 0.0001]
2024-12-29 21:13:02,180| [Epoch: 733]   [loss avg: 0.8432]   [current loss: 0.0002]
2024-12-29 21:13:03,234| [Epoch: 734]   [loss avg: 0.8420]   [current loss: 0.0001]
2024-12-29 21:13:04,285| [Epoch: 735]   [loss avg: 0.8409]   [current loss: 0.0000]
2024-12-29 21:13:05,332| [Epoch: 736]   [loss avg: 0.8398]   [current loss: 0.0001]
2024-12-29 21:13:06,384| [Epoch: 737]   [loss avg: 0.8387]   [current loss: 0.0539]
2024-12-29 21:13:07,458| [Epoch: 738]   [loss avg: 0.8376]   [current loss: 0.0001]
2024-12-29 21:13:08,512| [Epoch: 739]   [loss avg: 0.8364]   [current loss: 0.0000]
2024-12-29 21:13:09,566| [Epoch: 740]   [loss avg: 0.8353]   [current loss: 0.0000]
2024-12-29 21:13:10,634| [Epoch: 741]   [loss avg: 0.8342]   [current loss: 0.0000]
2024-12-29 21:13:11,688| [Epoch: 742]   [loss avg: 0.8331]   [current loss: 0.0002]
2024-12-29 21:13:12,744| [Epoch: 743]   [loss avg: 0.8320]   [current loss: 0.0001]
2024-12-29 21:13:13,793| [Epoch: 744]   [loss avg: 0.8309]   [current loss: 0.0013]
2024-12-29 21:13:14,842| [Epoch: 745]   [loss avg: 0.8298]   [current loss: 0.0009]
2024-12-29 21:13:15,925| [Epoch: 746]   [loss avg: 0.8287]   [current loss: 0.0000]
2024-12-29 21:13:16,982| [Epoch: 747]   [loss avg: 0.8276]   [current loss: 0.0004]
2024-12-29 21:13:18,071| [Epoch: 748]   [loss avg: 0.8265]   [current loss: 0.0001]
2024-12-29 21:13:19,204| [Epoch: 749]   [loss avg: 0.8254]   [current loss: 0.0000]
2024-12-29 21:13:20,410| [Epoch: 750]   [loss avg: 0.8244]   [current loss: 0.0000]
2024-12-29 21:13:21,463| [Epoch: 751]   [loss avg: 0.8233]   [current loss: 0.0000]
2024-12-29 21:13:22,519| [Epoch: 752]   [loss avg: 0.8222]   [current loss: 0.0044]
2024-12-29 21:13:23,523| [Epoch: 753]   [loss avg: 0.8212]   [current loss: 0.0002]
2024-12-29 21:13:24,591| [Epoch: 754]   [loss avg: 0.8201]   [current loss: 0.0000]
2024-12-29 21:13:25,650| [Epoch: 755]   [loss avg: 0.8191]   [current loss: 0.0001]
2024-12-29 21:13:26,702| [Epoch: 756]   [loss avg: 0.8180]   [current loss: 0.0000]
2024-12-29 21:13:27,753| [Epoch: 757]   [loss avg: 0.8169]   [current loss: 0.0000]
2024-12-29 21:13:28,801| [Epoch: 758]   [loss avg: 0.8159]   [current loss: 0.0000]
2024-12-29 21:13:29,853| [Epoch: 759]   [loss avg: 0.8150]   [current loss: 0.1117]
2024-12-29 21:13:30,903| [Epoch: 760]   [loss avg: 0.8139]   [current loss: 0.0000]
2024-12-29 21:13:31,787| [Epoch: 761]   [loss avg: 0.8129]   [current loss: 0.0046]
2024-12-29 21:13:32,840| [Epoch: 762]   [loss avg: 0.8118]   [current loss: 0.0001]
2024-12-29 21:13:33,906| [Epoch: 763]   [loss avg: 0.8108]   [current loss: 0.0002]
2024-12-29 21:13:34,958| [Epoch: 764]   [loss avg: 0.8097]   [current loss: 0.0001]
2024-12-29 21:13:36,010| [Epoch: 765]   [loss avg: 0.8087]   [current loss: 0.0000]
2024-12-29 21:13:37,066| [Epoch: 766]   [loss avg: 0.8076]   [current loss: 0.0011]
2024-12-29 21:13:38,121| [Epoch: 767]   [loss avg: 0.8066]   [current loss: 0.0000]
2024-12-29 21:13:39,166| [Epoch: 768]   [loss avg: 0.8056]   [current loss: 0.0002]
2024-12-29 21:13:40,213| [Epoch: 769]   [loss avg: 0.8046]   [current loss: 0.0004]
2024-12-29 21:13:41,265| [Epoch: 770]   [loss avg: 0.8038]   [current loss: 0.0000]
2024-12-29 21:13:42,318| [Epoch: 771]   [loss avg: 0.8027]   [current loss: 0.0000]
2024-12-29 21:13:43,372| [Epoch: 772]   [loss avg: 0.8017]   [current loss: 0.0000]
2024-12-29 21:13:44,449| [Epoch: 773]   [loss avg: 0.8007]   [current loss: 0.0000]
2024-12-29 21:13:45,504| [Epoch: 774]   [loss avg: 0.7997]   [current loss: 0.0013]
2024-12-29 21:13:46,557| [Epoch: 775]   [loss avg: 0.7987]   [current loss: 0.0001]
2024-12-29 21:13:47,605| [Epoch: 776]   [loss avg: 0.7977]   [current loss: 0.0000]
2024-12-29 21:13:48,666| [Epoch: 777]   [loss avg: 0.7967]   [current loss: 0.0019]
2024-12-29 21:13:50,073| [Epoch: 778]   [loss avg: 0.7957]   [current loss: 0.0000]
2024-12-29 21:13:51,137| [Epoch: 779]   [loss avg: 0.7946]   [current loss: 0.0000]
2024-12-29 21:13:52,195| [Epoch: 780]   [loss avg: 0.7937]   [current loss: 0.0000]
2024-12-29 21:13:53,263| [Epoch: 781]   [loss avg: 0.7927]   [current loss: 0.0004]
2024-12-29 21:13:54,321| [Epoch: 782]   [loss avg: 0.7917]   [current loss: 0.0000]
2024-12-29 21:13:55,393| [Epoch: 783]   [loss avg: 0.7907]   [current loss: 0.0005]
2024-12-29 21:13:56,451| [Epoch: 784]   [loss avg: 0.7897]   [current loss: 0.0001]
2024-12-29 21:13:57,513| [Epoch: 785]   [loss avg: 0.7887]   [current loss: 0.0001]
2024-12-29 21:13:58,569| [Epoch: 786]   [loss avg: 0.7877]   [current loss: 0.0000]
2024-12-29 21:13:59,625| [Epoch: 787]   [loss avg: 0.7867]   [current loss: 0.0012]
2024-12-29 21:14:00,681| [Epoch: 788]   [loss avg: 0.7857]   [current loss: 0.0018]
2024-12-29 21:14:01,735| [Epoch: 789]   [loss avg: 0.7847]   [current loss: 0.0004]
2024-12-29 21:14:02,791| [Epoch: 790]   [loss avg: 0.7838]   [current loss: 0.0000]
2024-12-29 21:14:03,842| [Epoch: 791]   [loss avg: 0.7828]   [current loss: 0.0000]
2024-12-29 21:14:04,898| [Epoch: 792]   [loss avg: 0.7818]   [current loss: 0.0000]
2024-12-29 21:14:05,959| [Epoch: 793]   [loss avg: 0.7809]   [current loss: 0.0000]
2024-12-29 21:14:07,014| [Epoch: 794]   [loss avg: 0.7799]   [current loss: 0.0003]
2024-12-29 21:14:08,067| [Epoch: 795]   [loss avg: 0.7789]   [current loss: 0.0000]
2024-12-29 21:14:09,120| [Epoch: 796]   [loss avg: 0.7779]   [current loss: 0.0000]
2024-12-29 21:14:10,189| [Epoch: 797]   [loss avg: 0.7770]   [current loss: 0.0000]
2024-12-29 21:14:11,263| [Epoch: 798]   [loss avg: 0.7760]   [current loss: 0.0000]
2024-12-29 21:14:12,325| [Epoch: 799]   [loss avg: 0.7750]   [current loss: 0.0002]
2024-12-29 21:14:13,371| [Epoch: 800]   [loss avg: 0.7741]   [current loss: 0.0008]
2024-12-29 21:14:14,431| [Epoch: 801]   [loss avg: 0.7731]   [current loss: 0.0000]
2024-12-29 21:14:15,490| [Epoch: 802]   [loss avg: 0.7723]   [current loss: 0.0000]
2024-12-29 21:14:16,547| [Epoch: 803]   [loss avg: 0.7713]   [current loss: 0.0000]
2024-12-29 21:14:17,602| [Epoch: 804]   [loss avg: 0.7704]   [current loss: 0.0000]
2024-12-29 21:14:18,659| [Epoch: 805]   [loss avg: 0.7695]   [current loss: 0.0000]
2024-12-29 21:14:19,716| [Epoch: 806]   [loss avg: 0.7687]   [current loss: 0.0001]
2024-12-29 21:14:20,770| [Epoch: 807]   [loss avg: 0.7677]   [current loss: 0.0000]
2024-12-29 21:14:21,816| [Epoch: 808]   [loss avg: 0.7668]   [current loss: 0.0000]
2024-12-29 21:14:22,880| [Epoch: 809]   [loss avg: 0.7658]   [current loss: 0.0000]
2024-12-29 21:14:23,938| [Epoch: 810]   [loss avg: 0.7649]   [current loss: 0.0001]
2024-12-29 21:14:24,992| [Epoch: 811]   [loss avg: 0.7639]   [current loss: 0.0001]
2024-12-29 21:14:26,050| [Epoch: 812]   [loss avg: 0.7630]   [current loss: 0.0000]
2024-12-29 21:14:27,103| [Epoch: 813]   [loss avg: 0.7621]   [current loss: 0.0002]
2024-12-29 21:14:28,158| [Epoch: 814]   [loss avg: 0.7612]   [current loss: 0.0000]
2024-12-29 21:14:29,219| [Epoch: 815]   [loss avg: 0.7602]   [current loss: 0.0000]
2024-12-29 21:14:30,274| [Epoch: 816]   [loss avg: 0.7593]   [current loss: 0.0004]
2024-12-29 21:14:31,338| [Epoch: 817]   [loss avg: 0.7584]   [current loss: 0.0001]
2024-12-29 21:14:32,452| [Epoch: 818]   [loss avg: 0.7575]   [current loss: 0.0000]
2024-12-29 21:14:33,603| [Epoch: 819]   [loss avg: 0.7566]   [current loss: 0.0001]
2024-12-29 21:14:34,808| [Epoch: 820]   [loss avg: 0.7557]   [current loss: 0.0002]
2024-12-29 21:14:36,237| [Epoch: 821]   [loss avg: 0.7547]   [current loss: 0.0000]
2024-12-29 21:14:37,669| [Epoch: 822]   [loss avg: 0.7538]   [current loss: 0.0001]
2024-12-29 21:14:38,728| [Epoch: 823]   [loss avg: 0.7529]   [current loss: 0.0001]
2024-12-29 21:14:39,579| [Epoch: 824]   [loss avg: 0.7520]   [current loss: 0.0000]
2024-12-29 21:14:40,787| [Epoch: 825]   [loss avg: 0.7511]   [current loss: 0.0000]
2024-12-29 21:14:41,866| [Epoch: 826]   [loss avg: 0.7502]   [current loss: 0.0000]
2024-12-29 21:14:42,976| [Epoch: 827]   [loss avg: 0.7493]   [current loss: 0.0000]
2024-12-29 21:14:44,137| [Epoch: 828]   [loss avg: 0.7484]   [current loss: 0.0001]
2024-12-29 21:14:45,210| [Epoch: 829]   [loss avg: 0.7475]   [current loss: 0.0000]
2024-12-29 21:14:46,274| [Epoch: 830]   [loss avg: 0.7466]   [current loss: 0.0001]
2024-12-29 21:14:47,332| [Epoch: 831]   [loss avg: 0.7457]   [current loss: 0.0005]
2024-12-29 21:14:48,399| [Epoch: 832]   [loss avg: 0.7448]   [current loss: 0.0001]
2024-12-29 21:14:49,513| [Epoch: 833]   [loss avg: 0.7439]   [current loss: 0.0000]
2024-12-29 21:14:50,587| [Epoch: 834]   [loss avg: 0.7430]   [current loss: 0.0004]
2024-12-29 21:14:51,645| [Epoch: 835]   [loss avg: 0.7422]   [current loss: 0.0003]
2024-12-29 21:14:52,699| [Epoch: 836]   [loss avg: 0.7413]   [current loss: 0.0003]
2024-12-29 21:14:53,769| [Epoch: 837]   [loss avg: 0.7404]   [current loss: 0.0003]
2024-12-29 21:14:54,820| [Epoch: 838]   [loss avg: 0.7396]   [current loss: 0.0000]
2024-12-29 21:14:55,869| [Epoch: 839]   [loss avg: 0.7387]   [current loss: 0.0000]
2024-12-29 21:14:56,930| [Epoch: 840]   [loss avg: 0.7378]   [current loss: 0.0000]
2024-12-29 21:14:57,993| [Epoch: 841]   [loss avg: 0.7369]   [current loss: 0.0000]
2024-12-29 21:14:59,062| [Epoch: 842]   [loss avg: 0.7361]   [current loss: 0.0015]
2024-12-29 21:15:00,126| [Epoch: 843]   [loss avg: 0.7352]   [current loss: 0.0000]
2024-12-29 21:15:01,179| [Epoch: 844]   [loss avg: 0.7343]   [current loss: 0.0000]
2024-12-29 21:15:02,232| [Epoch: 845]   [loss avg: 0.7334]   [current loss: 0.0000]
2024-12-29 21:15:03,315| [Epoch: 846]   [loss avg: 0.7326]   [current loss: 0.0000]
2024-12-29 21:15:04,360| [Epoch: 847]   [loss avg: 0.7317]   [current loss: 0.0000]
2024-12-29 21:15:05,417| [Epoch: 848]   [loss avg: 0.7309]   [current loss: 0.0001]
2024-12-29 21:15:06,483| [Epoch: 849]   [loss avg: 0.7300]   [current loss: 0.0000]
2024-12-29 21:15:07,544| [Epoch: 850]   [loss avg: 0.7291]   [current loss: 0.0002]
2024-12-29 21:15:08,603| [Epoch: 851]   [loss avg: 0.7283]   [current loss: 0.0000]
2024-12-29 21:15:09,663| [Epoch: 852]   [loss avg: 0.7275]   [current loss: 0.0001]
2024-12-29 21:15:10,724| [Epoch: 853]   [loss avg: 0.7266]   [current loss: 0.0000]
2024-12-29 21:15:11,787| [Epoch: 854]   [loss avg: 0.7258]   [current loss: 0.0001]
2024-12-29 21:15:12,839| [Epoch: 855]   [loss avg: 0.7250]   [current loss: 0.0001]
2024-12-29 21:15:13,901| [Epoch: 856]   [loss avg: 0.7241]   [current loss: 0.0000]
2024-12-29 21:15:14,956| [Epoch: 857]   [loss avg: 0.7233]   [current loss: 0.0000]
2024-12-29 21:15:16,007| [Epoch: 858]   [loss avg: 0.7224]   [current loss: 0.0002]
2024-12-29 21:15:17,067| [Epoch: 859]   [loss avg: 0.7218]   [current loss: 0.0000]
2024-12-29 21:15:18,136| [Epoch: 860]   [loss avg: 0.7210]   [current loss: 0.0002]
2024-12-29 21:15:19,204| [Epoch: 861]   [loss avg: 0.7201]   [current loss: 0.0001]
2024-12-29 21:15:20,260| [Epoch: 862]   [loss avg: 0.7193]   [current loss: 0.0000]
2024-12-29 21:15:21,315| [Epoch: 863]   [loss avg: 0.7185]   [current loss: 0.0208]
2024-12-29 21:15:22,382| [Epoch: 864]   [loss avg: 0.7177]   [current loss: 0.0005]
2024-12-29 21:15:23,441| [Epoch: 865]   [loss avg: 0.7168]   [current loss: 0.0004]
2024-12-29 21:15:24,504| [Epoch: 866]   [loss avg: 0.7160]   [current loss: 0.0000]
2024-12-29 21:15:25,565| [Epoch: 867]   [loss avg: 0.7152]   [current loss: 0.0000]
2024-12-29 21:15:26,629| [Epoch: 868]   [loss avg: 0.7144]   [current loss: 0.0001]
2024-12-29 21:15:27,691| [Epoch: 869]   [loss avg: 0.7136]   [current loss: 0.0002]
2024-12-29 21:15:28,753| [Epoch: 870]   [loss avg: 0.7128]   [current loss: 0.0039]
2024-12-29 21:15:29,796| [Epoch: 871]   [loss avg: 0.7121]   [current loss: 0.0000]
2024-12-29 21:15:30,850| [Epoch: 872]   [loss avg: 0.7113]   [current loss: 0.0000]
2024-12-29 21:15:31,904| [Epoch: 873]   [loss avg: 0.7106]   [current loss: 0.0000]
2024-12-29 21:15:32,959| [Epoch: 874]   [loss avg: 0.7098]   [current loss: 0.0000]
2024-12-29 21:15:34,015| [Epoch: 875]   [loss avg: 0.7089]   [current loss: 0.0021]
2024-12-29 21:15:35,074| [Epoch: 876]   [loss avg: 0.7081]   [current loss: 0.0002]
2024-12-29 21:15:36,129| [Epoch: 877]   [loss avg: 0.7073]   [current loss: 0.0000]
2024-12-29 21:15:37,181| [Epoch: 878]   [loss avg: 0.7065]   [current loss: 0.0002]
2024-12-29 21:15:38,234| [Epoch: 879]   [loss avg: 0.7057]   [current loss: 0.0000]
2024-12-29 21:15:39,295| [Epoch: 880]   [loss avg: 0.7049]   [current loss: 0.0002]
2024-12-29 21:15:40,351| [Epoch: 881]   [loss avg: 0.7042]   [current loss: 0.0010]
2024-12-29 21:15:41,425| [Epoch: 882]   [loss avg: 0.7034]   [current loss: 0.0002]
2024-12-29 21:15:42,481| [Epoch: 883]   [loss avg: 0.7026]   [current loss: 0.0001]
2024-12-29 21:15:43,530| [Epoch: 884]   [loss avg: 0.7018]   [current loss: 0.0000]
2024-12-29 21:15:44,579| [Epoch: 885]   [loss avg: 0.7010]   [current loss: 0.0004]
2024-12-29 21:15:45,629| [Epoch: 886]   [loss avg: 0.7002]   [current loss: 0.0001]
2024-12-29 21:15:46,675| [Epoch: 887]   [loss avg: 0.6994]   [current loss: 0.0001]
2024-12-29 21:15:47,783| [Epoch: 888]   [loss avg: 0.6986]   [current loss: 0.0000]
2024-12-29 21:15:48,846| [Epoch: 889]   [loss avg: 0.6979]   [current loss: 0.0000]
2024-12-29 21:15:49,896| [Epoch: 890]   [loss avg: 0.6971]   [current loss: 0.0009]
2024-12-29 21:15:50,948| [Epoch: 891]   [loss avg: 0.6965]   [current loss: 0.0001]
2024-12-29 21:15:52,010| [Epoch: 892]   [loss avg: 0.6957]   [current loss: 0.0004]
2024-12-29 21:15:53,065| [Epoch: 893]   [loss avg: 0.6949]   [current loss: 0.0000]
2024-12-29 21:15:54,113| [Epoch: 894]   [loss avg: 0.6942]   [current loss: 0.0002]
2024-12-29 21:15:55,167| [Epoch: 895]   [loss avg: 0.6934]   [current loss: 0.0001]
2024-12-29 21:15:56,237| [Epoch: 896]   [loss avg: 0.6926]   [current loss: 0.0000]
2024-12-29 21:15:57,287| [Epoch: 897]   [loss avg: 0.6918]   [current loss: 0.0000]
2024-12-29 21:15:58,365| [Epoch: 898]   [loss avg: 0.6911]   [current loss: 0.0002]
2024-12-29 21:15:59,421| [Epoch: 899]   [loss avg: 0.6903]   [current loss: 0.0000]
2024-12-29 21:16:00,481| [Epoch: 900]   [loss avg: 0.6896]   [current loss: 0.0000]
2024-12-29 21:16:01,547| [Epoch: 901]   [loss avg: 0.6888]   [current loss: 0.0000]
2024-12-29 21:16:02,601| [Epoch: 902]   [loss avg: 0.6881]   [current loss: 0.0003]
2024-12-29 21:16:03,642| [Epoch: 903]   [loss avg: 0.6873]   [current loss: 0.0001]
2024-12-29 21:16:04,695| [Epoch: 904]   [loss avg: 0.6865]   [current loss: 0.0000]
2024-12-29 21:16:05,751| [Epoch: 905]   [loss avg: 0.6858]   [current loss: 0.0000]
2024-12-29 21:16:06,805| [Epoch: 906]   [loss avg: 0.6850]   [current loss: 0.0000]
2024-12-29 21:16:07,874| [Epoch: 907]   [loss avg: 0.6843]   [current loss: 0.0001]
2024-12-29 21:16:08,927| [Epoch: 908]   [loss avg: 0.6835]   [current loss: 0.0000]
2024-12-29 21:16:09,980| [Epoch: 909]   [loss avg: 0.6829]   [current loss: 0.0813]
2024-12-29 21:16:11,038| [Epoch: 910]   [loss avg: 0.6821]   [current loss: 0.0001]
2024-12-29 21:16:12,081| [Epoch: 911]   [loss avg: 0.6814]   [current loss: 0.0000]
2024-12-29 21:16:13,134| [Epoch: 912]   [loss avg: 0.6807]   [current loss: 0.0002]
2024-12-29 21:16:14,203| [Epoch: 913]   [loss avg: 0.6799]   [current loss: 0.0006]
2024-12-29 21:16:15,256| [Epoch: 914]   [loss avg: 0.6792]   [current loss: 0.0002]
2024-12-29 21:16:16,311| [Epoch: 915]   [loss avg: 0.6785]   [current loss: 0.0000]
2024-12-29 21:16:17,375| [Epoch: 916]   [loss avg: 0.6777]   [current loss: 0.0001]
2024-12-29 21:16:18,431| [Epoch: 917]   [loss avg: 0.6770]   [current loss: 0.0000]
2024-12-29 21:16:19,479| [Epoch: 918]   [loss avg: 0.6763]   [current loss: 0.0002]
2024-12-29 21:16:20,531| [Epoch: 919]   [loss avg: 0.6755]   [current loss: 0.0001]
2024-12-29 21:16:21,594| [Epoch: 920]   [loss avg: 0.6748]   [current loss: 0.0000]
2024-12-29 21:16:22,646| [Epoch: 921]   [loss avg: 0.6741]   [current loss: 0.0000]
2024-12-29 21:16:23,699| [Epoch: 922]   [loss avg: 0.6734]   [current loss: 0.0003]
2024-12-29 21:16:24,748| [Epoch: 923]   [loss avg: 0.6726]   [current loss: 0.0000]
2024-12-29 21:16:25,801| [Epoch: 924]   [loss avg: 0.6719]   [current loss: 0.0000]
2024-12-29 21:16:26,858| [Epoch: 925]   [loss avg: 0.6712]   [current loss: 0.0401]
2024-12-29 21:16:27,910| [Epoch: 926]   [loss avg: 0.6705]   [current loss: 0.0003]
2024-12-29 21:16:28,957| [Epoch: 927]   [loss avg: 0.6698]   [current loss: 0.0000]
2024-12-29 21:16:30,010| [Epoch: 928]   [loss avg: 0.6691]   [current loss: 0.0000]
2024-12-29 21:16:31,061| [Epoch: 929]   [loss avg: 0.6683]   [current loss: 0.0007]
2024-12-29 21:16:32,112| [Epoch: 930]   [loss avg: 0.6676]   [current loss: 0.0019]
2024-12-29 21:16:33,161| [Epoch: 931]   [loss avg: 0.6670]   [current loss: 0.0004]
2024-12-29 21:16:34,211| [Epoch: 932]   [loss avg: 0.6662]   [current loss: 0.0001]
2024-12-29 21:16:35,263| [Epoch: 933]   [loss avg: 0.6655]   [current loss: 0.0000]
2024-12-29 21:16:36,309| [Epoch: 934]   [loss avg: 0.6648]   [current loss: 0.0000]
2024-12-29 21:16:37,364| [Epoch: 935]   [loss avg: 0.6641]   [current loss: 0.0119]
2024-12-29 21:16:38,415| [Epoch: 936]   [loss avg: 0.6634]   [current loss: 0.0000]
2024-12-29 21:16:39,464| [Epoch: 937]   [loss avg: 0.6627]   [current loss: 0.0000]
2024-12-29 21:16:40,518| [Epoch: 938]   [loss avg: 0.6620]   [current loss: 0.0000]
2024-12-29 21:16:41,566| [Epoch: 939]   [loss avg: 0.6613]   [current loss: 0.0003]
2024-12-29 21:16:42,617| [Epoch: 940]   [loss avg: 0.6606]   [current loss: 0.0001]
2024-12-29 21:16:43,667| [Epoch: 941]   [loss avg: 0.6599]   [current loss: 0.0086]
2024-12-29 21:16:44,763| [Epoch: 942]   [loss avg: 0.6592]   [current loss: 0.0001]
2024-12-29 21:16:45,809| [Epoch: 943]   [loss avg: 0.6585]   [current loss: 0.0000]
2024-12-29 21:16:46,872| [Epoch: 944]   [loss avg: 0.6580]   [current loss: 0.0025]
2024-12-29 21:16:47,927| [Epoch: 945]   [loss avg: 0.6573]   [current loss: 0.0000]
2024-12-29 21:16:49,017| [Epoch: 946]   [loss avg: 0.6566]   [current loss: 0.0000]
2024-12-29 21:16:50,067| [Epoch: 947]   [loss avg: 0.6559]   [current loss: 0.0008]
2024-12-29 21:16:51,275| [Epoch: 948]   [loss avg: 0.6552]   [current loss: 0.0000]
2024-12-29 21:16:52,366| [Epoch: 949]   [loss avg: 0.6545]   [current loss: 0.0000]
2024-12-29 21:16:53,388| [Epoch: 950]   [loss avg: 0.6538]   [current loss: 0.0000]
2024-12-29 21:16:54,286| [Epoch: 951]   [loss avg: 0.6532]   [current loss: 0.0000]
2024-12-29 21:16:55,338| [Epoch: 952]   [loss avg: 0.6525]   [current loss: 0.0000]
2024-12-29 21:16:56,393| [Epoch: 953]   [loss avg: 0.6518]   [current loss: 0.0000]
2024-12-29 21:16:57,449| [Epoch: 954]   [loss avg: 0.6511]   [current loss: 0.0000]
2024-12-29 21:16:58,519| [Epoch: 955]   [loss avg: 0.6504]   [current loss: 0.0001]
2024-12-29 21:16:59,571| [Epoch: 956]   [loss avg: 0.6498]   [current loss: 0.0000]
2024-12-29 21:17:00,627| [Epoch: 957]   [loss avg: 0.6491]   [current loss: 0.0000]
2024-12-29 21:17:01,670| [Epoch: 958]   [loss avg: 0.6484]   [current loss: 0.0000]
2024-12-29 21:17:02,723| [Epoch: 959]   [loss avg: 0.6478]   [current loss: 0.0000]
2024-12-29 21:17:03,780| [Epoch: 960]   [loss avg: 0.6471]   [current loss: 0.0002]
2024-12-29 21:17:04,843| [Epoch: 961]   [loss avg: 0.6464]   [current loss: 0.0000]
2024-12-29 21:17:05,902| [Epoch: 962]   [loss avg: 0.6458]   [current loss: 0.0003]
2024-12-29 21:17:06,972| [Epoch: 963]   [loss avg: 0.6451]   [current loss: 0.0001]
2024-12-29 21:17:08,177| [Epoch: 964]   [loss avg: 0.6444]   [current loss: 0.0020]
2024-12-29 21:17:09,260| [Epoch: 965]   [loss avg: 0.6438]   [current loss: 0.0000]
2024-12-29 21:17:10,312| [Epoch: 966]   [loss avg: 0.6431]   [current loss: 0.0001]
2024-12-29 21:17:11,201| [Epoch: 967]   [loss avg: 0.6425]   [current loss: 0.0005]
2024-12-29 21:17:12,272| [Epoch: 968]   [loss avg: 0.6418]   [current loss: 0.0000]
2024-12-29 21:17:13,326| [Epoch: 969]   [loss avg: 0.6411]   [current loss: 0.0000]
2024-12-29 21:17:14,381| [Epoch: 970]   [loss avg: 0.6405]   [current loss: 0.0001]
2024-12-29 21:17:15,439| [Epoch: 971]   [loss avg: 0.6398]   [current loss: 0.0001]
2024-12-29 21:17:16,491| [Epoch: 972]   [loss avg: 0.6392]   [current loss: 0.0000]
2024-12-29 21:17:17,547| [Epoch: 973]   [loss avg: 0.6385]   [current loss: 0.0001]
2024-12-29 21:17:18,592| [Epoch: 974]   [loss avg: 0.6379]   [current loss: 0.0000]
2024-12-29 21:17:19,643| [Epoch: 975]   [loss avg: 0.6373]   [current loss: 0.0000]
2024-12-29 21:17:20,701| [Epoch: 976]   [loss avg: 0.6366]   [current loss: 0.0000]
2024-12-29 21:17:21,767| [Epoch: 977]   [loss avg: 0.6360]   [current loss: 0.0004]
2024-12-29 21:17:22,820| [Epoch: 978]   [loss avg: 0.6353]   [current loss: 0.0000]
2024-12-29 21:17:23,878| [Epoch: 979]   [loss avg: 0.6347]   [current loss: 0.0000]
2024-12-29 21:17:24,930| [Epoch: 980]   [loss avg: 0.6340]   [current loss: 0.0000]
2024-12-29 21:17:26,183| [Epoch: 981]   [loss avg: 0.6335]   [current loss: 0.0578]
2024-12-29 21:17:27,225| [Epoch: 982]   [loss avg: 0.6328]   [current loss: 0.0000]
2024-12-29 21:17:28,127| [Epoch: 983]   [loss avg: 0.6322]   [current loss: 0.0001]
2024-12-29 21:17:29,183| [Epoch: 984]   [loss avg: 0.6315]   [current loss: 0.0000]
2024-12-29 21:17:30,249| [Epoch: 985]   [loss avg: 0.6309]   [current loss: 0.0001]
2024-12-29 21:17:31,303| [Epoch: 986]   [loss avg: 0.6303]   [current loss: 0.0128]
2024-12-29 21:17:32,356| [Epoch: 987]   [loss avg: 0.6297]   [current loss: 0.0001]
2024-12-29 21:17:33,586| [Epoch: 988]   [loss avg: 0.6290]   [current loss: 0.0002]
2024-12-29 21:17:34,633| [Epoch: 989]   [loss avg: 0.6284]   [current loss: 0.0000]
2024-12-29 21:17:35,687| [Epoch: 990]   [loss avg: 0.6278]   [current loss: 0.0001]
2024-12-29 21:17:36,566| [Epoch: 991]   [loss avg: 0.6272]   [current loss: 0.0000]
2024-12-29 21:17:37,619| [Epoch: 992]   [loss avg: 0.6266]   [current loss: 0.0001]
2024-12-29 21:17:38,678| [Epoch: 993]   [loss avg: 0.6259]   [current loss: 0.0000]
2024-12-29 21:17:39,731| [Epoch: 994]   [loss avg: 0.6253]   [current loss: 0.0000]
2024-12-29 21:17:40,785| [Epoch: 995]   [loss avg: 0.6247]   [current loss: 0.0000]
2024-12-29 21:17:41,858| [Epoch: 996]   [loss avg: 0.6240]   [current loss: 0.0000]
2024-12-29 21:17:43,253| [Epoch: 997]   [loss avg: 0.6234]   [current loss: 0.0000]
2024-12-29 21:17:44,315| [Epoch: 998]   [loss avg: 0.6228]   [current loss: 0.0000]
2024-12-29 21:17:45,383| [Epoch: 999]   [loss avg: 0.6222]   [current loss: 0.0000]
2024-12-29 21:17:46,438| [Epoch: 1000]   [loss avg: 0.6216]   [current loss: 0.0000]
2024-12-29 21:17:46,439| Finished Training
2024-12-29 21:18:35,339| 1059.1457321140915 Training_Time (s)
2024-12-29 21:18:35,339| 48.8484924499644 Test_time (s)
2024-12-29 21:18:35,339| 
              precision    recall  f1-score   support

           0     0.9830    0.9325    0.9570     23186
           1     0.7614    0.8140    0.7868      4210
           2     0.8472    0.7917    0.8185      6822
           3     0.8343    0.9383    0.8833      1766
           4     0.9701    0.8278    0.8933      6627
           5     0.6240    0.9975    0.7678       406
           6     0.7674    0.9001    0.8285      2173
           7     0.9596    0.9756    0.9675      6180
           8     0.5532    0.7223    0.6265      1325
           9     0.1250    0.9350    0.2205       123
          10     0.5417    0.9952    0.7015       209

    accuracy                         0.8913     53027
   macro avg     0.7243    0.8936    0.7683     53027
weighted avg     0.9126    0.8913    0.8988     53027

2024-12-29 21:18:35,339| 
[[21620   347   355    52    79   135   317    76   117    67    21]
 [   75  3427   402     5     6    31    22    18    74   134    16]
 [  112   627  5401    55    28    74    37    14   185   150   139]
 [   12     1    16  1657     1     0     0     1    76     2     0]
 [   86     8    87    88  5486     3   174    17   266   412     0]
 [    0     1     0     0     0   405     0     0     0     0     0]
 [   23     9    26     7    33     1  1956   110     7     1     0]
 [   27    32     6     0     1     0    33  6029    48     4     0]
 [   37    48    81   122    17     0    10    18   957    35     0]
 [    3     1     0     0     4     0     0     0     0   115     0]
 [    0     0     1     0     0     0     0     0     0     0   208]]
2024-12-29 21:18:35,339| 89.12629415203575 Overall accuracy (%)
2024-12-29 21:18:35,339| 89.36328294010227 Average accuracy (%)
2024-12-29 21:18:35,339| 85.78780368214129 Kappa accuracy (%)
2024-12-29 21:18:35,339| 
[93.24592426 81.40142518 79.17033128 93.82785957 82.78255621 99.75369458
 90.0138058  97.5566343  72.22641509 93.49593496 99.5215311 ] Each accuracy (%)
2024-12-29 21:18:35,339| Total running time: 1109.69 s
